

 SAP2000 v16.1.1 Ultimate (Analysis Build 9194/32)
 File: C:\Users\Filippo\AppDat...Rockwork - All Fixed\AI_ROCKWORK_Simplified.LOG




 B E G I N   A N A L Y S I S                                2016/07/09  11:14:21


 RUNNING ANALYSIS WITHIN THE GUI PROCESS
 USING THE ADVANCED SOLVER (PROVIDES LIMITED INSTABILITY INFORMATION)

 NUMBER OF JOINTS                          =        1186
    WITH RESTRAINTS                        =          70
 NUMBER OF FRAME/CABLE/TENDON ELEMENTS     =        4242
 NUMBER OF LOAD PATTERNS                   =           6
 NUMBER OF ACCELERATION LOADS              =           6
 NUMBER OF LOAD CASES                      =           7


 E L E M E N T   F O R M A T I O N                                      11:14:21



 L I N E A R   E Q U A T I O N   S O L U T I O N                        11:14:21

 FORMING STIFFNESS AT ZERO (UNSTRESSED) INITIAL CONDITIONS

 TOTAL NUMBER OF EQUILIBRIUM EQUATIONS     =        6696
 NUMBER OF NON-ZERO STIFFNESS TERMS        =      153216

 * * * W A R N I N G * * *
 NEGATIVE VALUES IN ASSEMBLED MASS MATRIX SET TO ZERO,
 MOST NEGATIVE VALUE =    -0.803042


 NUMBER OF EIGENVALUES BELOW SHIFT         =           0


 L I N E A R   S T A T I C   C A S E S                                  11:14:21

 USING STIFFNESS AT ZERO (UNSTRESSED) INITIAL CONDITIONS

 TOTAL NUMBER OF CASES TO SOLVE            =           6
 NUMBER OF CASES TO SOLVE PER BLOCK        =           6

 LINEAR STATIC CASES TO BE SOLVED:

 CASE: DEAD
 CASE: LIVE
 CASE: WIND +X
 CASE: WIND +Y
 CASE: WIND -X
 CASE: WIND -Y


 E I G E N   M O D A L   A N A L Y S I S                                11:14:22

 CASE: MODAL

 USING STIFFNESS AT ZERO (UNSTRESSED) INITIAL CONDITIONS

 NUMBER OF STIFFNESS DEGREES OF FREEDOM    =        6696
 NUMBER OF MASS DEGREES OF FREEDOM         =        3300
 MAXIMUM NUMBER OF EIGEN MODES SOUGHT      =           2
 MINIMUM NUMBER OF EIGEN MODES SOUGHT      =           1
 NUMBER OF RESIDUAL-MASS MODES SOUGHT      =           0
 NUMBER OF SUBSPACE VECTORS USED           =          24
 RELATIVE CONVERGENCE TOLERANCE            =    1.00E-09

 FREQUENCY SHIFT  (CENTER) (CYC/TIME)      =     .000000
 FREQUENCY CUTOFF (RADIUS) (CYC/TIME)      =  -INFINITY-
 ALLOW AUTOMATIC FREQUENCY SHIFTING        =         YES


 Original stiffness at shift : EV= 0.0000000E+00, f=     .000000, T=  -INFINITY-
 Number of eigenvalues below shift =      0

 Forming stiffness, new shift: EV= 2.1223517E+04, f=   23.186159, T=    0.043129
 Number of eigenvalues below shift =      0
 Found mode      1 of      2:  EV= 2.2338056E+04, f=   23.787172, T=    0.042039
 Found mode      2 of      2:  EV= 2.5100255E+04, f=   25.215013, T=    0.039659

 NUMBER OF EIGEN MODES FOUND               =           2
 NUMBER OF ITERATIONS PERFORMED            =           6
 NUMBER OF STIFFNESS SHIFTS                =           1


 A N A L Y S I S   C O M P L E T E                          2016/07/09  11:14:23
