

 SAP2000 v16.1.1 Ultimate (Analysis Build 9194/32)
 File: C:\Users\Filippo\AppDat...MODEL\AI_ROCKWORK_Simplified_20160817113616.LOG




 B E G I N   A N A L Y S I S                                2016/08/17  11:36:17


 RUNNING ANALYSIS WITHIN THE GUI PROCESS
 USING THE ADVANCED SOLVER (PROVIDES LIMITED INSTABILITY INFORMATION)

 NUMBER OF JOINTS                          =          19
    WITH RESTRAINTS                        =           6
 NUMBER OF FRAME/CABLE/TENDON ELEMENTS     =          56
 NUMBER OF LOAD PATTERNS                   =           4
 NUMBER OF ACCELERATION LOADS              =           6
 NUMBER OF LOAD CASES                      =           4


 E L E M E N T   F O R M A T I O N                                      11:36:17



 L I N E A R   E Q U A T I O N   S O L U T I O N                        11:36:17

 FORMING STIFFNESS AT ZERO (UNSTRESSED) INITIAL CONDITIONS

 TOTAL NUMBER OF EQUILIBRIUM EQUATIONS     =          78
 NUMBER OF NON-ZERO STIFFNESS TERMS        =        1173

 NUMBER OF EIGENVALUES BELOW SHIFT         =           0


 L I N E A R   S T A T I C   C A S E S                                  11:36:17

 USING STIFFNESS AT ZERO (UNSTRESSED) INITIAL CONDITIONS

 TOTAL NUMBER OF CASES TO SOLVE            =           3
 NUMBER OF CASES TO SOLVE PER BLOCK        =           3

 LINEAR STATIC CASES TO BE SOLVED:

 CASE: DEAD
 CASE: X-Y-DEAD COMBO
 CASE: LIVE


 E I G E N   M O D A L   A N A L Y S I S                                11:36:17

 CASE: MODAL

 USING STIFFNESS AT ZERO (UNSTRESSED) INITIAL CONDITIONS

 NUMBER OF STIFFNESS DEGREES OF FREEDOM    =          78
 NUMBER OF MASS DEGREES OF FREEDOM         =          39
 MAXIMUM NUMBER OF EIGEN MODES SOUGHT      =          12
 MINIMUM NUMBER OF EIGEN MODES SOUGHT      =           1
 NUMBER OF RESIDUAL-MASS MODES SOUGHT      =           0
 NUMBER OF SUBSPACE VECTORS USED           =          24
 RELATIVE CONVERGENCE TOLERANCE            =    1.00E-09

 FREQUENCY SHIFT  (CENTER) (CYC/TIME)      =     .000000
 FREQUENCY CUTOFF (RADIUS) (CYC/TIME)      =  -INFINITY-
 ALLOW AUTOMATIC FREQUENCY SHIFTING        =         YES


 Original stiffness at shift : EV= 0.0000000E+00, f=     .000000, T=  -INFINITY-
 Number of eigenvalues below shift =      0

 Iteration    Approximations to next 5 eigenvalues, from shift EV= 0.0000000E+00
       1   4.6528535E+03 4.6757119E+03 5.1654129E+03 5.1737255E+03 5.2349695E+03
       2   4.6458957E+03 4.6462517E+03 5.1591220E+03 5.1615933E+03 5.1622416E+03

 Found mode      1 of     12:  EV= 4.6458957E+03, f=   10.848129, T=    0.092182
 Found mode      2 of     12:  EV= 4.6462517E+03, f=   10.848545, T=    0.092178

 Iteration    Approximations to next 5 eigenvalues, from shift EV= 0.0000000E+00
       4   5.1591220E+03 5.1615933E+03 5.1622416E+03 1.1838183E+04 1.2461323E+04

 Found mode      3 of     12:  EV= 5.1591220E+03, f=   11.431627, T=    0.087477
 Found mode      4 of     12:  EV= 5.1615933E+03, f=   11.434364, T=    0.087456
 Found mode      5 of     12:  EV= 5.1622416E+03, f=   11.435082, T=    0.087450
 Found mode      6 of     12:  EV= 1.1838183E+04, f=   17.316601, T=    0.057748
 Found mode      7 of     12:  EV= 1.2461323E+04, f=   17.766513, T=    0.056286
 Found mode      8 of     12:  EV= 1.7404395E+04, f=   20.996630, T=    0.047627
 Found mode      9 of     12:  EV= 2.3980133E+04, f=   24.645970, T=    0.040575
 Found mode     10 of     12:  EV= 3.6038756E+04, f=   30.213777, T=    0.033097
 Found mode     11 of     12:  EV= 6.8989019E+04, f=   41.803257, T=    0.023922
 Found mode     12 of     12:  EV= 1.3522342E+05, f=   58.525629, T=    0.017087

 NUMBER OF EIGEN MODES FOUND               =          12
 NUMBER OF ITERATIONS PERFORMED            =           4
 NUMBER OF STIFFNESS SHIFTS                =           0


 A N A L Y S I S   C O M P L E T E                          2016/08/17  11:36:17
