

 SAP2000 v16.1.1 Ultimate (Analysis Build 9194/32)
 File: C:\Users\Filippo\AppDat...MODEL\AI_ROCKWORK_Simplified_20160815142426.LOG




 B E G I N   A N A L Y S I S                                2016/08/15  14:24:27


 RUNNING ANALYSIS WITHIN THE GUI PROCESS
 USING THE ADVANCED SOLVER (PROVIDES LIMITED INSTABILITY INFORMATION)

 NUMBER OF JOINTS                          =          19
    WITH RESTRAINTS                        =           6
 NUMBER OF FRAME/CABLE/TENDON ELEMENTS     =          56
 NUMBER OF LOAD PATTERNS                   =           4
 NUMBER OF ACCELERATION LOADS              =           6
 NUMBER OF LOAD CASES                      =           4


 E L E M E N T   F O R M A T I O N                                      14:24:27



 L I N E A R   E Q U A T I O N   S O L U T I O N                        14:24:27

 FORMING STIFFNESS AT ZERO (UNSTRESSED) INITIAL CONDITIONS

 TOTAL NUMBER OF EQUILIBRIUM EQUATIONS     =          78
 NUMBER OF NON-ZERO STIFFNESS TERMS        =        1173

 NUMBER OF EIGENVALUES BELOW SHIFT         =           0


 L I N E A R   S T A T I C   C A S E S                                  14:24:27

 USING STIFFNESS AT ZERO (UNSTRESSED) INITIAL CONDITIONS

 TOTAL NUMBER OF CASES TO SOLVE            =           3
 NUMBER OF CASES TO SOLVE PER BLOCK        =           3

 LINEAR STATIC CASES TO BE SOLVED:

 CASE: DEAD
 CASE: WL-Y
 CASE: LIVE


 E I G E N   M O D A L   A N A L Y S I S                                14:24:27

 CASE: MODAL

 USING STIFFNESS AT ZERO (UNSTRESSED) INITIAL CONDITIONS

 NUMBER OF STIFFNESS DEGREES OF FREEDOM    =          78
 NUMBER OF MASS DEGREES OF FREEDOM         =          39
 MAXIMUM NUMBER OF EIGEN MODES SOUGHT      =          12
 MINIMUM NUMBER OF EIGEN MODES SOUGHT      =           1
 NUMBER OF RESIDUAL-MASS MODES SOUGHT      =           0
 NUMBER OF SUBSPACE VECTORS USED           =          24
 RELATIVE CONVERGENCE TOLERANCE            =    1.00E-09

 FREQUENCY SHIFT  (CENTER) (CYC/TIME)      =     .000000
 FREQUENCY CUTOFF (RADIUS) (CYC/TIME)      =  -INFINITY-
 ALLOW AUTOMATIC FREQUENCY SHIFTING        =         YES


 Original stiffness at shift : EV= 0.0000000E+00, f=     .000000, T=  -INFINITY-
 Number of eigenvalues below shift =      0

 Iteration    Approximations to next 5 eigenvalues, from shift EV= 0.0000000E+00
       1   4.6528306E+03 4.6753062E+03 5.1652753E+03 5.1737026E+03 5.2334938E+03
       2   4.6458933E+03 4.6462509E+03 5.1589650E+03 5.1615632E+03 5.1622413E+03

 Found mode      1 of     12:  EV= 4.6458933E+03, f=   10.848127, T=    0.092182
 Found mode      2 of     12:  EV= 4.6462509E+03, f=   10.848544, T=    0.092178

 Iteration    Approximations to next 5 eigenvalues, from shift EV= 0.0000000E+00
       4   5.1589650E+03 5.1615632E+03 5.1622413E+03 1.1171893E+04 1.1190421E+04

 Found mode      3 of     12:  EV= 5.1589650E+03, f=   11.431453, T=    0.087478
 Found mode      4 of     12:  EV= 5.1615632E+03, f=   11.434331, T=    0.087456
 Found mode      5 of     12:  EV= 5.1622413E+03, f=   11.435082, T=    0.087450
 Found mode      6 of     12:  EV= 1.1171893E+04, f=   16.822228, T=    0.059445
 Found mode      7 of     12:  EV= 1.1190421E+04, f=   16.836172, T=    0.059396
 Found mode      8 of     12:  EV= 1.7226190E+04, f=   20.888860, T=    0.047872
 Found mode      9 of     12:  EV= 2.3058559E+04, f=   24.167750, T=    0.041377
 Found mode     10 of     12:  EV= 3.5399001E+04, f=   29.944401, T=    0.033395
 Found mode     11 of     12:  EV= 6.8228265E+04, f=   41.572132, T=    0.024055
 Found mode     12 of     12:  EV= 1.3491102E+05, f=   58.457986, T=    0.017106

 NUMBER OF EIGEN MODES FOUND               =          12
 NUMBER OF ITERATIONS PERFORMED            =           4
 NUMBER OF STIFFNESS SHIFTS                =           0


 A N A L Y S I S   C O M P L E T E                          2016/08/15  14:24:27
