

 SAP2000 v16.1.1 Ultimate (Analysis Build 9194/32)
 File: C:\Users\Filippo\AppDat...MODEL\AI_ROCKWORK_Simplified_20160817113547.LOG




 B E G I N   A N A L Y S I S                                2016/08/17  11:35:47


 RUNNING ANALYSIS WITHIN THE GUI PROCESS
 USING THE ADVANCED SOLVER (PROVIDES LIMITED INSTABILITY INFORMATION)

 NUMBER OF JOINTS                          =          19
    WITH RESTRAINTS                        =           6
 NUMBER OF FRAME/CABLE/TENDON ELEMENTS     =          56
 NUMBER OF LOAD PATTERNS                   =           4
 NUMBER OF ACCELERATION LOADS              =           6
 NUMBER OF LOAD CASES                      =           4


 E L E M E N T   F O R M A T I O N                                      11:35:47



 L I N E A R   E Q U A T I O N   S O L U T I O N                        11:35:47

 FORMING STIFFNESS AT ZERO (UNSTRESSED) INITIAL CONDITIONS

 TOTAL NUMBER OF EQUILIBRIUM EQUATIONS     =          78
 NUMBER OF NON-ZERO STIFFNESS TERMS        =        1173

 NUMBER OF EIGENVALUES BELOW SHIFT         =           0


 L I N E A R   S T A T I C   C A S E S                                  11:35:47

 USING STIFFNESS AT ZERO (UNSTRESSED) INITIAL CONDITIONS

 TOTAL NUMBER OF CASES TO SOLVE            =           3
 NUMBER OF CASES TO SOLVE PER BLOCK        =           3

 LINEAR STATIC CASES TO BE SOLVED:

 CASE: DEAD
 CASE: X-Y-DEAD COMBO
 CASE: LIVE


 E I G E N   M O D A L   A N A L Y S I S                                11:35:47

 CASE: MODAL

 USING STIFFNESS AT ZERO (UNSTRESSED) INITIAL CONDITIONS

 NUMBER OF STIFFNESS DEGREES OF FREEDOM    =          78
 NUMBER OF MASS DEGREES OF FREEDOM         =          39
 MAXIMUM NUMBER OF EIGEN MODES SOUGHT      =          12
 MINIMUM NUMBER OF EIGEN MODES SOUGHT      =           1
 NUMBER OF RESIDUAL-MASS MODES SOUGHT      =           0
 NUMBER OF SUBSPACE VECTORS USED           =          24
 RELATIVE CONVERGENCE TOLERANCE            =    1.00E-09

 FREQUENCY SHIFT  (CENTER) (CYC/TIME)      =     .000000
 FREQUENCY CUTOFF (RADIUS) (CYC/TIME)      =  -INFINITY-
 ALLOW AUTOMATIC FREQUENCY SHIFTING        =         YES


 Original stiffness at shift : EV= 0.0000000E+00, f=     .000000, T=  -INFINITY-
 Number of eigenvalues below shift =      0

 Iteration    Approximations to next 5 eigenvalues, from shift EV= 0.0000000E+00
       1   5.1656292E+03 5.1736671E+03 5.1815240E+03 5.1977539E+03 5.2650408E+03
       2   5.1578167E+03 5.1603752E+03 5.1614743E+03 5.1622129E+03 5.1622958E+03
       4   5.1578167E+03 5.1603752E+03 5.1614743E+03 5.1622129E+03 5.1622958E+03

 Found mode      1 of     12:  EV= 5.1578167E+03, f=   11.430180, T=    0.087488
 Found mode      2 of     12:  EV= 5.1603752E+03, f=   11.433015, T=    0.087466
 Found mode      3 of     12:  EV= 5.1614743E+03, f=   11.434232, T=    0.087457
 Found mode      4 of     12:  EV= 5.1622129E+03, f=   11.435051, T=    0.087450
 Found mode      5 of     12:  EV= 5.1622958E+03, f=   11.435142, T=    0.087450
 Found mode      6 of     12:  EV= 1.5500940E+04, f=   19.815231, T=    0.050466
 Found mode      7 of     12:  EV= 1.7397422E+04, f=   20.992423, T=    0.047636
 Found mode      8 of     12:  EV= 3.6606686E+04, f=   30.450914, T=    0.032840
 Found mode      9 of     12:  EV= 3.6673353E+04, f=   30.478630, T=    0.032810
 Found mode     10 of     12:  EV= 3.7380637E+04, f=   30.771133, T=    0.032498
 Found mode     11 of     12:  EV= 1.6177910E+05, f=   64.014939, T=    0.015621

 Iteration    Approximations to next 5 eigenvalues, from shift EV= 0.0000000E+00
       5   2.0047373E+05 2.0239182E+05 2.0675394E+05 2.9032302E+05 5.9661937E+05

 Found mode     12 of     12:  EV= 2.0047373E+05, f=   71.260501, T=    0.014033

 NUMBER OF EIGEN MODES FOUND               =          12
 NUMBER OF ITERATIONS PERFORMED            =           5
 NUMBER OF STIFFNESS SHIFTS                =           0


 A N A L Y S I S   C O M P L E T E                          2016/08/17  11:35:47
