

 SAP2000 v16.1.1 Ultimate (Analysis Build 9194/32)
 File: C:\Users\Filippo\AppDat...\Debug\SAPMODEL\delos_turtle_20160908003639.LOG




 B E G I N   A N A L Y S I S                                2016/09/08  00:36:40


 RUNNING ANALYSIS WITHIN THE GUI PROCESS
 USING THE ADVANCED SOLVER (PROVIDES LIMITED INSTABILITY INFORMATION)

 NUMBER OF JOINTS                          =          88
    WITH RESTRAINTS                        =          21
 NUMBER OF FRAME/CABLE/TENDON ELEMENTS     =         118
 NUMBER OF LOAD PATTERNS                   =           6
 NUMBER OF ACCELERATION LOADS              =           6
 NUMBER OF LOAD CASES                      =           7


 E L E M E N T   F O R M A T I O N                                      00:36:40



 L I N E A R   E Q U A T I O N   S O L U T I O N                        00:36:40

 FORMING STIFFNESS AT ZERO (UNSTRESSED) INITIAL CONDITIONS

 TOTAL NUMBER OF EQUILIBRIUM EQUATIONS     =         402
 NUMBER OF NON-ZERO STIFFNESS TERMS        =        4683

 * * * W A R N I N G * * *
 THE STRUCTURE IS UNSTABLE OR ILL-CONDITIONED !!
 CHECK THE STRUCTURE CAREFULLY FOR:
 - INADEQUATE SUPPORT CONDITIONS, OR
 - ONE OR MORE INTERNAL MECHANISMS, OR
 - ZERO OR NEGATIVE STIFFNESS PROPERTIES, OR
 - EXTREMELY LARGE STIFFNESS PROPERTIES, OR
 - BUCKLING DUE TO P-DELTA OR GEOMETRIC NONLINEARITY, OR
 - A FREQUENCY SHIFT (IF ANY) ONTO A NATURAL FREQUENCY

 TO OBTAIN FURTHER INFORMATION:
 - USE THE STANDARD SOLVER, OR
 - RUN AN EIGEN ANALYSIS USING AUTO FREQUENCY SHIFTING (WITH
   ADDITIONAL MASS IF NEEDED) AND INVESTIGATE THE MODE SHAPES


 NUMBER OF EIGENVALUES BELOW SHIFT         =           6


 L I N E A R   S T A T I C   C A S E S                                  00:36:40

 USING STIFFNESS AT ZERO (UNSTRESSED) INITIAL CONDITIONS

 TOTAL NUMBER OF CASES TO SOLVE            =           6
 NUMBER OF CASES TO SOLVE PER BLOCK        =           6

 LINEAR STATIC CASES TO BE SOLVED:

 CASE: DEAD
 CASE: LIVE
 CASE: WIND +X
 CASE: WIND +Y
 CASE: WIND -X
 CASE: WIND -Y


 E I G E N   M O D A L   A N A L Y S I S                                00:36:40

 CASE: MODAL

 USING STIFFNESS AT ZERO (UNSTRESSED) INITIAL CONDITIONS

 NUMBER OF STIFFNESS DEGREES OF FREEDOM    =         402
 NUMBER OF MASS DEGREES OF FREEDOM         =         201
 MAXIMUM NUMBER OF EIGEN MODES SOUGHT      =          12
 MINIMUM NUMBER OF EIGEN MODES SOUGHT      =           1
 NUMBER OF RESIDUAL-MASS MODES SOUGHT      =           0
 NUMBER OF SUBSPACE VECTORS USED           =          24
 RELATIVE CONVERGENCE TOLERANCE            =    1.00E-09

 FREQUENCY SHIFT  (CENTER) (CYC/TIME)      =     .000000
 FREQUENCY CUTOFF (RADIUS) (CYC/TIME)      =  -INFINITY-
 ALLOW AUTOMATIC FREQUENCY SHIFTING        =         YES


 Original stiffness at shift : EV= 0.0000000E+00, f=     .000000, T=  -INFINITY-
 Number of eigenvalues below shift =      6

 Iteration    Approximations to next 5 eigenvalues, from shift EV= 0.0000000E+00
       2  -6.6184118E-12-7.8796190E-12-1.5315887E-11-2.7809249E-11-4.7413868E-10

 Found mode      1 of     12:  EV=-6.6184118E-12, f=   -4.09E-07, T= -2.4423E+06
 Found mode      2 of     12:  EV=-7.8796190E-12, f=   -4.47E-07, T= -2.2383E+06
 Found mode      3 of     12:  EV=-1.5315887E-11, f=   -6.23E-07, T= -1.6055E+06
 Found mode      4 of     12:  EV=-2.7809249E-11, f=   -8.39E-07, T= -1.1915E+06
 Found mode      5 of     12:  EV=-4.7413868E-10, f=   -3.47E-06, T= -288554.051
 Found mode      6 of     12:  EV=-8.1175824E-10, f=   -4.53E-06, T= -220529.410
 Found mode      7 of     12:  EV= 1.2836766E-09, f=    5.70E-06, T=  175368.693
 Found mode      8 of     12:  EV= 1.5763578E-09, f=    6.32E-06, T=  158253.189

 Iteration    Approximations to next 5 eigenvalues, from shift EV= 0.0000000E+00
       5   2.6287850E+03 2.8966702E+03 2.8979319E+03 3.0852625E+03 3.0908131E+03
       6   2.6290049E+03 2.8969442E+03 2.8979354E+03 3.0849578E+03 3.0907937E+03
       8   2.6289275E+03 2.8968157E+03 2.8979347E+03 3.0859213E+03 3.0908145E+03

 Forming stiffness, new shift: EV= 2.4974811E+03, f=    7.953737, T=    0.125727
 Number of eigenvalues below shift =      8

 Found mode      9 of     12:  EV= 2.6296636E+03, f=    8.161505, T=    0.122526
 Found mode     10 of     12:  EV= 2.8979357E+03, f=    8.567705, T=    0.116717
 Found mode     11 of     12:  EV= 2.8979359E+03, f=    8.567705, T=    0.116717
 Found mode     12 of     12:  EV= 3.0909235E+03, f=    8.848390, T=    0.113015

 * * * W A R N I N G * * *
 ZERO OR NEGATIVE MODAL-MASS VALUES WERE DETECTED DURING ITERATION,
 THE RESULTING EIGEN-MODES MAY NOT BE VALID - CHECK THEM CAREFULLY !!

 THE STRUCTURE IS UNSTABLE OR ILL-CONDITIONED !!
 CHECK THE STRUCTURE CAREFULLY FOR:
 - INADEQUATE SUPPORT CONDITIONS, OR
 - ONE OR MORE INTERNAL MECHANISMS, OR
 - ZERO OR NEGATIVE STIFFNESS PROPERTIES, OR
 - EXTREMELY LARGE STIFFNESS PROPERTIES, OR
 - BUCKLING DUE TO P-DELTA OR GEOMETRIC NONLINEARITY, OR
 - A FREQUENCY SHIFT (IF ANY) ONTO A NATURAL FREQUENCY


 NUMBER OF EIGEN MODES FOUND               =          12
 NUMBER OF ITERATIONS PERFORMED            =          10
 NUMBER OF STIFFNESS SHIFTS                =           1


 A N A L Y S I S   C O M P L E T E                          2016/09/08  00:36:41
