

 SAP2000 v16.1.1 Ultimate (Analysis Build 9194/32)
 File: C:\Users\Filippo\AppDat...\Debug\SAPMODEL\delos_turtle_20160909033543.LOG




 B E G I N   A N A L Y S I S                                2016/09/09  03:35:45


 RUNNING ANALYSIS WITHIN THE GUI PROCESS
 USING THE ADVANCED SOLVER (PROVIDES LIMITED INSTABILITY INFORMATION)

 NUMBER OF JOINTS                          =         132
    WITH RESTRAINTS                        =          24
 NUMBER OF FRAME/CABLE/TENDON ELEMENTS     =         250
 NUMBER OF LOAD PATTERNS                   =           6
 NUMBER OF ACCELERATION LOADS              =           6
 NUMBER OF LOAD CASES                      =           7


 E L E M E N T   F O R M A T I O N                                      03:35:45



 L I N E A R   E Q U A T I O N   S O L U T I O N                        03:35:45

 FORMING STIFFNESS AT ZERO (UNSTRESSED) INITIAL CONDITIONS

 TOTAL NUMBER OF EQUILIBRIUM EQUATIONS     =         648
 NUMBER OF NON-ZERO STIFFNESS TERMS        =        8964

 * * * W A R N I N G * * *
 THE STRUCTURE IS UNSTABLE OR ILL-CONDITIONED !!
 CHECK THE STRUCTURE CAREFULLY FOR:
 - INADEQUATE SUPPORT CONDITIONS, OR
 - ONE OR MORE INTERNAL MECHANISMS, OR
 - ZERO OR NEGATIVE STIFFNESS PROPERTIES, OR
 - EXTREMELY LARGE STIFFNESS PROPERTIES, OR
 - BUCKLING DUE TO P-DELTA OR GEOMETRIC NONLINEARITY, OR
 - A FREQUENCY SHIFT (IF ANY) ONTO A NATURAL FREQUENCY

 TO OBTAIN FURTHER INFORMATION:
 - USE THE STANDARD SOLVER, OR
 - RUN AN EIGEN ANALYSIS USING AUTO FREQUENCY SHIFTING (WITH
   ADDITIONAL MASS IF NEEDED) AND INVESTIGATE THE MODE SHAPES


 NUMBER OF EIGENVALUES BELOW SHIFT         =           3


 L I N E A R   S T A T I C   C A S E S                                  03:35:45

 USING STIFFNESS AT ZERO (UNSTRESSED) INITIAL CONDITIONS

 TOTAL NUMBER OF CASES TO SOLVE            =           6
 NUMBER OF CASES TO SOLVE PER BLOCK        =           6

 LINEAR STATIC CASES TO BE SOLVED:

 CASE: DEAD
 CASE: LIVE
 CASE: WIND +X
 CASE: WIND +Y
 CASE: WIND -X
 CASE: WIND -Y


 E I G E N   M O D A L   A N A L Y S I S                                03:35:45

 CASE: MODAL

 USING STIFFNESS AT ZERO (UNSTRESSED) INITIAL CONDITIONS

 NUMBER OF STIFFNESS DEGREES OF FREEDOM    =         648
 NUMBER OF MASS DEGREES OF FREEDOM         =         324
 MAXIMUM NUMBER OF EIGEN MODES SOUGHT      =          12
 MINIMUM NUMBER OF EIGEN MODES SOUGHT      =           1
 NUMBER OF RESIDUAL-MASS MODES SOUGHT      =           0
 NUMBER OF SUBSPACE VECTORS USED           =          24
 RELATIVE CONVERGENCE TOLERANCE            =    1.00E-09

 FREQUENCY SHIFT  (CENTER) (CYC/TIME)      =     .000000
 FREQUENCY CUTOFF (RADIUS) (CYC/TIME)      =  -INFINITY-
 ALLOW AUTOMATIC FREQUENCY SHIFTING        =         YES


 Original stiffness at shift : EV= 0.0000000E+00, f=     .000000, T=  -INFINITY-
 Number of eigenvalues below shift =      3
 Found mode      1 of     12:  EV=-1.4152683E-10, f=   -1.89E-06, T= -528153.887
 Found mode      2 of     12:  EV= 2.3008607E-10, f=    2.41E-06, T=  414223.477
 Found mode      3 of     12:  EV= 2.6575904E-10, f=    2.59E-06, T=  385421.416
 Found mode      4 of     12:  EV= 1.9391896E-09, f=    7.01E-06, T=  142682.178

 Iteration    Approximations to next 5 eigenvalues, from shift EV= 0.0000000E+00
       4   1.4295397E+03 2.9416889E+03 4.7305450E+03 5.5317965E+03 5.9818698E+03

 Found mode      5 of     12:  EV= 1.4295397E+03, f=    6.017530, T=    0.166181
 Found mode      6 of     12:  EV= 2.9416755E+03, f=    8.632121, T=    0.115846

 Iteration    Approximations to next 5 eigenvalues, from shift EV= 0.0000000E+00
       9   4.7303711E+03 5.5305397E+03 5.9779382E+03 6.7892316E+03 8.0846887E+03
      13   4.7303723E+03 5.5305396E+03 5.9779382E+03 6.7892316E+03 8.0846849E+03

 Forming stiffness, new shift: EV= 4.4938536E+03, f=   10.669144, T=    0.093728
 Number of eigenvalues below shift =      8

 Found mode      7 of     12:  EV= 4.7303723E+03, f=   10.946311, T=    0.091355
 Found mode      8 of     12:  EV= 5.5305399E+03, f=   11.835971, T=    0.084488
 Found mode      9 of     12:  EV= 5.9779382E+03, f=   12.305403, T=    0.081265
 Found mode     10 of     12:  EV= 6.7892320E+03, f=   13.113857, T=    0.076255
 Found mode     11 of     12:  EV= 8.0846888E+03, f=   14.310400, T=    0.069879
 Found mode     12 of     12:  EV= 1.0525138E+04, f=   16.328039, T=    0.061244

 * * * W A R N I N G * * *
 ZERO OR NEGATIVE MODAL-MASS VALUES WERE DETECTED DURING ITERATION,
 THE RESULTING EIGEN-MODES MAY NOT BE VALID - CHECK THEM CAREFULLY !!

 THE STRUCTURE IS UNSTABLE OR ILL-CONDITIONED !!
 CHECK THE STRUCTURE CAREFULLY FOR:
 - INADEQUATE SUPPORT CONDITIONS, OR
 - ONE OR MORE INTERNAL MECHANISMS, OR
 - ZERO OR NEGATIVE STIFFNESS PROPERTIES, OR
 - EXTREMELY LARGE STIFFNESS PROPERTIES, OR
 - BUCKLING DUE TO P-DELTA OR GEOMETRIC NONLINEARITY, OR
 - A FREQUENCY SHIFT (IF ANY) ONTO A NATURAL FREQUENCY


 NUMBER OF EIGEN MODES FOUND               =          12
 NUMBER OF ITERATIONS PERFORMED            =          17
 NUMBER OF STIFFNESS SHIFTS                =           1


 A N A L Y S I S   C O M P L E T E                          2016/09/09  03:35:46
