

 SAP2000 v16.1.1 Ultimate (Analysis Build 9194/32)
 File: C:\Users\Filippo\AppDat...\Debug\SAPMODEL\delos_turtle_20160908003839.LOG




 B E G I N   A N A L Y S I S                                2016/09/08  00:38:40


 RUNNING ANALYSIS WITHIN THE GUI PROCESS
 USING THE ADVANCED SOLVER (PROVIDES LIMITED INSTABILITY INFORMATION)

 NUMBER OF JOINTS                          =          88
    WITH RESTRAINTS                        =          21
 NUMBER OF FRAME/CABLE/TENDON ELEMENTS     =         115
 NUMBER OF LOAD PATTERNS                   =           6
 NUMBER OF ACCELERATION LOADS              =           6
 NUMBER OF LOAD CASES                      =           7


 E L E M E N T   F O R M A T I O N                                      00:38:40



 L I N E A R   E Q U A T I O N   S O L U T I O N                        00:38:40

 FORMING STIFFNESS AT ZERO (UNSTRESSED) INITIAL CONDITIONS

 TOTAL NUMBER OF EQUILIBRIUM EQUATIONS     =         402
 NUMBER OF NON-ZERO STIFFNESS TERMS        =        4647

 * * * W A R N I N G * * *
 THE STRUCTURE IS UNSTABLE OR ILL-CONDITIONED !!
 CHECK THE STRUCTURE CAREFULLY FOR:
 - INADEQUATE SUPPORT CONDITIONS, OR
 - ONE OR MORE INTERNAL MECHANISMS, OR
 - ZERO OR NEGATIVE STIFFNESS PROPERTIES, OR
 - EXTREMELY LARGE STIFFNESS PROPERTIES, OR
 - BUCKLING DUE TO P-DELTA OR GEOMETRIC NONLINEARITY, OR
 - A FREQUENCY SHIFT (IF ANY) ONTO A NATURAL FREQUENCY

 TO OBTAIN FURTHER INFORMATION:
 - USE THE STANDARD SOLVER, OR
 - RUN AN EIGEN ANALYSIS USING AUTO FREQUENCY SHIFTING (WITH
   ADDITIONAL MASS IF NEEDED) AND INVESTIGATE THE MODE SHAPES


 NUMBER OF EIGENVALUES BELOW SHIFT         =           5


 L I N E A R   S T A T I C   C A S E S                                  00:38:40

 USING STIFFNESS AT ZERO (UNSTRESSED) INITIAL CONDITIONS

 TOTAL NUMBER OF CASES TO SOLVE            =           6
 NUMBER OF CASES TO SOLVE PER BLOCK        =           6

 LINEAR STATIC CASES TO BE SOLVED:

 CASE: DEAD
 CASE: LIVE
 CASE: WIND +X
 CASE: WIND +Y
 CASE: WIND -X
 CASE: WIND -Y


 E I G E N   M O D A L   A N A L Y S I S                                00:38:41

 CASE: MODAL

 USING STIFFNESS AT ZERO (UNSTRESSED) INITIAL CONDITIONS

 NUMBER OF STIFFNESS DEGREES OF FREEDOM    =         402
 NUMBER OF MASS DEGREES OF FREEDOM         =         201
 MAXIMUM NUMBER OF EIGEN MODES SOUGHT      =          12
 MINIMUM NUMBER OF EIGEN MODES SOUGHT      =           1
 NUMBER OF RESIDUAL-MASS MODES SOUGHT      =           0
 NUMBER OF SUBSPACE VECTORS USED           =          24
 RELATIVE CONVERGENCE TOLERANCE            =    1.00E-09

 FREQUENCY SHIFT  (CENTER) (CYC/TIME)      =     .000000
 FREQUENCY CUTOFF (RADIUS) (CYC/TIME)      =  -INFINITY-
 ALLOW AUTOMATIC FREQUENCY SHIFTING        =         YES


 Original stiffness at shift : EV= 0.0000000E+00, f=     .000000, T=  -INFINITY-
 Number of eigenvalues below shift =      5

 Iteration    Approximations to next 5 eigenvalues, from shift EV= 0.0000000E+00
       2  -7.2840987E-12-1.6708175E-11-2.8409568E-11 2.6613942E-10-4.5043147E-10

 Found mode      1 of     12:  EV=-7.2840987E-12, f=   -4.30E-07, T= -2.3280E+06
 Found mode      2 of     12:  EV=-1.6708175E-11, f=   -6.51E-07, T= -1.5371E+06
 Found mode      3 of     12:  EV=-2.8409568E-11, f=   -8.48E-07, T= -1.1788E+06
 Found mode      4 of     12:  EV= 2.6613942E-10, f=    2.60E-06, T=  385145.891

 Iteration    Approximations to next 5 eigenvalues, from shift EV= 0.0000000E+00
       3  -4.5043147E-10-8.1249332E-10 1.3082004E-09 1.4502636E-09 4.6997607E+01

 Found mode      5 of     12:  EV=-4.5043147E-10, f=   -3.38E-06, T= -296050.300
 Found mode      6 of     12:  EV=-8.1249332E-10, f=   -4.54E-06, T= -220429.628
 Found mode      7 of     12:  EV= 1.3082004E-09, f=    5.76E-06, T=  173717.163
 Found mode      8 of     12:  EV= 1.4502636E-09, f=    6.06E-06, T=  164989.535

 Iteration    Approximations to next 5 eigenvalues, from shift EV= 0.0000000E+00
       4   2.9154769E+02 2.5890241E+03 2.8977241E+03 2.8977938E+03 2.9758763E+03
       6   2.9154766E+02 2.5890027E+03 2.8975710E+03 2.8977536E+03 2.9747067E+03
       8   2.9154765E+02 2.5890065E+03 2.8976076E+03 2.8977383E+03 2.9747348E+03
      10   2.9154766E+02 2.5890075E+03 2.8975801E+03 2.8977372E+03 2.9747532E+03

 Forming stiffness, new shift: EV= 2.7697028E+02, f=    2.648724, T=    0.377540
 Number of eigenvalues below shift =      8

 Iteration    Approximations to next 5 eigenvalues, from shift EV= 2.7697028E+02
      12   1.4580122E+01 2.3121131E+03 2.6209654E+03 2.6209656E+03 2.6980121E+03

 Found mode      9 of     12:  EV= 2.9155040E+02, f=    2.717546, T=    0.367979
 Found mode     10 of     12:  EV= 2.5890833E+03, f=    8.098287, T=    0.123483
 Found mode     11 of     12:  EV= 2.8979357E+03, f=    8.567705, T=    0.116717
 Found mode     12 of     12:  EV= 2.8979359E+03, f=    8.567705, T=    0.116717

 * * * W A R N I N G * * *
 ZERO OR NEGATIVE MODAL-MASS VALUES WERE DETECTED DURING ITERATION,
 THE RESULTING EIGEN-MODES MAY NOT BE VALID - CHECK THEM CAREFULLY !!

 THE STRUCTURE IS UNSTABLE OR ILL-CONDITIONED !!
 CHECK THE STRUCTURE CAREFULLY FOR:
 - INADEQUATE SUPPORT CONDITIONS, OR
 - ONE OR MORE INTERNAL MECHANISMS, OR
 - ZERO OR NEGATIVE STIFFNESS PROPERTIES, OR
 - EXTREMELY LARGE STIFFNESS PROPERTIES, OR
 - BUCKLING DUE TO P-DELTA OR GEOMETRIC NONLINEARITY, OR
 - A FREQUENCY SHIFT (IF ANY) ONTO A NATURAL FREQUENCY


 NUMBER OF EIGEN MODES FOUND               =          12
 NUMBER OF ITERATIONS PERFORMED            =          12
 NUMBER OF STIFFNESS SHIFTS                =           1


 A N A L Y S I S   C O M P L E T E                          2016/09/08  00:38:41
