

 SAP2000 v16.1.1 Ultimate (Analysis Build 9194/32)
 File: C:\Users\Filippo\AppDat...\Debug\SAPMODEL\delos_turtle_20160908002624.LOG




 B E G I N   A N A L Y S I S                                2016/09/08  00:26:26


 RUNNING ANALYSIS WITHIN THE GUI PROCESS
 USING THE ADVANCED SOLVER (PROVIDES LIMITED INSTABILITY INFORMATION)

 NUMBER OF JOINTS                          =         113
    WITH RESTRAINTS                        =          23
 NUMBER OF FRAME/CABLE/TENDON ELEMENTS     =         194
 NUMBER OF LOAD PATTERNS                   =           6
 NUMBER OF ACCELERATION LOADS              =           6
 NUMBER OF LOAD CASES                      =           7


 E L E M E N T   F O R M A T I O N                                      00:26:26



 L I N E A R   E Q U A T I O N   S O L U T I O N                        00:26:26

 FORMING STIFFNESS AT ZERO (UNSTRESSED) INITIAL CONDITIONS

 TOTAL NUMBER OF EQUILIBRIUM EQUATIONS     =         540
 NUMBER OF NON-ZERO STIFFNESS TERMS        =        7074

 * * * W A R N I N G * * *
 THE STRUCTURE IS UNSTABLE OR ILL-CONDITIONED !!
 CHECK THE STRUCTURE CAREFULLY FOR:
 - INADEQUATE SUPPORT CONDITIONS, OR
 - ONE OR MORE INTERNAL MECHANISMS, OR
 - ZERO OR NEGATIVE STIFFNESS PROPERTIES, OR
 - EXTREMELY LARGE STIFFNESS PROPERTIES, OR
 - BUCKLING DUE TO P-DELTA OR GEOMETRIC NONLINEARITY, OR
 - A FREQUENCY SHIFT (IF ANY) ONTO A NATURAL FREQUENCY

 TO OBTAIN FURTHER INFORMATION:
 - USE THE STANDARD SOLVER, OR
 - RUN AN EIGEN ANALYSIS USING AUTO FREQUENCY SHIFTING (WITH
   ADDITIONAL MASS IF NEEDED) AND INVESTIGATE THE MODE SHAPES


 NUMBER OF EIGENVALUES BELOW SHIFT         =           7


 L I N E A R   S T A T I C   C A S E S                                  00:26:26

 USING STIFFNESS AT ZERO (UNSTRESSED) INITIAL CONDITIONS

 TOTAL NUMBER OF CASES TO SOLVE            =           6
 NUMBER OF CASES TO SOLVE PER BLOCK        =           6

 LINEAR STATIC CASES TO BE SOLVED:

 CASE: DEAD
 CASE: LIVE
 CASE: WIND +X
 CASE: WIND +Y
 CASE: WIND -X
 CASE: WIND -Y


 E I G E N   M O D A L   A N A L Y S I S                                00:26:26

 CASE: MODAL

 USING STIFFNESS AT ZERO (UNSTRESSED) INITIAL CONDITIONS

 NUMBER OF STIFFNESS DEGREES OF FREEDOM    =         540
 NUMBER OF MASS DEGREES OF FREEDOM         =         270
 MAXIMUM NUMBER OF EIGEN MODES SOUGHT      =          12
 MINIMUM NUMBER OF EIGEN MODES SOUGHT      =           1
 NUMBER OF RESIDUAL-MASS MODES SOUGHT      =           0
 NUMBER OF SUBSPACE VECTORS USED           =          24
 RELATIVE CONVERGENCE TOLERANCE            =    1.00E-09

 FREQUENCY SHIFT  (CENTER) (CYC/TIME)      =     .000000
 FREQUENCY CUTOFF (RADIUS) (CYC/TIME)      =  -INFINITY-
 ALLOW AUTOMATIC FREQUENCY SHIFTING        =         YES


 Original stiffness at shift : EV= 0.0000000E+00, f=     .000000, T=  -INFINITY-
 Number of eigenvalues below shift =      7
 Found mode      1 of     12:  EV=-6.2147832E-12, f=   -3.97E-07, T= -2.5204E+06
 Found mode      2 of     12:  EV=-1.3919568E-11, f=   -5.94E-07, T= -1.6841E+06
 Found mode      3 of     12:  EV=-2.1140262E-11, f=   -7.32E-07, T= -1.3665E+06
 Found mode      4 of     12:  EV=-2.3188569E-11, f=   -7.66E-07, T= -1.3048E+06
 Found mode      5 of     12:  EV= 6.0725590E-11, f=    1.24E-06, T=  806295.059
 Found mode      6 of     12:  EV=-1.5909120E-10, f=   -2.01E-06, T= -498146.161
 Found mode      7 of     12:  EV= 1.8560868E-10, f=    2.17E-06, T=  461190.902
 Found mode      8 of     12:  EV=-4.8410993E-10, f=   -3.50E-06, T= -285566.905
 Found mode      9 of     12:  EV=-1.0694190E-09, f=   -5.20E-06, T= -192134.753
 Found mode     10 of     12:  EV= 1.2327286E-09, f=    5.59E-06, T=  178955.943

 Iteration    Approximations to next 5 eigenvalues, from shift EV= 0.0000000E+00
       6   1.1213377E+03 2.2702971E+03 4.2176498E+03 4.6304406E+03 5.7614131E+03

 Forming stiffness, new shift: EV= 1.0652708E+03, f=    5.194576, T=    0.192508
 Number of eigenvalues below shift =     10

 Iteration    Approximations to next 5 eigenvalues, from shift EV= 1.0652708E+03
       8   5.6081803E+01 1.2051486E+03 3.1524925E+03 3.5652343E+03 4.6963149E+03

 Found mode     11 of     12:  EV= 1.1213526E+03, f=    5.329558, T=    0.187633
 Found mode     12 of     12:  EV= 2.2704194E+03, f=    7.583561, T=    0.131864

 * * * W A R N I N G * * *
 ZERO OR NEGATIVE MODAL-MASS VALUES WERE DETECTED DURING ITERATION,
 THE RESULTING EIGEN-MODES MAY NOT BE VALID - CHECK THEM CAREFULLY !!

 THE STRUCTURE IS UNSTABLE OR ILL-CONDITIONED !!
 CHECK THE STRUCTURE CAREFULLY FOR:
 - INADEQUATE SUPPORT CONDITIONS, OR
 - ONE OR MORE INTERNAL MECHANISMS, OR
 - ZERO OR NEGATIVE STIFFNESS PROPERTIES, OR
 - EXTREMELY LARGE STIFFNESS PROPERTIES, OR
 - BUCKLING DUE TO P-DELTA OR GEOMETRIC NONLINEARITY, OR
 - A FREQUENCY SHIFT (IF ANY) ONTO A NATURAL FREQUENCY


 NUMBER OF EIGEN MODES FOUND               =          12
 NUMBER OF ITERATIONS PERFORMED            =           8
 NUMBER OF STIFFNESS SHIFTS                =           1


 A N A L Y S I S   C O M P L E T E                          2016/09/08  00:26:26
