

 SAP2000 v16.1.1 Ultimate (Analysis Build 9194/32)
 File: C:\Users\Filippo\AppDat...\Debug\SAPMODEL\delos_turtle_20160908003030.LOG




 B E G I N   A N A L Y S I S                                2016/09/08  00:30:31


 RUNNING ANALYSIS WITHIN THE GUI PROCESS
 USING THE ADVANCED SOLVER (PROVIDES LIMITED INSTABILITY INFORMATION)

 NUMBER OF JOINTS                          =         101
    WITH RESTRAINTS                        =          22
 NUMBER OF FRAME/CABLE/TENDON ELEMENTS     =         157
 NUMBER OF LOAD PATTERNS                   =           6
 NUMBER OF ACCELERATION LOADS              =           6
 NUMBER OF LOAD CASES                      =           7


 E L E M E N T   F O R M A T I O N                                      00:30:31



 L I N E A R   E Q U A T I O N   S O L U T I O N                        00:30:31

 FORMING STIFFNESS AT ZERO (UNSTRESSED) INITIAL CONDITIONS

 TOTAL NUMBER OF EQUILIBRIUM EQUATIONS     =         474
 NUMBER OF NON-ZERO STIFFNESS TERMS        =        5835

 * * * W A R N I N G * * *
 THE STRUCTURE IS UNSTABLE OR ILL-CONDITIONED !!
 CHECK THE STRUCTURE CAREFULLY FOR:
 - INADEQUATE SUPPORT CONDITIONS, OR
 - ONE OR MORE INTERNAL MECHANISMS, OR
 - ZERO OR NEGATIVE STIFFNESS PROPERTIES, OR
 - EXTREMELY LARGE STIFFNESS PROPERTIES, OR
 - BUCKLING DUE TO P-DELTA OR GEOMETRIC NONLINEARITY, OR
 - A FREQUENCY SHIFT (IF ANY) ONTO A NATURAL FREQUENCY

 TO OBTAIN FURTHER INFORMATION:
 - USE THE STANDARD SOLVER, OR
 - RUN AN EIGEN ANALYSIS USING AUTO FREQUENCY SHIFTING (WITH
   ADDITIONAL MASS IF NEEDED) AND INVESTIGATE THE MODE SHAPES


 NUMBER OF EIGENVALUES BELOW SHIFT         =           7


 L I N E A R   S T A T I C   C A S E S                                  00:30:31

 USING STIFFNESS AT ZERO (UNSTRESSED) INITIAL CONDITIONS

 TOTAL NUMBER OF CASES TO SOLVE            =           6
 NUMBER OF CASES TO SOLVE PER BLOCK        =           6

 LINEAR STATIC CASES TO BE SOLVED:

 CASE: DEAD
 CASE: LIVE
 CASE: WIND +X
 CASE: WIND +Y
 CASE: WIND -X
 CASE: WIND -Y


 E I G E N   M O D A L   A N A L Y S I S                                00:30:31

 CASE: MODAL

 USING STIFFNESS AT ZERO (UNSTRESSED) INITIAL CONDITIONS

 NUMBER OF STIFFNESS DEGREES OF FREEDOM    =         474
 NUMBER OF MASS DEGREES OF FREEDOM         =         237
 MAXIMUM NUMBER OF EIGEN MODES SOUGHT      =          12
 MINIMUM NUMBER OF EIGEN MODES SOUGHT      =           1
 NUMBER OF RESIDUAL-MASS MODES SOUGHT      =           0
 NUMBER OF SUBSPACE VECTORS USED           =          24
 RELATIVE CONVERGENCE TOLERANCE            =    1.00E-09

 FREQUENCY SHIFT  (CENTER) (CYC/TIME)      =     .000000
 FREQUENCY CUTOFF (RADIUS) (CYC/TIME)      =  -INFINITY-
 ALLOW AUTOMATIC FREQUENCY SHIFTING        =         YES


 Original stiffness at shift : EV= 0.0000000E+00, f=     .000000, T=  -INFINITY-
 Number of eigenvalues below shift =      7
 Found mode      1 of     12:  EV=-9.6173260E-12, f=   -4.94E-07, T= -2.0261E+06
 Found mode      2 of     12:  EV=-1.8937082E-11, f=   -6.93E-07, T= -1.4439E+06
 Found mode      3 of     12:  EV=-2.8560617E-11, f=   -8.51E-07, T= -1.1757E+06
 Found mode      4 of     12:  EV= 2.9664406E-11, f=    8.67E-07, T=  1.1536E+06
 Found mode      5 of     12:  EV= 2.6613935E-10, f=    2.60E-06, T=  385145.940
 Found mode      6 of     12:  EV=-4.7401802E-10, f=   -3.47E-06, T= -288590.774
 Found mode      7 of     12:  EV=-4.9445873E-10, f=   -3.54E-06, T= -282562.707
 Found mode      8 of     12:  EV= 1.0475748E-09, f=    5.15E-06, T=  194127.625
 Found mode      9 of     12:  EV= 1.1157152E-09, f=    5.32E-06, T=  188106.237
 Found mode     10 of     12:  EV=-1.6458516E-09, f=   -6.46E-06, T= -154876.145
 Found mode     11 of     12:  EV=-1.9362596E-09, f=   -7.00E-06, T= -142790.092

 Iteration    Approximations to next 5 eigenvalues, from shift EV= 0.0000000E+00
       6   1.3649131E+03 2.8974625E+03 2.8979354E+03 3.0900043E+03 3.0909235E+03

 Forming stiffness, new shift: EV= 1.2966675E+03, f=    5.731053, T=    0.174488
 Number of eigenvalues below shift =     11

 Found mode     12 of     12:  EV= 1.3649795E+03, f=    5.880080, T=    0.170066

 * * * W A R N I N G * * *
 ZERO OR NEGATIVE MODAL-MASS VALUES WERE DETECTED DURING ITERATION,
 THE RESULTING EIGEN-MODES MAY NOT BE VALID - CHECK THEM CAREFULLY !!

 THE STRUCTURE IS UNSTABLE OR ILL-CONDITIONED !!
 CHECK THE STRUCTURE CAREFULLY FOR:
 - INADEQUATE SUPPORT CONDITIONS, OR
 - ONE OR MORE INTERNAL MECHANISMS, OR
 - ZERO OR NEGATIVE STIFFNESS PROPERTIES, OR
 - EXTREMELY LARGE STIFFNESS PROPERTIES, OR
 - BUCKLING DUE TO P-DELTA OR GEOMETRIC NONLINEARITY, OR
 - A FREQUENCY SHIFT (IF ANY) ONTO A NATURAL FREQUENCY


 NUMBER OF EIGEN MODES FOUND               =          12
 NUMBER OF ITERATIONS PERFORMED            =           8
 NUMBER OF STIFFNESS SHIFTS                =           1


 A N A L Y S I S   C O M P L E T E                          2016/09/08  00:30:32
