

 SAP2000 v16.1.1 Ultimate (Analysis Build 9194/32)
 File: C:\Users\Filippo\AppDat...\Debug\SAPMODEL\delos_turtle_20160913064518.LOG




 B E G I N   A N A L Y S I S                                2016/09/13  06:45:20


 RUNNING ANALYSIS WITHIN THE GUI PROCESS
 USING THE ADVANCED SOLVER (PROVIDES LIMITED INSTABILITY INFORMATION)

 NUMBER OF JOINTS                          =         187
    WITH RESTRAINTS                        =          25
 NUMBER OF FRAME/CABLE/TENDON ELEMENTS     =         562
 NUMBER OF LOAD PATTERNS                   =           6
 NUMBER OF ACCELERATION LOADS              =           6
 NUMBER OF LOAD CASES                      =           7


 E L E M E N T   F O R M A T I O N                                      06:45:20



 L I N E A R   E Q U A T I O N   S O L U T I O N                        06:45:20

 FORMING STIFFNESS AT ZERO (UNSTRESSED) INITIAL CONDITIONS

 TOTAL NUMBER OF EQUILIBRIUM EQUATIONS     =        1047
 NUMBER OF NON-ZERO STIFFNESS TERMS        =       20058

 NUMBER OF EIGENVALUES BELOW SHIFT         =           0


 L I N E A R   S T A T I C   C A S E S                                  06:45:20

 USING STIFFNESS AT ZERO (UNSTRESSED) INITIAL CONDITIONS

 TOTAL NUMBER OF CASES TO SOLVE            =           6
 NUMBER OF CASES TO SOLVE PER BLOCK        =           6

 LINEAR STATIC CASES TO BE SOLVED:

 CASE: DEAD
 CASE: LIVE
 CASE: WIND +X
 CASE: WIND +Y
 CASE: WIND -X
 CASE: WIND -Y


 E I G E N   M O D A L   A N A L Y S I S                                06:45:20

 CASE: MODAL

 USING STIFFNESS AT ZERO (UNSTRESSED) INITIAL CONDITIONS

 NUMBER OF STIFFNESS DEGREES OF FREEDOM    =        1047
 NUMBER OF MASS DEGREES OF FREEDOM         =         486
 MAXIMUM NUMBER OF EIGEN MODES SOUGHT      =          12
 MINIMUM NUMBER OF EIGEN MODES SOUGHT      =           1
 NUMBER OF RESIDUAL-MASS MODES SOUGHT      =           0
 NUMBER OF SUBSPACE VECTORS USED           =          24
 RELATIVE CONVERGENCE TOLERANCE            =    1.00E-09

 FREQUENCY SHIFT  (CENTER) (CYC/TIME)      =     .000000
 FREQUENCY CUTOFF (RADIUS) (CYC/TIME)      =  -INFINITY-
 ALLOW AUTOMATIC FREQUENCY SHIFTING        =         YES


 Original stiffness at shift : EV= 0.0000000E+00, f=     .000000, T=  -INFINITY-
 Number of eigenvalues below shift =      0
 Found mode      1 of     12:  EV= 4.2562604E+02, f=    3.283479, T=    0.304555
 Found mode      2 of     12:  EV= 3.6563290E+03, f=    9.623715, T=    0.103910

 Forming stiffness, new shift: EV= 1.4905637E+04, f=   19.431011, T=    0.051464
 Number of eigenvalues below shift =      2
 Found mode      3 of     12:  EV= 1.5688901E+04, f=   19.935007, T=    0.050163

 Forming stiffness, new shift: EV= 2.4117049E+04, f=   24.716229, T=    0.040459
 Number of eigenvalues below shift =      3

 Forming stiffness, new shift: EV= 2.4425038E+04, f=   24.873549, T=    0.040203
 Number of eigenvalues below shift =      3
 Found mode      4 of     12:  EV= 2.4441211E+04, f=   24.881783, T=    0.040190

 Forming stiffness, new shift: EV= 2.4911131E+04, f=   25.119839, T=    0.039809
 Number of eigenvalues below shift =      4
 Found mode      5 of     12:  EV= 2.4936712E+04, f=   25.132733, T=    0.039789

 Forming stiffness, new shift: EV= 2.5216657E+04, f=   25.273412, T=    0.039567
 Number of eigenvalues below shift =      5
 Found mode      6 of     12:  EV= 2.5232736E+04, f=   25.281469, T=    0.039555
 Found mode      7 of     12:  EV= 2.5278650E+04, f=   25.304460, T=    0.039519
 Found mode      8 of     12:  EV= 2.5340074E+04, f=   25.335185, T=    0.039471

 Forming stiffness, new shift: EV= 2.5410685E+04, f=   25.370459, T=    0.039416
 Number of eigenvalues below shift =      8
 Found mode      9 of     12:  EV= 2.5420897E+04, f=   25.375556, T=    0.039408
 Found mode     10 of     12:  EV= 2.5439487E+04, f=   25.384833, T=    0.039394
 Found mode     11 of     12:  EV= 2.5451950E+04, f=   25.391050, T=    0.039384

 Forming stiffness, new shift: EV= 2.5477402E+04, f=   25.403742, T=    0.039364
 Number of eigenvalues below shift =     11
 Found mode     12 of     12:  EV= 2.5479444E+04, f=   25.404760, T=    0.039363

 NUMBER OF EIGEN MODES FOUND               =          12
 NUMBER OF ITERATIONS PERFORMED            =          54
 NUMBER OF STIFFNESS SHIFTS                =           7


 A N A L Y S I S   C O M P L E T E                          2016/09/13  06:45:22
