

 SAP2000 v16.1.1 Ultimate (Analysis Build 9194/32)
 File: C:\Users\Filippo\AppDat...\Debug\SAPMODEL\delos_turtle_20160908003558.LOG




 B E G I N   A N A L Y S I S                                2016/09/08  00:36:00


 RUNNING ANALYSIS WITHIN THE GUI PROCESS
 USING THE ADVANCED SOLVER (PROVIDES LIMITED INSTABILITY INFORMATION)

 NUMBER OF JOINTS                          =          88
    WITH RESTRAINTS                        =          21
 NUMBER OF FRAME/CABLE/TENDON ELEMENTS     =         125
 NUMBER OF LOAD PATTERNS                   =           6
 NUMBER OF ACCELERATION LOADS              =           6
 NUMBER OF LOAD CASES                      =           7


 E L E M E N T   F O R M A T I O N                                      00:36:00



 L I N E A R   E Q U A T I O N   S O L U T I O N                        00:36:00

 FORMING STIFFNESS AT ZERO (UNSTRESSED) INITIAL CONDITIONS

 TOTAL NUMBER OF EQUILIBRIUM EQUATIONS     =         402
 NUMBER OF NON-ZERO STIFFNESS TERMS        =        4827

 * * * W A R N I N G * * *
 THE STRUCTURE IS UNSTABLE OR ILL-CONDITIONED !!
 CHECK THE STRUCTURE CAREFULLY FOR:
 - INADEQUATE SUPPORT CONDITIONS, OR
 - ONE OR MORE INTERNAL MECHANISMS, OR
 - ZERO OR NEGATIVE STIFFNESS PROPERTIES, OR
 - EXTREMELY LARGE STIFFNESS PROPERTIES, OR
 - BUCKLING DUE TO P-DELTA OR GEOMETRIC NONLINEARITY, OR
 - A FREQUENCY SHIFT (IF ANY) ONTO A NATURAL FREQUENCY

 TO OBTAIN FURTHER INFORMATION:
 - USE THE STANDARD SOLVER, OR
 - RUN AN EIGEN ANALYSIS USING AUTO FREQUENCY SHIFTING (WITH
   ADDITIONAL MASS IF NEEDED) AND INVESTIGATE THE MODE SHAPES


 NUMBER OF EIGENVALUES BELOW SHIFT         =           5


 L I N E A R   S T A T I C   C A S E S                                  00:36:00

 USING STIFFNESS AT ZERO (UNSTRESSED) INITIAL CONDITIONS

 TOTAL NUMBER OF CASES TO SOLVE            =           6
 NUMBER OF CASES TO SOLVE PER BLOCK        =           6

 LINEAR STATIC CASES TO BE SOLVED:

 CASE: DEAD
 CASE: LIVE
 CASE: WIND +X
 CASE: WIND +Y
 CASE: WIND -X
 CASE: WIND -Y


 E I G E N   M O D A L   A N A L Y S I S                                00:36:00

 CASE: MODAL

 USING STIFFNESS AT ZERO (UNSTRESSED) INITIAL CONDITIONS

 NUMBER OF STIFFNESS DEGREES OF FREEDOM    =         402
 NUMBER OF MASS DEGREES OF FREEDOM         =         201
 MAXIMUM NUMBER OF EIGEN MODES SOUGHT      =          12
 MINIMUM NUMBER OF EIGEN MODES SOUGHT      =           1
 NUMBER OF RESIDUAL-MASS MODES SOUGHT      =           0
 NUMBER OF SUBSPACE VECTORS USED           =          24
 RELATIVE CONVERGENCE TOLERANCE            =    1.00E-09

 FREQUENCY SHIFT  (CENTER) (CYC/TIME)      =     .000000
 FREQUENCY CUTOFF (RADIUS) (CYC/TIME)      =  -INFINITY-
 ALLOW AUTOMATIC FREQUENCY SHIFTING        =         YES


 Original stiffness at shift : EV= 0.0000000E+00, f=     .000000, T=  -INFINITY-
 Number of eigenvalues below shift =      5
 Found mode      1 of     12:  EV=-5.8783937E-12, f=   -3.86E-07, T= -2.5915E+06
 Found mode      2 of     12:  EV=-2.1496967E-11, f=   -7.38E-07, T= -1.3552E+06

 Iteration    Approximations to next 5 eigenvalues, from shift EV= 0.0000000E+00
       3   2.6613935E-10-8.1174617E-10 1.2721618E-09-2.4396199E-09 1.0980922E+03

 Found mode      3 of     12:  EV= 2.6613935E-10, f=    2.60E-06, T=  385145.938
 Found mode      4 of     12:  EV=-8.1174617E-10, f=   -4.53E-06, T= -220531.050
 Found mode      5 of     12:  EV= 1.2721618E-09, f=    5.68E-06, T=  176160.567
 Found mode      6 of     12:  EV=-2.4396199E-09, f=   -7.86E-06, T= -127209.276

 Iteration    Approximations to next 5 eigenvalues, from shift EV= 0.0000000E+00
       4   2.8941089E+03 2.8979438E+03 3.0902986E+03 3.0909887E+03 3.4786607E+03
       7   2.8950958E+03 2.8979353E+03 3.0904796E+03 3.0909233E+03 3.4787763E+03

 Forming stiffness, new shift: EV= 2.7499057E+03, f=    8.346013, T=    0.119818
 Number of eigenvalues below shift =      7

 Iteration    Approximations to next 5 eigenvalues, from shift EV= 2.7499057E+03
      10   1.4802998E+02 1.4803022E+02 3.4101779E+02 3.4101790E+02 7.2958302E+02

 Found mode      7 of     12:  EV= 2.8979357E+03, f=    8.567705, T=    0.116717
 Found mode      8 of     12:  EV= 2.8979359E+03, f=    8.567705, T=    0.116717
 Found mode      9 of     12:  EV= 3.0909235E+03, f=    8.848390, T=    0.113015
 Found mode     10 of     12:  EV= 3.0909236E+03, f=    8.848390, T=    0.113015
 Found mode     11 of     12:  EV= 3.4794887E+03, f=    9.388103, T=    0.106518
 Found mode     12 of     12:  EV= 3.5497437E+03, f=    9.482408, T=    0.105458

 * * * W A R N I N G * * *
 ZERO OR NEGATIVE MODAL-MASS VALUES WERE DETECTED DURING ITERATION,
 THE RESULTING EIGEN-MODES MAY NOT BE VALID - CHECK THEM CAREFULLY !!

 THE STRUCTURE IS UNSTABLE OR ILL-CONDITIONED !!
 CHECK THE STRUCTURE CAREFULLY FOR:
 - INADEQUATE SUPPORT CONDITIONS, OR
 - ONE OR MORE INTERNAL MECHANISMS, OR
 - ZERO OR NEGATIVE STIFFNESS PROPERTIES, OR
 - EXTREMELY LARGE STIFFNESS PROPERTIES, OR
 - BUCKLING DUE TO P-DELTA OR GEOMETRIC NONLINEARITY, OR
 - A FREQUENCY SHIFT (IF ANY) ONTO A NATURAL FREQUENCY


 NUMBER OF EIGEN MODES FOUND               =          12
 NUMBER OF ITERATIONS PERFORMED            =          10
 NUMBER OF STIFFNESS SHIFTS                =           1


 A N A L Y S I S   C O M P L E T E                          2016/09/08  00:36:00
