

 SAP2000 v16.1.1 Ultimate (Analysis Build 9194/32)
 File: C:\Users\Filippo\AppDat...\Debug\SAPMODEL\delos_turtle_20160908001811.LOG




 B E G I N   A N A L Y S I S                                2016/09/08  00:18:13


 RUNNING ANALYSIS WITHIN THE GUI PROCESS
 USING THE ADVANCED SOLVER (PROVIDES LIMITED INSTABILITY INFORMATION)

 NUMBER OF JOINTS                          =         157
    WITH RESTRAINTS                        =          25
 NUMBER OF FRAME/CABLE/TENDON ELEMENTS     =         344
 NUMBER OF LOAD PATTERNS                   =           6
 NUMBER OF ACCELERATION LOADS              =           6
 NUMBER OF LOAD CASES                      =           7


 E L E M E N T   F O R M A T I O N                                      00:18:13



 L I N E A R   E Q U A T I O N   S O L U T I O N                        00:18:13

 FORMING STIFFNESS AT ZERO (UNSTRESSED) INITIAL CONDITIONS

 TOTAL NUMBER OF EQUILIBRIUM EQUATIONS     =         792
 NUMBER OF NON-ZERO STIFFNESS TERMS        =       12240

 * * * W A R N I N G * * *
 THE STRUCTURE IS UNSTABLE OR ILL-CONDITIONED !!
 CHECK THE STRUCTURE CAREFULLY FOR:
 - INADEQUATE SUPPORT CONDITIONS, OR
 - ONE OR MORE INTERNAL MECHANISMS, OR
 - ZERO OR NEGATIVE STIFFNESS PROPERTIES, OR
 - EXTREMELY LARGE STIFFNESS PROPERTIES, OR
 - BUCKLING DUE TO P-DELTA OR GEOMETRIC NONLINEARITY, OR
 - A FREQUENCY SHIFT (IF ANY) ONTO A NATURAL FREQUENCY

 TO OBTAIN FURTHER INFORMATION:
 - USE THE STANDARD SOLVER, OR
 - RUN AN EIGEN ANALYSIS USING AUTO FREQUENCY SHIFTING (WITH
   ADDITIONAL MASS IF NEEDED) AND INVESTIGATE THE MODE SHAPES


 NUMBER OF EIGENVALUES BELOW SHIFT         =           2


 L I N E A R   S T A T I C   C A S E S                                  00:18:13

 USING STIFFNESS AT ZERO (UNSTRESSED) INITIAL CONDITIONS

 TOTAL NUMBER OF CASES TO SOLVE            =           6
 NUMBER OF CASES TO SOLVE PER BLOCK        =           6

 LINEAR STATIC CASES TO BE SOLVED:

 CASE: DEAD
 CASE: LIVE
 CASE: WIND +X
 CASE: WIND +Y
 CASE: WIND -X
 CASE: WIND -Y


 E I G E N   M O D A L   A N A L Y S I S                                00:18:13

 CASE: MODAL

 USING STIFFNESS AT ZERO (UNSTRESSED) INITIAL CONDITIONS

 NUMBER OF STIFFNESS DEGREES OF FREEDOM    =         792
 NUMBER OF MASS DEGREES OF FREEDOM         =         396
 MAXIMUM NUMBER OF EIGEN MODES SOUGHT      =          12
 MINIMUM NUMBER OF EIGEN MODES SOUGHT      =           1
 NUMBER OF RESIDUAL-MASS MODES SOUGHT      =           0
 NUMBER OF SUBSPACE VECTORS USED           =          24
 RELATIVE CONVERGENCE TOLERANCE            =    1.00E-09

 FREQUENCY SHIFT  (CENTER) (CYC/TIME)      =     .000000
 FREQUENCY CUTOFF (RADIUS) (CYC/TIME)      =  -INFINITY-
 ALLOW AUTOMATIC FREQUENCY SHIFTING        =         YES


 Original stiffness at shift : EV= 0.0000000E+00, f=     .000000, T=  -INFINITY-
 Number of eigenvalues below shift =      2
 Found mode      1 of     12:  EV=-1.6708175E-11, f=   -6.51E-07, T= -1.5371E+06
 Found mode      2 of     12:  EV=-1.8911242E-11, f=   -6.92E-07, T= -1.4448E+06
 Found mode      3 of     12:  EV= 2.5729908E-10, f=    2.55E-06, T=  391706.476
 Found mode      4 of     12:  EV= 9.7301134E-10, f=    4.96E-06, T=  201428.499
 Found mode      5 of     12:  EV= 1.3082004E-09, f=    5.76E-06, T=  173717.163
 Found mode      6 of     12:  EV= 1.5971220E-09, f=    6.36E-06, T=  157221.095

 Iteration    Approximations to next 5 eigenvalues, from shift EV= 0.0000000E+00
       4   1.1220631E+03 1.5682275E+03 4.2495089E+03 4.7778159E+03 1.3037332E+04

 Found mode      7 of     12:  EV= 1.1220631E+03, f=    5.331246, T=    0.187573
 Found mode      8 of     12:  EV= 1.5682275E+03, f=    6.302671, T=    0.158663
 Found mode      9 of     12:  EV= 4.2494295E+03, f=   10.374936, T=    0.096386
 Found mode     10 of     12:  EV= 4.7777267E+03, f=   11.000965, T=    0.090901

 Forming stiffness, new shift: EV= 1.2171781E+04, f=   17.558895, T=    0.056951
 Number of eigenvalues below shift =     10
 Found mode     11 of     12:  EV= 1.2812392E+04, f=   18.015041, T=    0.055509

 Forming stiffness, new shift: EV= 1.9339136E+04, f=   22.132918, T=    0.045182
 Number of eigenvalues below shift =     11

 Iteration    Approximations to next 5 eigenvalues, from shift EV= 1.9339136E+04
      21   3.7711274E+02 5.3251718E+03 5.6249455E+03 5.8175923E+03 5.9513052E+03

 Found mode     12 of     12:  EV= 1.9716249E+04, f=   22.347672, T=    0.044747

 * * * W A R N I N G * * *
 ZERO OR NEGATIVE MODAL-MASS VALUES WERE DETECTED DURING ITERATION,
 THE RESULTING EIGEN-MODES MAY NOT BE VALID - CHECK THEM CAREFULLY !!

 THE STRUCTURE IS UNSTABLE OR ILL-CONDITIONED !!
 CHECK THE STRUCTURE CAREFULLY FOR:
 - INADEQUATE SUPPORT CONDITIONS, OR
 - ONE OR MORE INTERNAL MECHANISMS, OR
 - ZERO OR NEGATIVE STIFFNESS PROPERTIES, OR
 - EXTREMELY LARGE STIFFNESS PROPERTIES, OR
 - BUCKLING DUE TO P-DELTA OR GEOMETRIC NONLINEARITY, OR
 - A FREQUENCY SHIFT (IF ANY) ONTO A NATURAL FREQUENCY


 NUMBER OF EIGEN MODES FOUND               =          12
 NUMBER OF ITERATIONS PERFORMED            =          21
 NUMBER OF STIFFNESS SHIFTS                =           2


 A N A L Y S I S   C O M P L E T E                          2016/09/08  00:18:13
