

 SAP2000 v16.1.1 Ultimate (Analysis Build 9194/32)
 File: C:\Users\Filippo\AppDat...\Debug\SAPMODEL\delos_turtle_20160909034821.LOG




 B E G I N   A N A L Y S I S                                2016/09/09  03:48:22


 RUNNING ANALYSIS WITHIN THE GUI PROCESS
 USING THE ADVANCED SOLVER (PROVIDES LIMITED INSTABILITY INFORMATION)

 NUMBER OF JOINTS                          =          86
    WITH RESTRAINTS                        =          20
 NUMBER OF FRAME/CABLE/TENDON ELEMENTS     =         120
 NUMBER OF LOAD PATTERNS                   =           6
 NUMBER OF ACCELERATION LOADS              =           6
 NUMBER OF LOAD CASES                      =           7


 E L E M E N T   F O R M A T I O N                                      03:48:22



 L I N E A R   E Q U A T I O N   S O L U T I O N                        03:48:22

 FORMING STIFFNESS AT ZERO (UNSTRESSED) INITIAL CONDITIONS

 TOTAL NUMBER OF EQUILIBRIUM EQUATIONS     =         396
 NUMBER OF NON-ZERO STIFFNESS TERMS        =        4662

 * * * W A R N I N G * * *
 THE STRUCTURE IS UNSTABLE OR ILL-CONDITIONED !!
 CHECK THE STRUCTURE CAREFULLY FOR:
 - INADEQUATE SUPPORT CONDITIONS, OR
 - ONE OR MORE INTERNAL MECHANISMS, OR
 - ZERO OR NEGATIVE STIFFNESS PROPERTIES, OR
 - EXTREMELY LARGE STIFFNESS PROPERTIES, OR
 - BUCKLING DUE TO P-DELTA OR GEOMETRIC NONLINEARITY, OR
 - A FREQUENCY SHIFT (IF ANY) ONTO A NATURAL FREQUENCY

 TO OBTAIN FURTHER INFORMATION:
 - USE THE STANDARD SOLVER, OR
 - RUN AN EIGEN ANALYSIS USING AUTO FREQUENCY SHIFTING (WITH
   ADDITIONAL MASS IF NEEDED) AND INVESTIGATE THE MODE SHAPES


 NUMBER OF EIGENVALUES BELOW SHIFT         =           7


 L I N E A R   S T A T I C   C A S E S                                  03:48:22

 USING STIFFNESS AT ZERO (UNSTRESSED) INITIAL CONDITIONS

 TOTAL NUMBER OF CASES TO SOLVE            =           6
 NUMBER OF CASES TO SOLVE PER BLOCK        =           6

 LINEAR STATIC CASES TO BE SOLVED:

 CASE: DEAD
 CASE: LIVE
 CASE: WIND +X
 CASE: WIND +Y
 CASE: WIND -X
 CASE: WIND -Y


 E I G E N   M O D A L   A N A L Y S I S                                03:48:22

 CASE: MODAL

 USING STIFFNESS AT ZERO (UNSTRESSED) INITIAL CONDITIONS

 NUMBER OF STIFFNESS DEGREES OF FREEDOM    =         396
 NUMBER OF MASS DEGREES OF FREEDOM         =         198
 MAXIMUM NUMBER OF EIGEN MODES SOUGHT      =          12
 MINIMUM NUMBER OF EIGEN MODES SOUGHT      =           1
 NUMBER OF RESIDUAL-MASS MODES SOUGHT      =           0
 NUMBER OF SUBSPACE VECTORS USED           =          24
 RELATIVE CONVERGENCE TOLERANCE            =    1.00E-09

 FREQUENCY SHIFT  (CENTER) (CYC/TIME)      =     .000000
 FREQUENCY CUTOFF (RADIUS) (CYC/TIME)      =  -INFINITY-
 ALLOW AUTOMATIC FREQUENCY SHIFTING        =         YES


 Original stiffness at shift : EV= 0.0000000E+00, f=     .000000, T=  -INFINITY-
 Number of eigenvalues below shift =      7

 Iteration    Approximations to next 5 eigenvalues, from shift EV= 0.0000000E+00
       2   7.1024049E-12-1.0129543E-11-1.0887087E-11-2.4123644E-11-3.5209254E-11

 Found mode      1 of     12:  EV= 7.1024049E-12, f=    4.24E-07, T=  2.3576E+06
 Found mode      2 of     12:  EV=-1.0129543E-11, f=   -5.07E-07, T= -1.9742E+06
 Found mode      3 of     12:  EV=-1.0887087E-11, f=   -5.25E-07, T= -1.9043E+06
 Found mode      4 of     12:  EV=-2.4123644E-11, f=   -7.82E-07, T= -1.2793E+06
 Found mode      5 of     12:  EV=-3.5209254E-11, f=   -9.44E-07, T= -1.0589E+06
 Found mode      6 of     12:  EV= 4.4515785E-11, f=    1.06E-06, T=  941722.285

 Iteration    Approximations to next 5 eigenvalues, from shift EV= 0.0000000E+00
       3  -4.8977383E-10-8.8779996E-10 1.2673046E-09-1.3443803E-09 1.4036989E+03

 Found mode      7 of     12:  EV=-4.8977383E-10, f=   -3.52E-06, T= -283910.908
 Found mode      8 of     12:  EV=-8.8779996E-10, f=   -4.74E-06, T= -210873.646
 Found mode      9 of     12:  EV= 1.2673046E-09, f=    5.67E-06, T=  176497.824
 Found mode     10 of     12:  EV=-1.3443803E-09, f=   -5.84E-06, T= -171363.686

 Iteration    Approximations to next 5 eigenvalues, from shift EV= 0.0000000E+00
       6   1.6742869E+03 2.8974409E+03 2.8978654E+03 3.0900717E+03 3.0908434E+03

 Forming stiffness, new shift: EV= 1.5905725E+03, f=    6.347415, T=    0.157544
 Number of eigenvalues below shift =     10

 Iteration    Approximations to next 5 eigenvalues, from shift EV= 1.5905725E+03
       8   8.3792851E+01 1.3073632E+03 1.3073634E+03 1.5003510E+03 1.5003511E+03

 Found mode     11 of     12:  EV= 1.6743654E+03, f=    6.512463, T=    0.153552
 Found mode     12 of     12:  EV= 2.8979357E+03, f=    8.567705, T=    0.116717

 * * * W A R N I N G * * *
 ZERO OR NEGATIVE MODAL-MASS VALUES WERE DETECTED DURING ITERATION,
 THE RESULTING EIGEN-MODES MAY NOT BE VALID - CHECK THEM CAREFULLY !!

 THE STRUCTURE IS UNSTABLE OR ILL-CONDITIONED !!
 CHECK THE STRUCTURE CAREFULLY FOR:
 - INADEQUATE SUPPORT CONDITIONS, OR
 - ONE OR MORE INTERNAL MECHANISMS, OR
 - ZERO OR NEGATIVE STIFFNESS PROPERTIES, OR
 - EXTREMELY LARGE STIFFNESS PROPERTIES, OR
 - BUCKLING DUE TO P-DELTA OR GEOMETRIC NONLINEARITY, OR
 - A FREQUENCY SHIFT (IF ANY) ONTO A NATURAL FREQUENCY


 NUMBER OF EIGEN MODES FOUND               =          12
 NUMBER OF ITERATIONS PERFORMED            =           8
 NUMBER OF STIFFNESS SHIFTS                =           1


 A N A L Y S I S   C O M P L E T E                          2016/09/09  03:48:22
