

 SAP2000 v16.1.1 Ultimate (Analysis Build 9194/32)
 File: C:\Users\Filippo\AppDat...\Debug\SAPMODEL\delos_turtle_20160908002315.LOG




 B E G I N   A N A L Y S I S                                2016/09/08  00:23:17


 RUNNING ANALYSIS WITHIN THE GUI PROCESS
 USING THE ADVANCED SOLVER (PROVIDES LIMITED INSTABILITY INFORMATION)

 NUMBER OF JOINTS                          =         127
    WITH RESTRAINTS                        =          24
 NUMBER OF FRAME/CABLE/TENDON ELEMENTS     =         241
 NUMBER OF LOAD PATTERNS                   =           6
 NUMBER OF ACCELERATION LOADS              =           6
 NUMBER OF LOAD CASES                      =           7


 E L E M E N T   F O R M A T I O N                                      00:23:17



 L I N E A R   E Q U A T I O N   S O L U T I O N                        00:23:17

 FORMING STIFFNESS AT ZERO (UNSTRESSED) INITIAL CONDITIONS

 TOTAL NUMBER OF EQUILIBRIUM EQUATIONS     =         618
 NUMBER OF NON-ZERO STIFFNESS TERMS        =        8535

 * * * W A R N I N G * * *
 THE STRUCTURE IS UNSTABLE OR ILL-CONDITIONED !!
 CHECK THE STRUCTURE CAREFULLY FOR:
 - INADEQUATE SUPPORT CONDITIONS, OR
 - ONE OR MORE INTERNAL MECHANISMS, OR
 - ZERO OR NEGATIVE STIFFNESS PROPERTIES, OR
 - EXTREMELY LARGE STIFFNESS PROPERTIES, OR
 - BUCKLING DUE TO P-DELTA OR GEOMETRIC NONLINEARITY, OR
 - A FREQUENCY SHIFT (IF ANY) ONTO A NATURAL FREQUENCY

 TO OBTAIN FURTHER INFORMATION:
 - USE THE STANDARD SOLVER, OR
 - RUN AN EIGEN ANALYSIS USING AUTO FREQUENCY SHIFTING (WITH
   ADDITIONAL MASS IF NEEDED) AND INVESTIGATE THE MODE SHAPES


 NUMBER OF EIGENVALUES BELOW SHIFT         =           2


 L I N E A R   S T A T I C   C A S E S                                  00:23:17

 USING STIFFNESS AT ZERO (UNSTRESSED) INITIAL CONDITIONS

 TOTAL NUMBER OF CASES TO SOLVE            =           6
 NUMBER OF CASES TO SOLVE PER BLOCK        =           6

 LINEAR STATIC CASES TO BE SOLVED:

 CASE: DEAD
 CASE: LIVE
 CASE: WIND +X
 CASE: WIND +Y
 CASE: WIND -X
 CASE: WIND -Y


 E I G E N   M O D A L   A N A L Y S I S                                00:23:17

 CASE: MODAL

 USING STIFFNESS AT ZERO (UNSTRESSED) INITIAL CONDITIONS

 NUMBER OF STIFFNESS DEGREES OF FREEDOM    =         618
 NUMBER OF MASS DEGREES OF FREEDOM         =         309
 MAXIMUM NUMBER OF EIGEN MODES SOUGHT      =          12
 MINIMUM NUMBER OF EIGEN MODES SOUGHT      =           1
 NUMBER OF RESIDUAL-MASS MODES SOUGHT      =           0
 NUMBER OF SUBSPACE VECTORS USED           =          24
 RELATIVE CONVERGENCE TOLERANCE            =    1.00E-09

 FREQUENCY SHIFT  (CENTER) (CYC/TIME)      =     .000000
 FREQUENCY CUTOFF (RADIUS) (CYC/TIME)      =  -INFINITY-
 ALLOW AUTOMATIC FREQUENCY SHIFTING        =         YES


 Original stiffness at shift : EV= 0.0000000E+00, f=     .000000, T=  -INFINITY-
 Number of eigenvalues below shift =      2

 Iteration    Approximations to next 5 eigenvalues, from shift EV= 0.0000000E+00
       2  -1.5608360E-11 2.5863441E-11 5.2069444E-10 1.3081437E-09 3.7350075E+02

 Found mode      1 of     12:  EV=-1.5608360E-11, f=   -6.29E-07, T= -1.5904E+06
 Found mode      2 of     12:  EV= 2.5863441E-11, f=    8.09E-07, T=  1.2355E+06
 Found mode      3 of     12:  EV= 5.2069444E-10, f=    3.63E-06, T=  275352.104
 Found mode      4 of     12:  EV= 1.3081437E-09, f=    5.76E-06, T=  173720.926

 Iteration    Approximations to next 5 eigenvalues, from shift EV= 0.0000000E+00
       4   1.4460805E+03 4.0920987E+03 4.4636116E+03 4.6988898E+03 6.4138256E+03

 Found mode      5 of     12:  EV= 1.4460804E+03, f=    6.052243, T=    0.165228

 Iteration    Approximations to next 5 eigenvalues, from shift EV= 0.0000000E+00
       7   4.0920445E+03 4.4635322E+03 4.6985677E+03 6.4111782E+03 8.0562760E+03

 Found mode      6 of     12:  EV= 4.0920445E+03, f=   10.180997, T=    0.098222
 Found mode      7 of     12:  EV= 4.4635322E+03, f=   10.633089, T=    0.094046

 Iteration    Approximations to next 5 eigenvalues, from shift EV= 0.0000000E+00
       9   4.6985740E+03 6.4111769E+03 8.0562332E+03 8.5061437E+03 1.0526330E+04

 Forming stiffness, new shift: EV= 4.4679957E+03, f=   10.638405, T=    0.093999
 Number of eigenvalues below shift =      8

 Found mode      8 of     12:  EV= 4.6985771E+03, f=   10.909461, T=    0.091664
 Found mode      9 of     12:  EV= 6.4111778E+03, f=   12.743509, T=    0.078471
 Found mode     10 of     12:  EV= 8.0562587E+03, f=   14.285217, T=    0.070002
 Found mode     11 of     12:  EV= 8.5061444E+03, f=   14.678663, T=    0.068126
 Found mode     12 of     12:  EV= 1.0526200E+04, f=   16.328863, T=    0.061241

 * * * W A R N I N G * * *
 ZERO OR NEGATIVE MODAL-MASS VALUES WERE DETECTED DURING ITERATION,
 THE RESULTING EIGEN-MODES MAY NOT BE VALID - CHECK THEM CAREFULLY !!

 THE STRUCTURE IS UNSTABLE OR ILL-CONDITIONED !!
 CHECK THE STRUCTURE CAREFULLY FOR:
 - INADEQUATE SUPPORT CONDITIONS, OR
 - ONE OR MORE INTERNAL MECHANISMS, OR
 - ZERO OR NEGATIVE STIFFNESS PROPERTIES, OR
 - EXTREMELY LARGE STIFFNESS PROPERTIES, OR
 - BUCKLING DUE TO P-DELTA OR GEOMETRIC NONLINEARITY, OR
 - A FREQUENCY SHIFT (IF ANY) ONTO A NATURAL FREQUENCY


 NUMBER OF EIGEN MODES FOUND               =          12
 NUMBER OF ITERATIONS PERFORMED            =          16
 NUMBER OF STIFFNESS SHIFTS                =           1


 A N A L Y S I S   C O M P L E T E                          2016/09/08  00:23:17
