

 SAP2000 v16.1.1 Ultimate (Analysis Build 9194/32)
 File: C:\Users\Filippo\AppDat...\Debug\SAPMODEL\delos_turtle_20160909033009.LOG




 B E G I N   A N A L Y S I S                                2016/09/09  03:30:11


 RUNNING ANALYSIS WITHIN THE GUI PROCESS
 USING THE ADVANCED SOLVER (PROVIDES LIMITED INSTABILITY INFORMATION)

 NUMBER OF JOINTS                          =         163
    WITH RESTRAINTS                        =          25
 NUMBER OF FRAME/CABLE/TENDON ELEMENTS     =         361
 NUMBER OF LOAD PATTERNS                   =           6
 NUMBER OF ACCELERATION LOADS              =           6
 NUMBER OF LOAD CASES                      =           7


 E L E M E N T   F O R M A T I O N                                      03:30:11



 L I N E A R   E Q U A T I O N   S O L U T I O N                        03:30:11

 FORMING STIFFNESS AT ZERO (UNSTRESSED) INITIAL CONDITIONS

 TOTAL NUMBER OF EQUILIBRIUM EQUATIONS     =         828
 NUMBER OF NON-ZERO STIFFNESS TERMS        =       12618

 * * * W A R N I N G * * *
 THE STRUCTURE IS UNSTABLE OR ILL-CONDITIONED !!
 CHECK THE STRUCTURE CAREFULLY FOR:
 - INADEQUATE SUPPORT CONDITIONS, OR
 - ONE OR MORE INTERNAL MECHANISMS, OR
 - ZERO OR NEGATIVE STIFFNESS PROPERTIES, OR
 - EXTREMELY LARGE STIFFNESS PROPERTIES, OR
 - BUCKLING DUE TO P-DELTA OR GEOMETRIC NONLINEARITY, OR
 - A FREQUENCY SHIFT (IF ANY) ONTO A NATURAL FREQUENCY

 TO OBTAIN FURTHER INFORMATION:
 - USE THE STANDARD SOLVER, OR
 - RUN AN EIGEN ANALYSIS USING AUTO FREQUENCY SHIFTING (WITH
   ADDITIONAL MASS IF NEEDED) AND INVESTIGATE THE MODE SHAPES


 NUMBER OF EIGENVALUES BELOW SHIFT         =           1


 L I N E A R   S T A T I C   C A S E S                                  03:30:11

 USING STIFFNESS AT ZERO (UNSTRESSED) INITIAL CONDITIONS

 TOTAL NUMBER OF CASES TO SOLVE            =           6
 NUMBER OF CASES TO SOLVE PER BLOCK        =           6

 LINEAR STATIC CASES TO BE SOLVED:

 CASE: DEAD
 CASE: LIVE
 CASE: WIND +X
 CASE: WIND +Y
 CASE: WIND -X
 CASE: WIND -Y


 E I G E N   M O D A L   A N A L Y S I S                                03:30:11

 CASE: MODAL

 USING STIFFNESS AT ZERO (UNSTRESSED) INITIAL CONDITIONS

 NUMBER OF STIFFNESS DEGREES OF FREEDOM    =         828
 NUMBER OF MASS DEGREES OF FREEDOM         =         414
 MAXIMUM NUMBER OF EIGEN MODES SOUGHT      =          12
 MINIMUM NUMBER OF EIGEN MODES SOUGHT      =           1
 NUMBER OF RESIDUAL-MASS MODES SOUGHT      =           0
 NUMBER OF SUBSPACE VECTORS USED           =          24
 RELATIVE CONVERGENCE TOLERANCE            =    1.00E-09

 FREQUENCY SHIFT  (CENTER) (CYC/TIME)      =     .000000
 FREQUENCY CUTOFF (RADIUS) (CYC/TIME)      =  -INFINITY-
 ALLOW AUTOMATIC FREQUENCY SHIFTING        =         YES


 Original stiffness at shift : EV= 0.0000000E+00, f=     .000000, T=  -INFINITY-
 Number of eigenvalues below shift =      1
 Found mode      1 of     12:  EV= 1.2045761E-11, f=    5.52E-07, T=  1.8104E+06
 Found mode      2 of     12:  EV=-1.3591488E-11, f=   -5.87E-07, T= -1.7043E+06
 Found mode      3 of     12:  EV= 7.6143094E-10, f=    4.39E-06, T=  227700.827
 Found mode      4 of     12:  EV= 1.5948157E-09, f=    6.36E-06, T=  157334.736
 Found mode      5 of     12:  EV= 1.4621812E+03, f=    6.085843, T=    0.164316
 Found mode      6 of     12:  EV= 4.2527096E+03, f=   10.378940, T=    0.096349
 Found mode      7 of     12:  EV= 4.4417572E+03, f=   10.607121, T=    0.094276

 Forming stiffness, new shift: EV= 1.2390908E+04, f=   17.716245, T=    0.056445
 Number of eigenvalues below shift =      7

 Iteration    Approximations to next 5 eigenvalues, from shift EV= 1.2390908E+04
      13   6.5210405E+02 6.6477551E+03 1.2481399E+04 1.2793764E+04 1.2849616E+04

 Found mode      8 of     12:  EV= 1.3043012E+04, f=   18.176450, T=    0.055016

 Forming stiffness, new shift: EV= 1.8702861E+04, f=   21.765776, T=    0.045944
 Number of eigenvalues below shift =      8
 Found mode      9 of     12:  EV= 1.9035054E+04, f=   21.958223, T=    0.045541

 Forming stiffness, new shift: EV= 2.4136831E+04, f=   24.726364, T=    0.040443
 Number of eigenvalues below shift =      9

 Forming stiffness, new shift: EV= 2.4352679E+04, f=   24.836678, T=    0.040263
 Number of eigenvalues below shift =      9
 Found mode     10 of     12:  EV= 2.4364038E+04, f=   24.842470, T=    0.040254
 Found mode     11 of     12:  EV= 2.4630228E+04, f=   24.977809, T=    0.040036

 Forming stiffness, new shift: EV= 2.4860859E+04, f=   25.094480, T=    0.039849
 Number of eigenvalues below shift =     11
 Found mode     12 of     12:  EV= 2.4887606E+04, f=   25.107975, T=    0.039828

 * * * W A R N I N G * * *
 ZERO OR NEGATIVE MODAL-MASS VALUES WERE DETECTED DURING ITERATION,
 THE RESULTING EIGEN-MODES MAY NOT BE VALID - CHECK THEM CAREFULLY !!

 THE STRUCTURE IS UNSTABLE OR ILL-CONDITIONED !!
 CHECK THE STRUCTURE CAREFULLY FOR:
 - INADEQUATE SUPPORT CONDITIONS, OR
 - ONE OR MORE INTERNAL MECHANISMS, OR
 - ZERO OR NEGATIVE STIFFNESS PROPERTIES, OR
 - EXTREMELY LARGE STIFFNESS PROPERTIES, OR
 - BUCKLING DUE TO P-DELTA OR GEOMETRIC NONLINEARITY, OR
 - A FREQUENCY SHIFT (IF ANY) ONTO A NATURAL FREQUENCY


 NUMBER OF EIGEN MODES FOUND               =          12
 NUMBER OF ITERATIONS PERFORMED            =          37
 NUMBER OF STIFFNESS SHIFTS                =           5


 A N A L Y S I S   C O M P L E T E                          2016/09/09  03:30:12
