

 SAP2000 v16.1.1 Ultimate (Analysis Build 9194/32)
 File: C:\Users\Filippo\AppDat...\Debug\SAPMODEL\delos_turtle_20160913064536.LOG




 B E G I N   A N A L Y S I S                                2016/09/13  06:45:38


 RUNNING ANALYSIS WITHIN THE GUI PROCESS
 USING THE ADVANCED SOLVER (PROVIDES LIMITED INSTABILITY INFORMATION)

 NUMBER OF JOINTS                          =         187
    WITH RESTRAINTS                        =          25
 NUMBER OF FRAME/CABLE/TENDON ELEMENTS     =         562
 NUMBER OF LOAD PATTERNS                   =           6
 NUMBER OF ACCELERATION LOADS              =           6
 NUMBER OF LOAD CASES                      =           7


 E L E M E N T   F O R M A T I O N                                      06:45:38



 L I N E A R   E Q U A T I O N   S O L U T I O N                        06:45:38

 FORMING STIFFNESS AT ZERO (UNSTRESSED) INITIAL CONDITIONS

 TOTAL NUMBER OF EQUILIBRIUM EQUATIONS     =        1047
 NUMBER OF NON-ZERO STIFFNESS TERMS        =       20058

 NUMBER OF EIGENVALUES BELOW SHIFT         =           0


 L I N E A R   S T A T I C   C A S E S                                  06:45:39

 USING STIFFNESS AT ZERO (UNSTRESSED) INITIAL CONDITIONS

 TOTAL NUMBER OF CASES TO SOLVE            =           6
 NUMBER OF CASES TO SOLVE PER BLOCK        =           6

 LINEAR STATIC CASES TO BE SOLVED:

 CASE: DEAD
 CASE: LIVE
 CASE: WIND +X
 CASE: WIND +Y
 CASE: WIND -X
 CASE: WIND -Y


 E I G E N   M O D A L   A N A L Y S I S                                06:45:39

 CASE: MODAL

 USING STIFFNESS AT ZERO (UNSTRESSED) INITIAL CONDITIONS

 NUMBER OF STIFFNESS DEGREES OF FREEDOM    =        1047
 NUMBER OF MASS DEGREES OF FREEDOM         =         486
 MAXIMUM NUMBER OF EIGEN MODES SOUGHT      =          12
 MINIMUM NUMBER OF EIGEN MODES SOUGHT      =           1
 NUMBER OF RESIDUAL-MASS MODES SOUGHT      =           0
 NUMBER OF SUBSPACE VECTORS USED           =          24
 RELATIVE CONVERGENCE TOLERANCE            =    1.00E-09

 FREQUENCY SHIFT  (CENTER) (CYC/TIME)      =     .000000
 FREQUENCY CUTOFF (RADIUS) (CYC/TIME)      =  -INFINITY-
 ALLOW AUTOMATIC FREQUENCY SHIFTING        =         YES


 Original stiffness at shift : EV= 0.0000000E+00, f=     .000000, T=  -INFINITY-
 Number of eigenvalues below shift =      0
 Found mode      1 of     12:  EV= 5.5721307E+02, f=    3.756910, T=    0.266176
 Found mode      2 of     12:  EV= 4.3194316E+03, f=   10.460042, T=    0.095602

 Forming stiffness, new shift: EV= 1.5037342E+04, f=   19.516668, T=    0.051238
 Number of eigenvalues below shift =      2
 Found mode      3 of     12:  EV= 1.5828231E+04, f=   20.023331, T=    0.049942

 Forming stiffness, new shift: EV= 2.4115624E+04, f=   24.715499, T=    0.040460
 Number of eigenvalues below shift =      3

 Forming stiffness, new shift: EV= 2.4430233E+04, f=   24.876194, T=    0.040199
 Number of eigenvalues below shift =      3
 Found mode      4 of     12:  EV= 2.4446754E+04, f=   24.884604, T=    0.040185

 Forming stiffness, new shift: EV= 2.4918836E+04, f=   25.123724, T=    0.039803
 Number of eigenvalues below shift =      4
 Found mode      5 of     12:  EV= 2.4944548E+04, f=   25.136682, T=    0.039782

 Forming stiffness, new shift: EV= 2.5220332E+04, f=   25.275254, T=    0.039564
 Number of eigenvalues below shift =      5
 Found mode      6 of     12:  EV= 2.5236199E+04, f=   25.283204, T=    0.039552
 Found mode      7 of     12:  EV= 2.5279473E+04, f=   25.304871, T=    0.039518
 Found mode      8 of     12:  EV= 2.5341267E+04, f=   25.335781, T=    0.039470

 Forming stiffness, new shift: EV= 2.5411437E+04, f=   25.370834, T=    0.039415
 Number of eigenvalues below shift =      8
 Found mode      9 of     12:  EV= 2.5421495E+04, f=   25.375855, T=    0.039408
 Found mode     10 of     12:  EV= 2.5440060E+04, f=   25.385119, T=    0.039393
 Found mode     11 of     12:  EV= 2.5452534E+04, f=   25.391342, T=    0.039384

 Forming stiffness, new shift: EV= 2.5477987E+04, f=   25.404034, T=    0.039364
 Number of eigenvalues below shift =     11
 Found mode     12 of     12:  EV= 2.5479723E+04, f=   25.404900, T=    0.039362

 NUMBER OF EIGEN MODES FOUND               =          12
 NUMBER OF ITERATIONS PERFORMED            =          55
 NUMBER OF STIFFNESS SHIFTS                =           7


 A N A L Y S I S   C O M P L E T E                          2016/09/13  06:45:40
