

 SAP2000 v16.1.1 Ultimate (Analysis Build 9194/32)
 File: C:\Users\Filippo\AppDat...\Debug\SAPMODEL\delos_turtle_20160909035147.LOG




 B E G I N   A N A L Y S I S                                2016/09/09  03:51:48


 RUNNING ANALYSIS WITHIN THE GUI PROCESS
 USING THE ADVANCED SOLVER (PROVIDES LIMITED INSTABILITY INFORMATION)

 NUMBER OF JOINTS                          =          81
    WITH RESTRAINTS                        =          18
 NUMBER OF FRAME/CABLE/TENDON ELEMENTS     =         108
 NUMBER OF LOAD PATTERNS                   =           6
 NUMBER OF ACCELERATION LOADS              =           6
 NUMBER OF LOAD CASES                      =           7


 E L E M E N T   F O R M A T I O N                                      03:51:48



 L I N E A R   E Q U A T I O N   S O L U T I O N                        03:51:49

 FORMING STIFFNESS AT ZERO (UNSTRESSED) INITIAL CONDITIONS

 TOTAL NUMBER OF EQUILIBRIUM EQUATIONS     =         378
 NUMBER OF NON-ZERO STIFFNESS TERMS        =        4311

 * * * W A R N I N G * * *
 THE STRUCTURE IS UNSTABLE OR ILL-CONDITIONED !!
 CHECK THE STRUCTURE CAREFULLY FOR:
 - INADEQUATE SUPPORT CONDITIONS, OR
 - ONE OR MORE INTERNAL MECHANISMS, OR
 - ZERO OR NEGATIVE STIFFNESS PROPERTIES, OR
 - EXTREMELY LARGE STIFFNESS PROPERTIES, OR
 - BUCKLING DUE TO P-DELTA OR GEOMETRIC NONLINEARITY, OR
 - A FREQUENCY SHIFT (IF ANY) ONTO A NATURAL FREQUENCY

 TO OBTAIN FURTHER INFORMATION:
 - USE THE STANDARD SOLVER, OR
 - RUN AN EIGEN ANALYSIS USING AUTO FREQUENCY SHIFTING (WITH
   ADDITIONAL MASS IF NEEDED) AND INVESTIGATE THE MODE SHAPES


 NUMBER OF EIGENVALUES BELOW SHIFT         =          10


 L I N E A R   S T A T I C   C A S E S                                  03:51:49

 USING STIFFNESS AT ZERO (UNSTRESSED) INITIAL CONDITIONS

 TOTAL NUMBER OF CASES TO SOLVE            =           6
 NUMBER OF CASES TO SOLVE PER BLOCK        =           6

 LINEAR STATIC CASES TO BE SOLVED:

 CASE: DEAD
 CASE: LIVE
 CASE: WIND +X
 CASE: WIND +Y
 CASE: WIND -X
 CASE: WIND -Y


 E I G E N   M O D A L   A N A L Y S I S                                03:51:49

 CASE: MODAL

 USING STIFFNESS AT ZERO (UNSTRESSED) INITIAL CONDITIONS

 NUMBER OF STIFFNESS DEGREES OF FREEDOM    =         378
 NUMBER OF MASS DEGREES OF FREEDOM         =         189
 MAXIMUM NUMBER OF EIGEN MODES SOUGHT      =          12
 MINIMUM NUMBER OF EIGEN MODES SOUGHT      =           1
 NUMBER OF RESIDUAL-MASS MODES SOUGHT      =           0
 NUMBER OF SUBSPACE VECTORS USED           =          24
 RELATIVE CONVERGENCE TOLERANCE            =    1.00E-09

 FREQUENCY SHIFT  (CENTER) (CYC/TIME)      =     .000000
 FREQUENCY CUTOFF (RADIUS) (CYC/TIME)      =  -INFINITY-
 ALLOW AUTOMATIC FREQUENCY SHIFTING        =         YES


 Original stiffness at shift : EV= 0.0000000E+00, f=     .000000, T=  -INFINITY-
 Number of eigenvalues below shift =     10

 Iteration    Approximations to next 5 eigenvalues, from shift EV= 0.0000000E+00
       2  -5.8783937E-12 7.1024049E-12-1.2045958E-11-1.3417631E-11-2.0659490E-11

 Found mode      1 of     12:  EV=-5.8783937E-12, f=   -3.86E-07, T= -2.5915E+06
 Found mode      2 of     12:  EV= 7.1024049E-12, f=    4.24E-07, T=  2.3576E+06
 Found mode      3 of     12:  EV=-1.2045958E-11, f=   -5.52E-07, T= -1.8103E+06
 Found mode      4 of     12:  EV=-1.3417631E-11, f=   -5.83E-07, T= -1.7153E+06
 Found mode      5 of     12:  EV=-2.0659490E-11, f=   -7.23E-07, T= -1.3824E+06
 Found mode      6 of     12:  EV=-2.5374512E-11, f=   -8.02E-07, T= -1.2473E+06
 Found mode      7 of     12:  EV= 1.2483349E-10, f=    1.78E-06, T=  562359.852

 Iteration    Approximations to next 5 eigenvalues, from shift EV= 0.0000000E+00
       3  -7.2686276E-10-8.1174617E-10 1.2656472E-09 1.3053026E-09-1.7766694E-09

 Found mode      8 of     12:  EV=-7.2686276E-10, f=   -4.29E-06, T= -233052.442
 Found mode      9 of     12:  EV=-8.1174617E-10, f=   -4.53E-06, T= -220531.050
 Found mode     10 of     12:  EV= 1.2656472E-09, f=    5.66E-06, T=  176613.351
 Found mode     11 of     12:  EV= 1.3053026E-09, f=    5.75E-06, T=  173909.887
 Found mode     12 of     12:  EV=-1.7766694E-09, f=   -6.71E-06, T= -149065.299

 * * * W A R N I N G * * *
 ZERO OR NEGATIVE MODAL-MASS VALUES WERE DETECTED DURING ITERATION,
 THE RESULTING EIGEN-MODES MAY NOT BE VALID - CHECK THEM CAREFULLY !!

 THE STRUCTURE IS UNSTABLE OR ILL-CONDITIONED !!
 CHECK THE STRUCTURE CAREFULLY FOR:
 - INADEQUATE SUPPORT CONDITIONS, OR
 - ONE OR MORE INTERNAL MECHANISMS, OR
 - ZERO OR NEGATIVE STIFFNESS PROPERTIES, OR
 - EXTREMELY LARGE STIFFNESS PROPERTIES, OR
 - BUCKLING DUE TO P-DELTA OR GEOMETRIC NONLINEARITY, OR
 - A FREQUENCY SHIFT (IF ANY) ONTO A NATURAL FREQUENCY


 NUMBER OF EIGEN MODES FOUND               =          12
 NUMBER OF ITERATIONS PERFORMED            =           3
 NUMBER OF STIFFNESS SHIFTS                =           0


 A N A L Y S I S   C O M P L E T E                          2016/09/09  03:51:49
