

 SAP2000 v16.1.1 Ultimate (Analysis Build 9194/32)
 File: C:\Users\Filippo\AppDat...\Debug\SAPMODEL\delos_turtle_20160909034151.LOG




 B E G I N   A N A L Y S I S                                2016/09/09  03:41:53


 RUNNING ANALYSIS WITHIN THE GUI PROCESS
 USING THE ADVANCED SOLVER (PROVIDES LIMITED INSTABILITY INFORMATION)

 NUMBER OF JOINTS                          =         106
    WITH RESTRAINTS                        =          22
 NUMBER OF FRAME/CABLE/TENDON ELEMENTS     =         171
 NUMBER OF LOAD PATTERNS                   =           6
 NUMBER OF ACCELERATION LOADS              =           6
 NUMBER OF LOAD CASES                      =           7


 E L E M E N T   F O R M A T I O N                                      03:41:53



 L I N E A R   E Q U A T I O N   S O L U T I O N                        03:41:53

 FORMING STIFFNESS AT ZERO (UNSTRESSED) INITIAL CONDITIONS

 TOTAL NUMBER OF EQUILIBRIUM EQUATIONS     =         504
 NUMBER OF NON-ZERO STIFFNESS TERMS        =        6300

 * * * W A R N I N G * * *
 THE STRUCTURE IS UNSTABLE OR ILL-CONDITIONED !!
 CHECK THE STRUCTURE CAREFULLY FOR:
 - INADEQUATE SUPPORT CONDITIONS, OR
 - ONE OR MORE INTERNAL MECHANISMS, OR
 - ZERO OR NEGATIVE STIFFNESS PROPERTIES, OR
 - EXTREMELY LARGE STIFFNESS PROPERTIES, OR
 - BUCKLING DUE TO P-DELTA OR GEOMETRIC NONLINEARITY, OR
 - A FREQUENCY SHIFT (IF ANY) ONTO A NATURAL FREQUENCY

 TO OBTAIN FURTHER INFORMATION:
 - USE THE STANDARD SOLVER, OR
 - RUN AN EIGEN ANALYSIS USING AUTO FREQUENCY SHIFTING (WITH
   ADDITIONAL MASS IF NEEDED) AND INVESTIGATE THE MODE SHAPES


 NUMBER OF EIGENVALUES BELOW SHIFT         =           7


 L I N E A R   S T A T I C   C A S E S                                  03:41:53

 USING STIFFNESS AT ZERO (UNSTRESSED) INITIAL CONDITIONS

 TOTAL NUMBER OF CASES TO SOLVE            =           6
 NUMBER OF CASES TO SOLVE PER BLOCK        =           6

 LINEAR STATIC CASES TO BE SOLVED:

 CASE: DEAD
 CASE: LIVE
 CASE: WIND +X
 CASE: WIND +Y
 CASE: WIND -X
 CASE: WIND -Y


 E I G E N   M O D A L   A N A L Y S I S                                03:41:53

 CASE: MODAL

 USING STIFFNESS AT ZERO (UNSTRESSED) INITIAL CONDITIONS

 NUMBER OF STIFFNESS DEGREES OF FREEDOM    =         504
 NUMBER OF MASS DEGREES OF FREEDOM         =         252
 MAXIMUM NUMBER OF EIGEN MODES SOUGHT      =          12
 MINIMUM NUMBER OF EIGEN MODES SOUGHT      =           1
 NUMBER OF RESIDUAL-MASS MODES SOUGHT      =           0
 NUMBER OF SUBSPACE VECTORS USED           =          24
 RELATIVE CONVERGENCE TOLERANCE            =    1.00E-09

 FREQUENCY SHIFT  (CENTER) (CYC/TIME)      =     .000000
 FREQUENCY CUTOFF (RADIUS) (CYC/TIME)      =  -INFINITY-
 ALLOW AUTOMATIC FREQUENCY SHIFTING        =         YES


 Original stiffness at shift : EV= 0.0000000E+00, f=     .000000, T=  -INFINITY-
 Number of eigenvalues below shift =      7

 Iteration    Approximations to next 5 eigenvalues, from shift EV= 0.0000000E+00
       2   3.9037932E-12-8.1146281E-12-1.2691992E-11-2.8139427E-11 3.2560146E-11

 Found mode      1 of     12:  EV= 3.9037932E-12, f=    3.14E-07, T=  3.1801E+06
 Found mode      2 of     12:  EV=-8.1146281E-12, f=   -4.53E-07, T= -2.2057E+06
 Found mode      3 of     12:  EV=-1.2691992E-11, f=   -5.67E-07, T= -1.7637E+06
 Found mode      4 of     12:  EV=-2.8139427E-11, f=   -8.44E-07, T= -1.1845E+06
 Found mode      5 of     12:  EV= 3.2560146E-11, f=    9.08E-07, T=  1.1011E+06

 Iteration    Approximations to next 5 eigenvalues, from shift EV= 0.0000000E+00
       3   2.6613952E-10-5.6532266E-10-5.8589935E-10-1.3565534E-09 1.4080133E-09

 Found mode      6 of     12:  EV= 2.6613952E-10, f=    2.60E-06, T=  385145.815
 Found mode      7 of     12:  EV=-5.6532266E-10, f=   -3.78E-06, T= -264260.146
 Found mode      8 of     12:  EV=-5.8589935E-10, f=   -3.85E-06, T= -259578.286
 Found mode      9 of     12:  EV=-1.3565534E-09, f=   -5.86E-06, T= -170593.082
 Found mode     10 of     12:  EV= 1.4080133E-09, f=    5.97E-06, T=  167446.662
 Found mode     11 of     12:  EV= 1.5980201E-09, f=    6.36E-06, T=  157176.913

 Iteration    Approximations to next 5 eigenvalues, from shift EV= 0.0000000E+00
       4   2.8893095E+03 2.8980123E+03 3.0900218E+03 3.0920041E+03 3.5173210E+03
       7   2.8917260E+03 2.8978862E+03 3.0900261E+03 3.0908426E+03 3.5169712E+03

 Forming stiffness, new shift: EV= 2.7471397E+03, f=    8.341814, T=    0.119878
 Number of eigenvalues below shift =     12

 Found mode     12 of     12:  EV= 2.8979357E+03, f=    8.567705, T=    0.116717

 * * * W A R N I N G * * *
 ZERO OR NEGATIVE MODAL-MASS VALUES WERE DETECTED DURING ITERATION,
 THE RESULTING EIGEN-MODES MAY NOT BE VALID - CHECK THEM CAREFULLY !!

 THE STRUCTURE IS UNSTABLE OR ILL-CONDITIONED !!
 CHECK THE STRUCTURE CAREFULLY FOR:
 - INADEQUATE SUPPORT CONDITIONS, OR
 - ONE OR MORE INTERNAL MECHANISMS, OR
 - ZERO OR NEGATIVE STIFFNESS PROPERTIES, OR
 - EXTREMELY LARGE STIFFNESS PROPERTIES, OR
 - BUCKLING DUE TO P-DELTA OR GEOMETRIC NONLINEARITY, OR
 - A FREQUENCY SHIFT (IF ANY) ONTO A NATURAL FREQUENCY


 NUMBER OF EIGEN MODES FOUND               =          12
 NUMBER OF ITERATIONS PERFORMED            =           9
 NUMBER OF STIFFNESS SHIFTS                =           1


 A N A L Y S I S   C O M P L E T E                          2016/09/09  03:41:53
