

 SAP2000 v16.1.1 Ultimate (Analysis Build 9194/32)
 File: C:\Users\Filippo\AppDat...\Debug\SAPMODEL\delos_turtle_20160908003426.LOG




 B E G I N   A N A L Y S I S                                2016/09/08  00:34:27


 RUNNING ANALYSIS WITHIN THE GUI PROCESS
 USING THE ADVANCED SOLVER (PROVIDES LIMITED INSTABILITY INFORMATION)

 NUMBER OF JOINTS                          =          90
    WITH RESTRAINTS                        =          21
 NUMBER OF FRAME/CABLE/TENDON ELEMENTS     =         132
 NUMBER OF LOAD PATTERNS                   =           6
 NUMBER OF ACCELERATION LOADS              =           6
 NUMBER OF LOAD CASES                      =           7


 E L E M E N T   F O R M A T I O N                                      00:34:27



 L I N E A R   E Q U A T I O N   S O L U T I O N                        00:34:27

 FORMING STIFFNESS AT ZERO (UNSTRESSED) INITIAL CONDITIONS

 TOTAL NUMBER OF EQUILIBRIUM EQUATIONS     =         414
 NUMBER OF NON-ZERO STIFFNESS TERMS        =        4977

 * * * W A R N I N G * * *
 THE STRUCTURE IS UNSTABLE OR ILL-CONDITIONED !!
 CHECK THE STRUCTURE CAREFULLY FOR:
 - INADEQUATE SUPPORT CONDITIONS, OR
 - ONE OR MORE INTERNAL MECHANISMS, OR
 - ZERO OR NEGATIVE STIFFNESS PROPERTIES, OR
 - EXTREMELY LARGE STIFFNESS PROPERTIES, OR
 - BUCKLING DUE TO P-DELTA OR GEOMETRIC NONLINEARITY, OR
 - A FREQUENCY SHIFT (IF ANY) ONTO A NATURAL FREQUENCY

 TO OBTAIN FURTHER INFORMATION:
 - USE THE STANDARD SOLVER, OR
 - RUN AN EIGEN ANALYSIS USING AUTO FREQUENCY SHIFTING (WITH
   ADDITIONAL MASS IF NEEDED) AND INVESTIGATE THE MODE SHAPES


 NUMBER OF EIGENVALUES BELOW SHIFT         =           6


 L I N E A R   S T A T I C   C A S E S                                  00:34:27

 USING STIFFNESS AT ZERO (UNSTRESSED) INITIAL CONDITIONS

 TOTAL NUMBER OF CASES TO SOLVE            =           6
 NUMBER OF CASES TO SOLVE PER BLOCK        =           6

 LINEAR STATIC CASES TO BE SOLVED:

 CASE: DEAD
 CASE: LIVE
 CASE: WIND +X
 CASE: WIND +Y
 CASE: WIND -X
 CASE: WIND -Y


 E I G E N   M O D A L   A N A L Y S I S                                00:34:27

 CASE: MODAL

 USING STIFFNESS AT ZERO (UNSTRESSED) INITIAL CONDITIONS

 NUMBER OF STIFFNESS DEGREES OF FREEDOM    =         414
 NUMBER OF MASS DEGREES OF FREEDOM         =         207
 MAXIMUM NUMBER OF EIGEN MODES SOUGHT      =          12
 MINIMUM NUMBER OF EIGEN MODES SOUGHT      =           1
 NUMBER OF RESIDUAL-MASS MODES SOUGHT      =           0
 NUMBER OF SUBSPACE VECTORS USED           =          24
 RELATIVE CONVERGENCE TOLERANCE            =    1.00E-09

 FREQUENCY SHIFT  (CENTER) (CYC/TIME)      =     .000000
 FREQUENCY CUTOFF (RADIUS) (CYC/TIME)      =  -INFINITY-
 ALLOW AUTOMATIC FREQUENCY SHIFTING        =         YES


 Original stiffness at shift : EV= 0.0000000E+00, f=     .000000, T=  -INFINITY-
 Number of eigenvalues below shift =      6
 Found mode      1 of     12:  EV=-1.0950871E-11, f=   -5.27E-07, T= -1.8987E+06
 Found mode      2 of     12:  EV=-1.8616936E-11, f=   -6.87E-07, T= -1.4562E+06
 Found mode      3 of     12:  EV=-1.8725306E-11, f=   -6.89E-07, T= -1.4520E+06
 Found mode      4 of     12:  EV= 1.1915987E-10, f=    1.74E-06, T=  575592.146
 Found mode      5 of     12:  EV= 2.6613809E-10, f=    2.60E-06, T=  385146.853
 Found mode      6 of     12:  EV=-8.0874859E-10, f=   -4.53E-06, T= -220939.365

 Iteration    Approximations to next 5 eigenvalues, from shift EV= 0.0000000E+00
       3  -1.5680438E-09 1.5946349E-09 1.2497663E+03 1.7870320E+03 2.2980987E+03

 Found mode      7 of     12:  EV=-1.5680438E-09, f=   -6.30E-06, T= -158672.175
 Found mode      8 of     12:  EV= 1.5946349E-09, f=    6.36E-06, T=  157343.657

 Iteration    Approximations to next 5 eigenvalues, from shift EV= 0.0000000E+00
       6   2.8979146E+03 2.8979351E+03 3.0909142E+03 3.0909214E+03 3.5006997E+03

 Found mode      9 of     12:  EV= 2.8979146E+03, f=    8.567674, T=    0.116718

 Iteration    Approximations to next 5 eigenvalues, from shift EV= 0.0000000E+00
       9   2.8979347E+03 3.0909142E+03 3.0909214E+03 3.5006998E+03 3.8623375E+03

 Forming stiffness, new shift: EV= 2.9008125E+03, f=    8.571957, T=    0.116659
 Number of eigenvalues below shift =     11

 Iteration    Approximations to next 5 eigenvalues, from shift EV= 2.9008125E+03
      12  -2.8768329E+00 1.9010976E+02 1.9011100E+02 5.9988994E+02 9.6151339E+02

 Found mode     10 of     12:  EV= 2.8979357E+03, f=    8.567705, T=    0.116717
 Found mode     11 of     12:  EV= 3.0909223E+03, f=    8.848388, T=    0.113015
 Found mode     12 of     12:  EV= 3.0909235E+03, f=    8.848390, T=    0.113015

 * * * W A R N I N G * * *
 ZERO OR NEGATIVE MODAL-MASS VALUES WERE DETECTED DURING ITERATION,
 THE RESULTING EIGEN-MODES MAY NOT BE VALID - CHECK THEM CAREFULLY !!

 THE STRUCTURE IS UNSTABLE OR ILL-CONDITIONED !!
 CHECK THE STRUCTURE CAREFULLY FOR:
 - INADEQUATE SUPPORT CONDITIONS, OR
 - ONE OR MORE INTERNAL MECHANISMS, OR
 - ZERO OR NEGATIVE STIFFNESS PROPERTIES, OR
 - EXTREMELY LARGE STIFFNESS PROPERTIES, OR
 - BUCKLING DUE TO P-DELTA OR GEOMETRIC NONLINEARITY, OR
 - A FREQUENCY SHIFT (IF ANY) ONTO A NATURAL FREQUENCY


 NUMBER OF EIGEN MODES FOUND               =          12
 NUMBER OF ITERATIONS PERFORMED            =          12
 NUMBER OF STIFFNESS SHIFTS                =           1


 A N A L Y S I S   C O M P L E T E                          2016/09/08  00:34:28
