

 SAP2000 v16.1.1 Ultimate (Analysis Build 9194/32)
 File: C:\Users\Filippo\AppDat...\Debug\SAPMODEL\delos_turtle_20160908002508.LOG




 B E G I N   A N A L Y S I S                                2016/09/08  00:25:09


 RUNNING ANALYSIS WITHIN THE GUI PROCESS
 USING THE ADVANCED SOLVER (PROVIDES LIMITED INSTABILITY INFORMATION)

 NUMBER OF JOINTS                          =         117
    WITH RESTRAINTS                        =          24
 NUMBER OF FRAME/CABLE/TENDON ELEMENTS     =         207
 NUMBER OF LOAD PATTERNS                   =           6
 NUMBER OF ACCELERATION LOADS              =           6
 NUMBER OF LOAD CASES                      =           7


 E L E M E N T   F O R M A T I O N                                      00:25:09



 L I N E A R   E Q U A T I O N   S O L U T I O N                        00:25:09

 FORMING STIFFNESS AT ZERO (UNSTRESSED) INITIAL CONDITIONS

 TOTAL NUMBER OF EQUILIBRIUM EQUATIONS     =         558
 NUMBER OF NON-ZERO STIFFNESS TERMS        =        7461

 * * * W A R N I N G * * *
 THE STRUCTURE IS UNSTABLE OR ILL-CONDITIONED !!
 CHECK THE STRUCTURE CAREFULLY FOR:
 - INADEQUATE SUPPORT CONDITIONS, OR
 - ONE OR MORE INTERNAL MECHANISMS, OR
 - ZERO OR NEGATIVE STIFFNESS PROPERTIES, OR
 - EXTREMELY LARGE STIFFNESS PROPERTIES, OR
 - BUCKLING DUE TO P-DELTA OR GEOMETRIC NONLINEARITY, OR
 - A FREQUENCY SHIFT (IF ANY) ONTO A NATURAL FREQUENCY

 TO OBTAIN FURTHER INFORMATION:
 - USE THE STANDARD SOLVER, OR
 - RUN AN EIGEN ANALYSIS USING AUTO FREQUENCY SHIFTING (WITH
   ADDITIONAL MASS IF NEEDED) AND INVESTIGATE THE MODE SHAPES


 NUMBER OF EIGENVALUES BELOW SHIFT         =           0


 L I N E A R   S T A T I C   C A S E S                                  00:25:09

 USING STIFFNESS AT ZERO (UNSTRESSED) INITIAL CONDITIONS

 TOTAL NUMBER OF CASES TO SOLVE            =           6
 NUMBER OF CASES TO SOLVE PER BLOCK        =           6

 LINEAR STATIC CASES TO BE SOLVED:

 CASE: DEAD
 CASE: LIVE
 CASE: WIND +X
 CASE: WIND +Y
 CASE: WIND -X
 CASE: WIND -Y


 E I G E N   M O D A L   A N A L Y S I S                                00:25:10

 CASE: MODAL

 USING STIFFNESS AT ZERO (UNSTRESSED) INITIAL CONDITIONS

 NUMBER OF STIFFNESS DEGREES OF FREEDOM    =         558
 NUMBER OF MASS DEGREES OF FREEDOM         =         279
 MAXIMUM NUMBER OF EIGEN MODES SOUGHT      =          12
 MINIMUM NUMBER OF EIGEN MODES SOUGHT      =           1
 NUMBER OF RESIDUAL-MASS MODES SOUGHT      =           0
 NUMBER OF SUBSPACE VECTORS USED           =          24
 RELATIVE CONVERGENCE TOLERANCE            =    1.00E-09

 FREQUENCY SHIFT  (CENTER) (CYC/TIME)      =     .000000
 FREQUENCY CUTOFF (RADIUS) (CYC/TIME)      =  -INFINITY-
 ALLOW AUTOMATIC FREQUENCY SHIFTING        =         YES


 Original stiffness at shift : EV= 0.0000000E+00, f=     .000000, T=  -INFINITY-
 Number of eigenvalues below shift =      0

 Iteration    Approximations to next 5 eigenvalues, from shift EV= 0.0000000E+00
       1   2.1439036E-11 2.6373020E-10 5.3106385E-10 8.9477809E-10 1.7533903E-09

 Found mode      1 of     12:  EV= 2.1439036E-11, f=    7.37E-07, T=  1.3570E+06
 Found mode      2 of     12:  EV= 2.6373020E-10, f=    2.58E-06, T=  386901.075
 Found mode      3 of     12:  EV= 5.3106385E-10, f=    3.67E-06, T=  272650.625
 Found mode      4 of     12:  EV= 8.9477809E-10, f=    4.76E-06, T=  210049.764
 Found mode      5 of     12:  EV= 1.1359962E+03, f=    5.364245, T=    0.186420
 Found mode      6 of     12:  EV= 2.4671931E+03, f=    7.905361, T=    0.126496

 Iteration    Approximations to next 5 eigenvalues, from shift EV= 0.0000000E+00
       7   4.2488531E+03 4.6386835E+03 6.0675565E+03 6.1433959E+03 7.5402075E+03
       8   4.2488531E+03 4.6386838E+03 6.0675555E+03 6.1433943E+03 7.5401969E+03

 Found mode      7 of     12:  EV= 4.2488531E+03, f=   10.374233, T=    0.096393

 Iteration    Approximations to next 5 eigenvalues, from shift EV= 0.0000000E+00
      10   4.6386834E+03 6.0675554E+03 6.1433942E+03 7.5401367E+03 7.7970791E+03

 Forming stiffness, new shift: EV= 4.4067495E+03, f=   10.565239, T=    0.094650
 Number of eigenvalues below shift =      7

 Iteration    Approximations to next 5 eigenvalues, from shift EV= 4.4067495E+03
      13   2.3193523E+02 1.6608069E+03 1.7366448E+03 3.1334471E+03 3.3903299E+03

 Found mode      8 of     12:  EV= 4.6386847E+03, f=   10.839707, T=    0.092253
 Found mode      9 of     12:  EV= 6.0675563E+03, f=   12.397298, T=    0.080663
 Found mode     10 of     12:  EV= 6.1433943E+03, f=   12.474534, T=    0.080163
 Found mode     11 of     12:  EV= 7.5401966E+03, f=   13.820109, T=    0.072358
 Found mode     12 of     12:  EV= 7.7970793E+03, f=   14.053552, T=    0.071156

 * * * W A R N I N G * * *
 ZERO OR NEGATIVE MODAL-MASS VALUES WERE DETECTED DURING ITERATION,
 THE RESULTING EIGEN-MODES MAY NOT BE VALID - CHECK THEM CAREFULLY !!

 THE STRUCTURE IS UNSTABLE OR ILL-CONDITIONED !!
 CHECK THE STRUCTURE CAREFULLY FOR:
 - INADEQUATE SUPPORT CONDITIONS, OR
 - ONE OR MORE INTERNAL MECHANISMS, OR
 - ZERO OR NEGATIVE STIFFNESS PROPERTIES, OR
 - EXTREMELY LARGE STIFFNESS PROPERTIES, OR
 - BUCKLING DUE TO P-DELTA OR GEOMETRIC NONLINEARITY, OR
 - A FREQUENCY SHIFT (IF ANY) ONTO A NATURAL FREQUENCY


 NUMBER OF EIGEN MODES FOUND               =          12
 NUMBER OF ITERATIONS PERFORMED            =          13
 NUMBER OF STIFFNESS SHIFTS                =           1


 A N A L Y S I S   C O M P L E T E                          2016/09/08  00:25:10
