

 SAP2000 v16.1.1 Ultimate (Analysis Build 9194/32)
 File: C:\Users\Filippo\AppDat...\Debug\SAPMODEL\delos_turtle_20160909034609.LOG




 B E G I N   A N A L Y S I S                                2016/09/09  03:46:11


 RUNNING ANALYSIS WITHIN THE GUI PROCESS
 USING THE ADVANCED SOLVER (PROVIDES LIMITED INSTABILITY INFORMATION)

 NUMBER OF JOINTS                          =          90
    WITH RESTRAINTS                        =          21
 NUMBER OF FRAME/CABLE/TENDON ELEMENTS     =         131
 NUMBER OF LOAD PATTERNS                   =           6
 NUMBER OF ACCELERATION LOADS              =           6
 NUMBER OF LOAD CASES                      =           7


 E L E M E N T   F O R M A T I O N                                      03:46:11



 L I N E A R   E Q U A T I O N   S O L U T I O N                        03:46:11

 FORMING STIFFNESS AT ZERO (UNSTRESSED) INITIAL CONDITIONS

 TOTAL NUMBER OF EQUILIBRIUM EQUATIONS     =         414
 NUMBER OF NON-ZERO STIFFNESS TERMS        =        4941

 * * * W A R N I N G * * *
 THE STRUCTURE IS UNSTABLE OR ILL-CONDITIONED !!
 CHECK THE STRUCTURE CAREFULLY FOR:
 - INADEQUATE SUPPORT CONDITIONS, OR
 - ONE OR MORE INTERNAL MECHANISMS, OR
 - ZERO OR NEGATIVE STIFFNESS PROPERTIES, OR
 - EXTREMELY LARGE STIFFNESS PROPERTIES, OR
 - BUCKLING DUE TO P-DELTA OR GEOMETRIC NONLINEARITY, OR
 - A FREQUENCY SHIFT (IF ANY) ONTO A NATURAL FREQUENCY

 TO OBTAIN FURTHER INFORMATION:
 - USE THE STANDARD SOLVER, OR
 - RUN AN EIGEN ANALYSIS USING AUTO FREQUENCY SHIFTING (WITH
   ADDITIONAL MASS IF NEEDED) AND INVESTIGATE THE MODE SHAPES


 NUMBER OF EIGENVALUES BELOW SHIFT         =           4


 L I N E A R   S T A T I C   C A S E S                                  03:46:11

 USING STIFFNESS AT ZERO (UNSTRESSED) INITIAL CONDITIONS

 TOTAL NUMBER OF CASES TO SOLVE            =           6
 NUMBER OF CASES TO SOLVE PER BLOCK        =           6

 LINEAR STATIC CASES TO BE SOLVED:

 CASE: DEAD
 CASE: LIVE
 CASE: WIND +X
 CASE: WIND +Y
 CASE: WIND -X
 CASE: WIND -Y


 E I G E N   M O D A L   A N A L Y S I S                                03:46:11

 CASE: MODAL

 USING STIFFNESS AT ZERO (UNSTRESSED) INITIAL CONDITIONS

 NUMBER OF STIFFNESS DEGREES OF FREEDOM    =         414
 NUMBER OF MASS DEGREES OF FREEDOM         =         207
 MAXIMUM NUMBER OF EIGEN MODES SOUGHT      =          12
 MINIMUM NUMBER OF EIGEN MODES SOUGHT      =           1
 NUMBER OF RESIDUAL-MASS MODES SOUGHT      =           0
 NUMBER OF SUBSPACE VECTORS USED           =          24
 RELATIVE CONVERGENCE TOLERANCE            =    1.00E-09

 FREQUENCY SHIFT  (CENTER) (CYC/TIME)      =     .000000
 FREQUENCY CUTOFF (RADIUS) (CYC/TIME)      =  -INFINITY-
 ALLOW AUTOMATIC FREQUENCY SHIFTING        =         YES


 Original stiffness at shift : EV= 0.0000000E+00, f=     .000000, T=  -INFINITY-
 Number of eigenvalues below shift =      4

 Iteration    Approximations to next 5 eigenvalues, from shift EV= 0.0000000E+00
       2   9.3219064E-12-1.5849027E-11 1.4697822E-10 2.6481580E-10 2.6613951E-10

 Found mode      1 of     12:  EV= 9.3219064E-12, f=    4.86E-07, T=  2.0579E+06
 Found mode      2 of     12:  EV=-1.5849027E-11, f=   -6.34E-07, T= -1.5783E+06
 Found mode      3 of     12:  EV= 1.4697822E-10, f=    1.93E-06, T=  518266.790
 Found mode      4 of     12:  EV= 2.6481580E-10, f=    2.59E-06, T=  386107.220
 Found mode      5 of     12:  EV= 2.6613951E-10, f=    2.60E-06, T=  385145.823

 Iteration    Approximations to next 5 eigenvalues, from shift EV= 0.0000000E+00
       3  -9.2795623E-10 9.7304840E-10-1.8171145E-09 7.8734831E+02 9.2296738E+02

 Found mode      6 of     12:  EV=-9.2795623E-10, f=   -4.85E-06, T= -206260.527
 Found mode      7 of     12:  EV= 9.7304840E-10, f=    4.96E-06, T=  201424.663
 Found mode      8 of     12:  EV=-1.8171145E-09, f=   -6.78E-06, T= -147397.027

 Iteration    Approximations to next 5 eigenvalues, from shift EV= 0.0000000E+00
       4   2.0130958E+03 2.8978595E+03 2.8979432E+03 3.0908616E+03 3.0910308E+03
       6   2.0130942E+03 2.8978451E+03 2.8979314E+03 3.0908145E+03 3.0909040E+03
       7   2.0130931E+03 2.8978517E+03 2.8979306E+03 3.0908110E+03 3.0909040E+03

 Forming stiffness, new shift: EV= 1.9124393E+03, f=    6.960076, T=    0.143677
 Number of eigenvalues below shift =      9

 Iteration    Approximations to next 5 eigenvalues, from shift EV= 1.9124393E+03
      11   1.0067089E+02 9.8549636E+02 9.8549659E+02 1.1784842E+03 1.1784843E+03

 Found mode      9 of     12:  EV= 2.0131102E+03, f=    7.140916, T=    0.140038
 Found mode     10 of     12:  EV= 2.8979357E+03, f=    8.567705, T=    0.116717
 Found mode     11 of     12:  EV= 2.8979359E+03, f=    8.567705, T=    0.116717
 Found mode     12 of     12:  EV= 3.0909235E+03, f=    8.848390, T=    0.113015

 * * * W A R N I N G * * *
 ZERO OR NEGATIVE MODAL-MASS VALUES WERE DETECTED DURING ITERATION,
 THE RESULTING EIGEN-MODES MAY NOT BE VALID - CHECK THEM CAREFULLY !!

 THE STRUCTURE IS UNSTABLE OR ILL-CONDITIONED !!
 CHECK THE STRUCTURE CAREFULLY FOR:
 - INADEQUATE SUPPORT CONDITIONS, OR
 - ONE OR MORE INTERNAL MECHANISMS, OR
 - ZERO OR NEGATIVE STIFFNESS PROPERTIES, OR
 - EXTREMELY LARGE STIFFNESS PROPERTIES, OR
 - BUCKLING DUE TO P-DELTA OR GEOMETRIC NONLINEARITY, OR
 - A FREQUENCY SHIFT (IF ANY) ONTO A NATURAL FREQUENCY


 NUMBER OF EIGEN MODES FOUND               =          12
 NUMBER OF ITERATIONS PERFORMED            =          11
 NUMBER OF STIFFNESS SHIFTS                =           1


 A N A L Y S I S   C O M P L E T E                          2016/09/09  03:46:11
