

 SAP2000 v16.1.1 Ultimate (Analysis Build 9194/32)
 File: C:\Users\Filippo\AppDat...\Debug\SAPMODEL\delos_turtle_20160908003112.LOG




 B E G I N   A N A L Y S I S                                2016/09/08  00:31:14


 RUNNING ANALYSIS WITHIN THE GUI PROCESS
 USING THE ADVANCED SOLVER (PROVIDES LIMITED INSTABILITY INFORMATION)

 NUMBER OF JOINTS                          =          99
    WITH RESTRAINTS                        =          22
 NUMBER OF FRAME/CABLE/TENDON ELEMENTS     =         153
 NUMBER OF LOAD PATTERNS                   =           6
 NUMBER OF ACCELERATION LOADS              =           6
 NUMBER OF LOAD CASES                      =           7


 E L E M E N T   F O R M A T I O N                                      00:31:14



 L I N E A R   E Q U A T I O N   S O L U T I O N                        00:31:14

 FORMING STIFFNESS AT ZERO (UNSTRESSED) INITIAL CONDITIONS

 TOTAL NUMBER OF EQUILIBRIUM EQUATIONS     =         462
 NUMBER OF NON-ZERO STIFFNESS TERMS        =        5721

 * * * W A R N I N G * * *
 THE STRUCTURE IS UNSTABLE OR ILL-CONDITIONED !!
 CHECK THE STRUCTURE CAREFULLY FOR:
 - INADEQUATE SUPPORT CONDITIONS, OR
 - ONE OR MORE INTERNAL MECHANISMS, OR
 - ZERO OR NEGATIVE STIFFNESS PROPERTIES, OR
 - EXTREMELY LARGE STIFFNESS PROPERTIES, OR
 - BUCKLING DUE TO P-DELTA OR GEOMETRIC NONLINEARITY, OR
 - A FREQUENCY SHIFT (IF ANY) ONTO A NATURAL FREQUENCY

 TO OBTAIN FURTHER INFORMATION:
 - USE THE STANDARD SOLVER, OR
 - RUN AN EIGEN ANALYSIS USING AUTO FREQUENCY SHIFTING (WITH
   ADDITIONAL MASS IF NEEDED) AND INVESTIGATE THE MODE SHAPES


 NUMBER OF EIGENVALUES BELOW SHIFT         =           6


 L I N E A R   S T A T I C   C A S E S                                  00:31:14

 USING STIFFNESS AT ZERO (UNSTRESSED) INITIAL CONDITIONS

 TOTAL NUMBER OF CASES TO SOLVE            =           6
 NUMBER OF CASES TO SOLVE PER BLOCK        =           6

 LINEAR STATIC CASES TO BE SOLVED:

 CASE: DEAD
 CASE: LIVE
 CASE: WIND +X
 CASE: WIND +Y
 CASE: WIND -X
 CASE: WIND -Y


 E I G E N   M O D A L   A N A L Y S I S                                00:31:14

 CASE: MODAL

 USING STIFFNESS AT ZERO (UNSTRESSED) INITIAL CONDITIONS

 NUMBER OF STIFFNESS DEGREES OF FREEDOM    =         462
 NUMBER OF MASS DEGREES OF FREEDOM         =         231
 MAXIMUM NUMBER OF EIGEN MODES SOUGHT      =          12
 MINIMUM NUMBER OF EIGEN MODES SOUGHT      =           1
 NUMBER OF RESIDUAL-MASS MODES SOUGHT      =           0
 NUMBER OF SUBSPACE VECTORS USED           =          24
 RELATIVE CONVERGENCE TOLERANCE            =    1.00E-09

 FREQUENCY SHIFT  (CENTER) (CYC/TIME)      =     .000000
 FREQUENCY CUTOFF (RADIUS) (CYC/TIME)      =  -INFINITY-
 ALLOW AUTOMATIC FREQUENCY SHIFTING        =         YES


 Original stiffness at shift : EV= 0.0000000E+00, f=     .000000, T=  -INFINITY-
 Number of eigenvalues below shift =      6

 Iteration    Approximations to next 5 eigenvalues, from shift EV= 0.0000000E+00
       1  -1.4338509E-11-2.0885862E-11 2.0947999E-11 2.6481580E-10 2.6613935E-10

 Found mode      1 of     12:  EV=-1.4338509E-11, f=   -6.03E-07, T= -1.6593E+06
 Found mode      2 of     12:  EV=-2.0885862E-11, f=   -7.27E-07, T= -1.3748E+06
 Found mode      3 of     12:  EV= 2.0947999E-11, f=    7.28E-07, T=  1.3728E+06
 Found mode      4 of     12:  EV= 2.6481580E-10, f=    2.59E-06, T=  386107.220
 Found mode      5 of     12:  EV= 2.6613935E-10, f=    2.60E-06, T=  385145.935
 Found mode      6 of     12:  EV=-4.8429861E-10, f=   -3.50E-06, T= -285511.271
 Found mode      7 of     12:  EV= 5.3105985E-10, f=    3.67E-06, T=  272651.654

 Iteration    Approximations to next 5 eigenvalues, from shift EV= 0.0000000E+00
       3   9.7304840E-10-1.0549070E-09 1.6015043E-09-1.6506257E-09 1.6819491E+03

 Found mode      8 of     12:  EV= 9.7304840E-10, f=    4.96E-06, T=  201424.663
 Found mode      9 of     12:  EV=-1.0549070E-09, f=   -5.17E-06, T= -193451.802
 Found mode     10 of     12:  EV= 1.6015043E-09, f=    6.37E-06, T=  157005.842
 Found mode     11 of     12:  EV=-1.6506257E-09, f=   -6.47E-06, T= -154652.010

 Iteration    Approximations to next 5 eigenvalues, from shift EV= 0.0000000E+00
       5   2.8979080E+03 2.8979387E+03 3.0909095E+03 3.0909212E+03 3.5217354E+03

 Forming stiffness, new shift: EV= 2.7530099E+03, f=    8.350722, T=    0.119750
 Number of eigenvalues below shift =     12

 Iteration    Approximations to next 5 eigenvalues, from shift EV= 2.7530099E+03
       7   1.4492573E+02 1.4492597E+02 3.3791354E+02 3.3791365E+02 7.6876197E+02

 Found mode     12 of     12:  EV= 2.8979357E+03, f=    8.567705, T=    0.116717

 * * * W A R N I N G * * *
 ZERO OR NEGATIVE MODAL-MASS VALUES WERE DETECTED DURING ITERATION,
 THE RESULTING EIGEN-MODES MAY NOT BE VALID - CHECK THEM CAREFULLY !!

 THE STRUCTURE IS UNSTABLE OR ILL-CONDITIONED !!
 CHECK THE STRUCTURE CAREFULLY FOR:
 - INADEQUATE SUPPORT CONDITIONS, OR
 - ONE OR MORE INTERNAL MECHANISMS, OR
 - ZERO OR NEGATIVE STIFFNESS PROPERTIES, OR
 - EXTREMELY LARGE STIFFNESS PROPERTIES, OR
 - BUCKLING DUE TO P-DELTA OR GEOMETRIC NONLINEARITY, OR
 - A FREQUENCY SHIFT (IF ANY) ONTO A NATURAL FREQUENCY


 NUMBER OF EIGEN MODES FOUND               =          12
 NUMBER OF ITERATIONS PERFORMED            =           8
 NUMBER OF STIFFNESS SHIFTS                =           1


 A N A L Y S I S   C O M P L E T E                          2016/09/08  00:31:14
