

 SAP2000 v16.1.1 Ultimate (Analysis Build 9194/32)
 File: C:\Users\Filippo\AppDat...\Debug\SAPMODEL\delos_turtle_20160909032555.LOG




 B E G I N   A N A L Y S I S                                2016/09/09  03:25:57


 RUNNING ANALYSIS WITHIN THE GUI PROCESS
 USING THE ADVANCED SOLVER (PROVIDES LIMITED INSTABILITY INFORMATION)

 NUMBER OF JOINTS                          =         187
    WITH RESTRAINTS                        =          25
 NUMBER OF FRAME/CABLE/TENDON ELEMENTS     =         481
 NUMBER OF LOAD PATTERNS                   =           6
 NUMBER OF ACCELERATION LOADS              =           6
 NUMBER OF LOAD CASES                      =           7


 E L E M E N T   F O R M A T I O N                                      03:25:57



 L I N E A R   E Q U A T I O N   S O L U T I O N                        03:25:57

 FORMING STIFFNESS AT ZERO (UNSTRESSED) INITIAL CONDITIONS

 TOTAL NUMBER OF EQUILIBRIUM EQUATIONS     =         972
 NUMBER OF NON-ZERO STIFFNESS TERMS        =       15210

 NUMBER OF EIGENVALUES BELOW SHIFT         =           0


 L I N E A R   S T A T I C   C A S E S                                  03:25:57

 USING STIFFNESS AT ZERO (UNSTRESSED) INITIAL CONDITIONS

 TOTAL NUMBER OF CASES TO SOLVE            =           6
 NUMBER OF CASES TO SOLVE PER BLOCK        =           6

 LINEAR STATIC CASES TO BE SOLVED:

 CASE: DEAD
 CASE: LIVE
 CASE: WIND +X
 CASE: WIND +Y
 CASE: WIND -X
 CASE: WIND -Y


 E I G E N   M O D A L   A N A L Y S I S                                03:25:57

 CASE: MODAL

 USING STIFFNESS AT ZERO (UNSTRESSED) INITIAL CONDITIONS

 NUMBER OF STIFFNESS DEGREES OF FREEDOM    =         972
 NUMBER OF MASS DEGREES OF FREEDOM         =         486
 MAXIMUM NUMBER OF EIGEN MODES SOUGHT      =          12
 MINIMUM NUMBER OF EIGEN MODES SOUGHT      =           1
 NUMBER OF RESIDUAL-MASS MODES SOUGHT      =           0
 NUMBER OF SUBSPACE VECTORS USED           =          24
 RELATIVE CONVERGENCE TOLERANCE            =    1.00E-09

 FREQUENCY SHIFT  (CENTER) (CYC/TIME)      =     .000000
 FREQUENCY CUTOFF (RADIUS) (CYC/TIME)      =  -INFINITY-
 ALLOW AUTOMATIC FREQUENCY SHIFTING        =         YES


 Original stiffness at shift : EV= 0.0000000E+00, f=     .000000, T=  -INFINITY-
 Number of eigenvalues below shift =      0
 Found mode      1 of     12:  EV= 1.4704922E+03, f=    6.103114, T=    0.163851
 Found mode      2 of     12:  EV= 4.6075002E+03, f=   10.803210, T=    0.092565

 Forming stiffness, new shift: EV= 2.3740680E+04, f=   24.522611, T=    0.040779
 Number of eigenvalues below shift =      2

 Forming stiffness, new shift: EV= 2.4482025E+04, f=   24.902549, T=    0.040157
 Number of eigenvalues below shift =      2

 Iteration    Approximations to next 5 eigenvalues, from shift EV= 2.4482025E+04
      19   3.0472506E+01 1.3826110E+02 4.5829979E+02 6.8912579E+02 7.9352791E+02

 Found mode      3 of     12:  EV= 2.4512498E+04, f=   24.918042, T=    0.040132
 Found mode      4 of     12:  EV= 2.4620286E+04, f=   24.972768, T=    0.040044

 Forming stiffness, new shift: EV= 2.4917156E+04, f=   25.122877, T=    0.039804
 Number of eigenvalues below shift =      4

 Iteration    Approximations to next 5 eigenvalues, from shift EV= 2.4917156E+04
      27   2.2901590E+01 2.4392182E+02 3.4559195E+02 3.6739034E+02 4.5529424E+02

 Found mode      5 of     12:  EV= 2.4940058E+04, f=   25.134420, T=    0.039786

 Iteration    Approximations to next 5 eigenvalues, from shift EV= 2.4917156E+04
      29   2.4392128E+02 3.4557308E+02 3.6726301E+02 4.5317704E+02 4.6893818E+02
      30   2.4392127E+02 3.4557167E+02 3.6725103E+02 4.5277294E+02 4.6784565E+02

 Forming stiffness, new shift: EV= 2.5148882E+04, f=   25.239426, T=    0.039621
 Number of eigenvalues below shift =      5

 Found mode      6 of     12:  EV= 2.5161078E+04, f=   25.245545, T=    0.039611
 Found mode      7 of     12:  EV= 2.5262727E+04, f=   25.296489, T=    0.039531
 Found mode      8 of     12:  EV= 2.5284401E+04, f=   25.307338, T=    0.039514

 Forming stiffness, new shift: EV= 2.5358429E+04, f=   25.344358, T=    0.039457
 Number of eigenvalues below shift =      8
 Found mode      9 of     12:  EV= 2.5369458E+04, f=   25.349869, T=    0.039448
 Found mode     10 of     12:  EV= 2.5383364E+04, f=   25.356816, T=    0.039437
 Found mode     11 of     12:  EV= 2.5399860E+04, f=   25.365054, T=    0.039424
 Found mode     12 of     12:  EV= 2.5430100E+04, f=   25.380149, T=    0.039401

 NUMBER OF EIGEN MODES FOUND               =          12
 NUMBER OF ITERATIONS PERFORMED            =          47
 NUMBER OF STIFFNESS SHIFTS                =           5


 A N A L Y S I S   C O M P L E T E                          2016/09/09  03:25:58
