

 SAP2000 v16.1.1 Ultimate (Analysis Build 9194/32)
 File: C:\Users\Filippo\AppDat...\Debug\SAPMODEL\delos_turtle_20160908001552.LOG




 B E G I N   A N A L Y S I S                                2016/09/08  00:15:54


 RUNNING ANALYSIS WITHIN THE GUI PROCESS
 USING THE ADVANCED SOLVER (PROVIDES LIMITED INSTABILITY INFORMATION)

 NUMBER OF JOINTS                          =         177
    WITH RESTRAINTS                        =          25
 NUMBER OF FRAME/CABLE/TENDON ELEMENTS     =         396
 NUMBER OF LOAD PATTERNS                   =           6
 NUMBER OF ACCELERATION LOADS              =           6
 NUMBER OF LOAD CASES                      =           7


 E L E M E N T   F O R M A T I O N                                      00:15:54



 L I N E A R   E Q U A T I O N   S O L U T I O N                        00:15:54

 FORMING STIFFNESS AT ZERO (UNSTRESSED) INITIAL CONDITIONS

 TOTAL NUMBER OF EQUILIBRIUM EQUATIONS     =         912
 NUMBER OF NON-ZERO STIFFNESS TERMS        =       13092

 * * * W A R N I N G * * *
 THE STRUCTURE IS UNSTABLE OR ILL-CONDITIONED !!
 CHECK THE STRUCTURE CAREFULLY FOR:
 - INADEQUATE SUPPORT CONDITIONS, OR
 - ONE OR MORE INTERNAL MECHANISMS, OR
 - ZERO OR NEGATIVE STIFFNESS PROPERTIES, OR
 - EXTREMELY LARGE STIFFNESS PROPERTIES, OR
 - BUCKLING DUE TO P-DELTA OR GEOMETRIC NONLINEARITY, OR
 - A FREQUENCY SHIFT (IF ANY) ONTO A NATURAL FREQUENCY

 TO OBTAIN FURTHER INFORMATION:
 - USE THE STANDARD SOLVER, OR
 - RUN AN EIGEN ANALYSIS USING AUTO FREQUENCY SHIFTING (WITH
   ADDITIONAL MASS IF NEEDED) AND INVESTIGATE THE MODE SHAPES


 NUMBER OF EIGENVALUES BELOW SHIFT         =           2


 L I N E A R   S T A T I C   C A S E S                                  00:15:54

 USING STIFFNESS AT ZERO (UNSTRESSED) INITIAL CONDITIONS

 TOTAL NUMBER OF CASES TO SOLVE            =           6
 NUMBER OF CASES TO SOLVE PER BLOCK        =           6

 LINEAR STATIC CASES TO BE SOLVED:

 CASE: DEAD
 CASE: LIVE
 CASE: WIND +X
 CASE: WIND +Y
 CASE: WIND -X
 CASE: WIND -Y


 E I G E N   M O D A L   A N A L Y S I S                                00:15:54

 CASE: MODAL

 USING STIFFNESS AT ZERO (UNSTRESSED) INITIAL CONDITIONS

 NUMBER OF STIFFNESS DEGREES OF FREEDOM    =         912
 NUMBER OF MASS DEGREES OF FREEDOM         =         456
 MAXIMUM NUMBER OF EIGEN MODES SOUGHT      =          12
 MINIMUM NUMBER OF EIGEN MODES SOUGHT      =           1
 NUMBER OF RESIDUAL-MASS MODES SOUGHT      =           0
 NUMBER OF SUBSPACE VECTORS USED           =          24
 RELATIVE CONVERGENCE TOLERANCE            =    1.00E-09

 FREQUENCY SHIFT  (CENTER) (CYC/TIME)      =     .000000
 FREQUENCY CUTOFF (RADIUS) (CYC/TIME)      =  -INFINITY-
 ALLOW AUTOMATIC FREQUENCY SHIFTING        =         YES


 Original stiffness at shift : EV= 0.0000000E+00, f=     .000000, T=  -INFINITY-
 Number of eigenvalues below shift =      2
 Found mode      1 of     12:  EV=-1.6708175E-11, f=   -6.51E-07, T= -1.5371E+06
 Found mode      2 of     12:  EV=-2.1746889E-11, f=   -7.42E-07, T= -1.3474E+06
 Found mode      3 of     12:  EV= 2.6613935E-10, f=    2.60E-06, T=  385145.942
 Found mode      4 of     12:  EV= 8.6699614E-10, f=    4.69E-06, T=  213388.636
 Found mode      5 of     12:  EV= 1.0694225E-09, f=    5.20E-06, T=  192134.440
 Found mode      6 of     12:  EV= 1.3082004E-09, f=    5.76E-06, T=  173717.163
 Found mode      7 of     12:  EV= 1.4625144E+03, f=    6.086536, T=    0.164297
 Found mode      8 of     12:  EV= 4.2608879E+03, f=   10.388915, T=    0.096256
 Found mode      9 of     12:  EV= 4.4469047E+03, f=   10.613266, T=    0.094222

 Forming stiffness, new shift: EV= 1.2427400E+04, f=   17.742314, T=    0.056362
 Number of eigenvalues below shift =      9
 Found mode     10 of     12:  EV= 1.3081546E+04, f=   18.203281, T=    0.054935

 Forming stiffness, new shift: EV= 1.9564385E+04, f=   22.261439, T=    0.044921
 Number of eigenvalues below shift =     10
 Found mode     11 of     12:  EV= 1.9939953E+04, f=   22.474094, T=    0.044496
 Found mode     12 of     12:  EV= 1.9939953E+04, f=   22.474094, T=    0.044496

 * * * W A R N I N G * * *
 ZERO OR NEGATIVE MODAL-MASS VALUES WERE DETECTED DURING ITERATION,
 THE RESULTING EIGEN-MODES MAY NOT BE VALID - CHECK THEM CAREFULLY !!

 THE STRUCTURE IS UNSTABLE OR ILL-CONDITIONED !!
 CHECK THE STRUCTURE CAREFULLY FOR:
 - INADEQUATE SUPPORT CONDITIONS, OR
 - ONE OR MORE INTERNAL MECHANISMS, OR
 - ZERO OR NEGATIVE STIFFNESS PROPERTIES, OR
 - EXTREMELY LARGE STIFFNESS PROPERTIES, OR
 - BUCKLING DUE TO P-DELTA OR GEOMETRIC NONLINEARITY, OR
 - A FREQUENCY SHIFT (IF ANY) ONTO A NATURAL FREQUENCY


 NUMBER OF EIGEN MODES FOUND               =          12
 NUMBER OF ITERATIONS PERFORMED            =          21
 NUMBER OF STIFFNESS SHIFTS                =           2


 A N A L Y S I S   C O M P L E T E                          2016/09/08  00:15:55
