

 SAP2000 v16.1.1 Ultimate (Analysis Build 9194/32)
 File: C:\Users\Filippo\AppDat...\Debug\SAPMODEL\delos_turtle_20160909035054.LOG




 B E G I N   A N A L Y S I S                                2016/09/09  03:50:56


 RUNNING ANALYSIS WITHIN THE GUI PROCESS
 USING THE ADVANCED SOLVER (PROVIDES LIMITED INSTABILITY INFORMATION)

 NUMBER OF JOINTS                          =          82
    WITH RESTRAINTS                        =          19
 NUMBER OF FRAME/CABLE/TENDON ELEMENTS     =         110
 NUMBER OF LOAD PATTERNS                   =           6
 NUMBER OF ACCELERATION LOADS              =           6
 NUMBER OF LOAD CASES                      =           7


 E L E M E N T   F O R M A T I O N                                      03:50:56



 L I N E A R   E Q U A T I O N   S O L U T I O N                        03:50:56

 FORMING STIFFNESS AT ZERO (UNSTRESSED) INITIAL CONDITIONS

 TOTAL NUMBER OF EQUILIBRIUM EQUATIONS     =         378
 NUMBER OF NON-ZERO STIFFNESS TERMS        =        4347

 * * * W A R N I N G * * *
 THE STRUCTURE IS UNSTABLE OR ILL-CONDITIONED !!
 CHECK THE STRUCTURE CAREFULLY FOR:
 - INADEQUATE SUPPORT CONDITIONS, OR
 - ONE OR MORE INTERNAL MECHANISMS, OR
 - ZERO OR NEGATIVE STIFFNESS PROPERTIES, OR
 - EXTREMELY LARGE STIFFNESS PROPERTIES, OR
 - BUCKLING DUE TO P-DELTA OR GEOMETRIC NONLINEARITY, OR
 - A FREQUENCY SHIFT (IF ANY) ONTO A NATURAL FREQUENCY

 TO OBTAIN FURTHER INFORMATION:
 - USE THE STANDARD SOLVER, OR
 - RUN AN EIGEN ANALYSIS USING AUTO FREQUENCY SHIFTING (WITH
   ADDITIONAL MASS IF NEEDED) AND INVESTIGATE THE MODE SHAPES


 NUMBER OF EIGENVALUES BELOW SHIFT         =           7


 L I N E A R   S T A T I C   C A S E S                                  03:50:56

 USING STIFFNESS AT ZERO (UNSTRESSED) INITIAL CONDITIONS

 TOTAL NUMBER OF CASES TO SOLVE            =           6
 NUMBER OF CASES TO SOLVE PER BLOCK        =           6

 LINEAR STATIC CASES TO BE SOLVED:

 CASE: DEAD
 CASE: LIVE
 CASE: WIND +X
 CASE: WIND +Y
 CASE: WIND -X
 CASE: WIND -Y


 E I G E N   M O D A L   A N A L Y S I S                                03:50:56

 CASE: MODAL

 USING STIFFNESS AT ZERO (UNSTRESSED) INITIAL CONDITIONS

 NUMBER OF STIFFNESS DEGREES OF FREEDOM    =         378
 NUMBER OF MASS DEGREES OF FREEDOM         =         189
 MAXIMUM NUMBER OF EIGEN MODES SOUGHT      =          12
 MINIMUM NUMBER OF EIGEN MODES SOUGHT      =           1
 NUMBER OF RESIDUAL-MASS MODES SOUGHT      =           0
 NUMBER OF SUBSPACE VECTORS USED           =          24
 RELATIVE CONVERGENCE TOLERANCE            =    1.00E-09

 FREQUENCY SHIFT  (CENTER) (CYC/TIME)      =     .000000
 FREQUENCY CUTOFF (RADIUS) (CYC/TIME)      =  -INFINITY-
 ALLOW AUTOMATIC FREQUENCY SHIFTING        =         YES


 Original stiffness at shift : EV= 0.0000000E+00, f=     .000000, T=  -INFINITY-
 Number of eigenvalues below shift =      7

 Iteration    Approximations to next 5 eigenvalues, from shift EV= 0.0000000E+00
       2  -5.8783937E-12 9.3219064E-12-9.8556911E-12-2.5374512E-11-4.4619816E-11

 Found mode      1 of     12:  EV=-5.8783937E-12, f=   -3.86E-07, T= -2.5915E+06
 Found mode      2 of     12:  EV= 9.3219064E-12, f=    4.86E-07, T=  2.0579E+06
 Found mode      3 of     12:  EV=-9.8556911E-12, f=   -5.00E-07, T= -2.0014E+06
 Found mode      4 of     12:  EV=-2.5374512E-11, f=   -8.02E-07, T= -1.2473E+06
 Found mode      5 of     12:  EV=-4.4619816E-11, f=   -1.06E-06, T= -940623.840

 Iteration    Approximations to next 5 eigenvalues, from shift EV= 0.0000000E+00
       3   2.9721701E-10-4.7391079E-10-7.3365887E-10-8.1174617E-10 1.2656472E-09

 Found mode      6 of     12:  EV= 2.9721701E-10, f=    2.74E-06, T=  364454.267
 Found mode      7 of     12:  EV=-4.7391079E-10, f=   -3.46E-06, T= -288623.420
 Found mode      8 of     12:  EV=-7.3365887E-10, f=   -4.31E-06, T= -231970.512
 Found mode      9 of     12:  EV=-8.1174617E-10, f=   -4.53E-06, T= -220531.050
 Found mode     10 of     12:  EV= 1.2656472E-09, f=    5.66E-06, T=  176613.351

 Iteration    Approximations to next 5 eigenvalues, from shift EV= 0.0000000E+00
       4   4.1146830E+02 1.4701021E+03 2.8969947E+03 2.8981841E+03 2.9717005E+03
       6   4.1146830E+02 1.4700981E+03 2.8967928E+03 2.8979356E+03 2.9701879E+03
       8   4.1146833E+02 1.4700980E+03 2.8964751E+03 2.8979347E+03 2.9701964E+03
      10   4.1146834E+02 1.4700976E+03 2.8970413E+03 2.8979352E+03 2.9702372E+03
      12   4.1146832E+02 1.4700979E+03 2.8968877E+03 2.8979354E+03 2.9701832E+03
      14   4.1146833E+02 1.4700980E+03 2.8969094E+03 2.8979353E+03 2.9701857E+03

 Forming stiffness, new shift: EV= 3.9089490E+02, f=    3.146662, T=    0.317797
 Number of eigenvalues below shift =     10

 Iteration    Approximations to next 5 eigenvalues, from shift EV= 3.9089490E+02
      16   2.0574161E+01 1.0792102E+03 2.5070408E+03 2.5070410E+03 2.5794956E+03

 Found mode     11 of     12:  EV= 4.1146907E+02, f=    3.228410, T=    0.309750
 Found mode     12 of     12:  EV= 1.4701051E+03, f=    6.102311, T=    0.163872

 * * * W A R N I N G * * *
 ZERO OR NEGATIVE MODAL-MASS VALUES WERE DETECTED DURING ITERATION,
 THE RESULTING EIGEN-MODES MAY NOT BE VALID - CHECK THEM CAREFULLY !!

 THE STRUCTURE IS UNSTABLE OR ILL-CONDITIONED !!
 CHECK THE STRUCTURE CAREFULLY FOR:
 - INADEQUATE SUPPORT CONDITIONS, OR
 - ONE OR MORE INTERNAL MECHANISMS, OR
 - ZERO OR NEGATIVE STIFFNESS PROPERTIES, OR
 - EXTREMELY LARGE STIFFNESS PROPERTIES, OR
 - BUCKLING DUE TO P-DELTA OR GEOMETRIC NONLINEARITY, OR
 - A FREQUENCY SHIFT (IF ANY) ONTO A NATURAL FREQUENCY


 NUMBER OF EIGEN MODES FOUND               =          12
 NUMBER OF ITERATIONS PERFORMED            =          16
 NUMBER OF STIFFNESS SHIFTS                =           1


 A N A L Y S I S   C O M P L E T E                          2016/09/09  03:50:56
