

 SAP2000 v16.1.1 Ultimate (Analysis Build 9194/32)
 File: C:\Users\Filippo\AppDat...\Debug\SAPMODEL\delos_turtle_20160903123504.LOG




 B E G I N   A N A L Y S I S                                2016/09/03  12:35:06


 RUNNING ANALYSIS WITHIN THE GUI PROCESS
 USING THE ADVANCED SOLVER (PROVIDES LIMITED INSTABILITY INFORMATION)

 NUMBER OF JOINTS                          =         187
    WITH RESTRAINTS                        =          25
 NUMBER OF FRAME/CABLE/TENDON ELEMENTS     =         562
 NUMBER OF LOAD PATTERNS                   =           6
 NUMBER OF ACCELERATION LOADS              =           6
 NUMBER OF LOAD CASES                      =           7


 E L E M E N T   F O R M A T I O N                                      12:35:06



 L I N E A R   E Q U A T I O N   S O L U T I O N                        12:35:06

 FORMING STIFFNESS AT ZERO (UNSTRESSED) INITIAL CONDITIONS

 TOTAL NUMBER OF EQUILIBRIUM EQUATIONS     =         972
 NUMBER OF NON-ZERO STIFFNESS TERMS        =       16830

 NUMBER OF EIGENVALUES BELOW SHIFT         =           0


 L I N E A R   S T A T I C   C A S E S                                  12:35:06

 USING STIFFNESS AT ZERO (UNSTRESSED) INITIAL CONDITIONS

 TOTAL NUMBER OF CASES TO SOLVE            =           6
 NUMBER OF CASES TO SOLVE PER BLOCK        =           6

 LINEAR STATIC CASES TO BE SOLVED:

 CASE: DEAD
 CASE: LIVE
 CASE: WIND +X
 CASE: WIND +Y
 CASE: WIND -X
 CASE: WIND -Y


 E I G E N   M O D A L   A N A L Y S I S                                12:35:06

 CASE: MODAL

 USING STIFFNESS AT ZERO (UNSTRESSED) INITIAL CONDITIONS

 NUMBER OF STIFFNESS DEGREES OF FREEDOM    =         972
 NUMBER OF MASS DEGREES OF FREEDOM         =         486
 MAXIMUM NUMBER OF EIGEN MODES SOUGHT      =          12
 MINIMUM NUMBER OF EIGEN MODES SOUGHT      =           1
 NUMBER OF RESIDUAL-MASS MODES SOUGHT      =           0
 NUMBER OF SUBSPACE VECTORS USED           =          24
 RELATIVE CONVERGENCE TOLERANCE            =    1.00E-09

 FREQUENCY SHIFT  (CENTER) (CYC/TIME)      =     .000000
 FREQUENCY CUTOFF (RADIUS) (CYC/TIME)      =  -INFINITY-
 ALLOW AUTOMATIC FREQUENCY SHIFTING        =         YES


 Original stiffness at shift : EV= 0.0000000E+00, f=     .000000, T=  -INFINITY-
 Number of eigenvalues below shift =      0
 Found mode      1 of     12:  EV= 2.0583956E+03, f=    7.220787, T=    0.138489

 Forming stiffness, new shift: EV= 1.0863185E+04, f=   16.588179, T=    0.060284
 Number of eigenvalues below shift =      1
 Found mode      2 of     12:  EV= 1.1434931E+04, f=   17.019113, T=    0.058757

 Forming stiffness, new shift: EV= 2.5518884E+04, f=   25.424415, T=    0.039332
 Number of eigenvalues below shift =      2

 Forming stiffness, new shift: EV= 2.6074864E+04, f=   25.699884, T=    0.038911
 Number of eigenvalues below shift =      2
 Found mode      3 of     12:  EV= 2.6104111E+04, f=   25.714293, T=    0.038889
 Found mode      4 of     12:  EV= 2.6755075E+04, f=   26.032940, T=    0.038413
 Found mode      5 of     12:  EV= 2.6770271E+04, f=   26.040332, T=    0.038402
 Found mode      6 of     12:  EV= 2.7012463E+04, f=   26.157861, T=    0.038229

 Forming stiffness, new shift: EV= 2.7270071E+04, f=   26.282294, T=    0.038048
 Number of eigenvalues below shift =      6
 Found mode      7 of     12:  EV= 2.7332977E+04, f=   26.312590, T=    0.038005
 Found mode      8 of     12:  EV= 2.7535314E+04, f=   26.409802, T=    0.037865
 Found mode      9 of     12:  EV= 2.7672414E+04, f=   26.475468, T=    0.037771
 Found mode     10 of     12:  EV= 2.7702076E+04, f=   26.489654, T=    0.037751
 Found mode     11 of     12:  EV= 2.7773397E+04, f=   26.523732, T=    0.037702
 Found mode     12 of     12:  EV= 2.7849572E+04, f=   26.560081, T=    0.037650

 NUMBER OF EIGEN MODES FOUND               =          12
 NUMBER OF ITERATIONS PERFORMED            =          39
 NUMBER OF STIFFNESS SHIFTS                =           4


 A N A L Y S I S   C O M P L E T E                          2016/09/03  12:35:07
