

 SAP2000 v16.1.1 Ultimate (Analysis Build 9194/32)
 File: C:\Users\Filippo\AppDat...\Debug\SAPMODEL\delos_turtle_20160909034532.LOG




 B E G I N   A N A L Y S I S                                2016/09/09  03:45:33


 RUNNING ANALYSIS WITHIN THE GUI PROCESS
 USING THE ADVANCED SOLVER (PROVIDES LIMITED INSTABILITY INFORMATION)

 NUMBER OF JOINTS                          =          93
    WITH RESTRAINTS                        =          22
 NUMBER OF FRAME/CABLE/TENDON ELEMENTS     =         141
 NUMBER OF LOAD PATTERNS                   =           6
 NUMBER OF ACCELERATION LOADS              =           6
 NUMBER OF LOAD CASES                      =           7


 E L E M E N T   F O R M A T I O N                                      03:45:33



 L I N E A R   E Q U A T I O N   S O L U T I O N                        03:45:33

 FORMING STIFFNESS AT ZERO (UNSTRESSED) INITIAL CONDITIONS

 TOTAL NUMBER OF EQUILIBRIUM EQUATIONS     =         426
 NUMBER OF NON-ZERO STIFFNESS TERMS        =        5235

 * * * W A R N I N G * * *
 THE STRUCTURE IS UNSTABLE OR ILL-CONDITIONED !!
 CHECK THE STRUCTURE CAREFULLY FOR:
 - INADEQUATE SUPPORT CONDITIONS, OR
 - ONE OR MORE INTERNAL MECHANISMS, OR
 - ZERO OR NEGATIVE STIFFNESS PROPERTIES, OR
 - EXTREMELY LARGE STIFFNESS PROPERTIES, OR
 - BUCKLING DUE TO P-DELTA OR GEOMETRIC NONLINEARITY, OR
 - A FREQUENCY SHIFT (IF ANY) ONTO A NATURAL FREQUENCY

 TO OBTAIN FURTHER INFORMATION:
 - USE THE STANDARD SOLVER, OR
 - RUN AN EIGEN ANALYSIS USING AUTO FREQUENCY SHIFTING (WITH
   ADDITIONAL MASS IF NEEDED) AND INVESTIGATE THE MODE SHAPES


 NUMBER OF EIGENVALUES BELOW SHIFT         =           6


 L I N E A R   S T A T I C   C A S E S                                  03:45:33

 USING STIFFNESS AT ZERO (UNSTRESSED) INITIAL CONDITIONS

 TOTAL NUMBER OF CASES TO SOLVE            =           6
 NUMBER OF CASES TO SOLVE PER BLOCK        =           6

 LINEAR STATIC CASES TO BE SOLVED:

 CASE: DEAD
 CASE: LIVE
 CASE: WIND +X
 CASE: WIND +Y
 CASE: WIND -X
 CASE: WIND -Y


 E I G E N   M O D A L   A N A L Y S I S                                03:45:33

 CASE: MODAL

 USING STIFFNESS AT ZERO (UNSTRESSED) INITIAL CONDITIONS

 NUMBER OF STIFFNESS DEGREES OF FREEDOM    =         426
 NUMBER OF MASS DEGREES OF FREEDOM         =         213
 MAXIMUM NUMBER OF EIGEN MODES SOUGHT      =          12
 MINIMUM NUMBER OF EIGEN MODES SOUGHT      =           1
 NUMBER OF RESIDUAL-MASS MODES SOUGHT      =           0
 NUMBER OF SUBSPACE VECTORS USED           =          24
 RELATIVE CONVERGENCE TOLERANCE            =    1.00E-09

 FREQUENCY SHIFT  (CENTER) (CYC/TIME)      =     .000000
 FREQUENCY CUTOFF (RADIUS) (CYC/TIME)      =  -INFINITY-
 ALLOW AUTOMATIC FREQUENCY SHIFTING        =         YES


 Original stiffness at shift : EV= 0.0000000E+00, f=     .000000, T=  -INFINITY-
 Number of eigenvalues below shift =      6
 Found mode      1 of     12:  EV=-5.4754291E-12, f=   -3.72E-07, T= -2.6852E+06
 Found mode      2 of     12:  EV=-1.3513867E-11, f=   -5.85E-07, T= -1.7092E+06
 Found mode      3 of     12:  EV=-3.1330081E-11, f=   -8.91E-07, T= -1.1225E+06

 Iteration    Approximations to next 5 eigenvalues, from shift EV= 0.0000000E+00
       3  -4.9301216E-10-4.9572250E-10 9.8361617E-10 9.4618342E+02 1.2394554E+03

 Found mode      4 of     12:  EV=-4.9301216E-10, f=   -3.53E-06, T= -282976.945
 Found mode      5 of     12:  EV=-4.9572250E-10, f=   -3.54E-06, T= -282202.303
 Found mode      6 of     12:  EV= 9.8361617E-10, f=    4.99E-06, T=  200339.709

 Iteration    Approximations to next 5 eigenvalues, from shift EV= 0.0000000E+00
       6   2.8977083E+03 2.8979336E+03 3.0882178E+03 3.0909231E+03 3.5019602E+03

 Forming stiffness, new shift: EV= 2.7528203E+03, f=    8.350434, T=    0.119754
 Number of eigenvalues below shift =      7

 Iteration    Approximations to next 5 eigenvalues, from shift EV= 2.7528203E+03
      10   1.4511539E+02 1.4511562E+02 3.3810320E+02 3.3810330E+02 7.4982799E+02

 Found mode      7 of     12:  EV= 2.8979357E+03, f=    8.567705, T=    0.116717
 Found mode      8 of     12:  EV= 2.8979359E+03, f=    8.567705, T=    0.116717
 Found mode      9 of     12:  EV= 3.0909235E+03, f=    8.848390, T=    0.113015
 Found mode     10 of     12:  EV= 3.0909236E+03, f=    8.848390, T=    0.113015
 Found mode     11 of     12:  EV= 3.5026483E+03, f=    9.419295, T=    0.106165
 Found mode     12 of     12:  EV= 4.2166760E+03, f=   10.334876, T=    0.096760

 * * * W A R N I N G * * *
 ZERO OR NEGATIVE MODAL-MASS VALUES WERE DETECTED DURING ITERATION,
 THE RESULTING EIGEN-MODES MAY NOT BE VALID - CHECK THEM CAREFULLY !!

 THE STRUCTURE IS UNSTABLE OR ILL-CONDITIONED !!
 CHECK THE STRUCTURE CAREFULLY FOR:
 - INADEQUATE SUPPORT CONDITIONS, OR
 - ONE OR MORE INTERNAL MECHANISMS, OR
 - ZERO OR NEGATIVE STIFFNESS PROPERTIES, OR
 - EXTREMELY LARGE STIFFNESS PROPERTIES, OR
 - BUCKLING DUE TO P-DELTA OR GEOMETRIC NONLINEARITY, OR
 - A FREQUENCY SHIFT (IF ANY) ONTO A NATURAL FREQUENCY


 NUMBER OF EIGEN MODES FOUND               =          12
 NUMBER OF ITERATIONS PERFORMED            =          10
 NUMBER OF STIFFNESS SHIFTS                =           1


 A N A L Y S I S   C O M P L E T E                          2016/09/09  03:45:34
