

 SAP2000 v16.1.1 Ultimate (Analysis Build 9194/32)
 File: C:\Users\Filippo\AppDat...\Debug\SAPMODEL\delos_turtle_20160909032743.LOG




 B E G I N   A N A L Y S I S                                2016/09/09  03:27:44


 RUNNING ANALYSIS WITHIN THE GUI PROCESS
 USING THE ADVANCED SOLVER (PROVIDES LIMITED INSTABILITY INFORMATION)

 NUMBER OF JOINTS                          =         184
    WITH RESTRAINTS                        =          25
 NUMBER OF FRAME/CABLE/TENDON ELEMENTS     =         435
 NUMBER OF LOAD PATTERNS                   =           6
 NUMBER OF ACCELERATION LOADS              =           6
 NUMBER OF LOAD CASES                      =           7


 E L E M E N T   F O R M A T I O N                                      03:27:45



 L I N E A R   E Q U A T I O N   S O L U T I O N                        03:27:45

 FORMING STIFFNESS AT ZERO (UNSTRESSED) INITIAL CONDITIONS

 TOTAL NUMBER OF EQUILIBRIUM EQUATIONS     =         954
 NUMBER OF NON-ZERO STIFFNESS TERMS        =       13851

 * * * W A R N I N G * * *
 THE STRUCTURE IS UNSTABLE OR ILL-CONDITIONED !!
 CHECK THE STRUCTURE CAREFULLY FOR:
 - INADEQUATE SUPPORT CONDITIONS, OR
 - ONE OR MORE INTERNAL MECHANISMS, OR
 - ZERO OR NEGATIVE STIFFNESS PROPERTIES, OR
 - EXTREMELY LARGE STIFFNESS PROPERTIES, OR
 - BUCKLING DUE TO P-DELTA OR GEOMETRIC NONLINEARITY, OR
 - A FREQUENCY SHIFT (IF ANY) ONTO A NATURAL FREQUENCY

 TO OBTAIN FURTHER INFORMATION:
 - USE THE STANDARD SOLVER, OR
 - RUN AN EIGEN ANALYSIS USING AUTO FREQUENCY SHIFTING (WITH
   ADDITIONAL MASS IF NEEDED) AND INVESTIGATE THE MODE SHAPES


 NUMBER OF EIGENVALUES BELOW SHIFT         =           3


 L I N E A R   S T A T I C   C A S E S                                  03:27:45

 USING STIFFNESS AT ZERO (UNSTRESSED) INITIAL CONDITIONS

 TOTAL NUMBER OF CASES TO SOLVE            =           6
 NUMBER OF CASES TO SOLVE PER BLOCK        =           6

 LINEAR STATIC CASES TO BE SOLVED:

 CASE: DEAD
 CASE: LIVE
 CASE: WIND +X
 CASE: WIND +Y
 CASE: WIND -X
 CASE: WIND -Y


 E I G E N   M O D A L   A N A L Y S I S                                03:27:45

 CASE: MODAL

 USING STIFFNESS AT ZERO (UNSTRESSED) INITIAL CONDITIONS

 NUMBER OF STIFFNESS DEGREES OF FREEDOM    =         954
 NUMBER OF MASS DEGREES OF FREEDOM         =         477
 MAXIMUM NUMBER OF EIGEN MODES SOUGHT      =          12
 MINIMUM NUMBER OF EIGEN MODES SOUGHT      =           1
 NUMBER OF RESIDUAL-MASS MODES SOUGHT      =           0
 NUMBER OF SUBSPACE VECTORS USED           =          24
 RELATIVE CONVERGENCE TOLERANCE            =    1.00E-09

 FREQUENCY SHIFT  (CENTER) (CYC/TIME)      =     .000000
 FREQUENCY CUTOFF (RADIUS) (CYC/TIME)      =  -INFINITY-
 ALLOW AUTOMATIC FREQUENCY SHIFTING        =         YES


 Original stiffness at shift : EV= 0.0000000E+00, f=     .000000, T=  -INFINITY-
 Number of eigenvalues below shift =      3
 Found mode      1 of     12:  EV= 2.3143489E-11, f=    7.66E-07, T=  1.3061E+06
 Found mode      2 of     12:  EV=-2.6286068E-11, f=   -8.16E-07, T= -1.2255E+06
 Found mode      3 of     12:  EV= 6.2784923E-10, f=    3.99E-06, T=  250756.492
 Found mode      4 of     12:  EV= 1.7746868E-09, f=    6.70E-06, T=  149148.542

 Forming stiffness, new shift: EV= 1.2303312E+03, f=    5.582531, T=    0.179130
 Number of eigenvalues below shift =      6
 Found mode      5 of     12:  EV= 1.2950903E+03, f=    5.727567, T=    0.174594
 Found mode      6 of     12:  EV= 1.4628335E+03, f=    6.087200, T=    0.164279
 Found mode      7 of     12:  EV= 4.4521160E+03, f=   10.619483, T=    0.094167

 Forming stiffness, new shift: EV= 1.2590073E+04, f=   17.858059, T=    0.055997
 Number of eigenvalues below shift =      9
 Found mode      8 of     12:  EV= 1.3187947E+04, f=   18.277161, T=    0.054713
 Found mode      9 of     12:  EV= 1.6796300E+04, f=   20.626567, T=    0.048481

 Forming stiffness, new shift: EV= 1.9412125E+04, f=   22.174645, T=    0.045097
 Number of eigenvalues below shift =     10

 Iteration    Approximations to next 5 eigenvalues, from shift EV= 1.9412125E+04
      23   3.5905507E+02 3.7011874E+02 5.2449795E+03 5.6024370E+03 5.6820350E+03
      24   3.5905507E+02 3.7011874E+02 5.2040662E+03 5.5642881E+03 5.6417202E+03

 Found mode     10 of     12:  EV= 1.9771180E+04, f=   22.378781, T=    0.044685
 Found mode     11 of     12:  EV= 1.9782244E+04, f=   22.385042, T=    0.044673

 Iteration    Approximations to next 5 eigenvalues, from shift EV= 1.9412125E+04
      27   5.1280443E+03 5.4624067E+03 5.5262802E+03 5.9347558E+03 5.9974086E+03

 Forming stiffness, new shift: EV= 2.4271712E+04, f=   24.795356, T=    0.040330
 Number of eigenvalues below shift =     12

 Forming stiffness, new shift: EV= 2.4483938E+04, f=   24.903522, T=    0.040155
 Number of eigenvalues below shift =     13

 Found mode     12 of     12:  EV= 2.4495106E+04, f=   24.909201, T=    0.040146

 * * * W A R N I N G * * *
 ZERO OR NEGATIVE MODAL-MASS VALUES WERE DETECTED DURING ITERATION,
 THE RESULTING EIGEN-MODES MAY NOT BE VALID - CHECK THEM CAREFULLY !!

 THE STRUCTURE IS UNSTABLE OR ILL-CONDITIONED !!
 CHECK THE STRUCTURE CAREFULLY FOR:
 - INADEQUATE SUPPORT CONDITIONS, OR
 - ONE OR MORE INTERNAL MECHANISMS, OR
 - ZERO OR NEGATIVE STIFFNESS PROPERTIES, OR
 - EXTREMELY LARGE STIFFNESS PROPERTIES, OR
 - BUCKLING DUE TO P-DELTA OR GEOMETRIC NONLINEARITY, OR
 - A FREQUENCY SHIFT (IF ANY) ONTO A NATURAL FREQUENCY


 NUMBER OF EIGEN MODES FOUND               =          12
 NUMBER OF ITERATIONS PERFORMED            =          34
 NUMBER OF STIFFNESS SHIFTS                =           5


 A N A L Y S I S   C O M P L E T E                          2016/09/09  03:27:46
