

 SAP2000 v16.1.1 Ultimate (Analysis Build 9194/32)
 File: C:\Users\Filippo\AppDat...\Debug\SAPMODEL\delos_turtle_20160909034600.LOG




 B E G I N   A N A L Y S I S                                2016/09/09  03:46:01


 RUNNING ANALYSIS WITHIN THE GUI PROCESS
 USING THE ADVANCED SOLVER (PROVIDES LIMITED INSTABILITY INFORMATION)

 NUMBER OF JOINTS                          =          92
    WITH RESTRAINTS                        =          22
 NUMBER OF FRAME/CABLE/TENDON ELEMENTS     =         135
 NUMBER OF LOAD PATTERNS                   =           6
 NUMBER OF ACCELERATION LOADS              =           6
 NUMBER OF LOAD CASES                      =           7


 E L E M E N T   F O R M A T I O N                                      03:46:01



 L I N E A R   E Q U A T I O N   S O L U T I O N                        03:46:01

 FORMING STIFFNESS AT ZERO (UNSTRESSED) INITIAL CONDITIONS

 TOTAL NUMBER OF EQUILIBRIUM EQUATIONS     =         420
 NUMBER OF NON-ZERO STIFFNESS TERMS        =        5070

 * * * W A R N I N G * * *
 THE STRUCTURE IS UNSTABLE OR ILL-CONDITIONED !!
 CHECK THE STRUCTURE CAREFULLY FOR:
 - INADEQUATE SUPPORT CONDITIONS, OR
 - ONE OR MORE INTERNAL MECHANISMS, OR
 - ZERO OR NEGATIVE STIFFNESS PROPERTIES, OR
 - EXTREMELY LARGE STIFFNESS PROPERTIES, OR
 - BUCKLING DUE TO P-DELTA OR GEOMETRIC NONLINEARITY, OR
 - A FREQUENCY SHIFT (IF ANY) ONTO A NATURAL FREQUENCY

 TO OBTAIN FURTHER INFORMATION:
 - USE THE STANDARD SOLVER, OR
 - RUN AN EIGEN ANALYSIS USING AUTO FREQUENCY SHIFTING (WITH
   ADDITIONAL MASS IF NEEDED) AND INVESTIGATE THE MODE SHAPES


 NUMBER OF EIGENVALUES BELOW SHIFT         =           5


 L I N E A R   S T A T I C   C A S E S                                  03:46:01

 USING STIFFNESS AT ZERO (UNSTRESSED) INITIAL CONDITIONS

 TOTAL NUMBER OF CASES TO SOLVE            =           6
 NUMBER OF CASES TO SOLVE PER BLOCK        =           6

 LINEAR STATIC CASES TO BE SOLVED:

 CASE: DEAD
 CASE: LIVE
 CASE: WIND +X
 CASE: WIND +Y
 CASE: WIND -X
 CASE: WIND -Y


 E I G E N   M O D A L   A N A L Y S I S                                03:46:01

 CASE: MODAL

 USING STIFFNESS AT ZERO (UNSTRESSED) INITIAL CONDITIONS

 NUMBER OF STIFFNESS DEGREES OF FREEDOM    =         420
 NUMBER OF MASS DEGREES OF FREEDOM         =         210
 MAXIMUM NUMBER OF EIGEN MODES SOUGHT      =          12
 MINIMUM NUMBER OF EIGEN MODES SOUGHT      =           1
 NUMBER OF RESIDUAL-MASS MODES SOUGHT      =           0
 NUMBER OF SUBSPACE VECTORS USED           =          24
 RELATIVE CONVERGENCE TOLERANCE            =    1.00E-09

 FREQUENCY SHIFT  (CENTER) (CYC/TIME)      =     .000000
 FREQUENCY CUTOFF (RADIUS) (CYC/TIME)      =  -INFINITY-
 ALLOW AUTOMATIC FREQUENCY SHIFTING        =         YES


 Original stiffness at shift : EV= 0.0000000E+00, f=     .000000, T=  -INFINITY-
 Number of eigenvalues below shift =      5

 Iteration    Approximations to next 5 eigenvalues, from shift EV= 0.0000000E+00
       1  -8.8780214E-12-2.8566117E-11 2.6577508E-10 3.3719643E-10 3.9362679E-10

 Found mode      1 of     12:  EV=-8.8780214E-12, f=   -4.74E-07, T= -2.1087E+06
 Found mode      2 of     12:  EV=-2.8566117E-11, f=   -8.51E-07, T= -1.1756E+06
 Found mode      3 of     12:  EV= 2.6577508E-10, f=    2.59E-06, T=  385409.787
 Found mode      4 of     12:  EV=-4.5116296E-10, f=   -3.38E-06, T= -295810.204
 Found mode      5 of     12:  EV= 1.0473438E-09, f=    5.15E-06, T=  194149.036
 Found mode      6 of     12:  EV=-1.0549040E-09, f=   -5.17E-06, T= -193452.074

 Iteration    Approximations to next 5 eigenvalues, from shift EV= 0.0000000E+00
       4   2.8906248E+03 2.8979414E+03 3.0907995E+03 3.0909328E+03 3.4966996E+03
       7   2.8898387E+03 2.8979349E+03 3.0907996E+03 3.0909227E+03 3.4953793E+03

 Forming stiffness, new shift: EV= 2.7455170E+03, f=    8.339350, T=    0.119913
 Number of eigenvalues below shift =      7

 Iteration    Approximations to next 5 eigenvalues, from shift EV= 2.7455170E+03
       9   1.5241867E+02 1.5241890E+02 3.4540648E+02 3.4540659E+02 7.5543151E+02

 Found mode      7 of     12:  EV= 2.8979357E+03, f=    8.567705, T=    0.116717
 Found mode      8 of     12:  EV= 2.8979359E+03, f=    8.567705, T=    0.116717
 Found mode      9 of     12:  EV= 3.0909235E+03, f=    8.848390, T=    0.113015
 Found mode     10 of     12:  EV= 3.0909236E+03, f=    8.848390, T=    0.113015
 Found mode     11 of     12:  EV= 3.5009485E+03, f=    9.417009, T=    0.106191
 Found mode     12 of     12:  EV= 4.1974810E+03, f=   10.311326, T=    0.096981

 * * * W A R N I N G * * *
 ZERO OR NEGATIVE MODAL-MASS VALUES WERE DETECTED DURING ITERATION,
 THE RESULTING EIGEN-MODES MAY NOT BE VALID - CHECK THEM CAREFULLY !!

 THE STRUCTURE IS UNSTABLE OR ILL-CONDITIONED !!
 CHECK THE STRUCTURE CAREFULLY FOR:
 - INADEQUATE SUPPORT CONDITIONS, OR
 - ONE OR MORE INTERNAL MECHANISMS, OR
 - ZERO OR NEGATIVE STIFFNESS PROPERTIES, OR
 - EXTREMELY LARGE STIFFNESS PROPERTIES, OR
 - BUCKLING DUE TO P-DELTA OR GEOMETRIC NONLINEARITY, OR
 - A FREQUENCY SHIFT (IF ANY) ONTO A NATURAL FREQUENCY


 NUMBER OF EIGEN MODES FOUND               =          12
 NUMBER OF ITERATIONS PERFORMED            =          10
 NUMBER OF STIFFNESS SHIFTS                =           1


 A N A L Y S I S   C O M P L E T E                          2016/09/09  03:46:02
