

 SAP2000 v16.1.1 Ultimate (Analysis Build 9194/32)
 File: C:\Users\Filippo\AppDat...\Debug\SAPMODEL\delos_turtle_20160909033758.LOG




 B E G I N   A N A L Y S I S                                2016/09/09  03:38:00


 RUNNING ANALYSIS WITHIN THE GUI PROCESS
 USING THE ADVANCED SOLVER (PROVIDES LIMITED INSTABILITY INFORMATION)

 NUMBER OF JOINTS                          =         120
    WITH RESTRAINTS                        =          24
 NUMBER OF FRAME/CABLE/TENDON ELEMENTS     =         215
 NUMBER OF LOAD PATTERNS                   =           6
 NUMBER OF ACCELERATION LOADS              =           6
 NUMBER OF LOAD CASES                      =           7


 E L E M E N T   F O R M A T I O N                                      03:38:00



 L I N E A R   E Q U A T I O N   S O L U T I O N                        03:38:00

 FORMING STIFFNESS AT ZERO (UNSTRESSED) INITIAL CONDITIONS

 TOTAL NUMBER OF EQUILIBRIUM EQUATIONS     =         576
 NUMBER OF NON-ZERO STIFFNESS TERMS        =        7740

 * * * W A R N I N G * * *
 THE STRUCTURE IS UNSTABLE OR ILL-CONDITIONED !!
 CHECK THE STRUCTURE CAREFULLY FOR:
 - INADEQUATE SUPPORT CONDITIONS, OR
 - ONE OR MORE INTERNAL MECHANISMS, OR
 - ZERO OR NEGATIVE STIFFNESS PROPERTIES, OR
 - EXTREMELY LARGE STIFFNESS PROPERTIES, OR
 - BUCKLING DUE TO P-DELTA OR GEOMETRIC NONLINEARITY, OR
 - A FREQUENCY SHIFT (IF ANY) ONTO A NATURAL FREQUENCY

 TO OBTAIN FURTHER INFORMATION:
 - USE THE STANDARD SOLVER, OR
 - RUN AN EIGEN ANALYSIS USING AUTO FREQUENCY SHIFTING (WITH
   ADDITIONAL MASS IF NEEDED) AND INVESTIGATE THE MODE SHAPES


 NUMBER OF EIGENVALUES BELOW SHIFT         =           2


 L I N E A R   S T A T I C   C A S E S                                  03:38:00

 USING STIFFNESS AT ZERO (UNSTRESSED) INITIAL CONDITIONS

 TOTAL NUMBER OF CASES TO SOLVE            =           6
 NUMBER OF CASES TO SOLVE PER BLOCK        =           6

 LINEAR STATIC CASES TO BE SOLVED:

 CASE: DEAD
 CASE: LIVE
 CASE: WIND +X
 CASE: WIND +Y
 CASE: WIND -X
 CASE: WIND -Y


 E I G E N   M O D A L   A N A L Y S I S                                03:38:00

 CASE: MODAL

 USING STIFFNESS AT ZERO (UNSTRESSED) INITIAL CONDITIONS

 NUMBER OF STIFFNESS DEGREES OF FREEDOM    =         576
 NUMBER OF MASS DEGREES OF FREEDOM         =         288
 MAXIMUM NUMBER OF EIGEN MODES SOUGHT      =          12
 MINIMUM NUMBER OF EIGEN MODES SOUGHT      =           1
 NUMBER OF RESIDUAL-MASS MODES SOUGHT      =           0
 NUMBER OF SUBSPACE VECTORS USED           =          24
 RELATIVE CONVERGENCE TOLERANCE            =    1.00E-09

 FREQUENCY SHIFT  (CENTER) (CYC/TIME)      =     .000000
 FREQUENCY CUTOFF (RADIUS) (CYC/TIME)      =  -INFINITY-
 ALLOW AUTOMATIC FREQUENCY SHIFTING        =         YES


 Original stiffness at shift : EV= 0.0000000E+00, f=     .000000, T=  -INFINITY-
 Number of eigenvalues below shift =      2
 Found mode      1 of     12:  EV= 1.8947987E-11, f=    6.93E-07, T=  1.4434E+06
 Found mode      2 of     12:  EV=-3.5209254E-11, f=   -9.44E-07, T= -1.0589E+06
 Found mode      3 of     12:  EV= 4.4515785E-11, f=    1.06E-06, T=  941722.285
 Found mode      4 of     12:  EV= 2.6575904E-10, f=    2.59E-06, T=  385421.416
 Found mode      5 of     12:  EV= 6.5700364E-10, f=    4.08E-06, T=  245129.727
 Found mode      6 of     12:  EV= 1.9391896E-09, f=    7.01E-06, T=  142682.178
 Found mode      7 of     12:  EV= 1.4431285E+03, f=    6.046063, T=    0.165397

 Iteration    Approximations to next 5 eigenvalues, from shift EV= 0.0000000E+00
       8   4.2150202E+03 4.4141607E+03 4.6408177E+03 6.1432874E+03 6.5233045E+03

 Found mode      8 of     12:  EV= 4.2150202E+03, f=   10.332846, T=    0.096779
 Found mode      9 of     12:  EV= 4.4141607E+03, f=   10.574119, T=    0.094571

 Forming stiffness, new shift: EV= 4.4185749E+03, f=   10.579405, T=    0.094523
 Number of eigenvalues below shift =     10
 Found mode     10 of     12:  EV= 4.6408204E+03, f=   10.842202, T=    0.092232
 Found mode     11 of     12:  EV= 6.1432887E+03, f=   12.474427, T=    0.080164
 Found mode     12 of     12:  EV= 6.5233048E+03, f=   12.854464, T=    0.077794

 * * * W A R N I N G * * *
 ZERO OR NEGATIVE MODAL-MASS VALUES WERE DETECTED DURING ITERATION,
 THE RESULTING EIGEN-MODES MAY NOT BE VALID - CHECK THEM CAREFULLY !!

 THE STRUCTURE IS UNSTABLE OR ILL-CONDITIONED !!
 CHECK THE STRUCTURE CAREFULLY FOR:
 - INADEQUATE SUPPORT CONDITIONS, OR
 - ONE OR MORE INTERNAL MECHANISMS, OR
 - ZERO OR NEGATIVE STIFFNESS PROPERTIES, OR
 - EXTREMELY LARGE STIFFNESS PROPERTIES, OR
 - BUCKLING DUE TO P-DELTA OR GEOMETRIC NONLINEARITY, OR
 - A FREQUENCY SHIFT (IF ANY) ONTO A NATURAL FREQUENCY


 NUMBER OF EIGEN MODES FOUND               =          12
 NUMBER OF ITERATIONS PERFORMED            =          14
 NUMBER OF STIFFNESS SHIFTS                =           1


 A N A L Y S I S   C O M P L E T E                          2016/09/09  03:38:00
