

 SAP2000 v16.1.1 Ultimate (Analysis Build 9194/32)
 File: C:\Users\Filippo\AppDat...\Debug\SAPMODEL\delos_turtle_20160903123447.LOG




 B E G I N   A N A L Y S I S                                2016/09/03  12:34:49


 RUNNING ANALYSIS WITHIN THE GUI PROCESS
 USING THE ADVANCED SOLVER (PROVIDES LIMITED INSTABILITY INFORMATION)

 NUMBER OF JOINTS                          =         187
    WITH RESTRAINTS                        =          25
 NUMBER OF FRAME/CABLE/TENDON ELEMENTS     =         562
 NUMBER OF LOAD PATTERNS                   =           6
 NUMBER OF ACCELERATION LOADS              =           6
 NUMBER OF LOAD CASES                      =           7


 E L E M E N T   F O R M A T I O N                                      12:34:49



 L I N E A R   E Q U A T I O N   S O L U T I O N                        12:34:49

 FORMING STIFFNESS AT ZERO (UNSTRESSED) INITIAL CONDITIONS

 TOTAL NUMBER OF EQUILIBRIUM EQUATIONS     =         972
 NUMBER OF NON-ZERO STIFFNESS TERMS        =       16830

 NUMBER OF EIGENVALUES BELOW SHIFT         =           0


 L I N E A R   S T A T I C   C A S E S                                  12:34:49

 USING STIFFNESS AT ZERO (UNSTRESSED) INITIAL CONDITIONS

 TOTAL NUMBER OF CASES TO SOLVE            =           6
 NUMBER OF CASES TO SOLVE PER BLOCK        =           6

 LINEAR STATIC CASES TO BE SOLVED:

 CASE: DEAD
 CASE: LIVE
 CASE: WIND +X
 CASE: WIND +Y
 CASE: WIND -X
 CASE: WIND -Y


 E I G E N   M O D A L   A N A L Y S I S                                12:34:49

 CASE: MODAL

 USING STIFFNESS AT ZERO (UNSTRESSED) INITIAL CONDITIONS

 NUMBER OF STIFFNESS DEGREES OF FREEDOM    =         972
 NUMBER OF MASS DEGREES OF FREEDOM         =         486
 MAXIMUM NUMBER OF EIGEN MODES SOUGHT      =          12
 MINIMUM NUMBER OF EIGEN MODES SOUGHT      =           1
 NUMBER OF RESIDUAL-MASS MODES SOUGHT      =           0
 NUMBER OF SUBSPACE VECTORS USED           =          24
 RELATIVE CONVERGENCE TOLERANCE            =    1.00E-09

 FREQUENCY SHIFT  (CENTER) (CYC/TIME)      =     .000000
 FREQUENCY CUTOFF (RADIUS) (CYC/TIME)      =  -INFINITY-
 ALLOW AUTOMATIC FREQUENCY SHIFTING        =         YES


 Original stiffness at shift : EV= 0.0000000E+00, f=     .000000, T=  -INFINITY-
 Number of eigenvalues below shift =      0

 Iteration    Approximations to next 5 eigenvalues, from shift EV= 0.0000000E+00
       2   2.1851238E+03 1.3050958E+04 2.8319664E+04 2.8469223E+04 2.8547571E+04
       3   2.1841202E+03 1.2560330E+04 2.8193827E+04 2.8361868E+04 2.8466842E+04

 Found mode      1 of     12:  EV= 2.1841145E+03, f=    7.438028, T=    0.134444

 Forming stiffness, new shift: EV= 1.1825984E+04, f=   17.307677, T=    0.057778
 Number of eigenvalues below shift =      1
 Found mode      2 of     12:  EV= 1.2448400E+04, f=   17.757299, T=    0.056315

 Forming stiffness, new shift: EV= 2.6507168E+04, f=   25.912051, T=    0.038592
 Number of eigenvalues below shift =      2

 Forming stiffness, new shift: EV= 2.6753003E+04, f=   26.031932, T=    0.038414
 Number of eigenvalues below shift =      2
 Found mode      3 of     12:  EV= 2.6765938E+04, f=   26.038225, T=    0.038405
 Found mode      4 of     12:  EV= 2.7178912E+04, f=   26.238328, T=    0.038112
 Found mode      5 of     12:  EV= 2.7400592E+04, f=   26.345115, T=    0.037958

 Iteration    Approximations to next 5 eigenvalues, from shift EV= 2.6753003E+04
      30   7.5963600E+02 8.6595808E+02 1.0316668E+03 1.1069871E+03 1.1793659E+03

 Found mode      6 of     12:  EV= 2.7512639E+04, f=   26.398926, T=    0.037880
 Found mode      7 of     12:  EV= 2.7618961E+04, f=   26.449886, T=    0.037807
 Found mode      8 of     12:  EV= 2.7784669E+04, f=   26.529114, T=    0.037694
 Found mode      9 of     12:  EV= 2.7859985E+04, f=   26.565046, T=    0.037643
 Found mode     10 of     12:  EV= 2.7932347E+04, f=   26.599523, T=    0.037595
 Found mode     11 of     12:  EV= 2.7973732E+04, f=   26.619221, T=    0.037567
 Found mode     12 of     12:  EV= 2.8000787E+04, f=   26.632090, T=    0.037549

 NUMBER OF EIGEN MODES FOUND               =          12
 NUMBER OF ITERATIONS PERFORMED            =          45
 NUMBER OF STIFFNESS SHIFTS                =           3


 A N A L Y S I S   C O M P L E T E                          2016/09/03  12:34:50
