

 SAP2000 v16.1.1 Ultimate (Analysis Build 9194/32)
 File: C:\Users\Filippo\AppDat...\Debug\SAPMODEL\delos_turtle_20160909032401.LOG




 B E G I N   A N A L Y S I S                                2016/09/09  03:24:03


 RUNNING ANALYSIS WITHIN THE GUI PROCESS
 USING THE ADVANCED SOLVER (PROVIDES LIMITED INSTABILITY INFORMATION)

 NUMBER OF JOINTS                          =         187
    WITH RESTRAINTS                        =          25
 NUMBER OF FRAME/CABLE/TENDON ELEMENTS     =         533
 NUMBER OF LOAD PATTERNS                   =           6
 NUMBER OF ACCELERATION LOADS              =           6
 NUMBER OF LOAD CASES                      =           7


 E L E M E N T   F O R M A T I O N                                      03:24:03



 L I N E A R   E Q U A T I O N   S O L U T I O N                        03:24:03

 FORMING STIFFNESS AT ZERO (UNSTRESSED) INITIAL CONDITIONS

 TOTAL NUMBER OF EQUILIBRIUM EQUATIONS     =         972
 NUMBER OF NON-ZERO STIFFNESS TERMS        =       16398

 NUMBER OF EIGENVALUES BELOW SHIFT         =           0


 L I N E A R   S T A T I C   C A S E S                                  03:24:03

 USING STIFFNESS AT ZERO (UNSTRESSED) INITIAL CONDITIONS

 TOTAL NUMBER OF CASES TO SOLVE            =           6
 NUMBER OF CASES TO SOLVE PER BLOCK        =           6

 LINEAR STATIC CASES TO BE SOLVED:

 CASE: DEAD
 CASE: LIVE
 CASE: WIND +X
 CASE: WIND +Y
 CASE: WIND -X
 CASE: WIND -Y


 E I G E N   M O D A L   A N A L Y S I S                                03:24:03

 CASE: MODAL

 USING STIFFNESS AT ZERO (UNSTRESSED) INITIAL CONDITIONS

 NUMBER OF STIFFNESS DEGREES OF FREEDOM    =         972
 NUMBER OF MASS DEGREES OF FREEDOM         =         486
 MAXIMUM NUMBER OF EIGEN MODES SOUGHT      =          12
 MINIMUM NUMBER OF EIGEN MODES SOUGHT      =           1
 NUMBER OF RESIDUAL-MASS MODES SOUGHT      =           0
 NUMBER OF SUBSPACE VECTORS USED           =          24
 RELATIVE CONVERGENCE TOLERANCE            =    1.00E-09

 FREQUENCY SHIFT  (CENTER) (CYC/TIME)      =     .000000
 FREQUENCY CUTOFF (RADIUS) (CYC/TIME)      =  -INFINITY-
 ALLOW AUTOMATIC FREQUENCY SHIFTING        =         YES


 Original stiffness at shift : EV= 0.0000000E+00, f=     .000000, T=  -INFINITY-
 Number of eigenvalues below shift =      0
 Found mode      1 of     12:  EV= 1.4005142E+03, f=    5.956126, T=    0.167894
 Found mode      2 of     12:  EV= 4.6355409E+03, f=   10.836034, T=    0.092285

 Forming stiffness, new shift: EV= 2.2956028E+04, f=   24.113958, T=    0.041470
 Number of eigenvalues below shift =      2

 Forming stiffness, new shift: EV= 2.3603257E+04, f=   24.451533, T=    0.040897
 Number of eigenvalues below shift =      2
 Found mode      3 of     12:  EV= 2.3637068E+04, f=   24.469040, T=    0.040868

 Forming stiffness, new shift: EV= 2.4432072E+04, f=   24.877130, T=    0.040198
 Number of eigenvalues below shift =      3
 Found mode      4 of     12:  EV= 2.4475691E+04, f=   24.899327, T=    0.040162

 Forming stiffness, new shift: EV= 2.4931737E+04, f=   25.130226, T=    0.039793
 Number of eigenvalues below shift =      4
 Found mode      5 of     12:  EV= 2.4958034E+04, f=   25.143476, T=    0.039772

 Forming stiffness, new shift: EV= 2.5211362E+04, f=   25.270759, T=    0.039571
 Number of eigenvalues below shift =      5
 Found mode      6 of     12:  EV= 2.5226079E+04, f=   25.278134, T=    0.039560
 Found mode      7 of     12:  EV= 2.5278210E+04, f=   25.304240, T=    0.039519
 Found mode      8 of     12:  EV= 2.5333010E+04, f=   25.331653, T=    0.039476

 Forming stiffness, new shift: EV= 2.5406627E+04, f=   25.368433, T=    0.039419
 Number of eigenvalues below shift =      8
 Found mode      9 of     12:  EV= 2.5416904E+04, f=   25.373563, T=    0.039411
 Found mode     10 of     12:  EV= 2.5429219E+04, f=   25.379709, T=    0.039402
 Found mode     11 of     12:  EV= 2.5448907E+04, f=   25.389532, T=    0.039386
 Found mode     12 of     12:  EV= 2.5463702E+04, f=   25.396911, T=    0.039375

 NUMBER OF EIGEN MODES FOUND               =          12
 NUMBER OF ITERATIONS PERFORMED            =          52
 NUMBER OF STIFFNESS SHIFTS                =           6


 A N A L Y S I S   C O M P L E T E                          2016/09/09  03:24:04
