

 SAP2000 v16.1.1 Ultimate (Analysis Build 9194/32)
 File: C:\Users\Filippo\AppDat...\Debug\SAPMODEL\delos_turtle_20160909034647.LOG




 B E G I N   A N A L Y S I S                                2016/09/09  03:46:48


 RUNNING ANALYSIS WITHIN THE GUI PROCESS
 USING THE ADVANCED SOLVER (PROVIDES LIMITED INSTABILITY INFORMATION)

 NUMBER OF JOINTS                          =          89
    WITH RESTRAINTS                        =          21
 NUMBER OF FRAME/CABLE/TENDON ELEMENTS     =         128
 NUMBER OF LOAD PATTERNS                   =           6
 NUMBER OF ACCELERATION LOADS              =           6
 NUMBER OF LOAD CASES                      =           7


 E L E M E N T   F O R M A T I O N                                      03:46:48



 L I N E A R   E Q U A T I O N   S O L U T I O N                        03:46:48

 FORMING STIFFNESS AT ZERO (UNSTRESSED) INITIAL CONDITIONS

 TOTAL NUMBER OF EQUILIBRIUM EQUATIONS     =         408
 NUMBER OF NON-ZERO STIFFNESS TERMS        =        4848

 * * * W A R N I N G * * *
 THE STRUCTURE IS UNSTABLE OR ILL-CONDITIONED !!
 CHECK THE STRUCTURE CAREFULLY FOR:
 - INADEQUATE SUPPORT CONDITIONS, OR
 - ONE OR MORE INTERNAL MECHANISMS, OR
 - ZERO OR NEGATIVE STIFFNESS PROPERTIES, OR
 - EXTREMELY LARGE STIFFNESS PROPERTIES, OR
 - BUCKLING DUE TO P-DELTA OR GEOMETRIC NONLINEARITY, OR
 - A FREQUENCY SHIFT (IF ANY) ONTO A NATURAL FREQUENCY

 TO OBTAIN FURTHER INFORMATION:
 - USE THE STANDARD SOLVER, OR
 - RUN AN EIGEN ANALYSIS USING AUTO FREQUENCY SHIFTING (WITH
   ADDITIONAL MASS IF NEEDED) AND INVESTIGATE THE MODE SHAPES


 NUMBER OF EIGENVALUES BELOW SHIFT         =           6


 L I N E A R   S T A T I C   C A S E S                                  03:46:48

 USING STIFFNESS AT ZERO (UNSTRESSED) INITIAL CONDITIONS

 TOTAL NUMBER OF CASES TO SOLVE            =           6
 NUMBER OF CASES TO SOLVE PER BLOCK        =           6

 LINEAR STATIC CASES TO BE SOLVED:

 CASE: DEAD
 CASE: LIVE
 CASE: WIND +X
 CASE: WIND +Y
 CASE: WIND -X
 CASE: WIND -Y


 E I G E N   M O D A L   A N A L Y S I S                                03:46:48

 CASE: MODAL

 USING STIFFNESS AT ZERO (UNSTRESSED) INITIAL CONDITIONS

 NUMBER OF STIFFNESS DEGREES OF FREEDOM    =         408
 NUMBER OF MASS DEGREES OF FREEDOM         =         204
 MAXIMUM NUMBER OF EIGEN MODES SOUGHT      =          12
 MINIMUM NUMBER OF EIGEN MODES SOUGHT      =           1
 NUMBER OF RESIDUAL-MASS MODES SOUGHT      =           0
 NUMBER OF SUBSPACE VECTORS USED           =          24
 RELATIVE CONVERGENCE TOLERANCE            =    1.00E-09

 FREQUENCY SHIFT  (CENTER) (CYC/TIME)      =     .000000
 FREQUENCY CUTOFF (RADIUS) (CYC/TIME)      =  -INFINITY-
 ALLOW AUTOMATIC FREQUENCY SHIFTING        =         YES


 Original stiffness at shift : EV= 0.0000000E+00, f=     .000000, T=  -INFINITY-
 Number of eigenvalues below shift =      6

 Iteration    Approximations to next 5 eigenvalues, from shift EV= 0.0000000E+00
       2   6.5703673E-12-8.0375969E-12-3.1545416E-11 2.6613951E-10-8.1205725E-10

 Found mode      1 of     12:  EV= 6.5703673E-12, f=    4.08E-07, T=  2.4512E+06
 Found mode      2 of     12:  EV=-8.0375969E-12, f=   -4.51E-07, T= -2.2162E+06
 Found mode      3 of     12:  EV=-3.1545416E-11, f=   -8.94E-07, T= -1.1187E+06
 Found mode      4 of     12:  EV= 2.6613951E-10, f=    2.60E-06, T=  385145.823
 Found mode      5 of     12:  EV=-8.1205725E-10, f=   -4.54E-06, T= -220488.806
 Found mode      6 of     12:  EV=-9.2795623E-10, f=   -4.85E-06, T= -206260.527
 Found mode      7 of     12:  EV=-1.3445307E-09, f=   -5.84E-06, T= -171354.103
 Found mode      8 of     12:  EV= 1.6034613E-09, f=    6.37E-06, T=  156910.002

 Iteration    Approximations to next 5 eigenvalues, from shift EV= 0.0000000E+00
       4   2.1382252E+03 2.8964348E+03 2.8979535E+03 3.0908847E+03 3.0909382E+03
       7   2.1382246E+03 2.8959570E+03 2.8979349E+03 3.0908661E+03 3.0909219E+03

 Forming stiffness, new shift: EV= 2.0313138E+03, f=    7.173129, T=    0.139409
 Number of eigenvalues below shift =      9

 Found mode      9 of     12:  EV= 2.1382325E+03, f=    7.359488, T=    0.135879
 Found mode     10 of     12:  EV= 2.8979357E+03, f=    8.567705, T=    0.116717
 Found mode     11 of     12:  EV= 2.8979359E+03, f=    8.567705, T=    0.116717
 Found mode     12 of     12:  EV= 3.0909235E+03, f=    8.848390, T=    0.113015

 * * * W A R N I N G * * *
 ZERO OR NEGATIVE MODAL-MASS VALUES WERE DETECTED DURING ITERATION,
 THE RESULTING EIGEN-MODES MAY NOT BE VALID - CHECK THEM CAREFULLY !!

 THE STRUCTURE IS UNSTABLE OR ILL-CONDITIONED !!
 CHECK THE STRUCTURE CAREFULLY FOR:
 - INADEQUATE SUPPORT CONDITIONS, OR
 - ONE OR MORE INTERNAL MECHANISMS, OR
 - ZERO OR NEGATIVE STIFFNESS PROPERTIES, OR
 - EXTREMELY LARGE STIFFNESS PROPERTIES, OR
 - BUCKLING DUE TO P-DELTA OR GEOMETRIC NONLINEARITY, OR
 - A FREQUENCY SHIFT (IF ANY) ONTO A NATURAL FREQUENCY


 NUMBER OF EIGEN MODES FOUND               =          12
 NUMBER OF ITERATIONS PERFORMED            =          10
 NUMBER OF STIFFNESS SHIFTS                =           1


 A N A L Y S I S   C O M P L E T E                          2016/09/09  03:46:48
