

 SAP2000 v16.1.1 Ultimate (Analysis Build 9194/32)
 File: C:\Users\Filippo\AppDat...\Debug\SAPMODEL\delos_turtle_20160908001151.LOG




 B E G I N   A N A L Y S I S                                2016/09/08  00:11:53


 RUNNING ANALYSIS WITHIN THE GUI PROCESS
 USING THE ADVANCED SOLVER (PROVIDES LIMITED INSTABILITY INFORMATION)

 NUMBER OF JOINTS                          =         187
    WITH RESTRAINTS                        =          25
 NUMBER OF FRAME/CABLE/TENDON ELEMENTS     =         533
 NUMBER OF LOAD PATTERNS                   =           6
 NUMBER OF ACCELERATION LOADS              =           6
 NUMBER OF LOAD CASES                      =           7


 E L E M E N T   F O R M A T I O N                                      00:11:53



 L I N E A R   E Q U A T I O N   S O L U T I O N                        00:11:53

 FORMING STIFFNESS AT ZERO (UNSTRESSED) INITIAL CONDITIONS

 TOTAL NUMBER OF EQUILIBRIUM EQUATIONS     =         972
 NUMBER OF NON-ZERO STIFFNESS TERMS        =       16398

 NUMBER OF EIGENVALUES BELOW SHIFT         =           0


 L I N E A R   S T A T I C   C A S E S                                  00:11:53

 USING STIFFNESS AT ZERO (UNSTRESSED) INITIAL CONDITIONS

 TOTAL NUMBER OF CASES TO SOLVE            =           6
 NUMBER OF CASES TO SOLVE PER BLOCK        =           6

 LINEAR STATIC CASES TO BE SOLVED:

 CASE: DEAD
 CASE: LIVE
 CASE: WIND +X
 CASE: WIND +Y
 CASE: WIND -X
 CASE: WIND -Y


 E I G E N   M O D A L   A N A L Y S I S                                00:11:53

 CASE: MODAL

 USING STIFFNESS AT ZERO (UNSTRESSED) INITIAL CONDITIONS

 NUMBER OF STIFFNESS DEGREES OF FREEDOM    =         972
 NUMBER OF MASS DEGREES OF FREEDOM         =         486
 MAXIMUM NUMBER OF EIGEN MODES SOUGHT      =          12
 MINIMUM NUMBER OF EIGEN MODES SOUGHT      =           1
 NUMBER OF RESIDUAL-MASS MODES SOUGHT      =           0
 NUMBER OF SUBSPACE VECTORS USED           =          24
 RELATIVE CONVERGENCE TOLERANCE            =    1.00E-09

 FREQUENCY SHIFT  (CENTER) (CYC/TIME)      =     .000000
 FREQUENCY CUTOFF (RADIUS) (CYC/TIME)      =  -INFINITY-
 ALLOW AUTOMATIC FREQUENCY SHIFTING        =         YES


 Original stiffness at shift : EV= 0.0000000E+00, f=     .000000, T=  -INFINITY-
 Number of eigenvalues below shift =      0
 Found mode      1 of     12:  EV= 1.4004692E+03, f=    5.956031, T=    0.167897
 Found mode      2 of     12:  EV= 4.6344202E+03, f=   10.834724, T=    0.092296

 Forming stiffness, new shift: EV= 2.2955761E+04, f=   24.113818, T=    0.041470
 Number of eigenvalues below shift =      2

 Forming stiffness, new shift: EV= 2.3603114E+04, f=   24.451459, T=    0.040897
 Number of eigenvalues below shift =      2
 Found mode      3 of     12:  EV= 2.3636932E+04, f=   24.468970, T=    0.040868

 Forming stiffness, new shift: EV= 2.4432515E+04, f=   24.877356, T=    0.040197
 Number of eigenvalues below shift =      3
 Found mode      4 of     12:  EV= 2.4476165E+04, f=   24.899568, T=    0.040161

 Forming stiffness, new shift: EV= 2.4932297E+04, f=   25.130508, T=    0.039792
 Number of eigenvalues below shift =      4
 Found mode      5 of     12:  EV= 2.4958600E+04, f=   25.143761, T=    0.039771

 Forming stiffness, new shift: EV= 2.5210327E+04, f=   25.270240, T=    0.039572
 Number of eigenvalues below shift =      5
 Found mode      6 of     12:  EV= 2.5224960E+04, f=   25.277573, T=    0.039561

 Iteration    Approximations to next 5 eigenvalues, from shift EV= 2.5210327E+04
      37   6.7938999E+01 1.2204886E+02 2.0656499E+02 2.1883443E+02 2.3883665E+02

 Found mode      7 of     12:  EV= 2.5278266E+04, f=   25.304268, T=    0.039519
 Found mode      8 of     12:  EV= 2.5332376E+04, f=   25.331336, T=    0.039477

 Forming stiffness, new shift: EV= 2.5406547E+04, f=   25.368393, T=    0.039419
 Number of eigenvalues below shift =      8
 Found mode      9 of     12:  EV= 2.5416875E+04, f=   25.373548, T=    0.039411
 Found mode     10 of     12:  EV= 2.5428876E+04, f=   25.379538, T=    0.039402
 Found mode     11 of     12:  EV= 2.5448550E+04, f=   25.389354, T=    0.039387
 Found mode     12 of     12:  EV= 2.5463632E+04, f=   25.396877, T=    0.039375

 NUMBER OF EIGEN MODES FOUND               =          12
 NUMBER OF ITERATIONS PERFORMED            =          52
 NUMBER OF STIFFNESS SHIFTS                =           6


 A N A L Y S I S   C O M P L E T E                          2016/09/08  00:11:55
