

 SAP2000 v16.1.1 Ultimate (Analysis Build 9194/32)
 File: C:\Users\Filippo\AppDat...\Debug\SAPMODEL\delos_turtle_20160909035524.LOG




 B E G I N   A N A L Y S I S                                2016/09/09  03:55:25


 RUNNING ANALYSIS WITHIN THE GUI PROCESS
 USING THE ADVANCED SOLVER (PROVIDES LIMITED INSTABILITY INFORMATION)

 NUMBER OF JOINTS                          =          77
    WITH RESTRAINTS                        =          18
 NUMBER OF FRAME/CABLE/TENDON ELEMENTS     =          98
 NUMBER OF LOAD PATTERNS                   =           6
 NUMBER OF ACCELERATION LOADS              =           6
 NUMBER OF LOAD CASES                      =           7


 E L E M E N T   F O R M A T I O N                                      03:55:25



 L I N E A R   E Q U A T I O N   S O L U T I O N                        03:55:25

 FORMING STIFFNESS AT ZERO (UNSTRESSED) INITIAL CONDITIONS

 TOTAL NUMBER OF EQUILIBRIUM EQUATIONS     =         354
 NUMBER OF NON-ZERO STIFFNESS TERMS        =        3903

 * * * W A R N I N G * * *
 THE STRUCTURE IS UNSTABLE OR ILL-CONDITIONED !!
 CHECK THE STRUCTURE CAREFULLY FOR:
 - INADEQUATE SUPPORT CONDITIONS, OR
 - ONE OR MORE INTERNAL MECHANISMS, OR
 - ZERO OR NEGATIVE STIFFNESS PROPERTIES, OR
 - EXTREMELY LARGE STIFFNESS PROPERTIES, OR
 - BUCKLING DUE TO P-DELTA OR GEOMETRIC NONLINEARITY, OR
 - A FREQUENCY SHIFT (IF ANY) ONTO A NATURAL FREQUENCY

 TO OBTAIN FURTHER INFORMATION:
 - USE THE STANDARD SOLVER, OR
 - RUN AN EIGEN ANALYSIS USING AUTO FREQUENCY SHIFTING (WITH
   ADDITIONAL MASS IF NEEDED) AND INVESTIGATE THE MODE SHAPES


 NUMBER OF EIGENVALUES BELOW SHIFT         =           5


 L I N E A R   S T A T I C   C A S E S                                  03:55:25

 USING STIFFNESS AT ZERO (UNSTRESSED) INITIAL CONDITIONS

 TOTAL NUMBER OF CASES TO SOLVE            =           6
 NUMBER OF CASES TO SOLVE PER BLOCK        =           6

 LINEAR STATIC CASES TO BE SOLVED:

 CASE: DEAD
 CASE: LIVE
 CASE: WIND +X
 CASE: WIND +Y
 CASE: WIND -X
 CASE: WIND -Y


 E I G E N   M O D A L   A N A L Y S I S                                03:55:25

 CASE: MODAL

 USING STIFFNESS AT ZERO (UNSTRESSED) INITIAL CONDITIONS

 NUMBER OF STIFFNESS DEGREES OF FREEDOM    =         354
 NUMBER OF MASS DEGREES OF FREEDOM         =         177
 MAXIMUM NUMBER OF EIGEN MODES SOUGHT      =          12
 MINIMUM NUMBER OF EIGEN MODES SOUGHT      =           1
 NUMBER OF RESIDUAL-MASS MODES SOUGHT      =           0
 NUMBER OF SUBSPACE VECTORS USED           =          24
 RELATIVE CONVERGENCE TOLERANCE            =    1.00E-09

 FREQUENCY SHIFT  (CENTER) (CYC/TIME)      =     .000000
 FREQUENCY CUTOFF (RADIUS) (CYC/TIME)      =  -INFINITY-
 ALLOW AUTOMATIC FREQUENCY SHIFTING        =         YES


 Original stiffness at shift : EV= 0.0000000E+00, f=     .000000, T=  -INFINITY-
 Number of eigenvalues below shift =      5

 Iteration    Approximations to next 5 eigenvalues, from shift EV= 0.0000000E+00
       1   7.3902039E-12-1.2691992E-11 1.8142969E-11-1.8911242E-11 1.3306973E-10

 Found mode      1 of     12:  EV= 7.3902039E-12, f=    4.33E-07, T=  2.3113E+06
 Found mode      2 of     12:  EV=-1.2691992E-11, f=   -5.67E-07, T= -1.7637E+06
 Found mode      3 of     12:  EV= 1.8142969E-11, f=    6.78E-07, T=  1.4751E+06
 Found mode      4 of     12:  EV=-1.8911242E-11, f=   -6.92E-07, T= -1.4448E+06
 Found mode      5 of     12:  EV= 1.3306973E-10, f=    1.84E-06, T=  544678.492
 Found mode      6 of     12:  EV= 2.6479054E-10, f=    2.59E-06, T=  386125.638
 Found mode      7 of     12:  EV= 2.6613951E-10, f=    2.60E-06, T=  385145.826

 Iteration    Approximations to next 5 eigenvalues, from shift EV= 0.0000000E+00
       3  -1.3445307E-09-1.3565534E-09 1.5971220E-09 1.6973568E-09 5.9715382E+02

 Found mode      8 of     12:  EV=-1.3445307E-09, f=   -5.84E-06, T= -171354.103
 Found mode      9 of     12:  EV=-1.3565534E-09, f=   -5.86E-06, T= -170593.082
 Found mode     10 of     12:  EV= 1.5971220E-09, f=    6.36E-06, T=  157221.095
 Found mode     11 of     12:  EV= 1.6973568E-09, f=    6.56E-06, T=  152508.235

 Iteration    Approximations to next 5 eigenvalues, from shift EV= 0.0000000E+00
       6   1.5401931E+03 1.7986857E+03 2.8976648E+03 2.8979337E+03 3.0907353E+03
       8   1.5402607E+03 1.7986833E+03 2.8976533E+03 2.8979331E+03 3.0907551E+03
      10   1.5402079E+03 1.7986280E+03 2.8976689E+03 2.8979338E+03 3.0907526E+03

 Forming stiffness, new shift: EV= 1.4631991E+03, f=    6.087961, T=    0.164259
 Number of eigenvalues below shift =     12

 Iteration    Approximations to next 5 eigenvalues, from shift EV= 1.4631991E+03
      13   7.7066304E+01 3.3550192E+02 1.4347366E+03 1.4347368E+03 1.6277244E+03

 Found mode     12 of     12:  EV= 1.5402654E+03, f=    6.246229, T=    0.160097

 * * * W A R N I N G * * *
 ZERO OR NEGATIVE MODAL-MASS VALUES WERE DETECTED DURING ITERATION,
 THE RESULTING EIGEN-MODES MAY NOT BE VALID - CHECK THEM CAREFULLY !!

 THE STRUCTURE IS UNSTABLE OR ILL-CONDITIONED !!
 CHECK THE STRUCTURE CAREFULLY FOR:
 - INADEQUATE SUPPORT CONDITIONS, OR
 - ONE OR MORE INTERNAL MECHANISMS, OR
 - ZERO OR NEGATIVE STIFFNESS PROPERTIES, OR
 - EXTREMELY LARGE STIFFNESS PROPERTIES, OR
 - BUCKLING DUE TO P-DELTA OR GEOMETRIC NONLINEARITY, OR
 - A FREQUENCY SHIFT (IF ANY) ONTO A NATURAL FREQUENCY


 NUMBER OF EIGEN MODES FOUND               =          12
 NUMBER OF ITERATIONS PERFORMED            =          13
 NUMBER OF STIFFNESS SHIFTS                =           1


 A N A L Y S I S   C O M P L E T E                          2016/09/09  03:55:26
