

 SAP2000 v16.1.1 Ultimate (Analysis Build 9194/32)
 File: C:\Users\Filippo\AppDat...\Debug\SAPMODEL\delos_turtle_20160909032757.LOG




 B E G I N   A N A L Y S I S                                2016/09/09  03:27:58


 RUNNING ANALYSIS WITHIN THE GUI PROCESS
 USING THE ADVANCED SOLVER (PROVIDES LIMITED INSTABILITY INFORMATION)

 NUMBER OF JOINTS                          =         180
    WITH RESTRAINTS                        =          25
 NUMBER OF FRAME/CABLE/TENDON ELEMENTS     =         415
 NUMBER OF LOAD PATTERNS                   =           6
 NUMBER OF ACCELERATION LOADS              =           6
 NUMBER OF LOAD CASES                      =           7


 E L E M E N T   F O R M A T I O N                                      03:27:58



 L I N E A R   E Q U A T I O N   S O L U T I O N                        03:27:58

 FORMING STIFFNESS AT ZERO (UNSTRESSED) INITIAL CONDITIONS

 TOTAL NUMBER OF EQUILIBRIUM EQUATIONS     =         930
 NUMBER OF NON-ZERO STIFFNESS TERMS        =       13335

 * * * W A R N I N G * * *
 THE STRUCTURE IS UNSTABLE OR ILL-CONDITIONED !!
 CHECK THE STRUCTURE CAREFULLY FOR:
 - INADEQUATE SUPPORT CONDITIONS, OR
 - ONE OR MORE INTERNAL MECHANISMS, OR
 - ZERO OR NEGATIVE STIFFNESS PROPERTIES, OR
 - EXTREMELY LARGE STIFFNESS PROPERTIES, OR
 - BUCKLING DUE TO P-DELTA OR GEOMETRIC NONLINEARITY, OR
 - A FREQUENCY SHIFT (IF ANY) ONTO A NATURAL FREQUENCY

 TO OBTAIN FURTHER INFORMATION:
 - USE THE STANDARD SOLVER, OR
 - RUN AN EIGEN ANALYSIS USING AUTO FREQUENCY SHIFTING (WITH
   ADDITIONAL MASS IF NEEDED) AND INVESTIGATE THE MODE SHAPES


 NUMBER OF EIGENVALUES BELOW SHIFT         =           4


 L I N E A R   S T A T I C   C A S E S                                  03:27:59

 USING STIFFNESS AT ZERO (UNSTRESSED) INITIAL CONDITIONS

 TOTAL NUMBER OF CASES TO SOLVE            =           6
 NUMBER OF CASES TO SOLVE PER BLOCK        =           6

 LINEAR STATIC CASES TO BE SOLVED:

 CASE: DEAD
 CASE: LIVE
 CASE: WIND +X
 CASE: WIND +Y
 CASE: WIND -X
 CASE: WIND -Y


 E I G E N   M O D A L   A N A L Y S I S                                03:27:59

 CASE: MODAL

 USING STIFFNESS AT ZERO (UNSTRESSED) INITIAL CONDITIONS

 NUMBER OF STIFFNESS DEGREES OF FREEDOM    =         930
 NUMBER OF MASS DEGREES OF FREEDOM         =         465
 MAXIMUM NUMBER OF EIGEN MODES SOUGHT      =          12
 MINIMUM NUMBER OF EIGEN MODES SOUGHT      =           1
 NUMBER OF RESIDUAL-MASS MODES SOUGHT      =           0
 NUMBER OF SUBSPACE VECTORS USED           =          24
 RELATIVE CONVERGENCE TOLERANCE            =    1.00E-09

 FREQUENCY SHIFT  (CENTER) (CYC/TIME)      =     .000000
 FREQUENCY CUTOFF (RADIUS) (CYC/TIME)      =  -INFINITY-
 ALLOW AUTOMATIC FREQUENCY SHIFTING        =         YES


 Original stiffness at shift : EV= 0.0000000E+00, f=     .000000, T=  -INFINITY-
 Number of eigenvalues below shift =      4
 Found mode      1 of     12:  EV=-2.5095944E-12, f=   -2.52E-07, T= -3.9662E+06
 Found mode      2 of     12:  EV=-1.6708175E-11, f=   -6.51E-07, T= -1.5371E+06
 Found mode      3 of     12:  EV=-5.4728194E-10, f=   -3.72E-06, T= -268580.395
 Found mode      4 of     12:  EV= 1.3082004E-09, f=    5.76E-06, T=  173717.163

 Forming stiffness, new shift: EV= 1.3511407E+03, f=    5.850196, T=    0.170934
 Number of eigenvalues below shift =      5
 Found mode      5 of     12:  EV= 1.4625602E+03, f=    6.086632, T=    0.164294
 Found mode      6 of     12:  EV= 4.2674172E+03, f=   10.396872, T=    0.096183
 Found mode      7 of     12:  EV= 4.4478581E+03, f=   10.614404, T=    0.094212

 Forming stiffness, new shift: EV= 1.2516421E+04, f=   17.805748, T=    0.056162
 Number of eigenvalues below shift =      8

 Iteration    Approximations to next 5 eigenvalues, from shift EV= 1.2516421E+04
      13   5.8764199E+02 7.3531934E+03 7.4408632E+03 7.4423492E+03 7.4514571E+03

 Found mode      8 of     12:  EV= 1.3104063E+04, f=   18.218940, T=    0.054888

 Forming stiffness, new shift: EV= 1.9488880E+04, f=   22.218440, T=    0.045008
 Number of eigenvalues below shift =      9
 Found mode      9 of     12:  EV= 1.9855803E+04, f=   22.426622, T=    0.044590
 Found mode     10 of     12:  EV= 1.9939980E+04, f=   22.474110, T=    0.044496
 Found mode     11 of     12:  EV= 1.9939980E+04, f=   22.474110, T=    0.044496
 Found mode     12 of     12:  EV= 1.9939980E+04, f=   22.474110, T=    0.044496

 * * * W A R N I N G * * *
 ZERO OR NEGATIVE MODAL-MASS VALUES WERE DETECTED DURING ITERATION,
 THE RESULTING EIGEN-MODES MAY NOT BE VALID - CHECK THEM CAREFULLY !!

 THE STRUCTURE IS UNSTABLE OR ILL-CONDITIONED !!
 CHECK THE STRUCTURE CAREFULLY FOR:
 - INADEQUATE SUPPORT CONDITIONS, OR
 - ONE OR MORE INTERNAL MECHANISMS, OR
 - ZERO OR NEGATIVE STIFFNESS PROPERTIES, OR
 - EXTREMELY LARGE STIFFNESS PROPERTIES, OR
 - BUCKLING DUE TO P-DELTA OR GEOMETRIC NONLINEARITY, OR
 - A FREQUENCY SHIFT (IF ANY) ONTO A NATURAL FREQUENCY


 NUMBER OF EIGEN MODES FOUND               =          12
 NUMBER OF ITERATIONS PERFORMED            =          22
 NUMBER OF STIFFNESS SHIFTS                =           3


 A N A L Y S I S   C O M P L E T E                          2016/09/09  03:27:59
