

 SAP2000 v16.1.1 Ultimate (Analysis Build 9194/32)
 File: C:\Users\Filippo\AppDat...\Debug\SAPMODEL\delos_turtle_20160908002947.LOG




 B E G I N   A N A L Y S I S                                2016/09/08  00:29:49


 RUNNING ANALYSIS WITHIN THE GUI PROCESS
 USING THE ADVANCED SOLVER (PROVIDES LIMITED INSTABILITY INFORMATION)

 NUMBER OF JOINTS                          =         105
    WITH RESTRAINTS                        =          22
 NUMBER OF FRAME/CABLE/TENDON ELEMENTS     =         167
 NUMBER OF LOAD PATTERNS                   =           6
 NUMBER OF ACCELERATION LOADS              =           6
 NUMBER OF LOAD CASES                      =           7


 E L E M E N T   F O R M A T I O N                                      00:29:49



 L I N E A R   E Q U A T I O N   S O L U T I O N                        00:29:49

 FORMING STIFFNESS AT ZERO (UNSTRESSED) INITIAL CONDITIONS

 TOTAL NUMBER OF EQUILIBRIUM EQUATIONS     =         498
 NUMBER OF NON-ZERO STIFFNESS TERMS        =        6207

 * * * W A R N I N G * * *
 THE STRUCTURE IS UNSTABLE OR ILL-CONDITIONED !!
 CHECK THE STRUCTURE CAREFULLY FOR:
 - INADEQUATE SUPPORT CONDITIONS, OR
 - ONE OR MORE INTERNAL MECHANISMS, OR
 - ZERO OR NEGATIVE STIFFNESS PROPERTIES, OR
 - EXTREMELY LARGE STIFFNESS PROPERTIES, OR
 - BUCKLING DUE TO P-DELTA OR GEOMETRIC NONLINEARITY, OR
 - A FREQUENCY SHIFT (IF ANY) ONTO A NATURAL FREQUENCY

 TO OBTAIN FURTHER INFORMATION:
 - USE THE STANDARD SOLVER, OR
 - RUN AN EIGEN ANALYSIS USING AUTO FREQUENCY SHIFTING (WITH
   ADDITIONAL MASS IF NEEDED) AND INVESTIGATE THE MODE SHAPES


 NUMBER OF EIGENVALUES BELOW SHIFT         =           6


 L I N E A R   S T A T I C   C A S E S                                  00:29:49

 USING STIFFNESS AT ZERO (UNSTRESSED) INITIAL CONDITIONS

 TOTAL NUMBER OF CASES TO SOLVE            =           6
 NUMBER OF CASES TO SOLVE PER BLOCK        =           6

 LINEAR STATIC CASES TO BE SOLVED:

 CASE: DEAD
 CASE: LIVE
 CASE: WIND +X
 CASE: WIND +Y
 CASE: WIND -X
 CASE: WIND -Y


 E I G E N   M O D A L   A N A L Y S I S                                00:29:49

 CASE: MODAL

 USING STIFFNESS AT ZERO (UNSTRESSED) INITIAL CONDITIONS

 NUMBER OF STIFFNESS DEGREES OF FREEDOM    =         498
 NUMBER OF MASS DEGREES OF FREEDOM         =         249
 MAXIMUM NUMBER OF EIGEN MODES SOUGHT      =          12
 MINIMUM NUMBER OF EIGEN MODES SOUGHT      =           1
 NUMBER OF RESIDUAL-MASS MODES SOUGHT      =           0
 NUMBER OF SUBSPACE VECTORS USED           =          24
 RELATIVE CONVERGENCE TOLERANCE            =    1.00E-09

 FREQUENCY SHIFT  (CENTER) (CYC/TIME)      =     .000000
 FREQUENCY CUTOFF (RADIUS) (CYC/TIME)      =  -INFINITY-
 ALLOW AUTOMATIC FREQUENCY SHIFTING        =         YES


 Original stiffness at shift : EV= 0.0000000E+00, f=     .000000, T=  -INFINITY-
 Number of eigenvalues below shift =      6
 Found mode      1 of     12:  EV=-5.6731014E-12, f=   -3.79E-07, T= -2.6380E+06
 Found mode      2 of     12:  EV= 7.9393356E-12, f=    4.48E-07, T=  2.2299E+06
 Found mode      3 of     12:  EV=-2.7833774E-11, f=   -8.40E-07, T= -1.1910E+06
 Found mode      4 of     12:  EV= 3.0047901E-11, f=    8.72E-07, T=  1.1462E+06
 Found mode      5 of     12:  EV= 2.3968427E-10, f=    2.46E-06, T=  405844.911
 Found mode      6 of     12:  EV= 2.6545628E-10, f=    2.59E-06, T=  385641.148
 Found mode      7 of     12:  EV=-4.6671523E-10, f=   -3.44E-06, T= -290839.829
 Found mode      8 of     12:  EV=-1.0558943E-09, f=   -5.17E-06, T= -193361.339
 Found mode      9 of     12:  EV= 1.0898724E-09, f=    5.25E-06, T=  190323.334
 Found mode     10 of     12:  EV=-1.9414034E-09, f=   -7.01E-06, T= -142600.805
 Found mode     11 of     12:  EV=-2.4290402E-09, f=   -7.84E-06, T= -127486.006

 Iteration    Approximations to next 5 eigenvalues, from shift EV= 0.0000000E+00
       4   2.8954410E+03 2.8977618E+03 3.0889581E+03 3.0916587E+03 3.5169694E+03
       7   2.8952207E+03 2.8977366E+03 3.0878571E+03 3.0909200E+03 3.5161488E+03

 Forming stiffness, new shift: EV= 2.7504597E+03, f=    8.346853, T=    0.119806
 Number of eigenvalues below shift =     11

 Iteration    Approximations to next 5 eigenvalues, from shift EV= 2.7504597E+03
       9   1.4747601E+02 1.4747625E+02 3.4046382E+02 3.4046393E+02 7.6718587E+02

 Found mode     12 of     12:  EV= 2.8979357E+03, f=    8.567705, T=    0.116717

 * * * W A R N I N G * * *
 ZERO OR NEGATIVE MODAL-MASS VALUES WERE DETECTED DURING ITERATION,
 THE RESULTING EIGEN-MODES MAY NOT BE VALID - CHECK THEM CAREFULLY !!

 THE STRUCTURE IS UNSTABLE OR ILL-CONDITIONED !!
 CHECK THE STRUCTURE CAREFULLY FOR:
 - INADEQUATE SUPPORT CONDITIONS, OR
 - ONE OR MORE INTERNAL MECHANISMS, OR
 - ZERO OR NEGATIVE STIFFNESS PROPERTIES, OR
 - EXTREMELY LARGE STIFFNESS PROPERTIES, OR
 - BUCKLING DUE TO P-DELTA OR GEOMETRIC NONLINEARITY, OR
 - A FREQUENCY SHIFT (IF ANY) ONTO A NATURAL FREQUENCY


 NUMBER OF EIGEN MODES FOUND               =          12
 NUMBER OF ITERATIONS PERFORMED            =           9
 NUMBER OF STIFFNESS SHIFTS                =           1


 A N A L Y S I S   C O M P L E T E                          2016/09/08  00:29:49
