

 SAP2000 v16.1.1 Ultimate (Analysis Build 9194/32)
 File: C:\Users\Filippo\AppDat...\Debug\SAPMODEL\delos_turtle_20160908002106.LOG




 B E G I N   A N A L Y S I S                                2016/09/08  00:21:08


 RUNNING ANALYSIS WITHIN THE GUI PROCESS
 USING THE ADVANCED SOLVER (PROVIDES LIMITED INSTABILITY INFORMATION)

 NUMBER OF JOINTS                          =         139
    WITH RESTRAINTS                        =          24
 NUMBER OF FRAME/CABLE/TENDON ELEMENTS     =         273
 NUMBER OF LOAD PATTERNS                   =           6
 NUMBER OF ACCELERATION LOADS              =           6
 NUMBER OF LOAD CASES                      =           7


 E L E M E N T   F O R M A T I O N                                      00:21:08



 L I N E A R   E Q U A T I O N   S O L U T I O N                        00:21:08

 FORMING STIFFNESS AT ZERO (UNSTRESSED) INITIAL CONDITIONS

 TOTAL NUMBER OF EQUILIBRIUM EQUATIONS     =         690
 NUMBER OF NON-ZERO STIFFNESS TERMS        =        9723

 * * * W A R N I N G * * *
 THE STRUCTURE IS UNSTABLE OR ILL-CONDITIONED !!
 CHECK THE STRUCTURE CAREFULLY FOR:
 - INADEQUATE SUPPORT CONDITIONS, OR
 - ONE OR MORE INTERNAL MECHANISMS, OR
 - ZERO OR NEGATIVE STIFFNESS PROPERTIES, OR
 - EXTREMELY LARGE STIFFNESS PROPERTIES, OR
 - BUCKLING DUE TO P-DELTA OR GEOMETRIC NONLINEARITY, OR
 - A FREQUENCY SHIFT (IF ANY) ONTO A NATURAL FREQUENCY

 TO OBTAIN FURTHER INFORMATION:
 - USE THE STANDARD SOLVER, OR
 - RUN AN EIGEN ANALYSIS USING AUTO FREQUENCY SHIFTING (WITH
   ADDITIONAL MASS IF NEEDED) AND INVESTIGATE THE MODE SHAPES


 NUMBER OF EIGENVALUES BELOW SHIFT         =           4


 L I N E A R   S T A T I C   C A S E S                                  00:21:08

 USING STIFFNESS AT ZERO (UNSTRESSED) INITIAL CONDITIONS

 TOTAL NUMBER OF CASES TO SOLVE            =           6
 NUMBER OF CASES TO SOLVE PER BLOCK        =           6

 LINEAR STATIC CASES TO BE SOLVED:

 CASE: DEAD
 CASE: LIVE
 CASE: WIND +X
 CASE: WIND +Y
 CASE: WIND -X
 CASE: WIND -Y


 E I G E N   M O D A L   A N A L Y S I S                                00:21:08

 CASE: MODAL

 USING STIFFNESS AT ZERO (UNSTRESSED) INITIAL CONDITIONS

 NUMBER OF STIFFNESS DEGREES OF FREEDOM    =         690
 NUMBER OF MASS DEGREES OF FREEDOM         =         345
 MAXIMUM NUMBER OF EIGEN MODES SOUGHT      =          12
 MINIMUM NUMBER OF EIGEN MODES SOUGHT      =           1
 NUMBER OF RESIDUAL-MASS MODES SOUGHT      =           0
 NUMBER OF SUBSPACE VECTORS USED           =          24
 RELATIVE CONVERGENCE TOLERANCE            =    1.00E-09

 FREQUENCY SHIFT  (CENTER) (CYC/TIME)      =     .000000
 FREQUENCY CUTOFF (RADIUS) (CYC/TIME)      =  -INFINITY-
 ALLOW AUTOMATIC FREQUENCY SHIFTING        =         YES


 Original stiffness at shift : EV= 0.0000000E+00, f=     .000000, T=  -INFINITY-
 Number of eigenvalues below shift =      4
 Found mode      1 of     12:  EV=-9.7689761E-12, f=   -4.97E-07, T= -2.0103E+06
 Found mode      2 of     12:  EV=-3.1852093E-11, f=   -8.98E-07, T= -1.1133E+06
 Found mode      3 of     12:  EV= 2.6198241E-10, f=    2.58E-06, T=  388189.512

 Iteration    Approximations to next 5 eigenvalues, from shift EV= 0.0000000E+00
       3   9.1116615E-10 1.9391894E-09 2.2110900E-09 2.6999914E+02 5.0555052E+02

 Found mode      4 of     12:  EV= 9.1116615E-10, f=    4.80E-06, T=  208152.236
 Found mode      5 of     12:  EV= 1.9391894E-09, f=    7.01E-06, T=  142682.187
 Found mode      6 of     12:  EV= 2.2110900E-09, f=    7.48E-06, T=  133621.596

 Iteration    Approximations to next 5 eigenvalues, from shift EV= 0.0000000E+00
       6   1.3269736E+03 1.6834126E+03 5.3170044E+03 5.7304661E+03 6.0286827E+03

 Found mode      7 of     12:  EV= 1.3269736E+03, f=    5.797640, T=    0.172484
 Found mode      8 of     12:  EV= 1.6834126E+03, f=    6.530034, T=    0.153139

 Iteration    Approximations to next 5 eigenvalues, from shift EV= 0.0000000E+00
       7   5.3170019E+03 5.7304617E+03 6.0286779E+03 8.4754329E+03 8.7273866E+03

 Found mode      9 of     12:  EV= 5.3170017E+03, f=   11.605224, T=    0.086168

 Forming stiffness, new shift: EV= 5.4439388E+03, f=   11.742937, T=    0.085158
 Number of eigenvalues below shift =     11
 Found mode     10 of     12:  EV= 5.7304661E+03, f=   12.048004, T=    0.083001
 Found mode     11 of     12:  EV= 6.0286776E+03, f=   12.357515, T=    0.080922
 Found mode     12 of     12:  EV= 8.4754198E+03, f=   14.652129, T=    0.068249

 * * * W A R N I N G * * *
 ZERO OR NEGATIVE MODAL-MASS VALUES WERE DETECTED DURING ITERATION,
 THE RESULTING EIGEN-MODES MAY NOT BE VALID - CHECK THEM CAREFULLY !!

 THE STRUCTURE IS UNSTABLE OR ILL-CONDITIONED !!
 CHECK THE STRUCTURE CAREFULLY FOR:
 - INADEQUATE SUPPORT CONDITIONS, OR
 - ONE OR MORE INTERNAL MECHANISMS, OR
 - ZERO OR NEGATIVE STIFFNESS PROPERTIES, OR
 - EXTREMELY LARGE STIFFNESS PROPERTIES, OR
 - BUCKLING DUE TO P-DELTA OR GEOMETRIC NONLINEARITY, OR
 - A FREQUENCY SHIFT (IF ANY) ONTO A NATURAL FREQUENCY


 NUMBER OF EIGEN MODES FOUND               =          12
 NUMBER OF ITERATIONS PERFORMED            =          14
 NUMBER OF STIFFNESS SHIFTS                =           1


 A N A L Y S I S   C O M P L E T E                          2016/09/08  00:21:08
