

 SAP2000 v16.1.1 Ultimate (Analysis Build 9194/32)
 File: C:\Users\Filippo\AppDat...\Debug\SAPMODEL\delos_turtle_20160909034932.LOG




 B E G I N   A N A L Y S I S                                2016/09/09  03:49:34


 RUNNING ANALYSIS WITHIN THE GUI PROCESS
 USING THE ADVANCED SOLVER (PROVIDES LIMITED INSTABILITY INFORMATION)

 NUMBER OF JOINTS                          =          84
    WITH RESTRAINTS                        =          20
 NUMBER OF FRAME/CABLE/TENDON ELEMENTS     =         114
 NUMBER OF LOAD PATTERNS                   =           6
 NUMBER OF ACCELERATION LOADS              =           6
 NUMBER OF LOAD CASES                      =           7


 E L E M E N T   F O R M A T I O N                                      03:49:34



 L I N E A R   E Q U A T I O N   S O L U T I O N                        03:49:34

 FORMING STIFFNESS AT ZERO (UNSTRESSED) INITIAL CONDITIONS

 TOTAL NUMBER OF EQUILIBRIUM EQUATIONS     =         384
 NUMBER OF NON-ZERO STIFFNESS TERMS        =        4476

 * * * W A R N I N G * * *
 THE STRUCTURE IS UNSTABLE OR ILL-CONDITIONED !!
 CHECK THE STRUCTURE CAREFULLY FOR:
 - INADEQUATE SUPPORT CONDITIONS, OR
 - ONE OR MORE INTERNAL MECHANISMS, OR
 - ZERO OR NEGATIVE STIFFNESS PROPERTIES, OR
 - EXTREMELY LARGE STIFFNESS PROPERTIES, OR
 - BUCKLING DUE TO P-DELTA OR GEOMETRIC NONLINEARITY, OR
 - A FREQUENCY SHIFT (IF ANY) ONTO A NATURAL FREQUENCY

 TO OBTAIN FURTHER INFORMATION:
 - USE THE STANDARD SOLVER, OR
 - RUN AN EIGEN ANALYSIS USING AUTO FREQUENCY SHIFTING (WITH
   ADDITIONAL MASS IF NEEDED) AND INVESTIGATE THE MODE SHAPES


 NUMBER OF EIGENVALUES BELOW SHIFT         =           5


 L I N E A R   S T A T I C   C A S E S                                  03:49:34

 USING STIFFNESS AT ZERO (UNSTRESSED) INITIAL CONDITIONS

 TOTAL NUMBER OF CASES TO SOLVE            =           6
 NUMBER OF CASES TO SOLVE PER BLOCK        =           6

 LINEAR STATIC CASES TO BE SOLVED:

 CASE: DEAD
 CASE: LIVE
 CASE: WIND +X
 CASE: WIND +Y
 CASE: WIND -X
 CASE: WIND -Y


 E I G E N   M O D A L   A N A L Y S I S                                03:49:34

 CASE: MODAL

 USING STIFFNESS AT ZERO (UNSTRESSED) INITIAL CONDITIONS

 NUMBER OF STIFFNESS DEGREES OF FREEDOM    =         384
 NUMBER OF MASS DEGREES OF FREEDOM         =         192
 MAXIMUM NUMBER OF EIGEN MODES SOUGHT      =          12
 MINIMUM NUMBER OF EIGEN MODES SOUGHT      =           1
 NUMBER OF RESIDUAL-MASS MODES SOUGHT      =           0
 NUMBER OF SUBSPACE VECTORS USED           =          24
 RELATIVE CONVERGENCE TOLERANCE            =    1.00E-09

 FREQUENCY SHIFT  (CENTER) (CYC/TIME)      =     .000000
 FREQUENCY CUTOFF (RADIUS) (CYC/TIME)      =  -INFINITY-
 ALLOW AUTOMATIC FREQUENCY SHIFTING        =         YES


 Original stiffness at shift : EV= 0.0000000E+00, f=     .000000, T=  -INFINITY-
 Number of eigenvalues below shift =      5

 Iteration    Approximations to next 5 eigenvalues, from shift EV= 0.0000000E+00
       1   7.3916632E-12-1.2691992E-11 2.6513551E-10 2.6528208E-10 2.6613942E-10

 Found mode      1 of     12:  EV= 7.3916632E-12, f=    4.33E-07, T=  2.3110E+06
 Found mode      2 of     12:  EV=-1.2691992E-11, f=   -5.67E-07, T= -1.7637E+06
 Found mode      3 of     12:  EV= 2.6513551E-10, f=    2.59E-06, T=  385874.355
 Found mode      4 of     12:  EV= 2.6528208E-10, f=    2.59E-06, T=  385767.746
 Found mode      5 of     12:  EV= 2.6613942E-10, f=    2.60E-06, T=  385145.885
 Found mode      6 of     12:  EV=-4.8458191E-10, f=   -3.50E-06, T= -285427.800
 Found mode      7 of     12:  EV=-7.2686276E-10, f=   -4.29E-06, T= -233052.442
 Found mode      8 of     12:  EV=-1.3565534E-09, f=   -5.86E-06, T= -170593.082
 Found mode      9 of     12:  EV= 1.5550971E-09, f=    6.28E-06, T=  159331.304
 Found mode     10 of     12:  EV= 2.4342172E-09, f=    7.85E-06, T=  127350.369

 Iteration    Approximations to next 5 eigenvalues, from shift EV= 0.0000000E+00
       6   1.6573403E+03 2.8974826E+03 2.8979353E+03 3.0906180E+03 3.0909224E+03

 Forming stiffness, new shift: EV= 1.5744732E+03, f=    6.315210, T=    0.158348
 Number of eigenvalues below shift =     11

 Found mode     11 of     12:  EV= 1.6573989E+03, f=    6.479383, T=    0.154336
 Found mode     12 of     12:  EV= 2.8979357E+03, f=    8.567705, T=    0.116717

 * * * W A R N I N G * * *
 ZERO OR NEGATIVE MODAL-MASS VALUES WERE DETECTED DURING ITERATION,
 THE RESULTING EIGEN-MODES MAY NOT BE VALID - CHECK THEM CAREFULLY !!

 THE STRUCTURE IS UNSTABLE OR ILL-CONDITIONED !!
 CHECK THE STRUCTURE CAREFULLY FOR:
 - INADEQUATE SUPPORT CONDITIONS, OR
 - ONE OR MORE INTERNAL MECHANISMS, OR
 - ZERO OR NEGATIVE STIFFNESS PROPERTIES, OR
 - EXTREMELY LARGE STIFFNESS PROPERTIES, OR
 - BUCKLING DUE TO P-DELTA OR GEOMETRIC NONLINEARITY, OR
 - A FREQUENCY SHIFT (IF ANY) ONTO A NATURAL FREQUENCY


 NUMBER OF EIGEN MODES FOUND               =          12
 NUMBER OF ITERATIONS PERFORMED            =           8
 NUMBER OF STIFFNESS SHIFTS                =           1


 A N A L Y S I S   C O M P L E T E                          2016/09/09  03:49:34
