

 SAP2000 v16.1.1 Ultimate (Analysis Build 9194/32)
 File: C:\Users\Filippo\AppDat...\Debug\SAPMODEL\delos_turtle_20160908003528.LOG




 B E G I N   A N A L Y S I S                                2016/09/08  00:35:29


 RUNNING ANALYSIS WITHIN THE GUI PROCESS
 USING THE ADVANCED SOLVER (PROVIDES LIMITED INSTABILITY INFORMATION)

 NUMBER OF JOINTS                          =          90
    WITH RESTRAINTS                        =          21
 NUMBER OF FRAME/CABLE/TENDON ELEMENTS     =         129
 NUMBER OF LOAD PATTERNS                   =           6
 NUMBER OF ACCELERATION LOADS              =           6
 NUMBER OF LOAD CASES                      =           7


 E L E M E N T   F O R M A T I O N                                      00:35:29



 L I N E A R   E Q U A T I O N   S O L U T I O N                        00:35:29

 FORMING STIFFNESS AT ZERO (UNSTRESSED) INITIAL CONDITIONS

 TOTAL NUMBER OF EQUILIBRIUM EQUATIONS     =         414
 NUMBER OF NON-ZERO STIFFNESS TERMS        =        4977

 * * * W A R N I N G * * *
 THE STRUCTURE IS UNSTABLE OR ILL-CONDITIONED !!
 CHECK THE STRUCTURE CAREFULLY FOR:
 - INADEQUATE SUPPORT CONDITIONS, OR
 - ONE OR MORE INTERNAL MECHANISMS, OR
 - ZERO OR NEGATIVE STIFFNESS PROPERTIES, OR
 - EXTREMELY LARGE STIFFNESS PROPERTIES, OR
 - BUCKLING DUE TO P-DELTA OR GEOMETRIC NONLINEARITY, OR
 - A FREQUENCY SHIFT (IF ANY) ONTO A NATURAL FREQUENCY

 TO OBTAIN FURTHER INFORMATION:
 - USE THE STANDARD SOLVER, OR
 - RUN AN EIGEN ANALYSIS USING AUTO FREQUENCY SHIFTING (WITH
   ADDITIONAL MASS IF NEEDED) AND INVESTIGATE THE MODE SHAPES


 NUMBER OF EIGENVALUES BELOW SHIFT         =           4


 L I N E A R   S T A T I C   C A S E S                                  00:35:29

 USING STIFFNESS AT ZERO (UNSTRESSED) INITIAL CONDITIONS

 TOTAL NUMBER OF CASES TO SOLVE            =           6
 NUMBER OF CASES TO SOLVE PER BLOCK        =           6

 LINEAR STATIC CASES TO BE SOLVED:

 CASE: DEAD
 CASE: LIVE
 CASE: WIND +X
 CASE: WIND +Y
 CASE: WIND -X
 CASE: WIND -Y


 E I G E N   M O D A L   A N A L Y S I S                                00:35:29

 CASE: MODAL

 USING STIFFNESS AT ZERO (UNSTRESSED) INITIAL CONDITIONS

 NUMBER OF STIFFNESS DEGREES OF FREEDOM    =         414
 NUMBER OF MASS DEGREES OF FREEDOM         =         207
 MAXIMUM NUMBER OF EIGEN MODES SOUGHT      =          12
 MINIMUM NUMBER OF EIGEN MODES SOUGHT      =           1
 NUMBER OF RESIDUAL-MASS MODES SOUGHT      =           0
 NUMBER OF SUBSPACE VECTORS USED           =          24
 RELATIVE CONVERGENCE TOLERANCE            =    1.00E-09

 FREQUENCY SHIFT  (CENTER) (CYC/TIME)      =     .000000
 FREQUENCY CUTOFF (RADIUS) (CYC/TIME)      =  -INFINITY-
 ALLOW AUTOMATIC FREQUENCY SHIFTING        =         YES


 Original stiffness at shift : EV= 0.0000000E+00, f=     .000000, T=  -INFINITY-
 Number of eigenvalues below shift =      4
 Found mode      1 of     12:  EV=-4.3802593E-12, f=   -3.33E-07, T= -3.0021E+06
 Found mode      2 of     12:  EV=-1.1969556E-10, f=   -1.74E-06, T= -574302.684
 Found mode      3 of     12:  EV= 1.3284135E-10, f=    1.83E-06, T=  545146.501
 Found mode      4 of     12:  EV= 2.6198241E-10, f=    2.58E-06, T=  388189.512
 Found mode      5 of     12:  EV= 2.7496946E-10, f=    2.64E-06, T=  378911.369
 Found mode      6 of     12:  EV=-8.1176645E-10, f=   -4.53E-06, T= -220528.295
 Found mode      7 of     12:  EV=-9.2006103E-10, f=   -4.83E-06, T= -207143.614
 Found mode      8 of     12:  EV= 1.9391894E-09, f=    7.01E-06, T=  142682.187

 Iteration    Approximations to next 5 eigenvalues, from shift EV= 0.0000000E+00
       7   3.3576420E+02 2.8979349E+03 2.8988026E+03 3.0909215E+03 3.0912907E+03

 Forming stiffness, new shift: EV= 7.0612950E+01, f=    1.337403, T=    0.747718
 Number of eigenvalues below shift =      8

 Found mode      9 of     12:  EV= 2.8979357E+03, f=    8.567705, T=    0.116717
 Found mode     10 of     12:  EV= 2.8979359E+03, f=    8.567705, T=    0.116717
 Found mode     11 of     12:  EV= 3.0909235E+03, f=    8.848390, T=    0.113015
 Found mode     12 of     12:  EV= 3.0909236E+03, f=    8.848390, T=    0.113015

 * * * W A R N I N G * * *
 ZERO OR NEGATIVE MODAL-MASS VALUES WERE DETECTED DURING ITERATION,
 THE RESULTING EIGEN-MODES MAY NOT BE VALID - CHECK THEM CAREFULLY !!

 THE STRUCTURE IS UNSTABLE OR ILL-CONDITIONED !!
 CHECK THE STRUCTURE CAREFULLY FOR:
 - INADEQUATE SUPPORT CONDITIONS, OR
 - ONE OR MORE INTERNAL MECHANISMS, OR
 - ZERO OR NEGATIVE STIFFNESS PROPERTIES, OR
 - EXTREMELY LARGE STIFFNESS PROPERTIES, OR
 - BUCKLING DUE TO P-DELTA OR GEOMETRIC NONLINEARITY, OR
 - A FREQUENCY SHIFT (IF ANY) ONTO A NATURAL FREQUENCY


 NUMBER OF EIGEN MODES FOUND               =          12
 NUMBER OF ITERATIONS PERFORMED            =          10
 NUMBER OF STIFFNESS SHIFTS                =           1


 A N A L Y S I S   C O M P L E T E                          2016/09/08  00:35:30
