

 SAP2000 v16.1.1 Ultimate (Analysis Build 9194/32)
 File: C:\Users\Filippo\AppDat...\Debug\SAPMODEL\delos_turtle_20160903125224.LOG




 B E G I N   A N A L Y S I S                                2016/09/03  12:52:25


 RUNNING ANALYSIS WITHIN THE GUI PROCESS
 USING THE ADVANCED SOLVER (PROVIDES LIMITED INSTABILITY INFORMATION)

 NUMBER OF JOINTS                          =         187
    WITH RESTRAINTS                        =          25
 NUMBER OF FRAME/CABLE/TENDON ELEMENTS     =         505
 NUMBER OF LOAD PATTERNS                   =           6
 NUMBER OF ACCELERATION LOADS              =           6
 NUMBER OF LOAD CASES                      =           7


 E L E M E N T   F O R M A T I O N                                      12:52:25



 L I N E A R   E Q U A T I O N   S O L U T I O N                        12:52:25

 FORMING STIFFNESS AT ZERO (UNSTRESSED) INITIAL CONDITIONS

 TOTAL NUMBER OF EQUILIBRIUM EQUATIONS     =         972
 NUMBER OF NON-ZERO STIFFNESS TERMS        =       16110

 NUMBER OF EIGENVALUES BELOW SHIFT         =           0


 L I N E A R   S T A T I C   C A S E S                                  12:52:26

 USING STIFFNESS AT ZERO (UNSTRESSED) INITIAL CONDITIONS

 TOTAL NUMBER OF CASES TO SOLVE            =           6
 NUMBER OF CASES TO SOLVE PER BLOCK        =           6

 LINEAR STATIC CASES TO BE SOLVED:

 CASE: DEAD
 CASE: LIVE
 CASE: WIND +X
 CASE: WIND +Y
 CASE: WIND -X
 CASE: WIND -Y


 E I G E N   M O D A L   A N A L Y S I S                                12:52:26

 CASE: MODAL

 USING STIFFNESS AT ZERO (UNSTRESSED) INITIAL CONDITIONS

 NUMBER OF STIFFNESS DEGREES OF FREEDOM    =         972
 NUMBER OF MASS DEGREES OF FREEDOM         =         486
 MAXIMUM NUMBER OF EIGEN MODES SOUGHT      =          12
 MINIMUM NUMBER OF EIGEN MODES SOUGHT      =           1
 NUMBER OF RESIDUAL-MASS MODES SOUGHT      =           0
 NUMBER OF SUBSPACE VECTORS USED           =          24
 RELATIVE CONVERGENCE TOLERANCE            =    1.00E-09

 FREQUENCY SHIFT  (CENTER) (CYC/TIME)      =     .000000
 FREQUENCY CUTOFF (RADIUS) (CYC/TIME)      =  -INFINITY-
 ALLOW AUTOMATIC FREQUENCY SHIFTING        =         YES


 Original stiffness at shift : EV= 0.0000000E+00, f=     .000000, T=  -INFINITY-
 Number of eigenvalues below shift =      0

 Forming stiffness, new shift: EV= 1.9509333E+03, f=    7.029774, T=    0.142252
 Number of eigenvalues below shift =      0
 Found mode      1 of     12:  EV= 2.0536088E+03, f=    7.212386, T=    0.138650

 Forming stiffness, new shift: EV= 1.0898160E+04, f=   16.614861, T=    0.060187
 Number of eigenvalues below shift =      1
 Found mode      2 of     12:  EV= 1.1369065E+04, f=   16.970026, T=    0.058927

 Forming stiffness, new shift: EV= 1.7467178E+04, f=   21.034467, T=    0.047541
 Number of eigenvalues below shift =      2
 Found mode      3 of     12:  EV= 1.7812916E+04, f=   21.241620, T=    0.047077
 Found mode      4 of     12:  EV= 1.9892854E+04, f=   22.447536, T=    0.044548

 Forming stiffness, new shift: EV= 2.2825898E+04, f=   24.045514, T=    0.041588
 Number of eigenvalues below shift =      4
 Found mode      5 of     12:  EV= 2.3107934E+04, f=   24.193611, T=    0.041333
 Found mode      6 of     12:  EV= 2.4248987E+04, f=   24.783745, T=    0.040349

 Forming stiffness, new shift: EV= 2.5275766E+04, f=   25.303016, T=    0.039521
 Number of eigenvalues below shift =      6
 Found mode      7 of     12:  EV= 2.5404706E+04, f=   25.367474, T=    0.039421
 Found mode      8 of     12:  EV= 2.6092484E+04, f=   25.708565, T=    0.038898
 Found mode      9 of     12:  EV= 2.6524372E+04, f=   25.920459, T=    0.038580
 Found mode     10 of     12:  EV= 2.6877479E+04, f=   26.092422, T=    0.038325
 Found mode     11 of     12:  EV= 2.7042021E+04, f=   26.172168, T=    0.038209
 Found mode     12 of     12:  EV= 2.7161507E+04, f=   26.229926, T=    0.038124

 NUMBER OF EIGEN MODES FOUND               =          12
 NUMBER OF ITERATIONS PERFORMED            =          45
 NUMBER OF STIFFNESS SHIFTS                =           5


 A N A L Y S I S   C O M P L E T E                          2016/09/03  12:52:27
