

 SAP2000 v16.1.1 Ultimate (Analysis Build 9194/32)
 File: C:\Users\Filippo\AppDat...\Debug\SAPMODEL\delos_turtle_20160908003446.LOG




 B E G I N   A N A L Y S I S                                2016/09/08  00:34:48


 RUNNING ANALYSIS WITHIN THE GUI PROCESS
 USING THE ADVANCED SOLVER (PROVIDES LIMITED INSTABILITY INFORMATION)

 NUMBER OF JOINTS                          =          90
    WITH RESTRAINTS                        =          21
 NUMBER OF FRAME/CABLE/TENDON ELEMENTS     =         133
 NUMBER OF LOAD PATTERNS                   =           6
 NUMBER OF ACCELERATION LOADS              =           6
 NUMBER OF LOAD CASES                      =           7


 E L E M E N T   F O R M A T I O N                                      00:34:48



 L I N E A R   E Q U A T I O N   S O L U T I O N                        00:34:48

 FORMING STIFFNESS AT ZERO (UNSTRESSED) INITIAL CONDITIONS

 TOTAL NUMBER OF EQUILIBRIUM EQUATIONS     =         414
 NUMBER OF NON-ZERO STIFFNESS TERMS        =        5013

 * * * W A R N I N G * * *
 THE STRUCTURE IS UNSTABLE OR ILL-CONDITIONED !!
 CHECK THE STRUCTURE CAREFULLY FOR:
 - INADEQUATE SUPPORT CONDITIONS, OR
 - ONE OR MORE INTERNAL MECHANISMS, OR
 - ZERO OR NEGATIVE STIFFNESS PROPERTIES, OR
 - EXTREMELY LARGE STIFFNESS PROPERTIES, OR
 - BUCKLING DUE TO P-DELTA OR GEOMETRIC NONLINEARITY, OR
 - A FREQUENCY SHIFT (IF ANY) ONTO A NATURAL FREQUENCY

 TO OBTAIN FURTHER INFORMATION:
 - USE THE STANDARD SOLVER, OR
 - RUN AN EIGEN ANALYSIS USING AUTO FREQUENCY SHIFTING (WITH
   ADDITIONAL MASS IF NEEDED) AND INVESTIGATE THE MODE SHAPES


 NUMBER OF EIGENVALUES BELOW SHIFT         =           5


 L I N E A R   S T A T I C   C A S E S                                  00:34:48

 USING STIFFNESS AT ZERO (UNSTRESSED) INITIAL CONDITIONS

 TOTAL NUMBER OF CASES TO SOLVE            =           6
 NUMBER OF CASES TO SOLVE PER BLOCK        =           6

 LINEAR STATIC CASES TO BE SOLVED:

 CASE: DEAD
 CASE: LIVE
 CASE: WIND +X
 CASE: WIND +Y
 CASE: WIND -X
 CASE: WIND -Y


 E I G E N   M O D A L   A N A L Y S I S                                00:34:48

 CASE: MODAL

 USING STIFFNESS AT ZERO (UNSTRESSED) INITIAL CONDITIONS

 NUMBER OF STIFFNESS DEGREES OF FREEDOM    =         414
 NUMBER OF MASS DEGREES OF FREEDOM         =         207
 MAXIMUM NUMBER OF EIGEN MODES SOUGHT      =          12
 MINIMUM NUMBER OF EIGEN MODES SOUGHT      =           1
 NUMBER OF RESIDUAL-MASS MODES SOUGHT      =           0
 NUMBER OF SUBSPACE VECTORS USED           =          24
 RELATIVE CONVERGENCE TOLERANCE            =    1.00E-09

 FREQUENCY SHIFT  (CENTER) (CYC/TIME)      =     .000000
 FREQUENCY CUTOFF (RADIUS) (CYC/TIME)      =  -INFINITY-
 ALLOW AUTOMATIC FREQUENCY SHIFTING        =         YES


 Original stiffness at shift : EV= 0.0000000E+00, f=     .000000, T=  -INFINITY-
 Number of eigenvalues below shift =      5

 Iteration    Approximations to next 5 eigenvalues, from shift EV= 0.0000000E+00
       1  -5.8783937E-12-1.2651191E-11-1.8911242E-11 1.4510977E-10 1.4698030E-10

 Found mode      1 of     12:  EV=-5.8783937E-12, f=   -3.86E-07, T= -2.5915E+06
 Found mode      2 of     12:  EV=-1.2651191E-11, f=   -5.66E-07, T= -1.7665E+06
 Found mode      3 of     12:  EV=-1.8911242E-11, f=   -6.92E-07, T= -1.4448E+06
 Found mode      4 of     12:  EV= 1.4698030E-10, f=    1.93E-06, T=  518263.112
 Found mode      5 of     12:  EV=-8.1174617E-10, f=   -4.53E-06, T= -220531.050
 Found mode      6 of     12:  EV= 1.5971220E-09, f=    6.36E-06, T=  157221.095

 Iteration    Approximations to next 5 eigenvalues, from shift EV= 0.0000000E+00
       4   2.8979340E+03 2.8979530E+03 3.0909293E+03 3.0909389E+03 3.5606748E+03
       5   2.8979353E+03 2.8979356E+03 3.0909213E+03 3.0909236E+03 3.5606087E+03
       7   2.8979134E+03 2.8979353E+03 3.0909210E+03 3.0909235E+03 3.5606071E+03

 Forming stiffness, new shift: EV= 2.7530382E+03, f=    8.350765, T=    0.119750
 Number of eigenvalues below shift =      7

 Iteration    Approximations to next 5 eigenvalues, from shift EV= 2.7530382E+03
      11   1.4489746E+02 1.4489770E+02 3.3788527E+02 3.3788538E+02 8.0756946E+02

 Found mode      7 of     12:  EV= 2.8979357E+03, f=    8.567705, T=    0.116717
 Found mode      8 of     12:  EV= 2.8979359E+03, f=    8.567705, T=    0.116717
 Found mode      9 of     12:  EV= 3.0909235E+03, f=    8.848390, T=    0.113015
 Found mode     10 of     12:  EV= 3.0909236E+03, f=    8.848390, T=    0.113015
 Found mode     11 of     12:  EV= 3.5606077E+03, f=    9.496907, T=    0.105297
 Found mode     12 of     12:  EV= 3.9947625E+03, f=   10.059250, T=    0.099411

 * * * W A R N I N G * * *
 ZERO OR NEGATIVE MODAL-MASS VALUES WERE DETECTED DURING ITERATION,
 THE RESULTING EIGEN-MODES MAY NOT BE VALID - CHECK THEM CAREFULLY !!

 THE STRUCTURE IS UNSTABLE OR ILL-CONDITIONED !!
 CHECK THE STRUCTURE CAREFULLY FOR:
 - INADEQUATE SUPPORT CONDITIONS, OR
 - ONE OR MORE INTERNAL MECHANISMS, OR
 - ZERO OR NEGATIVE STIFFNESS PROPERTIES, OR
 - EXTREMELY LARGE STIFFNESS PROPERTIES, OR
 - BUCKLING DUE TO P-DELTA OR GEOMETRIC NONLINEARITY, OR
 - A FREQUENCY SHIFT (IF ANY) ONTO A NATURAL FREQUENCY


 NUMBER OF EIGEN MODES FOUND               =          12
 NUMBER OF ITERATIONS PERFORMED            =          11
 NUMBER OF STIFFNESS SHIFTS                =           1


 A N A L Y S I S   C O M P L E T E                          2016/09/08  00:34:48
