

 SAP2000 v16.1.1 Ultimate (Analysis Build 9194/32)
 File: C:\Users\Filippo\AppDat...\Debug\SAPMODEL\delos_turtle_20160908003759.LOG




 B E G I N   A N A L Y S I S                                2016/09/08  00:38:00


 RUNNING ANALYSIS WITHIN THE GUI PROCESS
 USING THE ADVANCED SOLVER (PROVIDES LIMITED INSTABILITY INFORMATION)

 NUMBER OF JOINTS                          =          88
    WITH RESTRAINTS                        =          21
 NUMBER OF FRAME/CABLE/TENDON ELEMENTS     =         114
 NUMBER OF LOAD PATTERNS                   =           6
 NUMBER OF ACCELERATION LOADS              =           6
 NUMBER OF LOAD CASES                      =           7


 E L E M E N T   F O R M A T I O N                                      00:38:00



 L I N E A R   E Q U A T I O N   S O L U T I O N                        00:38:00

 FORMING STIFFNESS AT ZERO (UNSTRESSED) INITIAL CONDITIONS

 TOTAL NUMBER OF EQUILIBRIUM EQUATIONS     =         402
 NUMBER OF NON-ZERO STIFFNESS TERMS        =        4611

 * * * W A R N I N G * * *
 THE STRUCTURE IS UNSTABLE OR ILL-CONDITIONED !!
 CHECK THE STRUCTURE CAREFULLY FOR:
 - INADEQUATE SUPPORT CONDITIONS, OR
 - ONE OR MORE INTERNAL MECHANISMS, OR
 - ZERO OR NEGATIVE STIFFNESS PROPERTIES, OR
 - EXTREMELY LARGE STIFFNESS PROPERTIES, OR
 - BUCKLING DUE TO P-DELTA OR GEOMETRIC NONLINEARITY, OR
 - A FREQUENCY SHIFT (IF ANY) ONTO A NATURAL FREQUENCY

 TO OBTAIN FURTHER INFORMATION:
 - USE THE STANDARD SOLVER, OR
 - RUN AN EIGEN ANALYSIS USING AUTO FREQUENCY SHIFTING (WITH
   ADDITIONAL MASS IF NEEDED) AND INVESTIGATE THE MODE SHAPES


 NUMBER OF EIGENVALUES BELOW SHIFT         =           5


 L I N E A R   S T A T I C   C A S E S                                  00:38:00

 USING STIFFNESS AT ZERO (UNSTRESSED) INITIAL CONDITIONS

 TOTAL NUMBER OF CASES TO SOLVE            =           6
 NUMBER OF CASES TO SOLVE PER BLOCK        =           6

 LINEAR STATIC CASES TO BE SOLVED:

 CASE: DEAD
 CASE: LIVE
 CASE: WIND +X
 CASE: WIND +Y
 CASE: WIND -X
 CASE: WIND -Y


 E I G E N   M O D A L   A N A L Y S I S                                00:38:01

 CASE: MODAL

 USING STIFFNESS AT ZERO (UNSTRESSED) INITIAL CONDITIONS

 NUMBER OF STIFFNESS DEGREES OF FREEDOM    =         402
 NUMBER OF MASS DEGREES OF FREEDOM         =         201
 MAXIMUM NUMBER OF EIGEN MODES SOUGHT      =          12
 MINIMUM NUMBER OF EIGEN MODES SOUGHT      =           1
 NUMBER OF RESIDUAL-MASS MODES SOUGHT      =           0
 NUMBER OF SUBSPACE VECTORS USED           =          24
 RELATIVE CONVERGENCE TOLERANCE            =    1.00E-09

 FREQUENCY SHIFT  (CENTER) (CYC/TIME)      =     .000000
 FREQUENCY CUTOFF (RADIUS) (CYC/TIME)      =  -INFINITY-
 ALLOW AUTOMATIC FREQUENCY SHIFTING        =         YES


 Original stiffness at shift : EV= 0.0000000E+00, f=     .000000, T=  -INFINITY-
 Number of eigenvalues below shift =      5
 Found mode      1 of     12:  EV=-1.2569012E-11, f=   -5.64E-07, T= -1.7723E+06
 Found mode      2 of     12:  EV=-1.9805676E-11, f=   -7.08E-07, T= -1.4118E+06
 Found mode      3 of     12:  EV=-2.0105534E-11, f=   -7.14E-07, T= -1.4013E+06
 Found mode      4 of     12:  EV=-2.2240551E-11, f=   -7.51E-07, T= -1.3323E+06
 Found mode      5 of     12:  EV= 1.2561397E-10, f=    1.78E-06, T=  560610.070
 Found mode      6 of     12:  EV= 2.6613939E-10, f=    2.60E-06, T=  385145.913
 Found mode      7 of     12:  EV=-4.8091185E-10, f=   -3.49E-06, T= -286514.845
 Found mode      8 of     12:  EV= 1.2753290E-09, f=    5.68E-06, T=  175941.688
 Found mode      9 of     12:  EV= 1.4071471E-09, f=    5.97E-06, T=  167498.188
 Found mode     10 of     12:  EV= 2.7306674E-09, f=    8.32E-06, T=  120239.031

 Iteration    Approximations to next 5 eigenvalues, from shift EV= 0.0000000E+00
       5   4.1953060E+02 2.8971413E+03 2.8979132E+03 2.9915174E+03 3.0904930E+03

 Forming stiffness, new shift: EV= 3.9855407E+02, f=    3.177340, T=    0.314729
 Number of eigenvalues below shift =     10

 Iteration    Approximations to next 5 eigenvalues, from shift EV= 3.9855407E+02
       7   2.0979649E+01 2.4993816E+03 2.4993818E+03 2.5931854E+03 2.6923694E+03
       8   2.0979649E+01 2.4993816E+03 2.4993818E+03 2.5931854E+03 2.6923694E+03

 Found mode     11 of     12:  EV= 4.1953372E+02, f=    3.259895, T=    0.306758
 Found mode     12 of     12:  EV= 2.8979357E+03, f=    8.567705, T=    0.116717

 * * * W A R N I N G * * *
 ZERO OR NEGATIVE MODAL-MASS VALUES WERE DETECTED DURING ITERATION,
 THE RESULTING EIGEN-MODES MAY NOT BE VALID - CHECK THEM CAREFULLY !!

 THE STRUCTURE IS UNSTABLE OR ILL-CONDITIONED !!
 CHECK THE STRUCTURE CAREFULLY FOR:
 - INADEQUATE SUPPORT CONDITIONS, OR
 - ONE OR MORE INTERNAL MECHANISMS, OR
 - ZERO OR NEGATIVE STIFFNESS PROPERTIES, OR
 - EXTREMELY LARGE STIFFNESS PROPERTIES, OR
 - BUCKLING DUE TO P-DELTA OR GEOMETRIC NONLINEARITY, OR
 - A FREQUENCY SHIFT (IF ANY) ONTO A NATURAL FREQUENCY


 NUMBER OF EIGEN MODES FOUND               =          12
 NUMBER OF ITERATIONS PERFORMED            =           8
 NUMBER OF STIFFNESS SHIFTS                =           1


 A N A L Y S I S   C O M P L E T E                          2016/09/08  00:38:01
