

 SAP2000 v16.1.1 Ultimate (Analysis Build 9194/32)
 File: C:\Users\Filippo\AppDat...\Debug\SAPMODEL\delos_turtle_20160908001745.LOG




 B E G I N   A N A L Y S I S                                2016/09/08  00:17:46


 RUNNING ANALYSIS WITHIN THE GUI PROCESS
 USING THE ADVANCED SOLVER (PROVIDES LIMITED INSTABILITY INFORMATION)

 NUMBER OF JOINTS                          =         163
    WITH RESTRAINTS                        =          25
 NUMBER OF FRAME/CABLE/TENDON ELEMENTS     =         361
 NUMBER OF LOAD PATTERNS                   =           6
 NUMBER OF ACCELERATION LOADS              =           6
 NUMBER OF LOAD CASES                      =           7


 E L E M E N T   F O R M A T I O N                                      00:17:46



 L I N E A R   E Q U A T I O N   S O L U T I O N                        00:17:46

 FORMING STIFFNESS AT ZERO (UNSTRESSED) INITIAL CONDITIONS

 TOTAL NUMBER OF EQUILIBRIUM EQUATIONS     =         828
 NUMBER OF NON-ZERO STIFFNESS TERMS        =       12618

 * * * W A R N I N G * * *
 THE STRUCTURE IS UNSTABLE OR ILL-CONDITIONED !!
 CHECK THE STRUCTURE CAREFULLY FOR:
 - INADEQUATE SUPPORT CONDITIONS, OR
 - ONE OR MORE INTERNAL MECHANISMS, OR
 - ZERO OR NEGATIVE STIFFNESS PROPERTIES, OR
 - EXTREMELY LARGE STIFFNESS PROPERTIES, OR
 - BUCKLING DUE TO P-DELTA OR GEOMETRIC NONLINEARITY, OR
 - A FREQUENCY SHIFT (IF ANY) ONTO A NATURAL FREQUENCY

 TO OBTAIN FURTHER INFORMATION:
 - USE THE STANDARD SOLVER, OR
 - RUN AN EIGEN ANALYSIS USING AUTO FREQUENCY SHIFTING (WITH
   ADDITIONAL MASS IF NEEDED) AND INVESTIGATE THE MODE SHAPES


 NUMBER OF EIGENVALUES BELOW SHIFT         =           1


 L I N E A R   S T A T I C   C A S E S                                  00:17:46

 USING STIFFNESS AT ZERO (UNSTRESSED) INITIAL CONDITIONS

 TOTAL NUMBER OF CASES TO SOLVE            =           6
 NUMBER OF CASES TO SOLVE PER BLOCK        =           6

 LINEAR STATIC CASES TO BE SOLVED:

 CASE: DEAD
 CASE: LIVE
 CASE: WIND +X
 CASE: WIND +Y
 CASE: WIND -X
 CASE: WIND -Y


 E I G E N   M O D A L   A N A L Y S I S                                00:17:46

 CASE: MODAL

 USING STIFFNESS AT ZERO (UNSTRESSED) INITIAL CONDITIONS

 NUMBER OF STIFFNESS DEGREES OF FREEDOM    =         828
 NUMBER OF MASS DEGREES OF FREEDOM         =         414
 MAXIMUM NUMBER OF EIGEN MODES SOUGHT      =          12
 MINIMUM NUMBER OF EIGEN MODES SOUGHT      =           1
 NUMBER OF RESIDUAL-MASS MODES SOUGHT      =           0
 NUMBER OF SUBSPACE VECTORS USED           =          24
 RELATIVE CONVERGENCE TOLERANCE            =    1.00E-09

 FREQUENCY SHIFT  (CENTER) (CYC/TIME)      =     .000000
 FREQUENCY CUTOFF (RADIUS) (CYC/TIME)      =  -INFINITY-
 ALLOW AUTOMATIC FREQUENCY SHIFTING        =         YES


 Original stiffness at shift : EV= 0.0000000E+00, f=     .000000, T=  -INFINITY-
 Number of eigenvalues below shift =      1
 Found mode      1 of     12:  EV= 1.2045761E-11, f=    5.52E-07, T=  1.8104E+06
 Found mode      2 of     12:  EV=-1.3591488E-11, f=   -5.87E-07, T= -1.7043E+06
 Found mode      3 of     12:  EV= 7.6143094E-10, f=    4.39E-06, T=  227700.827
 Found mode      4 of     12:  EV= 1.5948157E-09, f=    6.36E-06, T=  157334.736

 Iteration    Approximations to next 5 eigenvalues, from shift EV= 0.0000000E+00
       5   1.4621810E+03 4.2527073E+03 4.4417552E+03 1.3207040E+04 2.0547196E+04

 Found mode      5 of     12:  EV= 1.4621810E+03, f=    6.085842, T=    0.164316

 Forming stiffness, new shift: EV= 4.0400690E+03, f=   10.116133, T=    0.098852
 Number of eigenvalues below shift =      5
 Found mode      6 of     12:  EV= 4.2527097E+03, f=   10.378940, T=    0.096349
 Found mode      7 of     12:  EV= 4.4417589E+03, f=   10.607123, T=    0.094276

 Iteration    Approximations to next 5 eigenvalues, from shift EV= 4.0400690E+03
      16   9.0029426E+03 1.4996303E+04 2.0794682E+04 2.1113885E+04 2.1179053E+04
      17   9.0029426E+03 1.4995629E+04 2.0767929E+04 2.1095848E+04 2.1166878E+04

 Found mode      8 of     12:  EV= 1.3043012E+04, f=   18.176450, T=    0.055016

 Forming stiffness, new shift: EV= 1.8285374E+04, f=   21.521476, T=    0.046465
 Number of eigenvalues below shift =      8
 Found mode      9 of     12:  EV= 1.9035054E+04, f=   21.958223, T=    0.045541

 Iteration    Approximations to next 5 eigenvalues, from shift EV= 1.8285374E+04
      25   6.1798409E+03 6.5370235E+03 6.7510941E+03 7.0152872E+03 7.1338036E+03
      26   6.1525424E+03 6.4994413E+03 6.7273578E+03 6.9990826E+03 7.1256244E+03

 Forming stiffness, new shift: EV= 2.4111800E+04, f=   24.713540, T=    0.040464
 Number of eigenvalues below shift =      9

 Forming stiffness, new shift: EV= 2.4351429E+04, f=   24.836040, T=    0.040264
 Number of eigenvalues below shift =      9

 Iteration    Approximations to next 5 eigenvalues, from shift EV= 2.4351429E+04
      33   1.2609561E+01 2.7879925E+02 5.3622049E+02 7.4432545E+02 8.8865507E+02

 Found mode     10 of     12:  EV= 2.4364038E+04, f=   24.842470, T=    0.040254
 Found mode     11 of     12:  EV= 2.4630228E+04, f=   24.977809, T=    0.040036

 Iteration    Approximations to next 5 eigenvalues, from shift EV= 2.4351429E+04
      39   5.3617684E+02 7.4140008E+02 8.7216525E+02 9.3010340E+02 9.8808158E+02

 Forming stiffness, new shift: EV= 2.4860797E+04, f=   25.094448, T=    0.039849
 Number of eigenvalues below shift =     11

 Found mode     12 of     12:  EV= 2.4887606E+04, f=   25.107975, T=    0.039828

 * * * W A R N I N G * * *
 ZERO OR NEGATIVE MODAL-MASS VALUES WERE DETECTED DURING ITERATION,
 THE RESULTING EIGEN-MODES MAY NOT BE VALID - CHECK THEM CAREFULLY !!

 THE STRUCTURE IS UNSTABLE OR ILL-CONDITIONED !!
 CHECK THE STRUCTURE CAREFULLY FOR:
 - INADEQUATE SUPPORT CONDITIONS, OR
 - ONE OR MORE INTERNAL MECHANISMS, OR
 - ZERO OR NEGATIVE STIFFNESS PROPERTIES, OR
 - EXTREMELY LARGE STIFFNESS PROPERTIES, OR
 - BUCKLING DUE TO P-DELTA OR GEOMETRIC NONLINEARITY, OR
 - A FREQUENCY SHIFT (IF ANY) ONTO A NATURAL FREQUENCY


 NUMBER OF EIGEN MODES FOUND               =          12
 NUMBER OF ITERATIONS PERFORMED            =          41
 NUMBER OF STIFFNESS SHIFTS                =           5


 A N A L Y S I S   C O M P L E T E                          2016/09/08  00:17:48
