

 SAP2000 v16.1.1 Ultimate (Analysis Build 9194/32)
 File: C:\Users\Filippo\AppDat...\Debug\SAPMODEL\delos_turtle_20160909034454.LOG




 B E G I N   A N A L Y S I S                                2016/09/09  03:44:55


 RUNNING ANALYSIS WITHIN THE GUI PROCESS
 USING THE ADVANCED SOLVER (PROVIDES LIMITED INSTABILITY INFORMATION)

 NUMBER OF JOINTS                          =          95
    WITH RESTRAINTS                        =          22
 NUMBER OF FRAME/CABLE/TENDON ELEMENTS     =         145
 NUMBER OF LOAD PATTERNS                   =           6
 NUMBER OF ACCELERATION LOADS              =           6
 NUMBER OF LOAD CASES                      =           7


 E L E M E N T   F O R M A T I O N                                      03:44:55



 L I N E A R   E Q U A T I O N   S O L U T I O N                        03:44:55

 FORMING STIFFNESS AT ZERO (UNSTRESSED) INITIAL CONDITIONS

 TOTAL NUMBER OF EQUILIBRIUM EQUATIONS     =         438
 NUMBER OF NON-ZERO STIFFNESS TERMS        =        5385

 * * * W A R N I N G * * *
 THE STRUCTURE IS UNSTABLE OR ILL-CONDITIONED !!
 CHECK THE STRUCTURE CAREFULLY FOR:
 - INADEQUATE SUPPORT CONDITIONS, OR
 - ONE OR MORE INTERNAL MECHANISMS, OR
 - ZERO OR NEGATIVE STIFFNESS PROPERTIES, OR
 - EXTREMELY LARGE STIFFNESS PROPERTIES, OR
 - BUCKLING DUE TO P-DELTA OR GEOMETRIC NONLINEARITY, OR
 - A FREQUENCY SHIFT (IF ANY) ONTO A NATURAL FREQUENCY

 TO OBTAIN FURTHER INFORMATION:
 - USE THE STANDARD SOLVER, OR
 - RUN AN EIGEN ANALYSIS USING AUTO FREQUENCY SHIFTING (WITH
   ADDITIONAL MASS IF NEEDED) AND INVESTIGATE THE MODE SHAPES


 NUMBER OF EIGENVALUES BELOW SHIFT         =           5


 L I N E A R   S T A T I C   C A S E S                                  03:44:55

 USING STIFFNESS AT ZERO (UNSTRESSED) INITIAL CONDITIONS

 TOTAL NUMBER OF CASES TO SOLVE            =           6
 NUMBER OF CASES TO SOLVE PER BLOCK        =           6

 LINEAR STATIC CASES TO BE SOLVED:

 CASE: DEAD
 CASE: LIVE
 CASE: WIND +X
 CASE: WIND +Y
 CASE: WIND -X
 CASE: WIND -Y


 E I G E N   M O D A L   A N A L Y S I S                                03:44:55

 CASE: MODAL

 USING STIFFNESS AT ZERO (UNSTRESSED) INITIAL CONDITIONS

 NUMBER OF STIFFNESS DEGREES OF FREEDOM    =         438
 NUMBER OF MASS DEGREES OF FREEDOM         =         219
 MAXIMUM NUMBER OF EIGEN MODES SOUGHT      =          12
 MINIMUM NUMBER OF EIGEN MODES SOUGHT      =           1
 NUMBER OF RESIDUAL-MASS MODES SOUGHT      =           0
 NUMBER OF SUBSPACE VECTORS USED           =          24
 RELATIVE CONVERGENCE TOLERANCE            =    1.00E-09

 FREQUENCY SHIFT  (CENTER) (CYC/TIME)      =     .000000
 FREQUENCY CUTOFF (RADIUS) (CYC/TIME)      =  -INFINITY-
 ALLOW AUTOMATIC FREQUENCY SHIFTING        =         YES


 Original stiffness at shift : EV= 0.0000000E+00, f=     .000000, T=  -INFINITY-
 Number of eigenvalues below shift =      5

 Iteration    Approximations to next 5 eigenvalues, from shift EV= 0.0000000E+00
       2  -9.8555984E-12-2.8566117E-11 3.1589863E-11 1.1867707E-10 2.6165666E-10

 Found mode      1 of     12:  EV=-9.8555984E-12, f=   -5.00E-07, T= -2.0014E+06
 Found mode      2 of     12:  EV=-2.8566117E-11, f=   -8.51E-07, T= -1.1756E+06
 Found mode      3 of     12:  EV= 3.1589863E-11, f=    8.95E-07, T=  1.1179E+06
 Found mode      4 of     12:  EV= 1.1867707E-10, f=    1.73E-06, T=  576761.754
 Found mode      5 of     12:  EV= 2.6165666E-10, f=    2.57E-06, T=  388431.078
 Found mode      6 of     12:  EV= 2.9841579E-10, f=    2.75E-06, T=  363721.496
 Found mode      7 of     12:  EV=-4.8184245E-10, f=   -3.49E-06, T= -286238.034

 Iteration    Approximations to next 5 eigenvalues, from shift EV= 0.0000000E+00
       3  -8.6046809E-10 1.0473438E-09 1.3073897E-09 1.4889009E+03 1.5838570E+03

 Found mode      8 of     12:  EV=-8.6046809E-10, f=   -4.67E-06, T= -214196.556
 Found mode      9 of     12:  EV= 1.0473438E-09, f=    5.15E-06, T=  194149.036
 Found mode     10 of     12:  EV= 1.3073897E-09, f=    5.75E-06, T=  173771.015

 Iteration    Approximations to next 5 eigenvalues, from shift EV= 0.0000000E+00
       6   2.8978409E+03 2.8979244E+03 3.0908956E+03 3.0909137E+03 3.5217011E+03

 Forming stiffness, new shift: EV= 2.7529721E+03, f=    8.350665, T=    0.119751
 Number of eigenvalues below shift =     11

 Iteration    Approximations to next 5 eigenvalues, from shift EV= 2.7529721E+03
       9   1.4496355E+02 1.4496379E+02 3.3795136E+02 3.3795147E+02 7.6880233E+02

 Found mode     11 of     12:  EV= 2.8979357E+03, f=    8.567705, T=    0.116717
 Found mode     12 of     12:  EV= 2.8979359E+03, f=    8.567705, T=    0.116717

 * * * W A R N I N G * * *
 ZERO OR NEGATIVE MODAL-MASS VALUES WERE DETECTED DURING ITERATION,
 THE RESULTING EIGEN-MODES MAY NOT BE VALID - CHECK THEM CAREFULLY !!

 THE STRUCTURE IS UNSTABLE OR ILL-CONDITIONED !!
 CHECK THE STRUCTURE CAREFULLY FOR:
 - INADEQUATE SUPPORT CONDITIONS, OR
 - ONE OR MORE INTERNAL MECHANISMS, OR
 - ZERO OR NEGATIVE STIFFNESS PROPERTIES, OR
 - EXTREMELY LARGE STIFFNESS PROPERTIES, OR
 - BUCKLING DUE TO P-DELTA OR GEOMETRIC NONLINEARITY, OR
 - A FREQUENCY SHIFT (IF ANY) ONTO A NATURAL FREQUENCY


 NUMBER OF EIGEN MODES FOUND               =          12
 NUMBER OF ITERATIONS PERFORMED            =           9
 NUMBER OF STIFFNESS SHIFTS                =           1


 A N A L Y S I S   C O M P L E T E                          2016/09/09  03:44:56
