

 SAP2000 v16.1.1 Ultimate (Analysis Build 9194/32)
 File: C:\Users\Filippo\AppDat...\Debug\SAPMODEL\delos_turtle_20160909032326.LOG




 B E G I N   A N A L Y S I S                                2016/09/09  03:23:28


 RUNNING ANALYSIS WITHIN THE GUI PROCESS
 USING THE ADVANCED SOLVER (PROVIDES LIMITED INSTABILITY INFORMATION)

 NUMBER OF JOINTS                          =         187
    WITH RESTRAINTS                        =          25
 NUMBER OF FRAME/CABLE/TENDON ELEMENTS     =         562
 NUMBER OF LOAD PATTERNS                   =           6
 NUMBER OF ACCELERATION LOADS              =           6
 NUMBER OF LOAD CASES                      =           7


 E L E M E N T   F O R M A T I O N                                      03:23:28



 L I N E A R   E Q U A T I O N   S O L U T I O N                        03:23:28

 FORMING STIFFNESS AT ZERO (UNSTRESSED) INITIAL CONDITIONS

 TOTAL NUMBER OF EQUILIBRIUM EQUATIONS     =         972
 NUMBER OF NON-ZERO STIFFNESS TERMS        =       16830

 NUMBER OF EIGENVALUES BELOW SHIFT         =           0


 L I N E A R   S T A T I C   C A S E S                                  03:23:28

 USING STIFFNESS AT ZERO (UNSTRESSED) INITIAL CONDITIONS

 TOTAL NUMBER OF CASES TO SOLVE            =           6
 NUMBER OF CASES TO SOLVE PER BLOCK        =           6

 LINEAR STATIC CASES TO BE SOLVED:

 CASE: DEAD
 CASE: LIVE
 CASE: WIND +X
 CASE: WIND +Y
 CASE: WIND -X
 CASE: WIND -Y


 E I G E N   M O D A L   A N A L Y S I S                                03:23:28

 CASE: MODAL

 USING STIFFNESS AT ZERO (UNSTRESSED) INITIAL CONDITIONS

 NUMBER OF STIFFNESS DEGREES OF FREEDOM    =         972
 NUMBER OF MASS DEGREES OF FREEDOM         =         486
 MAXIMUM NUMBER OF EIGEN MODES SOUGHT      =          12
 MINIMUM NUMBER OF EIGEN MODES SOUGHT      =           1
 NUMBER OF RESIDUAL-MASS MODES SOUGHT      =           0
 NUMBER OF SUBSPACE VECTORS USED           =          24
 RELATIVE CONVERGENCE TOLERANCE            =    1.00E-09

 FREQUENCY SHIFT  (CENTER) (CYC/TIME)      =     .000000
 FREQUENCY CUTOFF (RADIUS) (CYC/TIME)      =  -INFINITY-
 ALLOW AUTOMATIC FREQUENCY SHIFTING        =         YES


 Original stiffness at shift : EV= 0.0000000E+00, f=     .000000, T=  -INFINITY-
 Number of eigenvalues below shift =      0

 Iteration    Approximations to next 5 eigenvalues, from shift EV= 0.0000000E+00
       4   1.3477450E+03 3.9912731E+03 2.4912070E+04 2.5068960E+04 2.5452382E+04

 Found mode      1 of     12:  EV= 1.3477450E+03, f=    5.842840, T=    0.171150
 Found mode      2 of     12:  EV= 3.9912607E+03, f=   10.054840, T=    0.099455

 Forming stiffness, new shift: EV= 2.3210871E+04, f=   24.247437, T=    0.041241
 Number of eigenvalues below shift =      2

 Forming stiffness, new shift: EV= 2.3612329E+04, f=   24.456232, T=    0.040889
 Number of eigenvalues below shift =      2
 Found mode      3 of     12:  EV= 2.3633405E+04, f=   24.467144, T=    0.040871

 Forming stiffness, new shift: EV= 2.4413932E+04, f=   24.867894, T=    0.040212
 Number of eigenvalues below shift =      3
 Found mode      4 of     12:  EV= 2.4456121E+04, f=   24.889371, T=    0.040178

 Forming stiffness, new shift: EV= 2.4922616E+04, f=   25.125629, T=    0.039800
 Number of eigenvalues below shift =      4

 Iteration    Approximations to next 5 eigenvalues, from shift EV= 2.4922616E+04
      28   2.6772169E+01 3.1669668E+02 3.5667230E+02 4.2191774E+02 5.0934233E+02

 Found mode      5 of     12:  EV= 2.4949388E+04, f=   25.139121, T=    0.039779

 Forming stiffness, new shift: EV= 2.5223443E+04, f=   25.276813, T=    0.039562
 Number of eigenvalues below shift =      5

 Iteration    Approximations to next 5 eigenvalues, from shift EV= 2.5223443E+04
      34   1.5832328E+01 5.5737564E+01 1.1902320E+02 1.9891416E+02 2.1833054E+02

 Found mode      6 of     12:  EV= 2.5239275E+04, f=   25.284745, T=    0.039550
 Found mode      7 of     12:  EV= 2.5279180E+04, f=   25.304725, T=    0.039518
 Found mode      8 of     12:  EV= 2.5342465E+04, f=   25.336380, T=    0.039469

 Forming stiffness, new shift: EV= 2.5412238E+04, f=   25.371234, T=    0.039415
 Number of eigenvalues below shift =      8
 Found mode      9 of     12:  EV= 2.5422175E+04, f=   25.376194, T=    0.039407
 Found mode     10 of     12:  EV= 2.5440671E+04, f=   25.385423, T=    0.039393
 Found mode     11 of     12:  EV= 2.5453758E+04, f=   25.391952, T=    0.039383

 Forming stiffness, new shift: EV= 2.5479212E+04, f=   25.404645, T=    0.039363
 Number of eigenvalues below shift =     11
 Found mode     12 of     12:  EV= 2.5480129E+04, f=   25.405102, T=    0.039362

 NUMBER OF EIGEN MODES FOUND               =          12
 NUMBER OF ITERATIONS PERFORMED            =          53
 NUMBER OF STIFFNESS SHIFTS                =           7


 A N A L Y S I S   C O M P L E T E                          2016/09/09  03:23:30
