

 SAP2000 v16.1.1 Ultimate (Analysis Build 9194/32)
 File: C:\Users\Filippo\AppDat...\Debug\SAPMODEL\delos_turtle_20160908003859.LOG




 B E G I N   A N A L Y S I S                                2016/09/08  00:49:27


 RUNNING ANALYSIS WITHIN THE GUI PROCESS
 USING THE ADVANCED SOLVER (PROVIDES LIMITED INSTABILITY INFORMATION)

 NUMBER OF JOINTS                          =          88
    WITH RESTRAINTS                        =          21
 NUMBER OF FRAME/CABLE/TENDON ELEMENTS     =         115
 NUMBER OF LOAD PATTERNS                   =           6
 NUMBER OF ACCELERATION LOADS              =           6
 NUMBER OF LOAD CASES                      =           7


 E L E M E N T   F O R M A T I O N                                      00:49:27



 L I N E A R   E Q U A T I O N   S O L U T I O N                        00:49:27

 FORMING STIFFNESS AT ZERO (UNSTRESSED) INITIAL CONDITIONS

 TOTAL NUMBER OF EQUILIBRIUM EQUATIONS     =         402
 NUMBER OF NON-ZERO STIFFNESS TERMS        =        4647

 * * * W A R N I N G * * *
 THE STRUCTURE IS UNSTABLE OR ILL-CONDITIONED !!
 CHECK THE STRUCTURE CAREFULLY FOR:
 - INADEQUATE SUPPORT CONDITIONS, OR
 - ONE OR MORE INTERNAL MECHANISMS, OR
 - ZERO OR NEGATIVE STIFFNESS PROPERTIES, OR
 - EXTREMELY LARGE STIFFNESS PROPERTIES, OR
 - BUCKLING DUE TO P-DELTA OR GEOMETRIC NONLINEARITY, OR
 - A FREQUENCY SHIFT (IF ANY) ONTO A NATURAL FREQUENCY

 TO OBTAIN FURTHER INFORMATION:
 - USE THE STANDARD SOLVER, OR
 - RUN AN EIGEN ANALYSIS USING AUTO FREQUENCY SHIFTING (WITH
   ADDITIONAL MASS IF NEEDED) AND INVESTIGATE THE MODE SHAPES


 NUMBER OF EIGENVALUES BELOW SHIFT         =           3


 L I N E A R   S T A T I C   C A S E S                                  00:49:27

 USING STIFFNESS AT ZERO (UNSTRESSED) INITIAL CONDITIONS

 TOTAL NUMBER OF CASES TO SOLVE            =           6
 NUMBER OF CASES TO SOLVE PER BLOCK        =           6

 LINEAR STATIC CASES TO BE SOLVED:

 CASE: DEAD
 CASE: LIVE
 CASE: WIND +X
 CASE: WIND +Y
 CASE: WIND -X
 CASE: WIND -Y


 E I G E N   M O D A L   A N A L Y S I S                                00:49:27

 CASE: MODAL

 USING STIFFNESS AT ZERO (UNSTRESSED) INITIAL CONDITIONS

 NUMBER OF STIFFNESS DEGREES OF FREEDOM    =         402
 NUMBER OF MASS DEGREES OF FREEDOM         =         201
 MAXIMUM NUMBER OF EIGEN MODES SOUGHT      =          12
 MINIMUM NUMBER OF EIGEN MODES SOUGHT      =           1
 NUMBER OF RESIDUAL-MASS MODES SOUGHT      =           0
 NUMBER OF SUBSPACE VECTORS USED           =          24
 RELATIVE CONVERGENCE TOLERANCE            =    1.00E-09

 FREQUENCY SHIFT  (CENTER) (CYC/TIME)      =     .000000
 FREQUENCY CUTOFF (RADIUS) (CYC/TIME)      =  -INFINITY-
 ALLOW AUTOMATIC FREQUENCY SHIFTING        =         YES


 Original stiffness at shift : EV= 0.0000000E+00, f=     .000000, T=  -INFINITY-
 Number of eigenvalues below shift =      3

 Iteration    Approximations to next 5 eigenvalues, from shift EV= 0.0000000E+00
       2   4.7567534E-13 5.3764277E-12-1.2649289E-11 2.6613928E-10 7.6614077E-10

 Found mode      1 of     12:  EV= 4.7567534E-13, f=    1.10E-07, T=  9.1101E+06
 Found mode      2 of     12:  EV= 5.3764277E-12, f=    3.69E-07, T=  2.7098E+06
 Found mode      3 of     12:  EV=-1.2649289E-11, f=   -5.66E-07, T= -1.7666E+06
 Found mode      4 of     12:  EV= 2.6613928E-10, f=    2.60E-06, T=  385145.987
 Found mode      5 of     12:  EV= 9.2109060E-10, f=    4.83E-06, T=  207027.812
 Found mode      6 of     12:  EV=-1.0944111E-09, f=   -5.27E-06, T= -189928.278
 Found mode      7 of     12:  EV= 1.5646575E-09, f=    6.30E-06, T=  158843.786
 Found mode      8 of     12:  EV=-2.4687826E-09, f=   -7.91E-06, T= -126455.710

 Iteration    Approximations to next 5 eigenvalues, from shift EV= 0.0000000E+00
       6   8.1033049E+00 4.1290273E+02 2.3197147E+03 2.3201968E+03 2.4582643E+03
       8   4.2127410E-02 4.1290296E+02 2.3197875E+03 2.3201997E+03 2.4581867E+03

 Forming stiffness, new shift: EV= 7.4693409E-03, f=    0.013755, T=   72.700723
 Number of eigenvalues below shift =      8

 Iteration    Approximations to next 5 eigenvalues, from shift EV= 7.4693409E-03
      10   4.1293161E+02 2.3202287E+03 2.3202289E+03 2.4582652E+03 2.4747750E+03

 Found mode      9 of     12:  EV= 4.1293908E+02, f=    3.234172, T=    0.309198
 Found mode     10 of     12:  EV= 2.3202362E+03, f=    7.666307, T=    0.130441
 Found mode     11 of     12:  EV= 2.3202364E+03, f=    7.666308, T=    0.130441
 Found mode     12 of     12:  EV= 2.4582727E+03, f=    7.891057, T=    0.126726

 * * * W A R N I N G * * *
 ZERO OR NEGATIVE MODAL-MASS VALUES WERE DETECTED DURING ITERATION,
 THE RESULTING EIGEN-MODES MAY NOT BE VALID - CHECK THEM CAREFULLY !!

 THE STRUCTURE IS UNSTABLE OR ILL-CONDITIONED !!
 CHECK THE STRUCTURE CAREFULLY FOR:
 - INADEQUATE SUPPORT CONDITIONS, OR
 - ONE OR MORE INTERNAL MECHANISMS, OR
 - ZERO OR NEGATIVE STIFFNESS PROPERTIES, OR
 - EXTREMELY LARGE STIFFNESS PROPERTIES, OR
 - BUCKLING DUE TO P-DELTA OR GEOMETRIC NONLINEARITY, OR
 - A FREQUENCY SHIFT (IF ANY) ONTO A NATURAL FREQUENCY


 NUMBER OF EIGEN MODES FOUND               =          12
 NUMBER OF ITERATIONS PERFORMED            =          11
 NUMBER OF STIFFNESS SHIFTS                =           1


 A N A L Y S I S   C O M P L E T E                          2016/09/08  00:49:27
