

 SAP2000 v16.1.1 Ultimate (Analysis Build 9194/32)
 File: C:\Users\Filippo\AppDat...\Debug\SAPMODEL\delos_turtle_20160909033145.LOG




 B E G I N   A N A L Y S I S                                2016/09/09  03:31:46


 RUNNING ANALYSIS WITHIN THE GUI PROCESS
 USING THE ADVANCED SOLVER (PROVIDES LIMITED INSTABILITY INFORMATION)

 NUMBER OF JOINTS                          =         152
    WITH RESTRAINTS                        =          25
 NUMBER OF FRAME/CABLE/TENDON ELEMENTS     =         327
 NUMBER OF LOAD PATTERNS                   =           6
 NUMBER OF ACCELERATION LOADS              =           6
 NUMBER OF LOAD CASES                      =           7


 E L E M E N T   F O R M A T I O N                                      03:31:46



 L I N E A R   E Q U A T I O N   S O L U T I O N                        03:31:47

 FORMING STIFFNESS AT ZERO (UNSTRESSED) INITIAL CONDITIONS

 TOTAL NUMBER OF EQUILIBRIUM EQUATIONS     =         762
 NUMBER OF NON-ZERO STIFFNESS TERMS        =       11667

 * * * W A R N I N G * * *
 THE STRUCTURE IS UNSTABLE OR ILL-CONDITIONED !!
 CHECK THE STRUCTURE CAREFULLY FOR:
 - INADEQUATE SUPPORT CONDITIONS, OR
 - ONE OR MORE INTERNAL MECHANISMS, OR
 - ZERO OR NEGATIVE STIFFNESS PROPERTIES, OR
 - EXTREMELY LARGE STIFFNESS PROPERTIES, OR
 - BUCKLING DUE TO P-DELTA OR GEOMETRIC NONLINEARITY, OR
 - A FREQUENCY SHIFT (IF ANY) ONTO A NATURAL FREQUENCY

 TO OBTAIN FURTHER INFORMATION:
 - USE THE STANDARD SOLVER, OR
 - RUN AN EIGEN ANALYSIS USING AUTO FREQUENCY SHIFTING (WITH
   ADDITIONAL MASS IF NEEDED) AND INVESTIGATE THE MODE SHAPES


 NUMBER OF EIGENVALUES BELOW SHIFT         =           2


 L I N E A R   S T A T I C   C A S E S                                  03:31:47

 USING STIFFNESS AT ZERO (UNSTRESSED) INITIAL CONDITIONS

 TOTAL NUMBER OF CASES TO SOLVE            =           6
 NUMBER OF CASES TO SOLVE PER BLOCK        =           6

 LINEAR STATIC CASES TO BE SOLVED:

 CASE: DEAD
 CASE: LIVE
 CASE: WIND +X
 CASE: WIND +Y
 CASE: WIND -X
 CASE: WIND -Y


 E I G E N   M O D A L   A N A L Y S I S                                03:31:47

 CASE: MODAL

 USING STIFFNESS AT ZERO (UNSTRESSED) INITIAL CONDITIONS

 NUMBER OF STIFFNESS DEGREES OF FREEDOM    =         762
 NUMBER OF MASS DEGREES OF FREEDOM         =         381
 MAXIMUM NUMBER OF EIGEN MODES SOUGHT      =          12
 MINIMUM NUMBER OF EIGEN MODES SOUGHT      =           1
 NUMBER OF RESIDUAL-MASS MODES SOUGHT      =           0
 NUMBER OF SUBSPACE VECTORS USED           =          24
 RELATIVE CONVERGENCE TOLERANCE            =    1.00E-09

 FREQUENCY SHIFT  (CENTER) (CYC/TIME)      =     .000000
 FREQUENCY CUTOFF (RADIUS) (CYC/TIME)      =  -INFINITY-
 ALLOW AUTOMATIC FREQUENCY SHIFTING        =         YES


 Original stiffness at shift : EV= 0.0000000E+00, f=     .000000, T=  -INFINITY-
 Number of eigenvalues below shift =      2
 Found mode      1 of     12:  EV= 1.3475652E-11, f=    5.84E-07, T=  1.7116E+06
 Found mode      2 of     12:  EV=-1.9439372E-11, f=   -7.02E-07, T= -1.4251E+06
 Found mode      3 of     12:  EV= 2.6613809E-10, f=    2.60E-06, T=  385146.853
 Found mode      4 of     12:  EV= 1.0694073E-09, f=    5.20E-06, T=  192135.803
 Found mode      5 of     12:  EV= 1.1203922E-09, f=    5.33E-06, T=  187713.205
 Found mode      6 of     12:  EV=-1.6871781E-09, f=   -6.54E-06, T= -152967.584

 Iteration    Approximations to next 5 eigenvalues, from shift EV= 0.0000000E+00
       6   1.4190766E+03 2.2815556E+03 4.2412809E+03 6.6517478E+03 8.9994617E+03

 Found mode      7 of     12:  EV= 1.4190766E+03, f=    5.995468, T=    0.166793
 Found mode      8 of     12:  EV= 2.2815556E+03, f=    7.602137, T=    0.131542
 Found mode      9 of     12:  EV= 4.2412809E+03, f=   10.364984, T=    0.096479
 Found mode     10 of     12:  EV= 6.6517447E+03, f=   12.980395, T=    0.077039

 Iteration    Approximations to next 5 eigenvalues, from shift EV= 0.0000000E+00
      12   8.9987069E+03 1.2799893E+04 1.9736636E+04 1.9906199E+04 2.0067492E+04
      13   8.9987068E+03 1.2799889E+04 1.9718443E+04 1.9871882E+04 1.9970535E+04

 Found mode     11 of     12:  EV= 8.9987068E+03, f=   15.097679, T=    0.066235

 Iteration    Approximations to next 5 eigenvalues, from shift EV= 0.0000000E+00
      14   1.2799888E+04 1.9706272E+04 1.9851717E+04 1.9911087E+04 2.4996741E+04
      17   1.2799888E+04 1.9689634E+04 1.9828129E+04 1.9841977E+04 2.4944962E+04

 Found mode     12 of     12:  EV= 1.2799888E+04, f=   18.006247, T=    0.055536

 * * * W A R N I N G * * *
 ZERO OR NEGATIVE MODAL-MASS VALUES WERE DETECTED DURING ITERATION,
 THE RESULTING EIGEN-MODES MAY NOT BE VALID - CHECK THEM CAREFULLY !!

 THE STRUCTURE IS UNSTABLE OR ILL-CONDITIONED !!
 CHECK THE STRUCTURE CAREFULLY FOR:
 - INADEQUATE SUPPORT CONDITIONS, OR
 - ONE OR MORE INTERNAL MECHANISMS, OR
 - ZERO OR NEGATIVE STIFFNESS PROPERTIES, OR
 - EXTREMELY LARGE STIFFNESS PROPERTIES, OR
 - BUCKLING DUE TO P-DELTA OR GEOMETRIC NONLINEARITY, OR
 - A FREQUENCY SHIFT (IF ANY) ONTO A NATURAL FREQUENCY


 NUMBER OF EIGEN MODES FOUND               =          12
 NUMBER OF ITERATIONS PERFORMED            =          17
 NUMBER OF STIFFNESS SHIFTS                =           0


 A N A L Y S I S   C O M P L E T E                          2016/09/09  03:31:47
