

 SAP2000 v16.1.1 Ultimate (Analysis Build 9194/32)
 File: C:\Users\Filippo\AppDat...\Debug\SAPMODEL\delos_turtle_20160909035442.LOG




 B E G I N   A N A L Y S I S                                2016/09/09  03:54:44


 RUNNING ANALYSIS WITHIN THE GUI PROCESS
 USING THE ADVANCED SOLVER (PROVIDES LIMITED INSTABILITY INFORMATION)

 NUMBER OF JOINTS                          =          79
    WITH RESTRAINTS                        =          18
 NUMBER OF FRAME/CABLE/TENDON ELEMENTS     =         100
 NUMBER OF LOAD PATTERNS                   =           6
 NUMBER OF ACCELERATION LOADS              =           6
 NUMBER OF LOAD CASES                      =           7


 E L E M E N T   F O R M A T I O N                                      03:54:44



 L I N E A R   E Q U A T I O N   S O L U T I O N                        03:54:44

 FORMING STIFFNESS AT ZERO (UNSTRESSED) INITIAL CONDITIONS

 TOTAL NUMBER OF EQUILIBRIUM EQUATIONS     =         366
 NUMBER OF NON-ZERO STIFFNESS TERMS        =        4017

 * * * W A R N I N G * * *
 THE STRUCTURE IS UNSTABLE OR ILL-CONDITIONED !!
 CHECK THE STRUCTURE CAREFULLY FOR:
 - INADEQUATE SUPPORT CONDITIONS, OR
 - ONE OR MORE INTERNAL MECHANISMS, OR
 - ZERO OR NEGATIVE STIFFNESS PROPERTIES, OR
 - EXTREMELY LARGE STIFFNESS PROPERTIES, OR
 - BUCKLING DUE TO P-DELTA OR GEOMETRIC NONLINEARITY, OR
 - A FREQUENCY SHIFT (IF ANY) ONTO A NATURAL FREQUENCY

 TO OBTAIN FURTHER INFORMATION:
 - USE THE STANDARD SOLVER, OR
 - RUN AN EIGEN ANALYSIS USING AUTO FREQUENCY SHIFTING (WITH
   ADDITIONAL MASS IF NEEDED) AND INVESTIGATE THE MODE SHAPES


 NUMBER OF EIGENVALUES BELOW SHIFT         =           6


 L I N E A R   S T A T I C   C A S E S                                  03:54:44

 USING STIFFNESS AT ZERO (UNSTRESSED) INITIAL CONDITIONS

 TOTAL NUMBER OF CASES TO SOLVE            =           6
 NUMBER OF CASES TO SOLVE PER BLOCK        =           6

 LINEAR STATIC CASES TO BE SOLVED:

 CASE: DEAD
 CASE: LIVE
 CASE: WIND +X
 CASE: WIND +Y
 CASE: WIND -X
 CASE: WIND -Y


 E I G E N   M O D A L   A N A L Y S I S                                03:54:44

 CASE: MODAL

 USING STIFFNESS AT ZERO (UNSTRESSED) INITIAL CONDITIONS

 NUMBER OF STIFFNESS DEGREES OF FREEDOM    =         366
 NUMBER OF MASS DEGREES OF FREEDOM         =         183
 MAXIMUM NUMBER OF EIGEN MODES SOUGHT      =          12
 MINIMUM NUMBER OF EIGEN MODES SOUGHT      =           1
 NUMBER OF RESIDUAL-MASS MODES SOUGHT      =           0
 NUMBER OF SUBSPACE VECTORS USED           =          24
 RELATIVE CONVERGENCE TOLERANCE            =    1.00E-09

 FREQUENCY SHIFT  (CENTER) (CYC/TIME)      =     .000000
 FREQUENCY CUTOFF (RADIUS) (CYC/TIME)      =  -INFINITY-
 ALLOW AUTOMATIC FREQUENCY SHIFTING        =         YES


 Original stiffness at shift : EV= 0.0000000E+00, f=     .000000, T=  -INFINITY-
 Number of eigenvalues below shift =      6

 Iteration    Approximations to next 5 eigenvalues, from shift EV= 0.0000000E+00
       2  -8.8780285E-12-1.5361106E-11 2.1680795E-11 2.7147071E-11-3.0774356E-11

 Found mode      1 of     12:  EV=-8.8780285E-12, f=   -4.74E-07, T= -2.1087E+06
 Found mode      2 of     12:  EV=-1.5361106E-11, f=   -6.24E-07, T= -1.6031E+06
 Found mode      3 of     12:  EV= 2.1680795E-11, f=    7.41E-07, T=  1.3494E+06
 Found mode      4 of     12:  EV= 2.7147071E-11, f=    8.29E-07, T=  1.2059E+06
 Found mode      5 of     12:  EV=-3.0774356E-11, f=   -8.83E-07, T= -1.1326E+06
 Found mode      6 of     12:  EV= 4.5406685E-11, f=    1.07E-06, T=  932438.009
 Found mode      7 of     12:  EV=-6.5716037E-11, f=   -1.29E-06, T= -775075.814
 Found mode      8 of     12:  EV= 1.1915987E-10, f=    1.74E-06, T=  575592.146
 Found mode      9 of     12:  EV= 1.3211617E-10, f=    1.83E-06, T=  546640.590
 Found mode     10 of     12:  EV= 1.4698030E-10, f=    1.93E-06, T=  518263.112
 Found mode     11 of     12:  EV= 2.6575904E-10, f=    2.59E-06, T=  385421.416
 Found mode     12 of     12:  EV= 2.6732641E-10, f=    2.60E-06, T=  384289.871

 * * * W A R N I N G * * *
 ZERO OR NEGATIVE MODAL-MASS VALUES WERE DETECTED DURING ITERATION,
 THE RESULTING EIGEN-MODES MAY NOT BE VALID - CHECK THEM CAREFULLY !!

 THE STRUCTURE IS UNSTABLE OR ILL-CONDITIONED !!
 CHECK THE STRUCTURE CAREFULLY FOR:
 - INADEQUATE SUPPORT CONDITIONS, OR
 - ONE OR MORE INTERNAL MECHANISMS, OR
 - ZERO OR NEGATIVE STIFFNESS PROPERTIES, OR
 - EXTREMELY LARGE STIFFNESS PROPERTIES, OR
 - BUCKLING DUE TO P-DELTA OR GEOMETRIC NONLINEARITY, OR
 - A FREQUENCY SHIFT (IF ANY) ONTO A NATURAL FREQUENCY


 NUMBER OF EIGEN MODES FOUND               =          12
 NUMBER OF ITERATIONS PERFORMED            =           2
 NUMBER OF STIFFNESS SHIFTS                =           0


 A N A L Y S I S   C O M P L E T E                          2016/09/09  03:54:44
