

 SAP2000 v16.1.1 Ultimate (Analysis Build 9194/32)
 File: C:\Users\Filippo\AppDat...\Debug\SAPMODEL\delos_turtle_20160909035955.LOG




 B E G I N   A N A L Y S I S                                2016/09/09  03:59:57


 RUNNING ANALYSIS WITHIN THE GUI PROCESS
 USING THE ADVANCED SOLVER (PROVIDES LIMITED INSTABILITY INFORMATION)

 NUMBER OF JOINTS                          =          72
    WITH RESTRAINTS                        =          17
 NUMBER OF FRAME/CABLE/TENDON ELEMENTS     =          88
 NUMBER OF LOAD PATTERNS                   =           6
 NUMBER OF ACCELERATION LOADS              =           6
 NUMBER OF LOAD CASES                      =           7


 E L E M E N T   F O R M A T I O N                                      03:59:57



 L I N E A R   E Q U A T I O N   S O L U T I O N                        03:59:57

 FORMING STIFFNESS AT ZERO (UNSTRESSED) INITIAL CONDITIONS

 TOTAL NUMBER OF EQUILIBRIUM EQUATIONS     =         330
 NUMBER OF NON-ZERO STIFFNESS TERMS        =        3567

 * * * W A R N I N G * * *
 THE STRUCTURE IS UNSTABLE OR ILL-CONDITIONED !!
 CHECK THE STRUCTURE CAREFULLY FOR:
 - INADEQUATE SUPPORT CONDITIONS, OR
 - ONE OR MORE INTERNAL MECHANISMS, OR
 - ZERO OR NEGATIVE STIFFNESS PROPERTIES, OR
 - EXTREMELY LARGE STIFFNESS PROPERTIES, OR
 - BUCKLING DUE TO P-DELTA OR GEOMETRIC NONLINEARITY, OR
 - A FREQUENCY SHIFT (IF ANY) ONTO A NATURAL FREQUENCY

 TO OBTAIN FURTHER INFORMATION:
 - USE THE STANDARD SOLVER, OR
 - RUN AN EIGEN ANALYSIS USING AUTO FREQUENCY SHIFTING (WITH
   ADDITIONAL MASS IF NEEDED) AND INVESTIGATE THE MODE SHAPES


 NUMBER OF EIGENVALUES BELOW SHIFT         =           7


 L I N E A R   S T A T I C   C A S E S                                  03:59:57

 USING STIFFNESS AT ZERO (UNSTRESSED) INITIAL CONDITIONS

 TOTAL NUMBER OF CASES TO SOLVE            =           6
 NUMBER OF CASES TO SOLVE PER BLOCK        =           6

 LINEAR STATIC CASES TO BE SOLVED:

 CASE: DEAD
 CASE: LIVE
 CASE: WIND +X
 CASE: WIND +Y
 CASE: WIND -X
 CASE: WIND -Y


 E I G E N   M O D A L   A N A L Y S I S                                03:59:57

 CASE: MODAL

 USING STIFFNESS AT ZERO (UNSTRESSED) INITIAL CONDITIONS

 NUMBER OF STIFFNESS DEGREES OF FREEDOM    =         330
 NUMBER OF MASS DEGREES OF FREEDOM         =         165
 MAXIMUM NUMBER OF EIGEN MODES SOUGHT      =          12
 MINIMUM NUMBER OF EIGEN MODES SOUGHT      =           1
 NUMBER OF RESIDUAL-MASS MODES SOUGHT      =           0
 NUMBER OF SUBSPACE VECTORS USED           =          24
 RELATIVE CONVERGENCE TOLERANCE            =    1.00E-09

 FREQUENCY SHIFT  (CENTER) (CYC/TIME)      =     .000000
 FREQUENCY CUTOFF (RADIUS) (CYC/TIME)      =  -INFINITY-
 ALLOW AUTOMATIC FREQUENCY SHIFTING        =         YES


 Original stiffness at shift : EV= 0.0000000E+00, f=     .000000, T=  -INFINITY-
 Number of eigenvalues below shift =      7

 Iteration    Approximations to next 5 eigenvalues, from shift EV= 0.0000000E+00
       1   5.8641796E-12-1.2691992E-11 2.5310066E-11-2.9391153E-11 4.4498552E-11
       2   5.8641796E-12-1.2691992E-11 2.5310066E-11-2.9391153E-11 4.4498552E-11

 Found mode      1 of     12:  EV= 5.8641796E-12, f=    3.85E-07, T=  2.5946E+06
 Found mode      2 of     12:  EV=-1.2691992E-11, f=   -5.67E-07, T= -1.7637E+06
 Found mode      3 of     12:  EV= 2.5310066E-11, f=    8.01E-07, T=  1.2489E+06
 Found mode      4 of     12:  EV=-2.9391153E-11, f=   -8.63E-07, T= -1.1590E+06
 Found mode      5 of     12:  EV= 4.4498552E-11, f=    1.06E-06, T=  941904.627
 Found mode      6 of     12:  EV= 2.6575904E-10, f=    2.59E-06, T=  385421.416
 Found mode      7 of     12:  EV=-7.3365887E-10, f=   -4.31E-06, T= -231970.512
 Found mode      8 of     12:  EV=-1.0009158E-09, f=   -5.04E-06, T= -198600.849
 Found mode      9 of     12:  EV=-1.3565534E-09, f=   -5.86E-06, T= -170593.082
 Found mode     10 of     12:  EV= 1.9391896E-09, f=    7.01E-06, T=  142682.178
 Found mode     11 of     12:  EV= 2.2714827E-09, f=    7.59E-06, T=  131833.308

 Iteration    Approximations to next 5 eigenvalues, from shift EV= 0.0000000E+00
       5   1.4385941E+03 1.7939504E+03 2.8979241E+03 3.0908016E+03 3.3608467E+03
       7   1.4385911E+03 1.7939501E+03 2.8979069E+03 3.0907738E+03 3.3610042E+03
       9   1.4385911E+03 1.7939651E+03 2.0725754E+03 2.8979164E+03 3.0907896E+03

 Forming stiffness, new shift: EV= 1.3666615E+03, f=    5.883701, T=    0.169961
 Number of eigenvalues below shift =     13

 Iteration    Approximations to next 5 eigenvalues, from shift EV= 1.3666615E+03
      11   7.1933896E+01 4.2732977E+02 1.5312744E+03 1.7242621E+03 1.9944235E+03

 Found mode     12 of     12:  EV= 1.4385954E+03, f=    6.036559, T=    0.165657

 * * * W A R N I N G * * *
 ZERO OR NEGATIVE MODAL-MASS VALUES WERE DETECTED DURING ITERATION,
 THE RESULTING EIGEN-MODES MAY NOT BE VALID - CHECK THEM CAREFULLY !!

 THE STRUCTURE IS UNSTABLE OR ILL-CONDITIONED !!
 CHECK THE STRUCTURE CAREFULLY FOR:
 - INADEQUATE SUPPORT CONDITIONS, OR
 - ONE OR MORE INTERNAL MECHANISMS, OR
 - ZERO OR NEGATIVE STIFFNESS PROPERTIES, OR
 - EXTREMELY LARGE STIFFNESS PROPERTIES, OR
 - BUCKLING DUE TO P-DELTA OR GEOMETRIC NONLINEARITY, OR
 - A FREQUENCY SHIFT (IF ANY) ONTO A NATURAL FREQUENCY


 NUMBER OF EIGEN MODES FOUND               =          12
 NUMBER OF ITERATIONS PERFORMED            =          11
 NUMBER OF STIFFNESS SHIFTS                =           1


 A N A L Y S I S   C O M P L E T E                          2016/09/09  03:59:57
