

 SAP2000 v16.1.1 Ultimate (Analysis Build 9194/32)
 File: C:\Users\Filippo\AppDat...\Debug\SAPMODEL\delos_turtle_20160909032308.LOG




 B E G I N   A N A L Y S I S                                2016/09/09  03:23:10


 RUNNING ANALYSIS WITHIN THE GUI PROCESS
 USING THE ADVANCED SOLVER (PROVIDES LIMITED INSTABILITY INFORMATION)

 NUMBER OF JOINTS                          =         187
    WITH RESTRAINTS                        =          25
 NUMBER OF FRAME/CABLE/TENDON ELEMENTS     =         562
 NUMBER OF LOAD PATTERNS                   =           6
 NUMBER OF ACCELERATION LOADS              =           6
 NUMBER OF LOAD CASES                      =           7


 E L E M E N T   F O R M A T I O N                                      03:23:10



 L I N E A R   E Q U A T I O N   S O L U T I O N                        03:23:10

 FORMING STIFFNESS AT ZERO (UNSTRESSED) INITIAL CONDITIONS

 TOTAL NUMBER OF EQUILIBRIUM EQUATIONS     =         972
 NUMBER OF NON-ZERO STIFFNESS TERMS        =       16830

 NUMBER OF EIGENVALUES BELOW SHIFT         =           0


 L I N E A R   S T A T I C   C A S E S                                  03:23:10

 USING STIFFNESS AT ZERO (UNSTRESSED) INITIAL CONDITIONS

 TOTAL NUMBER OF CASES TO SOLVE            =           6
 NUMBER OF CASES TO SOLVE PER BLOCK        =           6

 LINEAR STATIC CASES TO BE SOLVED:

 CASE: DEAD
 CASE: LIVE
 CASE: WIND +X
 CASE: WIND +Y
 CASE: WIND -X
 CASE: WIND -Y


 E I G E N   M O D A L   A N A L Y S I S                                03:23:11

 CASE: MODAL

 USING STIFFNESS AT ZERO (UNSTRESSED) INITIAL CONDITIONS

 NUMBER OF STIFFNESS DEGREES OF FREEDOM    =         972
 NUMBER OF MASS DEGREES OF FREEDOM         =         486
 MAXIMUM NUMBER OF EIGEN MODES SOUGHT      =          12
 MINIMUM NUMBER OF EIGEN MODES SOUGHT      =           1
 NUMBER OF RESIDUAL-MASS MODES SOUGHT      =           0
 NUMBER OF SUBSPACE VECTORS USED           =          24
 RELATIVE CONVERGENCE TOLERANCE            =    1.00E-09

 FREQUENCY SHIFT  (CENTER) (CYC/TIME)      =     .000000
 FREQUENCY CUTOFF (RADIUS) (CYC/TIME)      =  -INFINITY-
 ALLOW AUTOMATIC FREQUENCY SHIFTING        =         YES


 Original stiffness at shift : EV= 0.0000000E+00, f=     .000000, T=  -INFINITY-
 Number of eigenvalues below shift =      0
 Found mode      1 of     12:  EV= 1.4714185E+02, f=    1.930582, T=    0.517979
 Found mode      2 of     12:  EV= 5.2362437E+02, f=    3.641917, T=    0.274581

 Forming stiffness, new shift: EV= 2.6903730E+03, f=    8.255177, T=    0.121136
 Number of eigenvalues below shift =      2
 Found mode      3 of     12:  EV= 2.8319716E+03, f=    8.469633, T=    0.118069

 Forming stiffness, new shift: EV= 6.9925682E+03, f=   13.308787, T=    0.075138
 Number of eigenvalues below shift =      3

 Forming stiffness, new shift: EV= 7.1744566E+03, f=   13.480768, T=    0.074180
 Number of eigenvalues below shift =      4
 Found mode      4 of     12:  EV= 7.1737975E+03, f=   13.480149, T=    0.074183

 Forming stiffness, new shift: EV= 7.2105090E+03, f=   13.514597, T=    0.073994
 Number of eigenvalues below shift =      4

 Iteration    Approximations to next 5 eigenvalues, from shift EV= 7.2105090E+03
      26   1.8961733E+00 2.4830143E+01 2.7874917E+01 3.3645234E+01 3.9953252E+01

 Found mode      5 of     12:  EV= 7.2124052E+03, f=   13.516374, T=    0.073984

 Forming stiffness, new shift: EV= 7.2338993E+03, f=   13.536499, T=    0.073874
 Number of eigenvalues below shift =      5
 Found mode      6 of     12:  EV= 7.2351300E+03, f=   13.537651, T=    0.073868
 Found mode      7 of     12:  EV= 7.2380511E+03, f=   13.540383, T=    0.073853
 Found mode      8 of     12:  EV= 7.2420253E+03, f=   13.544100, T=    0.073833

 Forming stiffness, new shift: EV= 7.2492673E+03, f=   13.550870, T=    0.073796
 Number of eigenvalues below shift =      9
 Found mode      9 of     12:  EV= 7.2496285E+03, f=   13.551208, T=    0.073794
 Found mode     10 of     12:  EV= 7.2480111E+03, f=   13.549696, T=    0.073802

 * * * W A R N I N G * * *
 EIGENVALUE          10 WAS FOUND OUT OF SEQUENCE

 Found mode     11 of     12:  EV= 7.2508591E+03, f=   13.552358, T=    0.073788
 Found mode     12 of     12:  EV= 7.2509826E+03, f=   13.552473, T=    0.073787

 NUMBER OF EIGEN MODES FOUND               =          12
 NUMBER OF ITERATIONS PERFORMED            =          47
 NUMBER OF STIFFNESS SHIFTS                =           6


 A N A L Y S I S   C O M P L E T E                          2016/09/09  03:23:12
