

 SAP2000 v16.1.1 Ultimate (Analysis Build 9194/32)
 File: C:\Users\Filippo\AppDat...\Debug\SAPMODEL\delos_turtle_20160909034007.LOG




 B E G I N   A N A L Y S I S                                2016/09/09  03:40:08


 RUNNING ANALYSIS WITHIN THE GUI PROCESS
 USING THE ADVANCED SOLVER (PROVIDES LIMITED INSTABILITY INFORMATION)

 NUMBER OF JOINTS                          =         110
    WITH RESTRAINTS                        =          22
 NUMBER OF FRAME/CABLE/TENDON ELEMENTS     =         189
 NUMBER OF LOAD PATTERNS                   =           6
 NUMBER OF ACCELERATION LOADS              =           6
 NUMBER OF LOAD CASES                      =           7


 E L E M E N T   F O R M A T I O N                                      03:40:08



 L I N E A R   E Q U A T I O N   S O L U T I O N                        03:40:08

 FORMING STIFFNESS AT ZERO (UNSTRESSED) INITIAL CONDITIONS

 TOTAL NUMBER OF EQUILIBRIUM EQUATIONS     =         528
 NUMBER OF NON-ZERO STIFFNESS TERMS        =        6924

 * * * W A R N I N G * * *
 THE STRUCTURE IS UNSTABLE OR ILL-CONDITIONED !!
 CHECK THE STRUCTURE CAREFULLY FOR:
 - INADEQUATE SUPPORT CONDITIONS, OR
 - ONE OR MORE INTERNAL MECHANISMS, OR
 - ZERO OR NEGATIVE STIFFNESS PROPERTIES, OR
 - EXTREMELY LARGE STIFFNESS PROPERTIES, OR
 - BUCKLING DUE TO P-DELTA OR GEOMETRIC NONLINEARITY, OR
 - A FREQUENCY SHIFT (IF ANY) ONTO A NATURAL FREQUENCY

 TO OBTAIN FURTHER INFORMATION:
 - USE THE STANDARD SOLVER, OR
 - RUN AN EIGEN ANALYSIS USING AUTO FREQUENCY SHIFTING (WITH
   ADDITIONAL MASS IF NEEDED) AND INVESTIGATE THE MODE SHAPES


 NUMBER OF EIGENVALUES BELOW SHIFT         =           3


 L I N E A R   S T A T I C   C A S E S                                  03:40:08

 USING STIFFNESS AT ZERO (UNSTRESSED) INITIAL CONDITIONS

 TOTAL NUMBER OF CASES TO SOLVE            =           6
 NUMBER OF CASES TO SOLVE PER BLOCK        =           6

 LINEAR STATIC CASES TO BE SOLVED:

 CASE: DEAD
 CASE: LIVE
 CASE: WIND +X
 CASE: WIND +Y
 CASE: WIND -X
 CASE: WIND -Y


 E I G E N   M O D A L   A N A L Y S I S                                03:40:08

 CASE: MODAL

 USING STIFFNESS AT ZERO (UNSTRESSED) INITIAL CONDITIONS

 NUMBER OF STIFFNESS DEGREES OF FREEDOM    =         528
 NUMBER OF MASS DEGREES OF FREEDOM         =         264
 MAXIMUM NUMBER OF EIGEN MODES SOUGHT      =          12
 MINIMUM NUMBER OF EIGEN MODES SOUGHT      =           1
 NUMBER OF RESIDUAL-MASS MODES SOUGHT      =           0
 NUMBER OF SUBSPACE VECTORS USED           =          24
 RELATIVE CONVERGENCE TOLERANCE            =    1.00E-09

 FREQUENCY SHIFT  (CENTER) (CYC/TIME)      =     .000000
 FREQUENCY CUTOFF (RADIUS) (CYC/TIME)      =  -INFINITY-
 ALLOW AUTOMATIC FREQUENCY SHIFTING        =         YES


 Original stiffness at shift : EV= 0.0000000E+00, f=     .000000, T=  -INFINITY-
 Number of eigenvalues below shift =      3

 Iteration    Approximations to next 5 eigenvalues, from shift EV= 0.0000000E+00
       2  -7.6656654E-12 5.4311446E-11 2.6420007E-10-4.8449377E-10-5.5755791E-10

 Found mode      1 of     12:  EV=-7.6656654E-12, f=   -4.41E-07, T= -2.2694E+06
 Found mode      2 of     12:  EV= 5.4311446E-11, f=    1.17E-06, T=  852578.124
 Found mode      3 of     12:  EV= 2.6420007E-10, f=    2.59E-06, T=  386556.878
 Found mode      4 of     12:  EV=-4.8449377E-10, f=   -3.50E-06, T= -285453.761
 Found mode      5 of     12:  EV=-5.5755791E-10, f=   -3.76E-06, T= -266093.876
 Found mode      6 of     12:  EV= 6.6626153E-10, f=    4.11E-06, T=  243420.696

 Iteration    Approximations to next 5 eigenvalues, from shift EV= 0.0000000E+00
       6   2.3456082E+03 2.4394296E+03 3.8232400E+03 4.2360276E+03 4.6305057E+03

 Found mode      7 of     12:  EV= 2.3456082E+03, f=    7.708109, T=    0.129733
 Found mode      8 of     12:  EV= 2.4394296E+03, f=    7.860755, T=    0.127214
 Found mode      9 of     12:  EV= 3.8232399E+03, f=    9.840925, T=    0.101616

 Iteration    Approximations to next 5 eigenvalues, from shift EV= 0.0000000E+00
      11   4.2360287E+03 4.6304835E+03 5.3830700E+03 5.9533148E+03 6.1432042E+03
      14   4.2360303E+03 4.6304867E+03 5.3830691E+03 5.9533170E+03 6.1432042E+03

 Forming stiffness, new shift: EV= 4.0242273E+03, f=   10.096280, T=    0.099046
 Number of eigenvalues below shift =      9

 Iteration    Approximations to next 5 eigenvalues, from shift EV= 4.0242273E+03
      16   2.1190210E+02 6.0631539E+02 1.3588538E+03 1.9291610E+03 2.1189787E+03

 Found mode     10 of     12:  EV= 4.2361294E+03, f=   10.358688, T=    0.096537
 Found mode     11 of     12:  EV= 4.6305427E+03, f=   10.830190, T=    0.092334
 Found mode     12 of     12:  EV= 5.3830812E+03, f=   11.677116, T=    0.085638

 * * * W A R N I N G * * *
 ZERO OR NEGATIVE MODAL-MASS VALUES WERE DETECTED DURING ITERATION,
 THE RESULTING EIGEN-MODES MAY NOT BE VALID - CHECK THEM CAREFULLY !!

 THE STRUCTURE IS UNSTABLE OR ILL-CONDITIONED !!
 CHECK THE STRUCTURE CAREFULLY FOR:
 - INADEQUATE SUPPORT CONDITIONS, OR
 - ONE OR MORE INTERNAL MECHANISMS, OR
 - ZERO OR NEGATIVE STIFFNESS PROPERTIES, OR
 - EXTREMELY LARGE STIFFNESS PROPERTIES, OR
 - BUCKLING DUE TO P-DELTA OR GEOMETRIC NONLINEARITY, OR
 - A FREQUENCY SHIFT (IF ANY) ONTO A NATURAL FREQUENCY


 NUMBER OF EIGEN MODES FOUND               =          12
 NUMBER OF ITERATIONS PERFORMED            =          17
 NUMBER OF STIFFNESS SHIFTS                =           1


 A N A L Y S I S   C O M P L E T E                          2016/09/09  03:40:09
