

 SAP2000 v16.1.1 Ultimate (Analysis Build 9194/32)
 File: C:\Users\Filippo\AppDat...\Debug\SAPMODEL\delos_turtle_20160909033843.LOG




 B E G I N   A N A L Y S I S                                2016/09/09  03:38:44


 RUNNING ANALYSIS WITHIN THE GUI PROCESS
 USING THE ADVANCED SOLVER (PROVIDES LIMITED INSTABILITY INFORMATION)

 NUMBER OF JOINTS                          =         114
    WITH RESTRAINTS                        =          23
 NUMBER OF FRAME/CABLE/TENDON ELEMENTS     =         200
 NUMBER OF LOAD PATTERNS                   =           6
 NUMBER OF ACCELERATION LOADS              =           6
 NUMBER OF LOAD CASES                      =           7


 E L E M E N T   F O R M A T I O N                                      03:38:44



 L I N E A R   E Q U A T I O N   S O L U T I O N                        03:38:44

 FORMING STIFFNESS AT ZERO (UNSTRESSED) INITIAL CONDITIONS

 TOTAL NUMBER OF EQUILIBRIUM EQUATIONS     =         546
 NUMBER OF NON-ZERO STIFFNESS TERMS        =        7239

 * * * W A R N I N G * * *
 THE STRUCTURE IS UNSTABLE OR ILL-CONDITIONED !!
 CHECK THE STRUCTURE CAREFULLY FOR:
 - INADEQUATE SUPPORT CONDITIONS, OR
 - ONE OR MORE INTERNAL MECHANISMS, OR
 - ZERO OR NEGATIVE STIFFNESS PROPERTIES, OR
 - EXTREMELY LARGE STIFFNESS PROPERTIES, OR
 - BUCKLING DUE TO P-DELTA OR GEOMETRIC NONLINEARITY, OR
 - A FREQUENCY SHIFT (IF ANY) ONTO A NATURAL FREQUENCY

 TO OBTAIN FURTHER INFORMATION:
 - USE THE STANDARD SOLVER, OR
 - RUN AN EIGEN ANALYSIS USING AUTO FREQUENCY SHIFTING (WITH
   ADDITIONAL MASS IF NEEDED) AND INVESTIGATE THE MODE SHAPES


 NUMBER OF EIGENVALUES BELOW SHIFT         =           3


 L I N E A R   S T A T I C   C A S E S                                  03:38:44

 USING STIFFNESS AT ZERO (UNSTRESSED) INITIAL CONDITIONS

 TOTAL NUMBER OF CASES TO SOLVE            =           6
 NUMBER OF CASES TO SOLVE PER BLOCK        =           6

 LINEAR STATIC CASES TO BE SOLVED:

 CASE: DEAD
 CASE: LIVE
 CASE: WIND +X
 CASE: WIND +Y
 CASE: WIND -X
 CASE: WIND -Y


 E I G E N   M O D A L   A N A L Y S I S                                03:38:44

 CASE: MODAL

 USING STIFFNESS AT ZERO (UNSTRESSED) INITIAL CONDITIONS

 NUMBER OF STIFFNESS DEGREES OF FREEDOM    =         546
 NUMBER OF MASS DEGREES OF FREEDOM         =         273
 MAXIMUM NUMBER OF EIGEN MODES SOUGHT      =          12
 MINIMUM NUMBER OF EIGEN MODES SOUGHT      =           1
 NUMBER OF RESIDUAL-MASS MODES SOUGHT      =           0
 NUMBER OF SUBSPACE VECTORS USED           =          24
 RELATIVE CONVERGENCE TOLERANCE            =    1.00E-09

 FREQUENCY SHIFT  (CENTER) (CYC/TIME)      =     .000000
 FREQUENCY CUTOFF (RADIUS) (CYC/TIME)      =  -INFINITY-
 ALLOW AUTOMATIC FREQUENCY SHIFTING        =         YES


 Original stiffness at shift : EV= 0.0000000E+00, f=     .000000, T=  -INFINITY-
 Number of eigenvalues below shift =      3
 Found mode      1 of     12:  EV=-3.5513047E-12, f=   -3.00E-07, T= -3.3342E+06
 Found mode      2 of     12:  EV=-1.5361106E-11, f=   -6.24E-07, T= -1.6031E+06
 Found mode      3 of     12:  EV= 2.1439036E-11, f=    7.37E-07, T=  1.3570E+06

 Iteration    Approximations to next 5 eigenvalues, from shift EV= 0.0000000E+00
       3   5.3106385E-10 6.6380438E-10 1.3081467E-09 1.7878449E+02 4.2975092E+02

 Found mode      4 of     12:  EV= 5.3106385E-10, f=    3.67E-06, T=  272650.625
 Found mode      5 of     12:  EV= 6.6380438E-10, f=    4.10E-06, T=  243870.804
 Found mode      6 of     12:  EV= 1.3081467E-09, f=    5.76E-06, T=  173720.730

 Iteration    Approximations to next 5 eigenvalues, from shift EV= 0.0000000E+00
       4   8.6574673E+02 2.2152542E+03 4.2424417E+03 4.6310304E+03 5.9317321E+03
       7   8.6574702E+02 2.2152558E+03 4.2418248E+03 4.6304099E+03 5.9295668E+03

 Forming stiffness, new shift: EV= 8.2246033E+02, f=    4.564336, T=    0.219090
 Number of eigenvalues below shift =      7

 Iteration    Approximations to next 5 eigenvalues, from shift EV= 8.2246033E+02
      11   4.3326026E+01 1.3928092E+03 3.4197048E+03 3.8080954E+03 5.1074613E+03

 Found mode      7 of     12:  EV= 8.6578635E+02, f=    4.683014, T=    0.213538
 Found mode      8 of     12:  EV= 2.2152695E+03, f=    7.490890, T=    0.133495
 Found mode      9 of     12:  EV= 4.2421651E+03, f=   10.366065, T=    0.096469
 Found mode     10 of     12:  EV= 4.6305557E+03, f=   10.830205, T=    0.092334
 Found mode     11 of     12:  EV= 5.9299216E+03, f=   12.255883, T=    0.081593
 Found mode     12 of     12:  EV= 6.1431971E+03, f=   12.474334, T=    0.080165

 * * * W A R N I N G * * *
 ZERO OR NEGATIVE MODAL-MASS VALUES WERE DETECTED DURING ITERATION,
 THE RESULTING EIGEN-MODES MAY NOT BE VALID - CHECK THEM CAREFULLY !!

 THE STRUCTURE IS UNSTABLE OR ILL-CONDITIONED !!
 CHECK THE STRUCTURE CAREFULLY FOR:
 - INADEQUATE SUPPORT CONDITIONS, OR
 - ONE OR MORE INTERNAL MECHANISMS, OR
 - ZERO OR NEGATIVE STIFFNESS PROPERTIES, OR
 - EXTREMELY LARGE STIFFNESS PROPERTIES, OR
 - BUCKLING DUE TO P-DELTA OR GEOMETRIC NONLINEARITY, OR
 - A FREQUENCY SHIFT (IF ANY) ONTO A NATURAL FREQUENCY


 NUMBER OF EIGEN MODES FOUND               =          12
 NUMBER OF ITERATIONS PERFORMED            =          12
 NUMBER OF STIFFNESS SHIFTS                =           1


 A N A L Y S I S   C O M P L E T E                          2016/09/09  03:38:45
