

 SAP2000 v16.1.1 Ultimate (Analysis Build 9194/32)
 File: C:\Users\Filippo\AppDat...\Debug\SAPMODEL\delos_turtle_20160909035014.LOG




 B E G I N   A N A L Y S I S                                2016/09/09  03:50:15


 RUNNING ANALYSIS WITHIN THE GUI PROCESS
 USING THE ADVANCED SOLVER (PROVIDES LIMITED INSTABILITY INFORMATION)

 NUMBER OF JOINTS                          =          83
    WITH RESTRAINTS                        =          19
 NUMBER OF FRAME/CABLE/TENDON ELEMENTS     =         112
 NUMBER OF LOAD PATTERNS                   =           6
 NUMBER OF ACCELERATION LOADS              =           6
 NUMBER OF LOAD CASES                      =           7


 E L E M E N T   F O R M A T I O N                                      03:50:15



 L I N E A R   E Q U A T I O N   S O L U T I O N                        03:50:15

 FORMING STIFFNESS AT ZERO (UNSTRESSED) INITIAL CONDITIONS

 TOTAL NUMBER OF EQUILIBRIUM EQUATIONS     =         384
 NUMBER OF NON-ZERO STIFFNESS TERMS        =        4440

 * * * W A R N I N G * * *
 THE STRUCTURE IS UNSTABLE OR ILL-CONDITIONED !!
 CHECK THE STRUCTURE CAREFULLY FOR:
 - INADEQUATE SUPPORT CONDITIONS, OR
 - ONE OR MORE INTERNAL MECHANISMS, OR
 - ZERO OR NEGATIVE STIFFNESS PROPERTIES, OR
 - EXTREMELY LARGE STIFFNESS PROPERTIES, OR
 - BUCKLING DUE TO P-DELTA OR GEOMETRIC NONLINEARITY, OR
 - A FREQUENCY SHIFT (IF ANY) ONTO A NATURAL FREQUENCY

 TO OBTAIN FURTHER INFORMATION:
 - USE THE STANDARD SOLVER, OR
 - RUN AN EIGEN ANALYSIS USING AUTO FREQUENCY SHIFTING (WITH
   ADDITIONAL MASS IF NEEDED) AND INVESTIGATE THE MODE SHAPES


 NUMBER OF EIGENVALUES BELOW SHIFT         =           4


 L I N E A R   S T A T I C   C A S E S                                  03:50:15

 USING STIFFNESS AT ZERO (UNSTRESSED) INITIAL CONDITIONS

 TOTAL NUMBER OF CASES TO SOLVE            =           6
 NUMBER OF CASES TO SOLVE PER BLOCK        =           6

 LINEAR STATIC CASES TO BE SOLVED:

 CASE: DEAD
 CASE: LIVE
 CASE: WIND +X
 CASE: WIND +Y
 CASE: WIND -X
 CASE: WIND -Y


 E I G E N   M O D A L   A N A L Y S I S                                03:50:15

 CASE: MODAL

 USING STIFFNESS AT ZERO (UNSTRESSED) INITIAL CONDITIONS

 NUMBER OF STIFFNESS DEGREES OF FREEDOM    =         384
 NUMBER OF MASS DEGREES OF FREEDOM         =         192
 MAXIMUM NUMBER OF EIGEN MODES SOUGHT      =          12
 MINIMUM NUMBER OF EIGEN MODES SOUGHT      =           1
 NUMBER OF RESIDUAL-MASS MODES SOUGHT      =           0
 NUMBER OF SUBSPACE VECTORS USED           =          24
 RELATIVE CONVERGENCE TOLERANCE            =    1.00E-09

 FREQUENCY SHIFT  (CENTER) (CYC/TIME)      =     .000000
 FREQUENCY CUTOFF (RADIUS) (CYC/TIME)      =  -INFINITY-
 ALLOW AUTOMATIC FREQUENCY SHIFTING        =         YES


 Original stiffness at shift : EV= 0.0000000E+00, f=     .000000, T=  -INFINITY-
 Number of eigenvalues below shift =      4

 Iteration    Approximations to next 5 eigenvalues, from shift EV= 0.0000000E+00
       2   7.3916632E-12-2.3567470E-11 2.5238646E-10 2.6557311E-10 2.6613942E-10

 Found mode      1 of     12:  EV= 7.3916632E-12, f=    4.33E-07, T=  2.3110E+06
 Found mode      2 of     12:  EV=-2.3567470E-11, f=   -7.73E-07, T= -1.2943E+06
 Found mode      3 of     12:  EV= 2.5238646E-10, f=    2.53E-06, T=  395500.321
 Found mode      4 of     12:  EV= 2.6557311E-10, f=    2.59E-06, T=  385556.310
 Found mode      5 of     12:  EV= 2.6613942E-10, f=    2.60E-06, T=  385145.885
 Found mode      6 of     12:  EV=-4.7492228E-10, f=   -3.47E-06, T= -288315.903
 Found mode      7 of     12:  EV=-4.8382501E-10, f=   -3.50E-06, T= -285650.975
 Found mode      8 of     12:  EV=-7.3365887E-10, f=   -4.31E-06, T= -231970.512
 Found mode      9 of     12:  EV= 9.1876297E-10, f=    4.82E-06, T=  207289.893
 Found mode     10 of     12:  EV= 2.4342174E-09, f=    7.85E-06, T=  127350.362

 Iteration    Approximations to next 5 eigenvalues, from shift EV= 0.0000000E+00
       4   8.0141524E+02 1.3843416E+03 2.8979226E+03 2.8984731E+03 2.9148941E+03
       7   8.0141476E+02 1.3843406E+03 2.8977942E+03 2.8979323E+03 2.9140198E+03

 Found mode     11 of     12:  EV= 8.0141476E+02, f=    4.505560, T=    0.221948

 Iteration    Approximations to next 5 eigenvalues, from shift EV= 0.0000000E+00
       9   1.3843406E+03 2.8978059E+03 2.8979314E+03 2.9140197E+03 3.0908607E+03
      11   1.3843406E+03 2.8977926E+03 2.8979305E+03 2.9140197E+03 3.0908620E+03

 Forming stiffness, new shift: EV= 1.3151236E+03, f=    5.771696, T=    0.173259
 Number of eigenvalues below shift =     11

 Iteration    Approximations to next 5 eigenvalues, from shift EV= 1.3151236E+03
      13   6.9220889E+01 1.5828121E+03 1.5828123E+03 1.5989004E+03 1.7757999E+03

 Found mode     12 of     12:  EV= 1.3843445E+03, f=    5.921643, T=    0.168872

 * * * W A R N I N G * * *
 ZERO OR NEGATIVE MODAL-MASS VALUES WERE DETECTED DURING ITERATION,
 THE RESULTING EIGEN-MODES MAY NOT BE VALID - CHECK THEM CAREFULLY !!

 THE STRUCTURE IS UNSTABLE OR ILL-CONDITIONED !!
 CHECK THE STRUCTURE CAREFULLY FOR:
 - INADEQUATE SUPPORT CONDITIONS, OR
 - ONE OR MORE INTERNAL MECHANISMS, OR
 - ZERO OR NEGATIVE STIFFNESS PROPERTIES, OR
 - EXTREMELY LARGE STIFFNESS PROPERTIES, OR
 - BUCKLING DUE TO P-DELTA OR GEOMETRIC NONLINEARITY, OR
 - A FREQUENCY SHIFT (IF ANY) ONTO A NATURAL FREQUENCY


 NUMBER OF EIGEN MODES FOUND               =          12
 NUMBER OF ITERATIONS PERFORMED            =          13
 NUMBER OF STIFFNESS SHIFTS                =           1


 A N A L Y S I S   C O M P L E T E                          2016/09/09  03:50:16
