

 SAP2000 v16.1.1 Ultimate (Analysis Build 9194/32)
 File: C:\Users\Filippo\AppDat...\Debug\SAPMODEL\delos_turtle_20160909033945.LOG




 B E G I N   A N A L Y S I S                                2016/09/09  03:39:46


 RUNNING ANALYSIS WITHIN THE GUI PROCESS
 USING THE ADVANCED SOLVER (PROVIDES LIMITED INSTABILITY INFORMATION)

 NUMBER OF JOINTS                          =         110
    WITH RESTRAINTS                        =          22
 NUMBER OF FRAME/CABLE/TENDON ELEMENTS     =         189
 NUMBER OF LOAD PATTERNS                   =           6
 NUMBER OF ACCELERATION LOADS              =           6
 NUMBER OF LOAD CASES                      =           7


 E L E M E N T   F O R M A T I O N                                      03:39:46



 L I N E A R   E Q U A T I O N   S O L U T I O N                        03:39:46

 FORMING STIFFNESS AT ZERO (UNSTRESSED) INITIAL CONDITIONS

 TOTAL NUMBER OF EQUILIBRIUM EQUATIONS     =         528
 NUMBER OF NON-ZERO STIFFNESS TERMS        =        6924

 * * * W A R N I N G * * *
 THE STRUCTURE IS UNSTABLE OR ILL-CONDITIONED !!
 CHECK THE STRUCTURE CAREFULLY FOR:
 - INADEQUATE SUPPORT CONDITIONS, OR
 - ONE OR MORE INTERNAL MECHANISMS, OR
 - ZERO OR NEGATIVE STIFFNESS PROPERTIES, OR
 - EXTREMELY LARGE STIFFNESS PROPERTIES, OR
 - BUCKLING DUE TO P-DELTA OR GEOMETRIC NONLINEARITY, OR
 - A FREQUENCY SHIFT (IF ANY) ONTO A NATURAL FREQUENCY

 TO OBTAIN FURTHER INFORMATION:
 - USE THE STANDARD SOLVER, OR
 - RUN AN EIGEN ANALYSIS USING AUTO FREQUENCY SHIFTING (WITH
   ADDITIONAL MASS IF NEEDED) AND INVESTIGATE THE MODE SHAPES


 NUMBER OF EIGENVALUES BELOW SHIFT         =           3


 L I N E A R   S T A T I C   C A S E S                                  03:39:46

 USING STIFFNESS AT ZERO (UNSTRESSED) INITIAL CONDITIONS

 TOTAL NUMBER OF CASES TO SOLVE            =           6
 NUMBER OF CASES TO SOLVE PER BLOCK        =           6

 LINEAR STATIC CASES TO BE SOLVED:

 CASE: DEAD
 CASE: LIVE
 CASE: WIND +X
 CASE: WIND +Y
 CASE: WIND -X
 CASE: WIND -Y


 E I G E N   M O D A L   A N A L Y S I S                                03:39:46

 CASE: MODAL

 USING STIFFNESS AT ZERO (UNSTRESSED) INITIAL CONDITIONS

 NUMBER OF STIFFNESS DEGREES OF FREEDOM    =         528
 NUMBER OF MASS DEGREES OF FREEDOM         =         264
 MAXIMUM NUMBER OF EIGEN MODES SOUGHT      =          12
 MINIMUM NUMBER OF EIGEN MODES SOUGHT      =           1
 NUMBER OF RESIDUAL-MASS MODES SOUGHT      =           0
 NUMBER OF SUBSPACE VECTORS USED           =          24
 RELATIVE CONVERGENCE TOLERANCE            =    1.00E-09

 FREQUENCY SHIFT  (CENTER) (CYC/TIME)      =     .000000
 FREQUENCY CUTOFF (RADIUS) (CYC/TIME)      =  -INFINITY-
 ALLOW AUTOMATIC FREQUENCY SHIFTING        =         YES


 Original stiffness at shift : EV= 0.0000000E+00, f=     .000000, T=  -INFINITY-
 Number of eigenvalues below shift =      3
 Found mode      1 of     12:  EV=-7.6656654E-12, f=   -4.41E-07, T= -2.2694E+06
 Found mode      2 of     12:  EV= 5.4311446E-11, f=    1.17E-06, T=  852578.124
 Found mode      3 of     12:  EV= 2.6420007E-10, f=    2.59E-06, T=  386556.878
 Found mode      4 of     12:  EV=-4.8449377E-10, f=   -3.50E-06, T= -285453.761
 Found mode      5 of     12:  EV=-5.5755791E-10, f=   -3.76E-06, T= -266093.876
 Found mode      6 of     12:  EV= 6.6626153E-10, f=    4.11E-06, T=  243420.696

 Iteration    Approximations to next 5 eigenvalues, from shift EV= 0.0000000E+00
       4   1.5660027E+03 1.6395643E+03 3.0014563E+03 4.2202150E+03 4.6311470E+03
       5   1.5660025E+03 1.6395643E+03 3.0014473E+03 4.2199832E+03 4.6304403E+03

 Found mode      7 of     12:  EV= 1.5660025E+03, f=    6.298199, T=    0.158776
 Found mode      8 of     12:  EV= 1.6395643E+03, f=    6.444428, T=    0.155173

 Iteration    Approximations to next 5 eigenvalues, from shift EV= 0.0000000E+00
       9   3.0014470E+03 4.2199747E+03 4.6303944E+03 5.0501017E+03 5.7704283E+03
      10   3.0014470E+03 4.2199743E+03 4.6304433E+03 5.0501005E+03 5.7704293E+03

 Found mode      9 of     12:  EV= 3.0014470E+03, f=    8.719377, T=    0.114687

 Forming stiffness, new shift: EV= 4.0089761E+03, f=   10.077130, T=    0.099235
 Number of eigenvalues below shift =      9

 Iteration    Approximations to next 5 eigenvalues, from shift EV= 4.0089761E+03
      14   2.1102241E+02 6.2153331E+02 1.0411783E+03 1.7614582E+03 2.0086269E+03

 Found mode     10 of     12:  EV= 4.2199985E+03, f=   10.338946, T=    0.096722
 Found mode     11 of     12:  EV= 4.6305094E+03, f=   10.830151, T=    0.092335
 Found mode     12 of     12:  EV= 5.0501544E+03, f=   11.310257, T=    0.088415

 * * * W A R N I N G * * *
 ZERO OR NEGATIVE MODAL-MASS VALUES WERE DETECTED DURING ITERATION,
 THE RESULTING EIGEN-MODES MAY NOT BE VALID - CHECK THEM CAREFULLY !!

 THE STRUCTURE IS UNSTABLE OR ILL-CONDITIONED !!
 CHECK THE STRUCTURE CAREFULLY FOR:
 - INADEQUATE SUPPORT CONDITIONS, OR
 - ONE OR MORE INTERNAL MECHANISMS, OR
 - ZERO OR NEGATIVE STIFFNESS PROPERTIES, OR
 - EXTREMELY LARGE STIFFNESS PROPERTIES, OR
 - BUCKLING DUE TO P-DELTA OR GEOMETRIC NONLINEARITY, OR
 - A FREQUENCY SHIFT (IF ANY) ONTO A NATURAL FREQUENCY


 NUMBER OF EIGEN MODES FOUND               =          12
 NUMBER OF ITERATIONS PERFORMED            =          15
 NUMBER OF STIFFNESS SHIFTS                =           1


 A N A L Y S I S   C O M P L E T E                          2016/09/09  03:39:47
