

 SAP2000 v16.1.1 Ultimate (Analysis Build 9194/32)
 File: C:\Users\Filippo\AppDat...\Debug\SAPMODEL\delos_turtle_20160909032941.LOG




 B E G I N   A N A L Y S I S                                2016/09/09  03:29:43


 RUNNING ANALYSIS WITHIN THE GUI PROCESS
 USING THE ADVANCED SOLVER (PROVIDES LIMITED INSTABILITY INFORMATION)

 NUMBER OF JOINTS                          =         171
    WITH RESTRAINTS                        =          25
 NUMBER OF FRAME/CABLE/TENDON ELEMENTS     =         378
 NUMBER OF LOAD PATTERNS                   =           6
 NUMBER OF ACCELERATION LOADS              =           6
 NUMBER OF LOAD CASES                      =           7


 E L E M E N T   F O R M A T I O N                                      03:29:43



 L I N E A R   E Q U A T I O N   S O L U T I O N                        03:29:43

 FORMING STIFFNESS AT ZERO (UNSTRESSED) INITIAL CONDITIONS

 TOTAL NUMBER OF EQUILIBRIUM EQUATIONS     =         876
 NUMBER OF NON-ZERO STIFFNESS TERMS        =       12858

 * * * W A R N I N G * * *
 THE STRUCTURE IS UNSTABLE OR ILL-CONDITIONED !!
 CHECK THE STRUCTURE CAREFULLY FOR:
 - INADEQUATE SUPPORT CONDITIONS, OR
 - ONE OR MORE INTERNAL MECHANISMS, OR
 - ZERO OR NEGATIVE STIFFNESS PROPERTIES, OR
 - EXTREMELY LARGE STIFFNESS PROPERTIES, OR
 - BUCKLING DUE TO P-DELTA OR GEOMETRIC NONLINEARITY, OR
 - A FREQUENCY SHIFT (IF ANY) ONTO A NATURAL FREQUENCY

 TO OBTAIN FURTHER INFORMATION:
 - USE THE STANDARD SOLVER, OR
 - RUN AN EIGEN ANALYSIS USING AUTO FREQUENCY SHIFTING (WITH
   ADDITIONAL MASS IF NEEDED) AND INVESTIGATE THE MODE SHAPES


 NUMBER OF EIGENVALUES BELOW SHIFT         =           3


 L I N E A R   S T A T I C   C A S E S                                  03:29:43

 USING STIFFNESS AT ZERO (UNSTRESSED) INITIAL CONDITIONS

 TOTAL NUMBER OF CASES TO SOLVE            =           6
 NUMBER OF CASES TO SOLVE PER BLOCK        =           6

 LINEAR STATIC CASES TO BE SOLVED:

 CASE: DEAD
 CASE: LIVE
 CASE: WIND +X
 CASE: WIND +Y
 CASE: WIND -X
 CASE: WIND -Y


 E I G E N   M O D A L   A N A L Y S I S                                03:29:43

 CASE: MODAL

 USING STIFFNESS AT ZERO (UNSTRESSED) INITIAL CONDITIONS

 NUMBER OF STIFFNESS DEGREES OF FREEDOM    =         876
 NUMBER OF MASS DEGREES OF FREEDOM         =         438
 MAXIMUM NUMBER OF EIGEN MODES SOUGHT      =          12
 MINIMUM NUMBER OF EIGEN MODES SOUGHT      =           1
 NUMBER OF RESIDUAL-MASS MODES SOUGHT      =           0
 NUMBER OF SUBSPACE VECTORS USED           =          24
 RELATIVE CONVERGENCE TOLERANCE            =    1.00E-09

 FREQUENCY SHIFT  (CENTER) (CYC/TIME)      =     .000000
 FREQUENCY CUTOFF (RADIUS) (CYC/TIME)      =  -INFINITY-
 ALLOW AUTOMATIC FREQUENCY SHIFTING        =         YES


 Original stiffness at shift : EV= 0.0000000E+00, f=     .000000, T=  -INFINITY-
 Number of eigenvalues below shift =      3
 Found mode      1 of     12:  EV=-1.1306640E-11, f=   -5.35E-07, T= -1.8686E+06
 Found mode      2 of     12:  EV= 5.6906882E-11, f=    1.20E-06, T=  832908.846
 Found mode      3 of     12:  EV=-1.5731397E-10, f=   -2.00E-06, T= -500952.117
 Found mode      4 of     12:  EV= 3.5398322E-09, f=    9.47E-06, T=  105605.985
 Found mode      5 of     12:  EV= 1.4621963E+03, f=    6.085874, T=    0.164315
 Found mode      6 of     12:  EV= 4.2529885E+03, f=   10.379280, T=    0.096346
 Found mode      7 of     12:  EV= 4.4418982E+03, f=   10.607290, T=    0.094275

 Forming stiffness, new shift: EV= 1.2391631E+04, f=   17.716763, T=    0.056444
 Number of eigenvalues below shift =      8
 Found mode      8 of     12:  EV= 1.3043766E+04, f=   18.176976, T=    0.055015

 Forming stiffness, new shift: EV= 2.4055260E+04, f=   24.684547, T=    0.040511
 Number of eigenvalues below shift =      9

 Forming stiffness, new shift: EV= 2.4322345E+04, f=   24.821204, T=    0.040288
 Number of eigenvalues below shift =      9
 Found mode      9 of     12:  EV= 2.4336373E+04, f=   24.828362, T=    0.040277

 Iteration    Approximations to next 5 eigenvalues, from shift EV= 2.4322345E+04
      27   3.0533045E+02 5.6846180E+02 7.6827544E+02 9.0722056E+02 9.6468720E+02

 Found mode     10 of     12:  EV= 2.4627675E+04, f=   24.976515, T=    0.040038

 Iteration    Approximations to next 5 eigenvalues, from shift EV= 2.4322345E+04
      29   5.6846125E+02 7.6809945E+02 9.0408708E+02 9.5906791E+02 1.0168625E+03

 Forming stiffness, new shift: EV= 2.4862383E+04, f=   25.095249, T=    0.039848
 Number of eigenvalues below shift =     11

 Found mode     11 of     12:  EV= 2.4890806E+04, f=   25.109589, T=    0.039825

 Iteration    Approximations to next 5 eigenvalues, from shift EV= 2.4862383E+04
      35   2.2802642E+02 3.6254372E+02 4.1458543E+02 4.6645498E+02 4.7296485E+02

 Found mode     12 of     12:  EV= 2.5090409E+04, f=   25.210067, T=    0.039667

 * * * W A R N I N G * * *
 ZERO OR NEGATIVE MODAL-MASS VALUES WERE DETECTED DURING ITERATION,
 THE RESULTING EIGEN-MODES MAY NOT BE VALID - CHECK THEM CAREFULLY !!

 THE STRUCTURE IS UNSTABLE OR ILL-CONDITIONED !!
 CHECK THE STRUCTURE CAREFULLY FOR:
 - INADEQUATE SUPPORT CONDITIONS, OR
 - ONE OR MORE INTERNAL MECHANISMS, OR
 - ZERO OR NEGATIVE STIFFNESS PROPERTIES, OR
 - EXTREMELY LARGE STIFFNESS PROPERTIES, OR
 - BUCKLING DUE TO P-DELTA OR GEOMETRIC NONLINEARITY, OR
 - A FREQUENCY SHIFT (IF ANY) ONTO A NATURAL FREQUENCY


 NUMBER OF EIGEN MODES FOUND               =          12
 NUMBER OF ITERATIONS PERFORMED            =          36
 NUMBER OF STIFFNESS SHIFTS                =           4


 A N A L Y S I S   C O M P L E T E                          2016/09/09  03:29:44
