

 SAP2000 v16.1.1 Ultimate (Analysis Build 9194/32)
 File: C:\Users\Filippo\AppDat...\Debug\SAPMODEL\delos_turtle_20160909033211.LOG




 B E G I N   A N A L Y S I S                                2016/09/09  03:32:13


 RUNNING ANALYSIS WITHIN THE GUI PROCESS
 USING THE ADVANCED SOLVER (PROVIDES LIMITED INSTABILITY INFORMATION)

 NUMBER OF JOINTS                          =         150
    WITH RESTRAINTS                        =          25
 NUMBER OF FRAME/CABLE/TENDON ELEMENTS     =         312
 NUMBER OF LOAD PATTERNS                   =           6
 NUMBER OF ACCELERATION LOADS              =           6
 NUMBER OF LOAD CASES                      =           7


 E L E M E N T   F O R M A T I O N                                      03:32:13



 L I N E A R   E Q U A T I O N   S O L U T I O N                        03:32:13

 FORMING STIFFNESS AT ZERO (UNSTRESSED) INITIAL CONDITIONS

 TOTAL NUMBER OF EQUILIBRIUM EQUATIONS     =         750
 NUMBER OF NON-ZERO STIFFNESS TERMS        =       11157

 * * * W A R N I N G * * *
 THE STRUCTURE IS UNSTABLE OR ILL-CONDITIONED !!
 CHECK THE STRUCTURE CAREFULLY FOR:
 - INADEQUATE SUPPORT CONDITIONS, OR
 - ONE OR MORE INTERNAL MECHANISMS, OR
 - ZERO OR NEGATIVE STIFFNESS PROPERTIES, OR
 - EXTREMELY LARGE STIFFNESS PROPERTIES, OR
 - BUCKLING DUE TO P-DELTA OR GEOMETRIC NONLINEARITY, OR
 - A FREQUENCY SHIFT (IF ANY) ONTO A NATURAL FREQUENCY

 TO OBTAIN FURTHER INFORMATION:
 - USE THE STANDARD SOLVER, OR
 - RUN AN EIGEN ANALYSIS USING AUTO FREQUENCY SHIFTING (WITH
   ADDITIONAL MASS IF NEEDED) AND INVESTIGATE THE MODE SHAPES


 NUMBER OF EIGENVALUES BELOW SHIFT         =           3


 L I N E A R   S T A T I C   C A S E S                                  03:32:13

 USING STIFFNESS AT ZERO (UNSTRESSED) INITIAL CONDITIONS

 TOTAL NUMBER OF CASES TO SOLVE            =           6
 NUMBER OF CASES TO SOLVE PER BLOCK        =           6

 LINEAR STATIC CASES TO BE SOLVED:

 CASE: DEAD
 CASE: LIVE
 CASE: WIND +X
 CASE: WIND +Y
 CASE: WIND -X
 CASE: WIND -Y


 E I G E N   M O D A L   A N A L Y S I S                                03:32:13

 CASE: MODAL

 USING STIFFNESS AT ZERO (UNSTRESSED) INITIAL CONDITIONS

 NUMBER OF STIFFNESS DEGREES OF FREEDOM    =         750
 NUMBER OF MASS DEGREES OF FREEDOM         =         375
 MAXIMUM NUMBER OF EIGEN MODES SOUGHT      =          12
 MINIMUM NUMBER OF EIGEN MODES SOUGHT      =           1
 NUMBER OF RESIDUAL-MASS MODES SOUGHT      =           0
 NUMBER OF SUBSPACE VECTORS USED           =          24
 RELATIVE CONVERGENCE TOLERANCE            =    1.00E-09

 FREQUENCY SHIFT  (CENTER) (CYC/TIME)      =     .000000
 FREQUENCY CUTOFF (RADIUS) (CYC/TIME)      =  -INFINITY-
 ALLOW AUTOMATIC FREQUENCY SHIFTING        =         YES


 Original stiffness at shift : EV= 0.0000000E+00, f=     .000000, T=  -INFINITY-
 Number of eigenvalues below shift =      3
 Found mode      1 of     12:  EV=-2.8364250E-11, f=   -8.48E-07, T= -1.1798E+06
 Found mode      2 of     12:  EV= 2.5729908E-10, f=    2.55E-06, T=  391706.476
 Found mode      3 of     12:  EV= 9.7301134E-10, f=    4.96E-06, T=  201428.499
 Found mode      4 of     12:  EV= 1.6030703E-09, f=    6.37E-06, T=  156929.136

 Iteration    Approximations to next 5 eigenvalues, from shift EV= 0.0000000E+00
       6   1.4040875E+03 2.0471096E+03 3.1319174E+03 5.1683247E+03 6.3613670E+03

 Found mode      5 of     12:  EV= 1.4040875E+03, f=    5.963720, T=    0.167681
 Found mode      6 of     12:  EV= 2.0471096E+03, f=    7.200965, T=    0.138870
 Found mode      7 of     12:  EV= 3.1319174E+03, f=    8.906873, T=    0.112273
 Found mode      8 of     12:  EV= 5.1683223E+03, f=   11.441815, T=    0.087399

 Forming stiffness, new shift: EV= 6.0432954E+03, f=   12.372488, T=    0.080824
 Number of eigenvalues below shift =     10

 Iteration    Approximations to next 5 eigenvalues, from shift EV= 6.0432954E+03
      14   3.1807982E+02 2.1330168E+03 6.4533325E+03 6.8153658E+03 1.3648521E+04

 Found mode      9 of     12:  EV= 6.3613752E+03, f=   12.693917, T=    0.078778
 Found mode     10 of     12:  EV= 8.1763122E+03, f=   14.391262, T=    0.069487
 Found mode     11 of     12:  EV= 1.2496628E+04, f=   17.791663, T=    0.056206
 Found mode     12 of     12:  EV= 1.2858661E+04, f=   18.047540, T=    0.055409

 * * * W A R N I N G * * *
 ZERO OR NEGATIVE MODAL-MASS VALUES WERE DETECTED DURING ITERATION,
 THE RESULTING EIGEN-MODES MAY NOT BE VALID - CHECK THEM CAREFULLY !!

 THE STRUCTURE IS UNSTABLE OR ILL-CONDITIONED !!
 CHECK THE STRUCTURE CAREFULLY FOR:
 - INADEQUATE SUPPORT CONDITIONS, OR
 - ONE OR MORE INTERNAL MECHANISMS, OR
 - ZERO OR NEGATIVE STIFFNESS PROPERTIES, OR
 - EXTREMELY LARGE STIFFNESS PROPERTIES, OR
 - BUCKLING DUE TO P-DELTA OR GEOMETRIC NONLINEARITY, OR
 - A FREQUENCY SHIFT (IF ANY) ONTO A NATURAL FREQUENCY


 NUMBER OF EIGEN MODES FOUND               =          12
 NUMBER OF ITERATIONS PERFORMED            =          17
 NUMBER OF STIFFNESS SHIFTS                =           1


 A N A L Y S I S   C O M P L E T E                          2016/09/09  03:32:13
