

 SAP2000 v16.1.1 Ultimate (Analysis Build 9194/32)
 File: C:\Users\Filippo\AppDat...\Debug\SAPMODEL\delos_turtle_20160908001442.LOG




 B E G I N   A N A L Y S I S                                2016/09/08  00:14:44


 RUNNING ANALYSIS WITHIN THE GUI PROCESS
 USING THE ADVANCED SOLVER (PROVIDES LIMITED INSTABILITY INFORMATION)

 NUMBER OF JOINTS                          =         184
    WITH RESTRAINTS                        =          25
 NUMBER OF FRAME/CABLE/TENDON ELEMENTS     =         435
 NUMBER OF LOAD PATTERNS                   =           6
 NUMBER OF ACCELERATION LOADS              =           6
 NUMBER OF LOAD CASES                      =           7


 E L E M E N T   F O R M A T I O N                                      00:14:44



 L I N E A R   E Q U A T I O N   S O L U T I O N                        00:14:44

 FORMING STIFFNESS AT ZERO (UNSTRESSED) INITIAL CONDITIONS

 TOTAL NUMBER OF EQUILIBRIUM EQUATIONS     =         954
 NUMBER OF NON-ZERO STIFFNESS TERMS        =       13851

 * * * W A R N I N G * * *
 THE STRUCTURE IS UNSTABLE OR ILL-CONDITIONED !!
 CHECK THE STRUCTURE CAREFULLY FOR:
 - INADEQUATE SUPPORT CONDITIONS, OR
 - ONE OR MORE INTERNAL MECHANISMS, OR
 - ZERO OR NEGATIVE STIFFNESS PROPERTIES, OR
 - EXTREMELY LARGE STIFFNESS PROPERTIES, OR
 - BUCKLING DUE TO P-DELTA OR GEOMETRIC NONLINEARITY, OR
 - A FREQUENCY SHIFT (IF ANY) ONTO A NATURAL FREQUENCY

 TO OBTAIN FURTHER INFORMATION:
 - USE THE STANDARD SOLVER, OR
 - RUN AN EIGEN ANALYSIS USING AUTO FREQUENCY SHIFTING (WITH
   ADDITIONAL MASS IF NEEDED) AND INVESTIGATE THE MODE SHAPES


 NUMBER OF EIGENVALUES BELOW SHIFT         =           3


 L I N E A R   S T A T I C   C A S E S                                  00:14:44

 USING STIFFNESS AT ZERO (UNSTRESSED) INITIAL CONDITIONS

 TOTAL NUMBER OF CASES TO SOLVE            =           6
 NUMBER OF CASES TO SOLVE PER BLOCK        =           6

 LINEAR STATIC CASES TO BE SOLVED:

 CASE: DEAD
 CASE: LIVE
 CASE: WIND +X
 CASE: WIND +Y
 CASE: WIND -X
 CASE: WIND -Y


 E I G E N   M O D A L   A N A L Y S I S                                00:14:44

 CASE: MODAL

 USING STIFFNESS AT ZERO (UNSTRESSED) INITIAL CONDITIONS

 NUMBER OF STIFFNESS DEGREES OF FREEDOM    =         954
 NUMBER OF MASS DEGREES OF FREEDOM         =         477
 MAXIMUM NUMBER OF EIGEN MODES SOUGHT      =          12
 MINIMUM NUMBER OF EIGEN MODES SOUGHT      =           1
 NUMBER OF RESIDUAL-MASS MODES SOUGHT      =           0
 NUMBER OF SUBSPACE VECTORS USED           =          24
 RELATIVE CONVERGENCE TOLERANCE            =    1.00E-09

 FREQUENCY SHIFT  (CENTER) (CYC/TIME)      =     .000000
 FREQUENCY CUTOFF (RADIUS) (CYC/TIME)      =  -INFINITY-
 ALLOW AUTOMATIC FREQUENCY SHIFTING        =         YES


 Original stiffness at shift : EV= 0.0000000E+00, f=     .000000, T=  -INFINITY-
 Number of eigenvalues below shift =      3
 Found mode      1 of     12:  EV= 2.3143489E-11, f=    7.66E-07, T=  1.3061E+06
 Found mode      2 of     12:  EV=-2.6286068E-11, f=   -8.16E-07, T= -1.2255E+06
 Found mode      3 of     12:  EV= 6.2784923E-10, f=    3.99E-06, T=  250756.492
 Found mode      4 of     12:  EV= 1.7746868E-09, f=    6.70E-06, T=  149148.542

 Iteration    Approximations to next 5 eigenvalues, from shift EV= 0.0000000E+00
       8   1.2950779E+03 1.4628074E+03 4.4509630E+03 1.3181559E+04 1.7013965E+04
       9   1.2950776E+03 1.4628074E+03 4.4509623E+03 1.3180416E+04 1.6893748E+04

 Forming stiffness, new shift: EV= 1.2303240E+03, f=    5.582515, T=    0.179131
 Number of eigenvalues below shift =      6

 Found mode      5 of     12:  EV= 1.2950903E+03, f=    5.727567, T=    0.174594
 Found mode      6 of     12:  EV= 1.4628335E+03, f=    6.087200, T=    0.164279
 Found mode      7 of     12:  EV= 4.4521160E+03, f=   10.619483, T=    0.094167
 Found mode      8 of     12:  EV= 1.3187947E+04, f=   18.277161, T=    0.054713

 Forming stiffness, new shift: EV= 1.6018004E+04, f=   20.143008, T=    0.049645
 Number of eigenvalues below shift =     10
 Found mode      9 of     12:  EV= 1.6796300E+04, f=   20.626567, T=    0.048481
 Found mode     10 of     12:  EV= 1.9771180E+04, f=   22.378781, T=    0.044685
 Found mode     11 of     12:  EV= 1.9782244E+04, f=   22.385042, T=    0.044673

 Forming stiffness, new shift: EV= 2.4125229E+04, f=   24.720421, T=    0.040452
 Number of eigenvalues below shift =     12

 Forming stiffness, new shift: EV= 2.4476636E+04, f=   24.899808, T=    0.040161
 Number of eigenvalues below shift =     13
 Found mode     12 of     12:  EV= 2.4495106E+04, f=   24.909201, T=    0.040146

 * * * W A R N I N G * * *
 ZERO OR NEGATIVE MODAL-MASS VALUES WERE DETECTED DURING ITERATION,
 THE RESULTING EIGEN-MODES MAY NOT BE VALID - CHECK THEM CAREFULLY !!

 THE STRUCTURE IS UNSTABLE OR ILL-CONDITIONED !!
 CHECK THE STRUCTURE CAREFULLY FOR:
 - INADEQUATE SUPPORT CONDITIONS, OR
 - ONE OR MORE INTERNAL MECHANISMS, OR
 - ZERO OR NEGATIVE STIFFNESS PROPERTIES, OR
 - EXTREMELY LARGE STIFFNESS PROPERTIES, OR
 - BUCKLING DUE TO P-DELTA OR GEOMETRIC NONLINEARITY, OR
 - A FREQUENCY SHIFT (IF ANY) ONTO A NATURAL FREQUENCY


 NUMBER OF EIGEN MODES FOUND               =          12
 NUMBER OF ITERATIONS PERFORMED            =          38
 NUMBER OF STIFFNESS SHIFTS                =           4


 A N A L Y S I S   C O M P L E T E                          2016/09/08  00:14:45
