

 SAP2000 v16.1.1 Ultimate (Analysis Build 9194/32)
 File: C:\Users\Filippo\AppDat...\Debug\SAPMODEL\delos_turtle_20160908002348.LOG




 B E G I N   A N A L Y S I S                                2016/09/08  00:23:50


 RUNNING ANALYSIS WITHIN THE GUI PROCESS
 USING THE ADVANCED SOLVER (PROVIDES LIMITED INSTABILITY INFORMATION)

 NUMBER OF JOINTS                          =         122
    WITH RESTRAINTS                        =          24
 NUMBER OF FRAME/CABLE/TENDON ELEMENTS     =         231
 NUMBER OF LOAD PATTERNS                   =           6
 NUMBER OF ACCELERATION LOADS              =           6
 NUMBER OF LOAD CASES                      =           7


 E L E M E N T   F O R M A T I O N                                      00:23:50



 L I N E A R   E Q U A T I O N   S O L U T I O N                        00:23:50

 FORMING STIFFNESS AT ZERO (UNSTRESSED) INITIAL CONDITIONS

 TOTAL NUMBER OF EQUILIBRIUM EQUATIONS     =         588
 NUMBER OF NON-ZERO STIFFNESS TERMS        =        8214

 * * * W A R N I N G * * *
 THE STRUCTURE IS UNSTABLE OR ILL-CONDITIONED !!
 CHECK THE STRUCTURE CAREFULLY FOR:
 - INADEQUATE SUPPORT CONDITIONS, OR
 - ONE OR MORE INTERNAL MECHANISMS, OR
 - ZERO OR NEGATIVE STIFFNESS PROPERTIES, OR
 - EXTREMELY LARGE STIFFNESS PROPERTIES, OR
 - BUCKLING DUE TO P-DELTA OR GEOMETRIC NONLINEARITY, OR
 - A FREQUENCY SHIFT (IF ANY) ONTO A NATURAL FREQUENCY

 TO OBTAIN FURTHER INFORMATION:
 - USE THE STANDARD SOLVER, OR
 - RUN AN EIGEN ANALYSIS USING AUTO FREQUENCY SHIFTING (WITH
   ADDITIONAL MASS IF NEEDED) AND INVESTIGATE THE MODE SHAPES


 NUMBER OF EIGENVALUES BELOW SHIFT         =           0


 L I N E A R   S T A T I C   C A S E S                                  00:23:50

 USING STIFFNESS AT ZERO (UNSTRESSED) INITIAL CONDITIONS

 TOTAL NUMBER OF CASES TO SOLVE            =           6
 NUMBER OF CASES TO SOLVE PER BLOCK        =           6

 LINEAR STATIC CASES TO BE SOLVED:

 CASE: DEAD
 CASE: LIVE
 CASE: WIND +X
 CASE: WIND +Y
 CASE: WIND -X
 CASE: WIND -Y


 E I G E N   M O D A L   A N A L Y S I S                                00:23:50

 CASE: MODAL

 USING STIFFNESS AT ZERO (UNSTRESSED) INITIAL CONDITIONS

 NUMBER OF STIFFNESS DEGREES OF FREEDOM    =         588
 NUMBER OF MASS DEGREES OF FREEDOM         =         294
 MAXIMUM NUMBER OF EIGEN MODES SOUGHT      =          12
 MINIMUM NUMBER OF EIGEN MODES SOUGHT      =           1
 NUMBER OF RESIDUAL-MASS MODES SOUGHT      =           0
 NUMBER OF SUBSPACE VECTORS USED           =          24
 RELATIVE CONVERGENCE TOLERANCE            =    1.00E-09

 FREQUENCY SHIFT  (CENTER) (CYC/TIME)      =     .000000
 FREQUENCY CUTOFF (RADIUS) (CYC/TIME)      =  -INFINITY-
 ALLOW AUTOMATIC FREQUENCY SHIFTING        =         YES


 Original stiffness at shift : EV= 0.0000000E+00, f=     .000000, T=  -INFINITY-
 Number of eigenvalues below shift =      0
 Found mode      1 of     12:  EV= 2.5863441E-11, f=    8.09E-07, T=  1.2355E+06
 Found mode      2 of     12:  EV= 2.6377984E-10, f=    2.58E-06, T=  386864.670
 Found mode      3 of     12:  EV= 5.2069444E-10, f=    3.63E-06, T=  275352.104
 Found mode      4 of     12:  EV= 1.3102288E-09, f=    5.76E-06, T=  173582.640
 Found mode      5 of     12:  EV= 1.4431575E+03, f=    6.046123, T=    0.165395

 Iteration    Approximations to next 5 eigenvalues, from shift EV= 0.0000000E+00
       8   4.2335112E+03 4.4206080E+03 4.6995101E+03 6.5950323E+03 8.0570524E+03

 Found mode      6 of     12:  EV= 4.2335112E+03, f=   10.355486, T=    0.096567
 Found mode      7 of     12:  EV= 4.4206080E+03, f=   10.581839, T=    0.094502

 Iteration    Approximations to next 5 eigenvalues, from shift EV= 0.0000000E+00
      13   4.6995098E+03 6.5950317E+03 8.0570461E+03 8.5160723E+03 1.0528207E+04

 Forming stiffness, new shift: EV= 4.4645342E+03, f=   10.634283, T=    0.094035
 Number of eigenvalues below shift =      8

 Found mode      8 of     12:  EV= 4.6995104E+03, f=   10.910545, T=    0.091654
 Found mode      9 of     12:  EV= 6.5950322E+03, f=   12.924942, T=    0.077370
 Found mode     10 of     12:  EV= 8.0570577E+03, f=   14.285925, T=    0.069999
 Found mode     11 of     12:  EV= 8.5160970E+03, f=   14.687248, T=    0.068086
 Found mode     12 of     12:  EV= 1.0528224E+04, f=   16.330432, T=    0.061235

 * * * W A R N I N G * * *
 ZERO OR NEGATIVE MODAL-MASS VALUES WERE DETECTED DURING ITERATION,
 THE RESULTING EIGEN-MODES MAY NOT BE VALID - CHECK THEM CAREFULLY !!

 THE STRUCTURE IS UNSTABLE OR ILL-CONDITIONED !!
 CHECK THE STRUCTURE CAREFULLY FOR:
 - INADEQUATE SUPPORT CONDITIONS, OR
 - ONE OR MORE INTERNAL MECHANISMS, OR
 - ZERO OR NEGATIVE STIFFNESS PROPERTIES, OR
 - EXTREMELY LARGE STIFFNESS PROPERTIES, OR
 - BUCKLING DUE TO P-DELTA OR GEOMETRIC NONLINEARITY, OR
 - A FREQUENCY SHIFT (IF ANY) ONTO A NATURAL FREQUENCY


 NUMBER OF EIGEN MODES FOUND               =          12
 NUMBER OF ITERATIONS PERFORMED            =          15
 NUMBER OF STIFFNESS SHIFTS                =           1


 A N A L Y S I S   C O M P L E T E                          2016/09/08  00:23:50
