

 SAP2000 v16.1.1 Ultimate (Analysis Build 9194/32)
 File: C:\Users\Filippo\AppDat...\Debug\SAPMODEL\delos_turtle_20160820190722.LOG




 B E G I N   A N A L Y S I S                                2016/08/20  19:07:24


 RUNNING ANALYSIS WITHIN THE GUI PROCESS
 USING THE ADVANCED SOLVER (PROVIDES LIMITED INSTABILITY INFORMATION)

 NUMBER OF JOINTS                          =         187
    WITH RESTRAINTS                        =          25
 NUMBER OF FRAME/CABLE/TENDON ELEMENTS     =         562
 NUMBER OF LOAD PATTERNS                   =           6
 NUMBER OF ACCELERATION LOADS              =           6
 NUMBER OF LOAD CASES                      =           7


 E L E M E N T   F O R M A T I O N                                      19:07:24



 L I N E A R   E Q U A T I O N   S O L U T I O N                        19:07:24

 FORMING STIFFNESS AT ZERO (UNSTRESSED) INITIAL CONDITIONS

 TOTAL NUMBER OF EQUILIBRIUM EQUATIONS     =         972
 NUMBER OF NON-ZERO STIFFNESS TERMS        =       16830

 NUMBER OF EIGENVALUES BELOW SHIFT         =           0


 L I N E A R   S T A T I C   C A S E S                                  19:07:24

 USING STIFFNESS AT ZERO (UNSTRESSED) INITIAL CONDITIONS

 TOTAL NUMBER OF CASES TO SOLVE            =           6
 NUMBER OF CASES TO SOLVE PER BLOCK        =           6

 LINEAR STATIC CASES TO BE SOLVED:

 CASE: DEAD
 CASE: LIVE
 CASE: WIND +X
 CASE: WIND +Y
 CASE: WIND -X
 CASE: WIND -Y


 E I G E N   M O D A L   A N A L Y S I S                                19:07:24

 CASE: MODAL

 USING STIFFNESS AT ZERO (UNSTRESSED) INITIAL CONDITIONS

 NUMBER OF STIFFNESS DEGREES OF FREEDOM    =         972
 NUMBER OF MASS DEGREES OF FREEDOM         =         486
 MAXIMUM NUMBER OF EIGEN MODES SOUGHT      =          12
 MINIMUM NUMBER OF EIGEN MODES SOUGHT      =           1
 NUMBER OF RESIDUAL-MASS MODES SOUGHT      =           0
 NUMBER OF SUBSPACE VECTORS USED           =          24
 RELATIVE CONVERGENCE TOLERANCE            =    1.00E-09

 FREQUENCY SHIFT  (CENTER) (CYC/TIME)      =     .000000
 FREQUENCY CUTOFF (RADIUS) (CYC/TIME)      =  -INFINITY-
 ALLOW AUTOMATIC FREQUENCY SHIFTING        =         YES


 Original stiffness at shift : EV= 0.0000000E+00, f=     .000000, T=  -INFINITY-
 Number of eigenvalues below shift =      0
 Found mode      1 of     12:  EV= 1.5001708E+03, f=    6.164395, T=    0.162222

 Forming stiffness, new shift: EV= 9.5082143E+03, f=   15.519210, T=    0.064436
 Number of eigenvalues below shift =      1
 Found mode      2 of     12:  EV= 1.0008646E+04, f=   15.922373, T=    0.062805

 Iteration    Approximations to next 5 eigenvalues, from shift EV= 9.5082143E+03
      12   1.6586411E+04 1.7830629E+04 1.8373287E+04 1.8629953E+04 1.8643695E+04
      13   1.6522040E+04 1.7776243E+04 1.8303215E+04 1.8564437E+04 1.8597231E+04

 Forming stiffness, new shift: EV= 2.5204152E+04, f=   25.267145, T=    0.039577
 Number of eigenvalues below shift =      2

 Forming stiffness, new shift: EV= 2.5803259E+04, f=   25.565684, T=    0.039115
 Number of eigenvalues below shift =      2

 Found mode      3 of     12:  EV= 2.5834778E+04, f=   25.581293, T=    0.039091

 Forming stiffness, new shift: EV= 2.6940939E+04, f=   26.123207, T=    0.038280
 Number of eigenvalues below shift =      3
 Found mode      4 of     12:  EV= 2.7000815E+04, f=   26.152220, T=    0.038238
 Found mode      5 of     12:  EV= 2.7027461E+04, f=   26.165122, T=    0.038219
 Found mode      6 of     12:  EV= 2.7069509E+04, f=   26.185467, T=    0.038189
 Found mode      7 of     12:  EV= 2.7412995E+04, f=   26.351077, T=    0.037949
 Found mode      8 of     12:  EV= 2.7497226E+04, f=   26.391530, T=    0.037891
 Found mode      9 of     12:  EV= 2.7548448E+04, f=   26.416100, T=    0.037856
 Found mode     10 of     12:  EV= 2.7690634E+04, f=   26.484183, T=    0.037758
 Found mode     11 of     12:  EV= 2.7732389E+04, f=   26.504143, T=    0.037730
 Found mode     12 of     12:  EV= 2.7819283E+04, f=   26.545634, T=    0.037671

 NUMBER OF EIGEN MODES FOUND               =          12
 NUMBER OF ITERATIONS PERFORMED            =          39
 NUMBER OF STIFFNESS SHIFTS                =           4


 A N A L Y S I S   C O M P L E T E                          2016/08/20  19:07:25
