

 SAP2000 v16.1.1 Ultimate (Analysis Build 9194/32)
 File: C:\Users\Filippo\AppDat...\Debug\SAPMODEL\delos_turtle_20160909034743.LOG




 B E G I N   A N A L Y S I S                                2016/09/09  03:47:44


 RUNNING ANALYSIS WITHIN THE GUI PROCESS
 USING THE ADVANCED SOLVER (PROVIDES LIMITED INSTABILITY INFORMATION)

 NUMBER OF JOINTS                          =          88
    WITH RESTRAINTS                        =          20
 NUMBER OF FRAME/CABLE/TENDON ELEMENTS     =         123
 NUMBER OF LOAD PATTERNS                   =           6
 NUMBER OF ACCELERATION LOADS              =           6
 NUMBER OF LOAD CASES                      =           7


 E L E M E N T   F O R M A T I O N                                      03:47:44



 L I N E A R   E Q U A T I O N   S O L U T I O N                        03:47:44

 FORMING STIFFNESS AT ZERO (UNSTRESSED) INITIAL CONDITIONS

 TOTAL NUMBER OF EQUILIBRIUM EQUATIONS     =         408
 NUMBER OF NON-ZERO STIFFNESS TERMS        =        4776

 * * * W A R N I N G * * *
 THE STRUCTURE IS UNSTABLE OR ILL-CONDITIONED !!
 CHECK THE STRUCTURE CAREFULLY FOR:
 - INADEQUATE SUPPORT CONDITIONS, OR
 - ONE OR MORE INTERNAL MECHANISMS, OR
 - ZERO OR NEGATIVE STIFFNESS PROPERTIES, OR
 - EXTREMELY LARGE STIFFNESS PROPERTIES, OR
 - BUCKLING DUE TO P-DELTA OR GEOMETRIC NONLINEARITY, OR
 - A FREQUENCY SHIFT (IF ANY) ONTO A NATURAL FREQUENCY

 TO OBTAIN FURTHER INFORMATION:
 - USE THE STANDARD SOLVER, OR
 - RUN AN EIGEN ANALYSIS USING AUTO FREQUENCY SHIFTING (WITH
   ADDITIONAL MASS IF NEEDED) AND INVESTIGATE THE MODE SHAPES


 NUMBER OF EIGENVALUES BELOW SHIFT         =           6


 L I N E A R   S T A T I C   C A S E S                                  03:47:44

 USING STIFFNESS AT ZERO (UNSTRESSED) INITIAL CONDITIONS

 TOTAL NUMBER OF CASES TO SOLVE            =           6
 NUMBER OF CASES TO SOLVE PER BLOCK        =           6

 LINEAR STATIC CASES TO BE SOLVED:

 CASE: DEAD
 CASE: LIVE
 CASE: WIND +X
 CASE: WIND +Y
 CASE: WIND -X
 CASE: WIND -Y


 E I G E N   M O D A L   A N A L Y S I S                                03:47:44

 CASE: MODAL

 USING STIFFNESS AT ZERO (UNSTRESSED) INITIAL CONDITIONS

 NUMBER OF STIFFNESS DEGREES OF FREEDOM    =         408
 NUMBER OF MASS DEGREES OF FREEDOM         =         204
 MAXIMUM NUMBER OF EIGEN MODES SOUGHT      =          12
 MINIMUM NUMBER OF EIGEN MODES SOUGHT      =           1
 NUMBER OF RESIDUAL-MASS MODES SOUGHT      =           0
 NUMBER OF SUBSPACE VECTORS USED           =          24
 RELATIVE CONVERGENCE TOLERANCE            =    1.00E-09

 FREQUENCY SHIFT  (CENTER) (CYC/TIME)      =     .000000
 FREQUENCY CUTOFF (RADIUS) (CYC/TIME)      =  -INFINITY-
 ALLOW AUTOMATIC FREQUENCY SHIFTING        =         YES


 Original stiffness at shift : EV= 0.0000000E+00, f=     .000000, T=  -INFINITY-
 Number of eigenvalues below shift =      6

 Iteration    Approximations to next 5 eigenvalues, from shift EV= 0.0000000E+00
       1  -1.3352356E-11-3.5209254E-11 4.4515785E-11-6.6673302E-11 8.7163465E-11
       2  -1.3352356E-11-3.5209254E-11 4.4515785E-11-6.6673302E-11 8.7163465E-11

 Found mode      1 of     12:  EV=-1.3352356E-11, f=   -5.82E-07, T= -1.7195E+06
 Found mode      2 of     12:  EV=-3.5209254E-11, f=   -9.44E-07, T= -1.0589E+06
 Found mode      3 of     12:  EV= 4.4515785E-11, f=    1.06E-06, T=  941722.285
 Found mode      4 of     12:  EV=-6.6673302E-11, f=   -1.30E-06, T= -769491.607
 Found mode      5 of     12:  EV= 8.7163465E-11, f=    1.49E-06, T=  672996.220
 Found mode      6 of     12:  EV= 2.5167637E-10, f=    2.52E-06, T=  396057.871
 Found mode      7 of     12:  EV= 2.6613809E-10, f=    2.60E-06, T=  385146.853
 Found mode      8 of     12:  EV= 2.6613936E-10, f=    2.60E-06, T=  385145.934
 Found mode      9 of     12:  EV= 4.0519433E-10, f=    3.20E-06, T=  312139.111
 Found mode     10 of     12:  EV=-7.2686276E-10, f=   -4.29E-06, T= -233052.442
 Found mode     11 of     12:  EV=-9.1903489E-10, f=   -4.82E-06, T= -207259.224

 Iteration    Approximations to next 5 eigenvalues, from shift EV= 0.0000000E+00
       3  -1.9906040E-09 1.1917323E+03 1.9227858E+03 2.1331073E+03 2.4307145E+03

 Found mode     12 of     12:  EV=-1.9906040E-09, f=   -7.10E-06, T= -140827.488

 * * * W A R N I N G * * *
 ZERO OR NEGATIVE MODAL-MASS VALUES WERE DETECTED DURING ITERATION,
 THE RESULTING EIGEN-MODES MAY NOT BE VALID - CHECK THEM CAREFULLY !!

 THE STRUCTURE IS UNSTABLE OR ILL-CONDITIONED !!
 CHECK THE STRUCTURE CAREFULLY FOR:
 - INADEQUATE SUPPORT CONDITIONS, OR
 - ONE OR MORE INTERNAL MECHANISMS, OR
 - ZERO OR NEGATIVE STIFFNESS PROPERTIES, OR
 - EXTREMELY LARGE STIFFNESS PROPERTIES, OR
 - BUCKLING DUE TO P-DELTA OR GEOMETRIC NONLINEARITY, OR
 - A FREQUENCY SHIFT (IF ANY) ONTO A NATURAL FREQUENCY


 NUMBER OF EIGEN MODES FOUND               =          12
 NUMBER OF ITERATIONS PERFORMED            =           3
 NUMBER OF STIFFNESS SHIFTS                =           0


 A N A L Y S I S   C O M P L E T E                          2016/09/09  03:47:44
