

 SAP2000 v16.1.1 Ultimate (Analysis Build 9194/32)
 File: C:\Users\Filippo\AppDat...\Debug\SAPMODEL\delos_turtle_20160909035034.LOG




 B E G I N   A N A L Y S I S                                2016/09/09  03:50:35


 RUNNING ANALYSIS WITHIN THE GUI PROCESS
 USING THE ADVANCED SOLVER (PROVIDES LIMITED INSTABILITY INFORMATION)

 NUMBER OF JOINTS                          =          82
    WITH RESTRAINTS                        =          19
 NUMBER OF FRAME/CABLE/TENDON ELEMENTS     =         110
 NUMBER OF LOAD PATTERNS                   =           6
 NUMBER OF ACCELERATION LOADS              =           6
 NUMBER OF LOAD CASES                      =           7


 E L E M E N T   F O R M A T I O N                                      03:50:35



 L I N E A R   E Q U A T I O N   S O L U T I O N                        03:50:36

 FORMING STIFFNESS AT ZERO (UNSTRESSED) INITIAL CONDITIONS

 TOTAL NUMBER OF EQUILIBRIUM EQUATIONS     =         378
 NUMBER OF NON-ZERO STIFFNESS TERMS        =        4347

 * * * W A R N I N G * * *
 THE STRUCTURE IS UNSTABLE OR ILL-CONDITIONED !!
 CHECK THE STRUCTURE CAREFULLY FOR:
 - INADEQUATE SUPPORT CONDITIONS, OR
 - ONE OR MORE INTERNAL MECHANISMS, OR
 - ZERO OR NEGATIVE STIFFNESS PROPERTIES, OR
 - EXTREMELY LARGE STIFFNESS PROPERTIES, OR
 - BUCKLING DUE TO P-DELTA OR GEOMETRIC NONLINEARITY, OR
 - A FREQUENCY SHIFT (IF ANY) ONTO A NATURAL FREQUENCY

 TO OBTAIN FURTHER INFORMATION:
 - USE THE STANDARD SOLVER, OR
 - RUN AN EIGEN ANALYSIS USING AUTO FREQUENCY SHIFTING (WITH
   ADDITIONAL MASS IF NEEDED) AND INVESTIGATE THE MODE SHAPES


 NUMBER OF EIGENVALUES BELOW SHIFT         =           7


 L I N E A R   S T A T I C   C A S E S                                  03:50:36

 USING STIFFNESS AT ZERO (UNSTRESSED) INITIAL CONDITIONS

 TOTAL NUMBER OF CASES TO SOLVE            =           6
 NUMBER OF CASES TO SOLVE PER BLOCK        =           6

 LINEAR STATIC CASES TO BE SOLVED:

 CASE: DEAD
 CASE: LIVE
 CASE: WIND +X
 CASE: WIND +Y
 CASE: WIND -X
 CASE: WIND -Y


 E I G E N   M O D A L   A N A L Y S I S                                03:50:36

 CASE: MODAL

 USING STIFFNESS AT ZERO (UNSTRESSED) INITIAL CONDITIONS

 NUMBER OF STIFFNESS DEGREES OF FREEDOM    =         378
 NUMBER OF MASS DEGREES OF FREEDOM         =         189
 MAXIMUM NUMBER OF EIGEN MODES SOUGHT      =          12
 MINIMUM NUMBER OF EIGEN MODES SOUGHT      =           1
 NUMBER OF RESIDUAL-MASS MODES SOUGHT      =           0
 NUMBER OF SUBSPACE VECTORS USED           =          24
 RELATIVE CONVERGENCE TOLERANCE            =    1.00E-09

 FREQUENCY SHIFT  (CENTER) (CYC/TIME)      =     .000000
 FREQUENCY CUTOFF (RADIUS) (CYC/TIME)      =  -INFINITY-
 ALLOW AUTOMATIC FREQUENCY SHIFTING        =         YES


 Original stiffness at shift : EV= 0.0000000E+00, f=     .000000, T=  -INFINITY-
 Number of eigenvalues below shift =      7

 Iteration    Approximations to next 5 eigenvalues, from shift EV= 0.0000000E+00
       2  -5.8783937E-12 9.3219064E-12-9.8556911E-12-2.5374512E-11-4.4619816E-11

 Found mode      1 of     12:  EV=-5.8783937E-12, f=   -3.86E-07, T= -2.5915E+06
 Found mode      2 of     12:  EV= 9.3219064E-12, f=    4.86E-07, T=  2.0579E+06
 Found mode      3 of     12:  EV=-9.8556911E-12, f=   -5.00E-07, T= -2.0014E+06
 Found mode      4 of     12:  EV=-2.5374512E-11, f=   -8.02E-07, T= -1.2473E+06
 Found mode      5 of     12:  EV=-4.4619816E-11, f=   -1.06E-06, T= -940623.840
 Found mode      6 of     12:  EV= 2.9721701E-10, f=    2.74E-06, T=  364454.267
 Found mode      7 of     12:  EV=-4.7391079E-10, f=   -3.46E-06, T= -288623.420
 Found mode      8 of     12:  EV=-7.3365887E-10, f=   -4.31E-06, T= -231970.512
 Found mode      9 of     12:  EV=-8.1174617E-10, f=   -4.53E-06, T= -220531.050
 Found mode     10 of     12:  EV= 1.2656472E-09, f=    5.66E-06, T=  176613.351

 Iteration    Approximations to next 5 eigenvalues, from shift EV= 0.0000000E+00
       4   5.8860802E+02 1.4823853E+03 2.8159046E+03 2.8979539E+03 2.8981868E+03
       5   5.8860776E+02 1.4823765E+03 2.8149903E+03 2.8977823E+03 2.8979384E+03
       7   5.8860779E+02 1.4823786E+03 2.8149643E+03 2.8977712E+03 2.8979343E+03
       9   5.8860778E+02 1.4823806E+03 2.8149644E+03 2.8977822E+03 2.8979289E+03

 Forming stiffness, new shift: EV= 5.5917738E+02, f=    3.763526, T=    0.265708
 Number of eigenvalues below shift =     10

 Iteration    Approximations to next 5 eigenvalues, from shift EV= 5.5917738E+02
      10   2.9431801E+01 9.2327749E+02 2.2557882E+03 2.3387583E+03 2.3387585E+03

 Found mode     11 of     12:  EV= 5.8860919E+02, f=    3.861301, T=    0.258980
 Found mode     12 of     12:  EV= 1.4824549E+03, f=    6.127889, T=    0.163188

 * * * W A R N I N G * * *
 ZERO OR NEGATIVE MODAL-MASS VALUES WERE DETECTED DURING ITERATION,
 THE RESULTING EIGEN-MODES MAY NOT BE VALID - CHECK THEM CAREFULLY !!

 THE STRUCTURE IS UNSTABLE OR ILL-CONDITIONED !!
 CHECK THE STRUCTURE CAREFULLY FOR:
 - INADEQUATE SUPPORT CONDITIONS, OR
 - ONE OR MORE INTERNAL MECHANISMS, OR
 - ZERO OR NEGATIVE STIFFNESS PROPERTIES, OR
 - EXTREMELY LARGE STIFFNESS PROPERTIES, OR
 - BUCKLING DUE TO P-DELTA OR GEOMETRIC NONLINEARITY, OR
 - A FREQUENCY SHIFT (IF ANY) ONTO A NATURAL FREQUENCY


 NUMBER OF EIGEN MODES FOUND               =          12
 NUMBER OF ITERATIONS PERFORMED            =          11
 NUMBER OF STIFFNESS SHIFTS                =           1


 A N A L Y S I S   C O M P L E T E                          2016/09/09  03:50:36
