

 SAP2000 v16.1.1 Ultimate (Analysis Build 9194/32)
 File: C:\Users\Filippo\AppDat...\Debug\SAPMODEL\delos_turtle_20160909034250.LOG




 B E G I N   A N A L Y S I S                                2016/09/09  03:42:51


 RUNNING ANALYSIS WITHIN THE GUI PROCESS
 USING THE ADVANCED SOLVER (PROVIDES LIMITED INSTABILITY INFORMATION)

 NUMBER OF JOINTS                          =         103
    WITH RESTRAINTS                        =          22
 NUMBER OF FRAME/CABLE/TENDON ELEMENTS     =         162
 NUMBER OF LOAD PATTERNS                   =           6
 NUMBER OF ACCELERATION LOADS              =           6
 NUMBER OF LOAD CASES                      =           7


 E L E M E N T   F O R M A T I O N                                      03:42:51



 L I N E A R   E Q U A T I O N   S O L U T I O N                        03:42:51

 FORMING STIFFNESS AT ZERO (UNSTRESSED) INITIAL CONDITIONS

 TOTAL NUMBER OF EQUILIBRIUM EQUATIONS     =         486
 NUMBER OF NON-ZERO STIFFNESS TERMS        =        6057

 * * * W A R N I N G * * *
 THE STRUCTURE IS UNSTABLE OR ILL-CONDITIONED !!
 CHECK THE STRUCTURE CAREFULLY FOR:
 - INADEQUATE SUPPORT CONDITIONS, OR
 - ONE OR MORE INTERNAL MECHANISMS, OR
 - ZERO OR NEGATIVE STIFFNESS PROPERTIES, OR
 - EXTREMELY LARGE STIFFNESS PROPERTIES, OR
 - BUCKLING DUE TO P-DELTA OR GEOMETRIC NONLINEARITY, OR
 - A FREQUENCY SHIFT (IF ANY) ONTO A NATURAL FREQUENCY

 TO OBTAIN FURTHER INFORMATION:
 - USE THE STANDARD SOLVER, OR
 - RUN AN EIGEN ANALYSIS USING AUTO FREQUENCY SHIFTING (WITH
   ADDITIONAL MASS IF NEEDED) AND INVESTIGATE THE MODE SHAPES


 NUMBER OF EIGENVALUES BELOW SHIFT         =           8


 L I N E A R   S T A T I C   C A S E S                                  03:42:51

 USING STIFFNESS AT ZERO (UNSTRESSED) INITIAL CONDITIONS

 TOTAL NUMBER OF CASES TO SOLVE            =           6
 NUMBER OF CASES TO SOLVE PER BLOCK        =           6

 LINEAR STATIC CASES TO BE SOLVED:

 CASE: DEAD
 CASE: LIVE
 CASE: WIND +X
 CASE: WIND +Y
 CASE: WIND -X
 CASE: WIND -Y


 E I G E N   M O D A L   A N A L Y S I S                                03:42:51

 CASE: MODAL

 USING STIFFNESS AT ZERO (UNSTRESSED) INITIAL CONDITIONS

 NUMBER OF STIFFNESS DEGREES OF FREEDOM    =         486
 NUMBER OF MASS DEGREES OF FREEDOM         =         243
 MAXIMUM NUMBER OF EIGEN MODES SOUGHT      =          12
 MINIMUM NUMBER OF EIGEN MODES SOUGHT      =           1
 NUMBER OF RESIDUAL-MASS MODES SOUGHT      =           0
 NUMBER OF SUBSPACE VECTORS USED           =          24
 RELATIVE CONVERGENCE TOLERANCE            =    1.00E-09

 FREQUENCY SHIFT  (CENTER) (CYC/TIME)      =     .000000
 FREQUENCY CUTOFF (RADIUS) (CYC/TIME)      =  -INFINITY-
 ALLOW AUTOMATIC FREQUENCY SHIFTING        =         YES


 Original stiffness at shift : EV= 0.0000000E+00, f=     .000000, T=  -INFINITY-
 Number of eigenvalues below shift =      8

 Iteration    Approximations to next 5 eigenvalues, from shift EV= 0.0000000E+00
       2   8.5936497E-12-1.2045933E-11-1.2691992E-11-1.9824777E-11-2.6892623E-11

 Found mode      1 of     12:  EV= 8.5936497E-12, f=    4.67E-07, T=  2.1433E+06
 Found mode      2 of     12:  EV=-1.2045933E-11, f=   -5.52E-07, T= -1.8103E+06
 Found mode      3 of     12:  EV=-1.2691992E-11, f=   -5.67E-07, T= -1.7637E+06
 Found mode      4 of     12:  EV=-1.9824777E-11, f=   -7.09E-07, T= -1.4112E+06
 Found mode      5 of     12:  EV=-2.6892623E-11, f=   -8.25E-07, T= -1.2116E+06
 Found mode      6 of     12:  EV= 5.6626675E-11, f=    1.20E-06, T=  834967.053
 Found mode      7 of     12:  EV= 1.3279187E-10, f=    1.83E-06, T=  545248.063
 Found mode      8 of     12:  EV=-1.6468064E-10, f=   -2.04E-06, T= -489619.374

 Iteration    Approximations to next 5 eigenvalues, from shift EV= 0.0000000E+00
       3  -8.8833473E-10-1.3565534E-09 1.3855180E-09 9.4576974E+02 1.2915712E+03

 Found mode      9 of     12:  EV=-8.8833473E-10, f=   -4.74E-06, T= -210810.165
 Found mode     10 of     12:  EV=-1.3565534E-09, f=   -5.86E-06, T= -170593.082
 Found mode     11 of     12:  EV= 1.3855180E-09, f=    5.92E-06, T=  168800.518

 Iteration    Approximations to next 5 eigenvalues, from shift EV= 0.0000000E+00
       4   1.2657038E+03 2.3088901E+03 2.8969164E+03 2.8978907E+03 3.0879086E+03

 Forming stiffness, new shift: EV= 1.2025373E+03, f=    5.519115, T=    0.181188
 Number of eigenvalues below shift =     12

 Iteration    Approximations to next 5 eigenvalues, from shift EV= 1.2025373E+03
       7   6.3505712E+01 1.1078159E+03 1.6953984E+03 1.6953986E+03 1.8883862E+03

 Found mode     12 of     12:  EV= 1.2660430E+03, f=    5.662971, T=    0.176586

 * * * W A R N I N G * * *
 ZERO OR NEGATIVE MODAL-MASS VALUES WERE DETECTED DURING ITERATION,
 THE RESULTING EIGEN-MODES MAY NOT BE VALID - CHECK THEM CAREFULLY !!

 THE STRUCTURE IS UNSTABLE OR ILL-CONDITIONED !!
 CHECK THE STRUCTURE CAREFULLY FOR:
 - INADEQUATE SUPPORT CONDITIONS, OR
 - ONE OR MORE INTERNAL MECHANISMS, OR
 - ZERO OR NEGATIVE STIFFNESS PROPERTIES, OR
 - EXTREMELY LARGE STIFFNESS PROPERTIES, OR
 - BUCKLING DUE TO P-DELTA OR GEOMETRIC NONLINEARITY, OR
 - A FREQUENCY SHIFT (IF ANY) ONTO A NATURAL FREQUENCY


 NUMBER OF EIGEN MODES FOUND               =          12
 NUMBER OF ITERATIONS PERFORMED            =           8
 NUMBER OF STIFFNESS SHIFTS                =           1


 A N A L Y S I S   C O M P L E T E                          2016/09/09  03:42:51
